
pmvs2
D:\document\project\3dSurface3\code\expr8\sfm_images\d2.nvm.cmvs\00\
option-0000
--------------------------------------------------
--- Summary of specified options ---
# of timages: 11 (enumeration)
# of oimages: 0 (enumeration)
level: 1  csize: 2
threshold: 0.4  wsize: 7
minImageNum: 2  CPU: 12
useVisData: 1  sequence: -1
--------------------------------------------------
Reading images: ***********
0 25689 1  4 Harris running ...Harris running ...   7Harris running ... Harris running ...10 3 Harris running ...Harris running ...Harris running ...Harris running ...Harris running ...Harris running ...Harris running ...1472 harris done
DoG running...1469 harris done
1550 harris done
DoG running...DoG running...1464 harris done
DoG running...1524 harris done
DoG running...1510 harris done
DoG running...1421 harris done
1537 harris done
DoG running...DoG running...1597 harris done
DoG running...1463 harris done
DoG running...1513 harris done
DoG running...2039 dog done
2033 dog done
2039 dog done
2036 dog done
2039 dog done
2039 dog done
2034 dog done
2039 dog done
2040 dog done
2027 dog done
2040 dog done
done
adding seeds 
(8,729)(5,681)(7,725)(6,663)(2,799)(9,840)(10,786)(4,844)(1,922)(3,870)(0,895)done
---- Initial: 0 secs ----
Total pass fail0 fail1 refinepatch: 49614 15402 28939 5273 20675
Total pass fail0 fail1 refinepatch: 100 31.0437 58.3283 10.628 41.6717
Expanding patches...refinePatchBFGS failed!

---- EXPANSION: 18 secs ----
Total pass fail0 fail1 refinepatch: 434339 291788 102628 39923 331711
Total pass fail0 fail1 refinepatch: 100 67.1798 23.6285 9.19167 76.3715
FilterOutside
mainbody: 
Gain (ave/var): 0.382688 0.530023
300399 -> 239974 (79.8851%)	0 secs
Filter Exact: ***********
239974 -> 92036 (38.3525%)	0 secs
FilterNeighbor:	92036 -> 56125 (60.9816%)	0 secs
FilterGroups:	20
56125 -> 24185 (43.0913%)	0 secs
STATUS: 0 0 0 0 0 0 0 0 0 0 
0 0 0 0 0 0 0 0 0 0 
0 0 0 0 0 0 0 0 0 0 
0 0 0 0 0 
Expanding patches...refinePatchBFGS failed!
refinePatchBFGS failed!

---- EXPANSION: 26 secs ----
Total pass fail0 fail1 refinepatch: 572162 251268 109224 211670 462938
Total pass fail0 fail1 refinepatch: 100 43.9155 19.0897 36.9948 80.9103
FilterOutside
mainbody: 
Gain (ave/var): 0.467491 0.498662
275453 -> 241600 (87.7101%)	0 secs
Filter Exact: ***********
241600 -> 103261 (42.7405%)	0 secs
FilterNeighbor:	103261 -> 79417 (76.909%)	0 secs
FilterGroups:	20
79417 -> 49005 (61.7059%)	0 secs
STATUS: 0 0 0 0 0 0 0 0 0 0 
0 0 0 0 0 0 0 0 0 0 
0 0 0 0 0 0 0 0 0 0 
0 0 0 0 0 
Expanding patches...refinePatchBFGS failed!

---- EXPANSION: 32 secs ----
Total pass fail0 fail1 refinepatch: 704612 300659 130860 273093 573752
Total pass fail0 fail1 refinepatch: 100 42.6702 18.5719 38.7579 81.4281
FilterOutside
mainbody: 
Gain (ave/var): 0.464657 0.517818
349664 -> 302701 (86.5691%)	0 secs
Filter Exact: ***********
302701 -> 118041 (38.9959%)	0 secs
FilterNeighbor:	118041 -> 90211 (76.4234%)	0 secs
FilterGroups:	20
90211 -> 57600 (63.8503%)	0 secs
STATUS: 0 0 0 0 0 0 0 0 0 0 
0 0 0 0 0 0 0 0 0 0 
0 0 0 0 0 0 0 0 0 0 
0 0 0 0 0 
---- Total: 0 secs ----
