
pmvs2
D:\document\project\3dSurface3\code\expr8\sfm_images\d.nvm.cmvs\00\
option-0000
--------------------------------------------------
--- Summary of specified options ---
# of timages: 11 (enumeration)
# of oimages: 0 (enumeration)
level: 1  csize: 2
threshold: 0.4  wsize: 7
minImageNum: 2  CPU: 12
useVisData: 1  sequence: -1
--------------------------------------------------
Reading images: ***********
012457910   6 3Harris running ...    Harris running ...Harris running ...Harris running ...Harris running ...Harris running ... 8 Harris running ... Harris running ...Harris running ...Harris running ...Harris running ...1526 harris done
DoG running...1484 harris done
DoG running...1449 harris done
DoG running...1531 harris done
1581 harris done
DoG running...DoG running...1529 harris done1411 harris done

DoG running...DoG running...1464 harris done
1479 harris done
DoG running...DoG running...1438 harris done
1540 harris done
DoG running...DoG running...2039 dog done
2040 dog done
2029 dog done2035 dog done

2032 dog done
2034 dog done
2040 dog done
2037 dog done
2029 dog done
2039 dog done
2040 dog done
done
adding seeds 
(2,868)(5,673)(9,643)(10,780)(6,632)(8,781)(7,781)(4,883)(1,805)(3,844)(0,880)done
---- Initial: 0 secs ----
Total pass fail0 fail1 refinepatch: 50087 15085 29613 5389 20474
Total pass fail0 fail1 refinepatch: 100 30.1176 59.1231 10.7593 40.8769
Expanding patches...refinePatchBFGS failed!
refinePatchBFGS failed!
refinePatchBFGS failed!
refinePatchBFGS failed!

---- EXPANSION: 30 secs ----
Total pass fail0 fail1 refinepatch: 436415 293175 102582 40658 333833
Total pass fail0 fail1 refinepatch: 100 67.178 23.5056 9.31636 76.4944
FilterOutside
mainbody: 
Gain (ave/var): 0.365885 0.52087
301606 -> 238917 (79.2149%)	0 secs
Filter Exact: ***********
238917 -> 87764 (36.7341%)	0 secs
FilterNeighbor:	87764 -> 52325 (59.6201%)	0 secs
FilterGroups:	20
52325 -> 22269 (42.559%)	0 secs
STATUS: 0 0 0 0 0 0 0 0 0 0 
0 0 0 0 0 0 0 0 0 0 
0 0 0 0 0 0 0 0 0 0 
0 0 0 0 0 
Expanding patches...refinePatchBFGS failed!

---- EXPANSION: 41 secs ----
Total pass fail0 fail1 refinepatch: 581924 251624 111450 218850 470474
Total pass fail0 fail1 refinepatch: 100 43.24 19.152 37.608 80.848
FilterOutside
mainbody: 
Gain (ave/var): 0.450373 0.491536
273893 -> 239204 (87.3348%)	0 secs
Filter Exact: ***********
239204 -> 99706 (41.6824%)	0 secs
FilterNeighbor:	99706 -> 74844 (75.0647%)	0 secs
FilterGroups:	20
74844 -> 45245 (60.4524%)	0 secs
STATUS: 0 0 0 0 0 0 0 0 0 0 
0 0 0 0 0 0 0 0 0 0 
0 0 0 0 0 0 0 0 0 0 
0 0 0 0 0 
Expanding patches...refinePatchBFGS failed!

---- EXPANSION: 51 secs ----
Total pass fail0 fail1 refinepatch: 701008 299601 128813 272594 572195
Total pass fail0 fail1 refinepatch: 100 42.7386 18.3754 38.886 81.6246
FilterOutside
mainbody: 
Gain (ave/var): 0.4524 0.510749
344846 -> 297640 (86.311%)	0 secs
Filter Exact: ***********
297640 -> 115442 (38.7858%)	0 secs
FilterNeighbor:	115442 -> 87948 (76.1837%)	0 secs
FilterGroups:	20
87948 -> 55472 (63.0736%)	0 secs
STATUS: 0 0 0 0 0 0 0 0 0 0 
0 0 0 0 0 0 0 0 0 0 
0 0 0 0 0 0 0 0 0 0 
0 0 0 0 0 
---- Total: 0 secs ----
