
pmvs2
D:\document\project\3dSurface3\code\expr11\sfm_images\d.nvm.cmvs\00\
option-0000
--------------------------------------------------
--- Summary of specified options ---
# of timages: 9 (enumeration)
# of oimages: 0 (enumeration)
level: 1  csize: 2
threshold: 0.95  wsize: 7
minImageNum: 3  CPU: 4
useVisData: 1  sequence: -1
--------------------------------------------------
Reading images: *********
0 123   Harris running ...Harris running ...Harris running ...Harris running ...1395 harris done
DoG running...1248 harris done
DoG running...1180 harris done
1208 harris done
DoG running...DoG running...1823 dog done
4 Harris running ...1549 dog done
6 Harris running ...1516 dog done
7 Harris running ...1427 dog done
8 Harris running ...1006 harris done
DoG running...1198 harris done
DoG running...1267 harris done
DoG running...1005 harris done
DoG running...1209 dog done
9 Harris running ...1566 dog done
1215 dog done
1685 dog done
1400 harris done
DoG running...1768 dog done
done
adding seeds 
(1,3)(0,0)(6,0)(5,0)(7,0)(8,1)(2,7)(3,0)(4,0)done
---- Initial: 0 secs ----
Total pass fail0 fail1 refinepatch: 33378 17 33178 183 200
Total pass fail0 fail1 refinepatch: 100 0.0509318 99.4008 0.548265 0.599197
Expanding patches...
---- EXPANSION: 0 secs ----
Total pass fail0 fail1 refinepatch: 729 362 49 318 680
Total pass fail0 fail1 refinepatch: 100 49.6571 6.72154 43.6214 93.2785
FilterOutside
mainbody: 
Gain (ave/var): 0.0786651 0.042767
373 -> 372 (99.7319%)	0 secs
Filter Exact: *********
372 -> 359 (96.5054%)	0 secs
FilterNeighbor:	359 -> 341 (94.9861%)	0 secs
FilterGroups:	20
341 -> 315 (92.3754%)	0 secs
STATUS: 0 0 0 0 0 0 0 0 0 0 
0 0 0 0 0 0 0 0 0 0 
0 0 0 0 0 0 0 0 0 0 
0 0 0 0 0 
Expanding patches...
---- EXPANSION: 0 secs ----
Total pass fail0 fail1 refinepatch: 2802 1534 274 994 2528
Total pass fail0 fail1 refinepatch: 100 54.7466 9.77873 35.4747 90.2213
FilterOutside
mainbody: 
Gain (ave/var): 0.190355 0.0826144
1849 -> 1847 (99.8918%)	0 secs
Filter Exact: *********
1847 -> 1774 (96.0476%)	0 secs
FilterNeighbor:	1774 -> 1739 (98.0271%)	0 secs
FilterGroups:	20
1739 -> 1717 (98.7349%)	0 secs
STATUS: 0 0 0 0 0 0 0 0 0 0 
0 0 0 0 0 0 0 0 0 0 
0 0 0 0 0 0 0 0 0 0 
0 0 0 0 0 
Expanding patches...
---- EXPANSION: 0 secs ----
Total pass fail0 fail1 refinepatch: 607 286 118 203 489
Total pass fail0 fail1 refinepatch: 100 47.117 19.4399 33.4432 80.5601
FilterOutside
mainbody: 
Gain (ave/var): 0.343559 0.105861
2003 -> 2003 (100%)	0 secs
Filter Exact: *********
2003 -> 1949 (97.304%)	0 secs
FilterNeighbor:	1949 -> 1924 (98.7173%)	0 secs
FilterGroups:	20
1924 -> 1912 (99.3763%)	0 secs
STATUS: 0 0 0 0 0 0 0 0 0 0 
0 0 0 0 0 0 0 0 0 0 
0 0 0 0 0 0 0 0 0 0 
0 0 0 0 0 
---- Total: 0 secs ----
