# Bundle file v0.3
3 364
3082.84692383 0 0
0.977765552428 0.0805751977607 -0.193604489126
0.0843930315749 -0.996365648296 0.0115403681051
-0.191970889598 -0.0276226748578 -0.981011795408
-0.0188594926845 -0.000269889900385 0.0295579611224
3075.97705078 0 0
1.00000033111 9.54664499675e-008 -1.14251761718e-007
-9.54664499675e-008 -1.00000018756 3.98266135626e-008
1.14251761718e-007 3.98266135626e-008 -0.999999841445
-0.775881508042 -0.204086642261 0.632748050933
3027.28515625 0 0
0.98257631516 -0.0779460983688 0.168726699334
-0.0748167170535 -0.996888125044 -0.0248362594396
0.170137726358 0.0117799942225 -0.985349777402
-1.28075962985 0.0795700013275 0.19671289332
0.695322212131 -0.407127726225 2.7193049611
254 255 254
2 0 2 113.301269531 558.03314209 1 5 -118.441162109 297.411743164
2.17214700818 -2.8163546269 6.80147255358
48 55 63
2 1 100 711.273925781 1332.0802002 2 123 1125.97460938 1294.63757324
0.822945713079 0.545901649404 2.5180889514
118 117 114
2 1 76 79.7768554688 -1238.79345703 2 129 -130.786743164 -843.535888672
0.518366296943 0.0291953415535 2.74865176167
37 50 151
2 0 41 -45.6202392578 49.1354980469 1 21 -375.83984375 -338.211547852
0.824695354099 0.558628062489 2.55376971112
118 117 114
2 1 75 79.7768554688 -1238.79345703 2 162 -117.306274414 -846.798583984
1.8222765551 0.243285433896 3.47126515391
208 228 242
2 0 101 926.006835938 -41.2941894531 1 57 1150.78149414 -491.663085938
0.0442614290621 -0.00312809189106 3.03804041576
254 251 220
2 1 22 -943.962524414 -258.866455078 2 25 -791.943237305 3.76110839844
1.04958983021 0.221266006997 2.8364083433
50 43 31
2 0 220 495.554199219 -101.342529297 1 121 384.836669922 -598.544189453
0.668148150828 -0.519927663009 2.47579330789
251 240 216
2 0 245 139.731689453 743.773193359 1 134 -180.317260742 528.714294434
0.617212954191 -0.11073432058 2.71223880388
116 163 246
2 0 239 57.3635253906 215.87902832 1 146 -235.161132813 -137.137207031
1.00227903789 0.0207418308859 2.79099974425
38 35 28
2 0 394 450.432861328 101.016113281 1 184 322.995849609 -320.262207031
0.923028509473 -0.559005793246 2.58139045102
43 36 25
3 0 539 394.864257813 777.560180664 1 198 233.665039063 562.096740723 2 241 145.434814453 695.847412109
0.782524113242 -0.105657121258 2.67776678732
34 38 77
3 0 25 252.199707031 228.675170898 1 13 -0.0224609375 -148.728149414 2 19 -60.9581298828 77.6268310547
1.37439982709 -2.7300465852 7.28173754485
4 6 5
2 0 225 -130.833129883 1254.72119141 1 219 280.814941406 1184.10668945
0.731750867052 -0.548028415891 2.52145453428
74 51 32
2 0 674 198.109619141 770.987915039 1 234 -71.8742675781 560.312316895
0.843683940678 -0.568752362017 2.55770437989
244 222 186
2 0 449 313.616943359 788.823120117 1 236 108.704345703 584.938964844
0.773049533593 -3.03235645654 7.7917709965
5 5 5
2 0 265 -416.05065918 1298.15539551 1 238 -1.09484863281 1235.1184082
0.938121283454 0.244958153023 2.7668819838
254 245 215
3 0 505 411.828369141 -142.227905273 1 245 233.56640625 -651.098388672 2 280 114.856689453 -388.855834961
0.936586961165 0.0121763878484 2.75718787516
130 100 76
3 0 644 393.8125 106.962646484 1 265 232.822753906 -313.813598633 2 325 133.300537109 -91.4259033203
0.699367399899 -0.440315555776 2.51462939509
218 193 165
2 0 723 172.520751953 637.432678223 1 281 -125.190673828 386.435180664
0.858081005117 0.19991837687 2.73503821697
252 237 201
2 0 660 335.197998047 -104.161132813 1 318 120.783691406 -593.384765625
0.868751505665 -0.488510365772 2.54351279928
145 108 78
3 0 870 354.010742188 696.300231934 1 339 149.587646484 458.267578125 2 432 56.6860351563 616.87890625
0.914060496547 0.208141486139 2.7487903895
254 242 210
2 0 731 389.589111328 -106.827636719 1 344 201.754150391 -601.785888672
0.854388039288 -0.368997221114 2.572847127
138 105 74
3 0 939 337.668945313 547.728820801 1 355 124.520263672 261.994262695 2 435 29.8842773438 441.516723633
0.917802224341 -0.0173220494433 2.75841705455
250 227 196
3 0 803 371.478271484 136.933105469 1 374 205.796630859 -270.034790039 2 434 112.127685547 -52.4289550781
0.782524113242 -0.105657121258 2.67776678732
34 38 77
3 0 26 252.199707031 228.675170898 1 12 -0.0224609375 -148.728149414 2 18 -60.9581298828 77.6268310547
0.834362526749 -0.347250803981 2.56404885375
254 253 240
3 0 868 320.202880859 524.478149414 1 396 92.9929199219 228.610351563 2 410 -1.7421875 413.013305664
0.665152846261 -0.141217859861 2.67673940706
35 39 105
2 0 663 115.957519531 257.026733398 1 407 -166.890136719 -93.9080810547
0.884827736338 -0.572826369187 2.56454707424
246 227 196
2 0 797 357.417236328 793.760437012 1 421 174.093994141 589.505371094
0.910613808822 -0.379088762929 2.60431327859
236 225 200
3 0 970 387.884765625 557.346008301 1 434 210.483642578 273.397827148 2 497 113.457275391 444.255737305
0.93119291303 0.0819633152884 2.75155089733
255 251 230
3 0 817 395.783447266 32.8216552734 1 445 225.651611328 -416.596679688 2 564 118.666748047 -181.541625977
0.648851206261 -0.546048183499 2.47905648696
85 52 30
3 0 992 112.014160156 772.09576416 1 457 -210.121582031 572.565124512 2 559 -261.001220703 732.172729492
1.06780446571 0.249226823804 2.85159395767
64 52 36
3 0 1331 510.834472656 -128.60534668 1 465 407.551269531 -632.684082031 2 582 287.479980469 -399.980712891
0.867891320513 0.128641586009 2.72546443981
255 252 224
3 0 791 343.071777344 -26.8857421875 1 468 135.182617188 -490.209350586 2 541 28.5534667969 -234.112548828
0.872198160431 0.0456756832431 2.72572883412
208 153 113
2 0 1060 340.077636719 65.0382080078 1 469 141.776367188 -367.624023438
0.623273823714 -0.562091447963 2.46615311252
49 32 22
2 0 1258 84.541015625 796.536743164 1 495 -257.144775391 603.835998535
0.743861204406 -0.509861890926 2.52046692784
254 254 242
3 0 714 216.662109375 724.015930176 1 504 -53.1436767578 498.309814453 2 475 -118.349243164 659.888793945
0.950449134939 -0.427296175598 2.61483840985
35 28 19
2 0 2098 422.999023438 616.802185059 1 539 271.841308594 344.928466797
0.893195483118 0.224787244029 2.74212469743
196 151 112
2 0 1731 372.702392578 -129.073974609 1 552 171.227294922 -626.746826172
0.863101442137 -0.421993154066 2.54701712473
144 109 78
3 0 1296 352.100097656 614.602661133 1 566 140.484130859 351.28515625 2 996 41.8620605469 522.239318848
1.75448218053 0.304777274542 3.44713318116
114 130 143
2 0 973 887.004882813 -98.8491210938 1 579 1084.36499023 -563.192382813
0.887548680387 -0.374524773498 2.59190742534
128 100 74
3 0 1799 367.002929688 555.137207031 1 584 175.925048828 267.966430664 2 641 78.9938964844 440.569824219
0.887548680387 -0.374524773498 2.59190742534
128 100 74
3 0 1798 367.002929688 555.137207031 1 585 175.925048828 267.966430664 2 642 78.9938964844 440.569824219
0.85273884559 -0.33323361737 2.58906175035
177 142 109
3 0 1536 333.328857422 502.965209961 1 591 120.377685547 202.634399414 2 662 27.8704833984 389.667114258
0.898025040165 0.102826858071 2.73436222384
255 247 217
3 0 1221 368.754394531 6.68823242188 1 606 179.330078125 -450.411254883 2 766 70.9289550781 -205.461669922
0.401180489018 0.170222738955 2.87660424793
254 243 208
3 0 1508 -183.447143555 -111.099487305 1 609 -514.815551758 -518.453735352 2 967 -490.428588867 -222.846801758
0.434851691287 0.182250048092 2.89035528582
254 249 217
2 0 1154 -147.026855469 -120.432617188 1 650 -467.229003906 -527.845581055
0.859782740389 -0.399563740028 2.56827617374
152 117 85
3 0 1946 342.538330078 586.237304688 1 670 133.418701172 310.555664063 2 857 39.6398925781 484.360717773
0.892532981343 0.246527742823 2.75866538626
249 227 191
3 0 1181 366.509033203 -148.991943359 1 688 169.976074219 -656.233886719 2 822 54.5510253906 -385.704833984
0.892532981343 0.246527742823 2.75866538626
249 227 191
3 0 1180 366.509033203 -148.991943359 1 689 169.976074219 -656.233886719 2 821 54.5510253906 -385.704833984
0.895539286751 0.142267895465 2.72776957765
252 238 210
3 0 1405 371.649169922 -38.3594970703 1 694 176.532714844 -510.841918945 2 903 62.7260742188 -254.345581055
1.00777156995 0.279079194174 2.81695405404
195 155 117
2 0 1271 467.524902344 -169.850097656 1 696 328.169433594 -683.780517578
1.00777156995 0.279079194174 2.81695405404
195 155 117
2 0 1272 467.524902344 -169.850097656 1 697 328.169433594 -683.780517578
0.871739072981 -0.350608486879 2.59166905577
234 210 178
2 0 1691 351.797363281 524.678955078 1 709 150.6640625 230.156982422
0.923103894845 0.101148862081 2.74327714867
165 120 85
3 0 1684 391.301269531 9.30871582031 1 712 216.040039063 -446.4140625 2 1009 104.33984375 -203.94140625
0.868827366198 -0.0157929776706 2.73804494735
252 244 217
3 0 1580 327.598632813 131.211669922 1 714 135.062988281 -276.383178711 2 1076 47.3942871094 -47.0358886719
-1.63210769416 -0.176795941303 6.09313806644
25 23 21
2 0 1130 -1579.48376465 62.3668212891 1 718 -1381.30603027 -17.0373535156
-1.64930584486 -0.17488832231 6.13293779096
26 25 21
2 0 787 -1583.03613281 59.3850097656 1 719 -1381.30603027 -17.0373535156
0.97109643941 -0.0170698858429 2.7798386672
55 43 28
3 0 1634 419.19140625 139.69140625 1 724 280.185302734 -267.524414063 2 949 182.881835938 -58.0115966797
0.917171997868 0.0527223384485 2.74504890293
159 120 86
3 0 1840 380.920654297 61.4077148438 1 734 206.291992188 -375.186645508 2 1044 102.41796875 -141.012451172
0.849016223059 -0.275454152344 2.63997183235
254 250 231
2 0 2168 317.275878906 426.125610352 1 779 111.677734375 111.130249023
1.80772695016 0.226488600137 3.45919178445
185 206 222
3 0 1554 916.7265625 -28.2061767578 1 784 1140.1574707 -478.360717773 2 1072 1125.20605469 -386.262695313
0.906301071611 0.126524015141 2.74244039214
194 151 112
2 0 2390 376.710693359 -19.3193359375 1 796 190.818359375 -483.675170898
0.874755008065 -0.384931031511 2.5807000393
254 245 217
3 0 1652 355.957275391 566.609008789 1 797 156.590087891 285.653076172 2 844 60.80859375 460.501098633
0.923956109213 0.123597643642 2.74438724346
253 236 200
3 0 1515 393.906494141 -15.3181152344 1 801 216.927490234 -479.181152344 2 910 103.631347656 -232.444702148
0.865795380736 0.0226300474236 2.72264641131
254 253 231
3 0 1318 332.441650391 88.4194335938 1 805 132.396240234 -334.77722168 2 691 36.0444335938 -95.7542724609
0.879444704026 -0.219007203742 2.69599405009
255 251 222
3 0 1387 335.602294922 357.849731445 1 815 154.482666016 22.8845214844 2 846 72.3811035156 217.07043457
0.679391974183 -0.499164385162 2.48506328751
180 138 102
3 0 2314 151.949951172 718.841796875 1 821 -160.218994141 490.035888672 2 1706 -220.415039063 658.936462402
0.889442391027 0.199333417546 2.74709709841
197 152 114
3 0 2015 363.147216797 -98.4482421875 1 864 166.3515625 -590.084960938 2 1199 52.8818359375 -326.834960938
0.889442391027 0.199333417546 2.74709709841
197 152 114
3 0 2016 363.147216797 -98.4482421875 1 865 166.3515625 -590.084960938 2 1200 52.8818359375 -326.834960938
2.29968447925 -3.10508050399 7.30401220693
48 54 63
2 0 1467 237.838867188 1418.9486084 1 886 718.87890625 1367.97790527
0.862670208374 0.14944107533 2.7251350913
213 162 121
3 0 2350 338.241210938 -49.3837890625 1 903 129.412353516 -521.115844727 2 1957 18.4915771484 -261.009277344
0.826601554053 -0.509590113094 2.52923850801
224 182 141
3 0 2375 308.956787109 724.852355957 1 916 82.6049804688 496.214294434 2 1488 -2.89880371094 651.973571777
0.688518067248 -0.569242837479 2.48903373118
51 35 24
3 0 1522 155.455322266 800.703186035 1 930 -145.309936523 607.683959961 2 1117 -198.584228516 759.335571289
0.921120318842 0.0346845797181 2.73792808416
254 242 210
3 0 1713 386.797119141 78.9031982422 1 936 212.649169922 -348.201416016 2 1102 107.630615234 -118.218994141
0.903813994106 -0.396495536926 2.59406833442
160 134 104
3 0 3078 382.601806641 578.35559082 1 962 201.282958984 302.90234375 2 1234 103.91796875 470.907348633
1.06598225924 0.302292477715 2.81604519852
247 236 206
3 0 2024 527.350585938 -187.411010742 1 987 411.146484375 -719.447753906 2 1109 277.545166016 -470.488769531
0.802924043261 -0.533085234281 2.53457457716
189 143 104
3 0 2524 277.563720703 749.818847656 1 1013 44.4802246094 533.19909668 2 1477 -31.9638671875 685.137817383
0.850911370115 0.235538502992 2.74030720863
254 250 215
3 0 2408 328.969726563 -142.931396484 1 1040 109.798828125 -644.919433594 2 1522 -0.5556640625 -369.109619141
0.876091607975 -0.430932545759 2.55689661812
210 189 159
3 0 2611 361.905517578 626.455932617 1 1043 161.226806641 363.373657227 2 1655 62.2963867188 529.539855957
0.842060839665 -0.385384029979 2.55417637946
254 245 216
3 0 2295 328.672119141 572.792724609 1 1050 106.057861328 289.912719727 2 1530 10.6346435547 468.240356445
0.980402829352 0.40198559526 2.86323040448
133 133 130
2 0 1704 434.059082031 -296.373046875 1 1070 283.971191406 -841.739990234
0.937613138815 -0.0426284953848 2.76563021593
65 46 27
3 0 2961 387.499267578 163.550048828 1 1084 234.007080078 -232.286010742 2 1541 140.714599609 -20.8211669922
0.436950774517 -0.00353779168041 2.74544189206
49 61 179
2 0 1352 -138.112670898 79.5544433594 1 1098 -495.262573242 -292.10144043
0.95368675413 0.100414532284 2.7494192746
132 102 73
3 0 3877 420.669189453 10.5662841797 1 1108 260.400146484 -444.704467773 2 1002 144.523193359 -203.479858398
0.841954642157 0.289943236364 2.75973405606
222 170 125
3 0 2694 317.636474609 -201.979248047 1 1120 96.6567382813 -718.745605469 2 2008 -13.4887695313 -434.628051758
0.436885021486 -0.01798431418 2.744178778
254 254 243
2 0 1895 -139.476196289 96.1600341797 1 1139 -495.496582031 -271.462402344
0.920686903301 -0.431130105986 2.58766264008
87 71 48
3 0 3707 400.698974609 622.664123535 1 1152 228.635742188 358.399291992 2 1360 129.448730469 518.190429688
0.701601354273 -0.50705136409 2.50224919389
243 216 189
2 0 2641 172.864746094 721.707946777 1 1185 -122.558349609 500.144958496
0.948550023226 -0.378127649898 2.62908945033
115 108 95
2 0 2543 420.621826172 553.295776367 1 1189 266.258544922 269.313476563
0.908173997104 -0.330156763783 2.62718782276
237 224 198
3 0 3922 380.637207031 495.75390625 1 1198 204.964111328 194.964477539 2 1384 108.561035156 373.368041992
0.297349094916 0.283002886905 2.88548218462
224 186 141
2 0 2749 -284.575805664 -240.668579102 1 1243 -658.787475586 -671.147705078
0.916342290111 0.173894257302 2.7490242871
253 245 214
3 0 3908 388.353515625 -69.2679443359 1 1252 205.365722656 -552.580322266 2 1462 90.0688476563 -295.964599609
1.02511730411 0.297932783431 2.81187852165
213 170 126
2 0 2550 488.235351563 -188.102416992 1 1256 353.813476563 -712.664306641
0.889517194001 0.158015186967 2.73662847846
219 173 132
3 0 2597 363.917724609 -55.4191894531 1 1257 166.840576172 -531.155639648 2 1778 55.0263671875 -274.413574219
1.03226387615 0.241788683449 2.82930898142
65 45 24
3 0 3638 484.103759766 -124.904052734 1 1283 359.824707031 -628.598876953 2 1722 242.421630859 -389.353027344
0.89546231253 -0.475056220701 2.56230914588
115 90 65
2 0 3347 378.538574219 678.105834961 1 1293 190.982177734 433.333374023
0.960039541188 -0.460917788378 2.61328770249
132 126 113
3 0 3037 432.021972656 654.458435059 1 1313 286.755859375 399.788208008 2 1589 190.71875 549.998413086
2.16614056909 -2.98193044291 6.93250345154
6 7 5
2 0 1476 229.245605469 1435.21655273 1 1322 694.719482422 1387.6640625
0.835966697804 -0.541820800404 2.54059954624
255 251 221
2 0 2002 313.261474609 760.032226563 1 1330 97.0732421875 546.945129395
0.980955199544 -0.0803917343517 2.79700440609
52 47 39
3 0 3773 417.789306641 207.793823242 1 1336 292.013427734 -176.024291992 2 1346 203.983886719 21.1711425781
0.944251667398 -0.480162753368 2.59433024698
208 193 168
3 0 3227 420.187255859 680.815124512 1 1361 264.855224609 433.698364258 2 1861 168.377441406 582.805114746
1.00061307356 0.207412094418 2.80211921913
116 87 58
2 0 3274 459.090332031 -94.9425048828 1 1373 320.220947266 -586.403564453
0.866720023541 -0.554908106762 2.55240999413
165 124 91
3 0 2891 342.602539063 775.171569824 1 1378 146.282714844 563.78314209 2 2641 62.5007324219 705.445800781
0.698088214647 -0.58090568402 2.49630172368
93 79 67
2 0 2157 163.574707031 814.997924805 1 1393 -128.908081055 624.66418457
0.84409475693 -0.549085331124 2.54319446358
200 152 114
2 0 3918 320.803222656 769.655944824 1 1394 110.196289063 557.154785156
0.81461894435 -0.522511592347 2.53419661197
253 242 210
2 0 2276 292.223632813 739.999084473 1 1402 63.0119628906 515.298339844
0.900989156003 0.213031729845 2.75364403837
253 246 222
3 0 3144 374.145996094 -114.803466797 1 1453 183.669921875 -607.651367188 2 1785 66.6506347656 -343.341186523
0.949468204523 0.189330137101 2.7660087696
126 88 57
3 0 3597 418.285888672 -82.1690673828 1 1481 251.609863281 -569.833251953 2 2117 133.322021484 -318.992675781
0.867462140299 -0.525791776375 2.54562146528
166 125 93
3 0 2604 348.350830078 742.406738281 1 1489 147.925048828 518.367858887 2 2501 58.9240722656 666.798217773
0.638175963286 -0.555099646774 2.47876608242
127 100 78
2 0 2867 99.7878417969 784.106567383 1 1508 -230.431762695 588.218322754
0.631259142098 -0.522351206773 2.47390593111
181 142 105
3 0 2734 95.0693359375 743.043823242 1 1530 -241.276611328 533.231689453 2 3761 -288.659423828 702.318237305
0.855853612433 -0.559294178527 2.5553001691
254 254 236
2 0 2425 329.029296875 779.144226074 1 1533 128.398925781 570.120483398
0.891978245848 -0.523256191992 2.55147475675
156 122 93
3 0 3869 374.514648438 739.154907227 1 1539 186.512207031 513.072875977 2 2067 93.9116210938 659.54095459
0.860428172455 -0.317790605683 2.6131674073
254 247 220
2 0 3942 334.770996094 481.341552734 1 1548 131.280517578 177.170043945
0.628644632025 -0.496615531913 2.46990319227
255 251 225
2 0 3561 96.2312011719 714.084960938 1 1780 -247.216430664 491.24597168
-0.432341097923 0.0313129672553 3.5360048585
3 4 2
2 0 2666 -1043.3873291 -26.1943359375 1 1789 -1302.08911133 -252.797851563
0.648940849423 0.0925546594127 2.79947715061
254 253 248
2 0 2751 87.4301757813 -4.77844238281 1 1817 -180.237915039 -422.860107422
0.876716805198 -0.479274745114 2.55311283267
127 93 65
3 0 3894 359.455078125 683.842651367 1 1827 163.320068359 442.036132813 2 2538 67.2861328125 598.96270752
0.956292617651 0.346146235092 2.81491794183
254 244 219
2 0 3520 421.568847656 -244.935180664 1 2180 256.029052734 -780.769042969
0.482861695276 -0.0547635321494 2.71582762447
60 97 235
2 0 3429 -86.6673583984 142.026489258 1 2452 -433.869384766 -220.265869141
-0.134360098435 -0.0351211426907 3.20466688
80 81 79
2 0 3089 -778.117919922 63.1391601563 1 2846 -1101.22680664 -206.678955078
1.79407445393 0.290557088728 3.46751243129
140 157 172
2 0 3194 908.575683594 -82.8786621094 1 2865 1121.01538086 -544.183837891
0.741813849216 -0.0238553713859 2.62714312175
27 32 82
2 1 102 -52.3508300781 -277.730834961 2 151 -142.922607422 -23.7762451172
0.982990521119 -0.505783898738 2.59568285208
19 18 14
2 1 126 325.744140625 474.727416992 2 194 224.507080078 615.791015625
-0.505837671538 0.22495603862 2.91373754779
82 78 69
2 1 144 -1783.15930176 -589.591064453 2 174 -1474.44689941 -211.895385742
0.875320169565 -0.464334570708 2.55642033439
108 74 49
2 1 149 159.890136719 418.648803711 2 207 64.6062011719 574.619018555
1.0455532389 0.27361296413 2.81916219346
245 214 175
2 1 153 381.156982422 -676.87890625 2 211 254.692382813 -430.870849609
0.719226730801 -0.501397598739 2.50080818235
92 54 31
2 1 154 -93.5114746094 490.663818359 2 203 -159.800415039 655.571228027
0.998085810054 0.250837315845 2.82852133931
143 104 74
2 1 164 312.346679688 -641.373291016 2 214 198.410644531 -394.766845703
0.241105066233 0.0637831054145 2.8735990917
239 203 162
2 1 165 -738.691650391 -369.817138672 2 238 -661.841674805 -86.4405517578
1.4425366653 -2.57874279192 7.17314083566
21 21 21
2 1 166 316.414306641 1126.48388672 2 172 718.790771484 1100.83374023
0.997736374727 0.0727481059476 2.78393166085
62 53 40
2 1 183 318.202636719 -396.44128418 2 253 208.452148438 -174.825073242
2.0606263554 -2.91735599337 6.86085732789
4 6 5
2 1 201 647.916259766 1368.2980957 2 216 1065.93505859 1334.0222168
1.022063633 -0.0799581796213 2.84618885326
19 18 14
2 1 3619 341.971923828 -174.339599609 2 3046 262.088134766 16.7696533203
0.639194728898 0.073066263389 2.78133390242
212 157 125
2 1 229 -197.054931641 -399.701660156 2 331 -233.956665039 -134.740722656
2.2024698842 -3.07143017839 6.91329165208
19 21 20
2 1 235 715.743652344 1440.07531738 2 252 1145.16796875 1401.97167969
0.82689919765 -0.215721480503 2.68834538478
240 222 185
2 1 255 76.2602539063 17.1193847656 2 270 2.96105957031 217.544677734
0.952721338395 0.197747494394 2.76957193638
153 114 82
2 1 321 256.147705078 -579.420654297 2 365 136.500732422 -331.200927734
0.273133972808 0.115140515875 2.8752773956
253 235 198
2 1 324 -694.471435547 -441.562988281 2 363 -629.332763672 -148.30090332
0.960018120153 0.317473110132 2.80438668051
179 133 97
2 1 333 261.889404297 -744.181640625 2 473 141.02734375 -477.603759766
1.04014366789 0.053958588923 2.83536367362
19 15 12
2 1 370 369.524658203 -362.411499023 2 386 270.495117188 -152.212036133
0.836717348921 -0.528670382774 2.52343198858
249 207 163
2 1 384 99.4816894531 530.207580566 2 367 11.5642089844 679.174804688
0.937133245946 -0.101809706223 2.78772380821
25 20 17
2 1 387 229.221435547 -148.885986328 2 561 151.332763672 55.814453125
0.608368425486 0.0951754170548 2.80085401997
254 248 209
2 1 408 -238.87890625 -427.018554688 2 758 -267.541748047 -159.111938477
0.797920624532 -0.104426307344 2.61398886075
2 4 88
2 1 419 34.2431640625 -154.791503906 2 525 -64.1331787109 79.6561279297
0.860668125034 -0.529104789109 2.54274903122
168 128 92
2 1 426 136.872558594 524.633483887 2 636 49.4951171875 672.91619873
0.357973737095 0.147431519355 2.85911350528
255 254 232
2 1 431 -581.449462891 -490.102172852 2 768 -542.870727539 -194.264160156
0.33067766016 0.118687337969 2.88649172029
255 249 210
2 1 450 -611.086181641 -443.302734375 2 627 -560.636108398 -158.173217773
0.979807213941 0.206198781386 2.78460152048
200 165 130
2 1 470 292.961181641 -588.413818359 2 523 172.752197266 -342.863647461
0.213845191941 0.0212325505796 2.89154164485
156 109 75
2 1 481 -770.094116211 -308.291870117 2 727 -680.166259766 -34.8269042969
0.695832705451 -0.479067532986 2.4869527247
254 254 249
2 1 497 -133.217041016 456.694824219 2 763 -198.777587891 630.295776367
0.794799427778 0.312025585949 2.77141914664
220 171 126
2 1 523 27.2448730469 -746.545654297 2 673 -71.4315185547 -455.494506836
0.928754870239 0.261443822492 2.78025255202
254 253 229
2 1 528 219.827392578 -670.405761719 2 613 102.823242188 -406.568603516
0.870296232841 -0.45883421577 2.55230051116
112 80 52
2 1 537 151.568359375 408.873535156 2 677 57.0053710938 570.483764648
0.803199992738 -0.434626926165 2.53289128566
255 253 236
2 1 557 44.5690917969 374.479248047 2 716 -42.7946777344 545.33605957
0.846357237471 -0.40818829069 2.55286546407
255 254 233
2 1 569 113.037109375 327.280761719 2 633 18.7135009766 501.081726074
0.809277080227 -0.298783533991 2.58447528586
252 236 193
2 1 573 53.166015625 150.608520508 2 567 -36.5302734375 344.168212891
0.57109931376 -0.0506990022621 2.64016357701
15 35 149
2 1 592 -314.336425781 -235.638427734 2 1029 -354.697631836 28.9188232422
0.233138098615 -0.0123415010011 2.92434956005
134 94 66
2 1 602 -732.823364258 -259.134521484 2 837 -640.454101563 2.38562011719
0.707175185337 -0.536505116495 2.49804180213
219 203 165
2 1 604 -113.469848633 550.32800293 2 772 -173.729003906 706.45892334
0.896681904432 0.00383278889614 2.73118461306
254 225 184
2 1 631 176.919433594 -306.043212891 2 729 79.1577148438 -75.5473632813
0.849956863902 0.0535192369352 2.73536835711
255 253 234
2 1 634 109.138671875 -376.104858398 2 752 14.3046875 -136.949462891
0.93286943866 -0.374162644285 2.62907654774
55 42 27
2 1 646 242.661376953 263.680297852 2 676 146.571044922 428.614501953
0.938013555751 0.0610384101293 2.75216376851
144 105 75
2 1 653 235.903320313 -385.278564453 2 1024 129.115234375 -154.404785156
0.951950544245 -0.486737635436 2.59119825874
146 130 105
2 1 664 277.818847656 446.774536133 2 657 178.594726563 591.077819824
0.987346253677 0.105360077321 2.77117146463
88 64 40
2 1 686 305.02734375 -446.411254883 2 976 190.613525391 -215.456420898
0.918234812268 -0.500727738662 2.56174129875
90 64 39
2 1 705 228.071533203 475.704101563 2 688 128.961181641 621.804992676
0.95856293365 0.0724246717958 2.75272729107
96 62 39
2 1 710 266.056640625 -401.220947266 2 723 153.921630859 -171.911132813
1.01934774421 0.127200818697 2.80279658498
97 80 60
2 1 711 345.796875 -472.153076172 2 877 233.714355469 -243.830200195
0.980735108614 0.323893057368 2.80767405323
255 254 242
2 1 717 291.231201172 -752.017578125 2 916 166.651367188 -488.337524414
0.699278337939 -0.16035879122 2.62149427662
23 45 165
2 1 722 -118.114501953 -66.7833251953 2 1238 -185.844238281 161.875
0.917276752025 0.0526630462627 2.74339822171
150 106 71
2 1 735 206.291992188 -375.186645508 2 1043 102.41796875 -141.012451172
0.747146591932 -0.143022373205 2.62029335378
18 15 32
2 1 737 -43.9636230469 -93.3531494141 2 972 -125.790771484 134.260620117
0.747146591932 -0.143022373205 2.62029335378
18 15 32
2 1 738 -43.9636230469 -93.3531494141 2 973 -125.790771484 134.260620117
0.94768102635 0.230367492865 2.76905091084
220 185 152
2 1 751 248.114501953 -629.039550781 2 748 128.102539063 -370.295898438
0.938871398119 0.136737900695 2.74406229085
150 109 76
2 1 759 238.400634766 -497.500854492 2 975 121.211425781 -252.605834961
0.909805816665 0.255330090412 2.7678029422
195 148 111
2 1 763 193.504882813 -665.647949219 2 998 77.5219726563 -397.739501953
0.909805816665 0.255330090412 2.7678029422
195 148 111
2 1 764 193.504882813 -665.647949219 2 997 77.5219726563 -397.739501953
0.810154288652 -0.566722550763 2.53193220055
212 177 135
2 1 798 56.1860351563 590.864135742 2 1432 -19.3272705078 730.31427002
0.925902116875 -0.0673308505326 2.74917330209
40 27 18
2 1 838 218.043457031 -199.407104492 2 1144 126.389648438 12.2388916016
0.408995888296 0.160738870639 2.90500175027
168 108 64
2 1 847 -498.043334961 -494.433837891 2 1487 -470.920043945 -216.592285156
0.653257991367 -0.580156538212 2.46702412093
30 23 14
2 1 908 -207.543945313 629.885986328 2 1436 -252.572387695 788.321533203
0.819372123373 -0.561216751707 2.54673827889
211 174 132
2 1 912 69.9797363281 575.257324219 2 1463 -2.84899902344 719.053833008
0.819372123373 -0.561216751707 2.54673827889
211 174 132
2 1 913 69.9797363281 575.257324219 2 1464 -2.84899902344 719.053833008
0.902021855225 -0.499562658568 2.54093283992
230 215 190
2 1 915 203.875976563 477.491577148 2 1302 103.124755859 629.399353027
1.00920905128 -0.150900959446 2.83582304032
19 18 16
2 1 921 326.197509766 -74.2064208984 2 924 250.916015625 104.730102539
0.848578255388 -0.493341938795 2.53741638294
255 254 227
2 1 928 116.843017578 465.511962891 2 906 28.6896972656 627.691894531
1.02037714903 -0.0316798487241 2.83485088773
19 15 13
2 1 951 342.208007813 -240.994506836 2 1080 253.167480469 -44.7894287109
0.903879391089 -0.396643633165 2.5924819041
154 124 90
2 1 963 201.282958984 302.90234375 2 1235 103.91796875 470.907348633
0.95550905006 0.115688643978 2.75095445589
255 248 207
2 1 970 261.598388672 -465.595581055 2 1104 145.960693359 -226.419677734
0.935194682444 -0.444619390698 2.59124095672
51 42 29
2 1 975 250.706787109 378.432617188 2 1841 151.755126953 535.762329102
1.00078742896 0.152668999121 2.77648828682
95 71 46
2 1 1020 323.702392578 -514.07019043 2 1127 204.025634766 -276.829833984
1.76559906731 -1.31301934529 3.4792144435
2 4 4
2 1 1021 1098.64990234 1233.39709473 2 2708 1213.58666992 1238.9798584
1.08077909941 -0.00629177985373 2.90223360773
36 34 29
2 1 1023 413.729736328 -269.911865234 2 1141 332.424316406 -80.7895507813
0.936912082073 0.0902761223366 2.74860818628
255 252 222
2 1 1034 234.622314453 -428.998168945 2 1307 124.431884766 -191.624145508
0.906723197473 0.319144752508 2.78335018106
191 147 106
2 1 1041 188.371826172 -752.431396484 2 1531 69.5991210938 -477.614013672
0.906723197473 0.319144752508 2.78335018106
191 147 106
2 1 1042 188.371826172 -752.431396484 2 1532 69.5991210938 -477.614013672
0.64428320118 -0.604304751446 2.47810984347
22 18 15
2 1 1048 -220.411743164 670.259887695 2 1791 -259.797485352 814.982055664
0.972044461008 0.0833628846114 2.76266932389
210 186 151
2 1 1055 283.871337891 -416.432739258 2 1619 172.221923828 -185.747680664
0.648365838442 -0.56081775984 2.47104768291
44 28 15
2 1 1064 -213.979003906 599.900146484 2 1976 -261.645507813 754.347106934
0.207589368811 0.0357266493756 2.86189747521
255 254 233
2 1 1091 -789.814331055 -333.526489258 2 1916 -701.665771484 -49.8444824219
0.963532624956 0.026293744558 2.77389382061
83 58 34
2 1 1094 269.722412109 -332.360473633 2 1595 168.939697266 -111.017944336
0.93808333827 -0.492049241999 2.5902088256
116 99 73
2 1 1122 255.576171875 453.68762207 2 1651 160.694335938 601.356994629
0.267716250642 0.0947746007273 2.88031155137
195 142 103
2 1 1127 -699.744262695 -411.46484375 2 2339 -631.937255859 -124.919311523
0.67736189371 -0.565127418619 2.48100847869
81 64 46
2 1 1140 -164.651123047 602.829406738 2 1731 -217.133178711 756.233093262
0.630470841325 -0.55917350149 2.46109868267
51 33 23
2 1 1142 -245.535766602 600.04864502 2 1965 -290.142211914 757.328918457
0.946067410523 -0.46215934429 2.6054800577
44 34 19
2 1 1144 265.765380859 402.625366211 2 1388 171.021484375 555.959594727
0.191476884638 0.0157020013674 2.91034803343
254 236 204
2 1 1155 -794.059326172 -297.678222656 2 2405 -696.201782227 -27.5020751953
0.641448949738 -0.0179743455175 2.69986977372
248 233 203
2 1 1156 -199.68347168 -276.047485352 2 1561 -249.772583008 -23.9406738281
0.251727393073 0.0200348518843 2.91383962232
161 114 80
2 1 1161 -709.849487305 -302.053710938 2 2523 -629.136474609 -38.6126708984
1.02871998289 -0.00394166749118 2.85150944487
22 18 15
2 1 1168 350.918701172 -278.708496094 2 1888 263.1796875 -79.1690673828
0.256147204142 0.103151361408 2.86625846809
253 255 242
2 1 1174 -719.948730469 -424.85144043 2 1351 -652.744995117 -135.030517578
0.689515121902 -0.423334688796 2.51809058771
185 132 93
2 1 1176 -141.311035156 357.567871094 2 1707 -203.033935547 542.671203613
0.689515121902 -0.423334688796 2.51809058771
185 132 93
2 1 1177 -141.311035156 357.567871094 2 1708 -203.033935547 542.671203613
0.948927795205 -0.378820227022 2.63673516667
98 91 79
2 1 1188 266.258544922 269.313476563 2 1819 170.095947266 432.750732422
0.895100016986 0.365032724617 2.81529286172
194 156 119
2 1 1212 169.621582031 -806.370361328 2 2203 56.150390625 -529.400878906
0.187755538559 -0.011740796147 2.88608605756
245 227 190
2 1 1215 -808.300048828 -264.2421875 2 1730 -708.190673828 6.30993652344
0.629850334366 0.0173931595774 2.71590104423
254 253 245
2 1 1216 -215.842041016 -327.362670898 2 1507 -261.941162109 -67.0428466797
0.822190562766 -0.458950805713 2.52602307098
254 255 245
2 1 1224 75.0759277344 413.814453125 2 2467 -14.9237060547 582.373474121
0.667259403997 -0.614178506768 2.48287011807
22 17 13
2 1 1255 -181.695922852 684.280029297 2 1795 -225.014282227 826.953857422
0.894996354035 -0.33274563552 2.6184102862
137 109 80
2 1 1260 184.992919922 200.327880859 2 1603 89.6450195313 377.894287109
0.894996354035 -0.33274563552 2.6184102862
137 109 80
2 1 1261 184.992919922 200.327880859 2 1604 89.6450195313 377.894287109
0.934881096666 0.190715029035 2.7564113241
255 240 199
2 1 1262 230.834716797 -574.646728516 2 1188 113.612548828 -319.281616211
0.276210678263 0.073345137753 2.9084783598
156 104 67
2 1 1274 -679.095947266 -376.884277344 2 2021 -608.268920898 -100.536132813
0.906551878739 0.085558872155 2.73878855487
152 101 62
2 1 1276 191.004394531 -424.506713867 2 2240 84.7971191406 -182.098144531
0.75100222706 -0.537649160398 2.52242478292
255 254 226
2 1 1296 -40.6650390625 544.285583496 2 1361 -105.66394043 697.782531738
0.73602635581 -0.153243274294 2.61509701277
13 15 33
2 1 1298 -61.4195556641 -77.9357910156 2 1932 -140.632202148 149.642456055
0.73602635581 -0.153243274294 2.61509701277
13 15 33
2 1 1299 -61.4195556641 -77.9357910156 2 1931 -140.632202148 149.642456055
1.02714076477 0.171163441028 2.78871842758
179 162 136
2 1 1344 359.953857422 -537.476806641 2 2695 237.069335938 -302.954711914
0.888022565524 -0.41486067268 2.5689498263
255 245 211
2 1 1346 178.481689453 335.469726563 2 2101 79.8200683594 503.203308105
0.953917178016 0.293082504473 2.79947571798
255 234 197
2 1 1351 254.053466797 -709.83203125 2 1822 134.396728516 -447.517944336
0.638369779715 -0.00217619385886 2.71228208475
156 104 69
2 1 1353 -203.267700195 -298.255859375 2 2045 -250.957397461 -43.5972900391
0.89920598892 -0.421023036144 2.57318462451
155 128 98
2 1 1377 196.038085938 345.070922852 2 1560 96.4045410156 509.353759766
0.91624367463 0.00706769064045 2.73637887222
135 99 66
2 1 1383 205.655029297 -308.884521484 2 2041 104.053710938 -83.0047607422
0.252149038471 0.0446049327442 2.920682282
140 91 58
2 1 1385 -708.208007813 -336.282836914 2 2283 -626.706665039 -64.9161376953
0.943460175838 -0.0141622761626 2.76945749048
94 66 42
2 1 1429 241.847900391 -273.115356445 2 1779 145.997558594 -59.0567626953
0.456068846544 0.178756151133 2.87917577364
202 140 93
2 1 1431 -439.542358398 -526.004882813 2 2015 -428.095947266 -242.743164063
0.456068846544 0.178756151133 2.87917577364
202 140 93
2 1 1432 -439.542358398 -526.004882813 2 2014 -428.095947266 -242.743164063
0.871356490259 -0.335562357574 2.59241637345
161 130 99
2 1 1447 149.809326172 206.011108398 2 2227 53.6462402344 390.283203125
0.90153054475 0.211146151381 2.74380974805
251 239 212
2 1 1452 183.669921875 -607.651367188 2 1786 66.6506347656 -343.341186523
0.180069238624 -0.0258623415655 2.9083296828
168 130 94
2 1 1461 -811.207763672 -243.219726563 2 2400 -704.425292969 23.4118652344
0.196320768827 -0.0504340943266 2.94842512459
187 158 128
2 1 1464 -774.423828125 -205.107788086 2 2996 -666.906494141 47.4093017578
0.196320768827 -0.0504340943266 2.94842512459
187 158 128
2 1 1465 -774.423828125 -205.107788086 2 2997 -666.906494141 47.4093017578
0.286612103889 0.0944910628605 2.89662911568
142 89 54
2 1 1472 -668.624023438 -408.03503418 2 1959 -603.630249023 -125.934692383
0.199095671027 -0.0384594992826 2.95316594349
114 79 49
2 1 1476 -769.407958984 -221.224853516 2 2356 -662.513916016 34.0500488281
0.910765657347 -0.509863528954 2.55708867964
127 98 74
2 1 1482 216.475585938 490.917358398 2 1998 119.063476563 637.218139648
0.880806732282 0.076268905947 2.72764887405
201 152 106
2 1 1494 154.389892578 -412.378540039 2 2438 50.412109375 -168.427612305
0.848030806719 -0.308919754929 2.5987538533
160 124 90
2 1 1498 113.107910156 164.501708984 2 2139 20.3294677734 353.364257813
1.08418213365 0.0180746626653 2.90902267783
23 22 17
2 1 1512 417.533691406 -301.332519531 2 1609 334.376464844 -111.65234375
1.08418213365 0.0180746626653 2.90902267783
23 22 17
2 1 1513 417.533691406 -301.332519531 2 1610 334.376464844 -111.65234375
0.722470768071 -0.560728744744 2.51548334387
42 26 13
2 1 1528 -87.2199707031 585.657226563 2 3185 -144.873413086 732.957214355
0.632709303245 -0.521416444211 2.46616883993
177 134 95
2 1 1529 -241.276611328 533.231689453 2 3762 -288.659423828 702.318237305
0.48047326158 0.197688860346 2.88818382474
251 254 244
2 1 1545 -404.248046875 -549.645019531 2 1985 -398.992553711 -267.229736328
0.925442681715 -0.422649947194 2.60314512341
70 50 25
2 1 1600 234.132324219 342.487060547 2 2399 137.712158203 502.038452148
0.884330655034 0.349614829418 2.79821309294
252 225 188
2 1 1616 155.124511719 -791.240722656 2 2154 41.5480957031 -510.770629883
0.961376277273 -0.128307031248 2.77886456332
22 18 15
2 1 1624 266.245117188 -108.330688477 2 2316 181.485839844 84.2492675781
0.651656670255 0.0272203373102 2.73777033006
208 147 102
2 1 1629 -181.633789063 -338.228149414 2 2093 -229.153198242 -81.8142089844
0.229761306472 0.0215142624601 2.8935591849
255 254 242
2 1 1646 -747.342407227 -308.262817383 2 2927 -661.638183594 -36.6389160156
0.229761306472 0.0215142624601 2.8935591849
255 254 242
2 1 1647 -747.342407227 -308.262817383 2 2926 -661.638183594 -36.6389160156
0.850258787619 -0.526703442735 2.53488061747
206 167 127
2 1 1683 120.710205078 523.395446777 2 2710 32.9047851563 672.192871094
0.694326046058 -0.438355363069 2.51524676631
144 94 61
2 1 1689 -133.238647461 384.008422852 2 1945 -196.3984375 562.787475586
0.239388906157 -0.000658184830244 2.92650521716
156 116 85
2 1 1691 -723.423950195 -274.149414063 2 2615 -634.087646484 -12.1391601563
0.858468018558 -0.347565729906 2.59048437696
151 113 80
2 1 1705 130.155517578 226.379516602 2 2564 36.5192871094 406.597412109
0.641655720126 0.026354137195 2.72458214675
255 252 235
2 1 1713 -197.424316406 -338.90625 2 2485 -245.653808594 -79.9602050781
0.933329078942 -0.230037336725 2.7341029019
251 251 233
2 1 1720 230.615722656 37.9989013672 2 2546 149.537841797 221.452758789
0.86452138817 -0.362589699959 2.58025254853
140 105 75
2 1 1728 140.274169922 250.926025391 2 2951 44.337890625 429.524780273
0.871779262128 0.147906152242 2.72585693188
212 156 113
2 1 1732 141.393310547 -518.602416992 2 3279 31.2939453125 -260.208007813
0.655103984937 0.0543920605592 2.76944374957
138 87 56
2 1 1741 -174.196655273 -372.868530273 2 2903 -217.749389648 -115.556518555
0.655103984937 0.0543920605592 2.76944374957
138 87 56
2 1 1742 -174.196655273 -372.868530273 2 2904 -217.749389648 -115.556518555
0.876242962331 -0.272673892991 2.63889632624
254 246 212
2 1 1744 154.042724609 105.418334961 2 2948 62.6091308594 295.408081055
0.709602076115 -0.437411784348 2.51497628479
187 139 98
2 1 1772 -108.319213867 382.279785156 2 3303 -175.647338867 560.803283691
0.904233047125 -0.442820886833 2.5692936515
247 236 207
2 1 1775 204.476318359 380.529296875 2 2752 104.960693359 540.392272949
0.904233047125 -0.442820886833 2.5692936515
247 236 207
2 1 1776 204.476318359 380.529296875 2 2751 104.960693359 540.392272949
0.896058542368 0.331716803218 2.78327233867
249 214 176
2 1 1790 172.7265625 -771.408935547 2 4168 55.462890625 -491.517211914
0.67765341175 -0.516074358366 2.48070601577
254 254 247
2 1 1839 -163.979736328 520.715270996 2 2842 -222.192626953 685.874023438
0.802209141091 0.318328541384 2.7637323613
225 170 123
2 1 1857 37.8474121094 -759.022705078 2 3584 -64.369140625 -465.151000977
1.0075609017 0.0949708599484 2.78979219643
60 48 32
2 1 1875 330.725585938 -429.013916016 2 2173 220.521484375 -202.03112793
0.465166234447 0.188365904718 2.87051606655
255 253 215
2 1 1884 -428.755737305 -541.432861328 2 3113 -421.7421875 -255.575805664
0.240723077324 0.0102313675606 2.92984634131
241 218 186
2 1 1894 -720.754760742 -288.732788086 2 2905 -631.979980469 -24.4534912109
0.240723077324 0.0102313675606 2.92984634131
241 218 186
2 1 1895 -720.754760742 -288.732788086 2 2906 -631.979980469 -24.4534912109
0.797101317515 -0.521503017555 2.52883075034
251 238 201
2 1 1907 33.9326171875 514.331481934 2 3363 -41.6171875 672.23449707
0.994147250858 0.106935227443 2.77648774209
79 57 33
2 1 1913 313.729248047 -448.382202148 2 3738 200.302001953 -217.085083008
0.263774406105 0.0171902540264 2.98468564455
127 82 51
2 1 1938 -673.471435547 -291.512207031 2 2374 -584.209716797 -34.6728515625
0.910292204015 -0.247805070282 2.69496892783
110 91 66
2 1 1972 201.158203125 66.7305908203 2 2413 114.444580078 249.918457031
0.830493096643 -0.299058113844 2.59221467678
190 153 110
2 1 1980 85.9616699219 149.615112305 2 2435 -5.76293945313 342.418579102
0.645645413781 -0.532383621832 2.46568397548
164 120 83
2 1 1981 -219.548217773 551.984619141 2 2642 -269.79296875 717.409362793
0.153131150283 -0.0290972739183 2.88013661013
235 223 195
2 1 1983 -858.309570313 -240.29675293 2 4128 -748.420288086 28.6488037109
0.944216859034 0.288986721084 2.7961725888
148 101 63
2 1 2005 240.470458984 -705.119384766 2 2778 122.191650391 -441.409179688
0.617628618138 -0.557978196386 2.45260569811
42 27 14
2 1 2012 -268.850952148 599.800415039 2 2391 -310.911987305 760.924194336
1.06212386189 -0.00166138355336 2.87500827457
24 24 16
2 1 2017 393.350830078 -278.817138672 2 2964 306.457275391 -85.4479980469
0.834012318841 -0.427526008454 2.53156434199
255 249 217
2 1 2030 94.5168457031 363.025146484 2 4111 -1.38012695313 534.004638672
1.01891043532 0.251512512618 2.80993319379
105 72 45
2 1 2038 344.669677734 -648.010253906 2 2332 222.137207031 -400.658081055
1.00125946153 -0.0133795609585 2.81423580945
54 47 37
2 1 2060 318.451416016 -269.084106445 2 2127 225.110351563 -65.6611328125
0.92398949241 -0.243053700331 2.73365716259
103 87 62
2 1 2062 216.147216797 54.8743896484 2 1309 139.907226563 241.461547852
0.887293466888 -0.30542185106 2.6236954099
157 127 99
2 1 2089 171.982910156 155.916992188 2 3557 78.2238769531 342.281616211
0.672087513577 -0.492825788734 2.47800473937
241 212 168
2 1 2091 -173.263916016 483.064819336 2 3037 -233.602661133 653.198669434
0.872853823659 0.358283147227 2.79768556628
198 159 117
2 1 2101 138.449951172 -804.590820313 2 2866 26.7864990234 -519.647583008
0.334798067941 0.124235314974 2.87568510349
255 253 222
2 1 2116 -608.032348633 -452.443481445 2 3299 -561.512451172 -166.182128906
0.816077153395 -0.444803745219 2.52968225844
222 170 124
2 1 2124 65.3422851563 391.037597656 2 4243 -24.48046875 560.500061035
0.95514331667 -0.50336813851 2.59824197707
53 45 29
2 1 2127 281.409179688 469.826049805 2 2562 186.499511719 613.505126953
0.904774051287 -0.282624711223 2.65222350124
207 191 165
2 1 2133 196.786132813 120.599121094 2 2123 103.586181641 303.551635742
0.679759179247 -0.475548647998 2.49168691445
147 87 49
2 1 2142 -159.222412109 450.646118164 2 3072 -220.139648438 623.633728027
0.920290271013 -0.483055881688 2.57424850702
231 215 189
2 1 2148 229.265869141 442.724731445 2 2367 132.746337891 595.072143555
0.878524194276 -0.295810334328 2.62598184275
244 236 213
2 1 2154 158.693847656 142.150268555 2 2396 65.3481445313 328.153930664
0.878524194276 -0.295810334328 2.62598184275
244 236 213
2 1 2155 158.693847656 142.150268555 2 2397 65.3481445313 328.153930664
0.234678429918 0.0416665504297 2.89660562472
163 123 88
2 1 2163 -739.528808594 -335.180664063 2 3245 -656.91418457 -60.7398681641
0.966671338706 -0.536697040913 2.60260736556
167 156 139
2 1 2171 298.958007813 521.105224609 2 3171 206.661865234 657.787414551
0.974659068643 0.223587732783 2.78189338173
125 82 50
2 1 2221 286.023681641 -614.272460938 2 2178 164.126220703 -364.780883789
0.9132602242 0.3626237135 2.81790839016
193 160 125
2 1 2243 194.662353516 -802.982666016 2 3492 80.0109863281 -527.255615234
0.962303670379 0.252777705223 2.78405843406
168 125 90
2 1 2245 267.491455078 -657.137695313 2 3900 146.814453125 -398.862792969
0.69737879602 -0.529753611687 2.49608132219
87 52 24
2 1 2258 -129.81628418 539.635620117 2 3503 -188.566162109 698.16192627
0.963418707772 0.298726642095 2.79902981741
170 123 85
2 1 2275 267.940185547 -717.709716797 2 3129 145.4140625 -456.474731445
0.31530696592 0.199843367842 2.85980438134
211 154 102
2 1 2281 -639.669433594 -560.228027344 2 4456 -598.74230957 -255.724365234
0.717188587163 -0.0451203313163 2.58494190902
132 181 251
2 1 2297 -92.7403564453 -251.160522461 2 3943 -185.022827148 9.63977050781
1.05223882325 0.332556763501 2.81684677796
131 97 69
2 1 2298 391.946289063 -761.131591797 2 3202 256.762695313 -507.98059082
0.883394188381 0.148217137068 2.7379806958
255 249 205
2 1 2309 157.285888672 -516.757446289 2 2161 48.9152832031 -260.288208008
1.06311581562 0.3313372267 2.81478666398
255 253 229
2 1 2327 407.696289063 -760.420654297 2 3233 270.593017578 -508.036499023
1.06311581562 0.3313372267 2.81478666398
255 253 229
2 1 2328 407.696289063 -760.420654297 2 3234 270.593017578 -508.036499023
0.332724302256 0.101639623118 2.92083395752
110 59 27
2 1 2336 -598.7421875 -413.113891602 2 3874 -542.949951172 -137.954589844
0.927695253679 0.279660706916 2.78361476453
141 94 58
2 1 2347 218.140136719 -695.532470703 2 3147 100.145019531 -429.43737793
0.980935877834 0.150448424314 2.77358743228
130 101 71
2 1 2363 295.78125 -510.759033203 2 4213 178.145751953 -272.658813477
0.928049533739 0.41312370505 2.87832533947
186 153 118
2 1 2392 210.540283203 -850.625732422 2 4451 102.997558594 -581.712890625
0.858235941119 0.345984376625 2.788904273
202 162 120
2 1 2395 117.956054688 -790.071533203 2 4268 8.08422851563 -503.612548828
0.897795907075 0.301503216029 2.77712891632
188 145 106
2 1 2429 175.775634766 -729.286621094 2 4553 59.2282714844 -454.518920898
1.04287125998 0.300982118994 2.81909917358
254 247 212
2 1 2437 378.18359375 -714.654541016 2 3248 247.874267578 -466.653930664
1.0060085451 0.216354013435 2.79546141484
215 185 156
2 1 2443 328.5234375 -601.25 2 4192 207.102050781 -356.631713867
1.0060085451 0.216354013435 2.79546141484
215 185 156
2 1 2444 328.5234375 -601.25 2 4191 207.102050781 -356.631713867
1.06354264056 0.344298755297 2.82718429084
160 135 107
2 1 2447 406.201904297 -774.307861328 2 3009 271.012695313 -522.627197266
0.963219697546 0.206653055469 2.77502251061
152 115 83
2 1 2449 270.326660156 -591.665771484 2 3327 150.277832031 -342.464599609
0.914474423879 -0.352609452099 2.62810848015
254 248 217
2 1 2455 214.033203125 229.614013672 2 3412 119.830322266 401.888793945
1.0434918195 0.264475856766 2.82639319206
185 151 111
2 1 2462 377.042236328 -661.327148438 2 3610 253.560791016 -418.311523438
0.175869131974 -0.00314370619235 2.89326991696
191 149 111
2 1 2463 -821.97644043 -274.735473633 2 4107 -719.175292969 -3.41137695313
0.873204208825 -0.331866884765 2.59545546048
140 107 77
2 1 2478 152.538818359 200.080322266 2 3048 56.2824707031 384.258544922
0.873204208825 -0.331866884765 2.59545546048
140 107 77
2 1 2479 152.538818359 200.080322266 2 3049 56.2824707031 384.258544922
0.857775868564 0.23456861639 2.73527693687
254 247 200
2 1 2503 120.422119141 -644.196289063 2 2528 6.69274902344 -369.723022461
0.860907307332 0.0278861207251 2.71647574058
255 254 234
2 1 2537 126.119384766 -341.923461914 2 3433 27.0822753906 -105.016845703
0.839794608451 -0.297643734824 2.60114946314
255 251 232
2 1 2542 100.303955078 147.246459961 2 3512 8.34057617188 337.551757813
0.946316952703 0.166430946843 2.75694428545
171 132 99
2 1 2558 247.804443359 -538.008056641 2 3907 129.995117188 -290.492431641
1.10891905709 -1.40633410376 3.15515211256
21 23 22
2 1 2599 416.116455078 1503.34875488 2 1019 511.585449219 1496.19384766
0.935361942372 -0.472773573965 2.58228693932
96 80 55
2 1 2604 252.341796875 425.232543945 2 3462 153.431396484 576.831176758
0.169991467462 -0.0260825606201 2.89297182617
184 150 115
2 1 2626 -830.314575195 -243.696777344 2 4390 -723.367675781 24.0458984375
0.967056684172 0.0107233987113 2.76796268672
173 150 123
2 1 2632 276.090332031 -309.473632813 2 4314 173.334716797 -93.0057373047
0.955394030711 -0.106799032206 2.78309332465
20 16 11
2 1 2667 256.887451172 -139.603393555 2 3359 172.775634766 58.0242919922
0.908425183363 -0.361804022087 2.61349271855
100 71 47
2 1 2677 206.183349609 245.513427734 2 2893 110.130615234 418.024658203
0.626218716417 -0.591447335669 2.45070052012
45 38 31
2 1 2709 -254.733886719 657.565307617 2 3658 -296.071289063 809.911315918
0.256313655801 0.0330572335169 2.91427221326
219 176 142
2 1 2716 -704.645141602 -321.905517578 2 3258 -623.517333984 -51.5290527344
1.00481613874 0.142105805385 2.79386749599
102 77 55
2 1 2744 326.642333984 -495.116088867 2 4344 212.618164063 -262.060668945
1.06418881384 0.321243637969 2.81669318765
121 94 67
2 1 2787 408.754882813 -745.328857422 2 3232 273.127685547 -494.931396484
0.903172734331 0.355461819313 2.80712977568
255 246 211
2 1 2841 181.544677734 -796.036865234 2 3316 65.8083496094 -519.497192383
0.905501022208 0.419412112763 2.87735710464
250 218 185
2 1 2847 179.334960938 -860.054199219 2 2412 75.1630859375 -586.272705078
0.86923982094 -0.513563569732 2.53954506509
255 237 201
2 1 2879 151.075927734 500.714538574 2 4435 58.7854003906 651.143127441
0.981673602997 0.140102483512 2.76711313675
255 253 237
2 1 2893 297.533935547 -497.677490234 2 2973 179.416015625 -259.587768555
0.664586122552 -0.572137665861 2.48007479447
41 27 16
2 1 2898 -186.185180664 614.796386719 2 2963 -234.299804688 767.526794434
0.760994671184 -0.494383210175 2.52128422078
255 253 235
2 1 2917 -24.2508544922 473.922241211 2 3236 -97.0787353516 636.250732422
0.757701677092 -0.0955749286411 2.59526062444
9 19 89
2 1 3038 -28.0999755859 -169.251953125 2 4397 -123.819458008 71.8278808594
0.694365139371 -0.49259250617 2.48699593149
158 124 86
2 1 3069 -135.552978516 479.661621094 2 4286 -199.503173828 649.19140625
0.15571589678 -0.0243481338075 2.89923140334
255 254 242
2 1 3121 -847.793701172 -245.490234375 2 3611 -736.293579102 23.0568847656
0.893098286154 -0.031447411122 2.74074972803
102 67 39
2 1 3135 171.402099609 -251.705566406 2 2872 79.1145019531 -31.3530273438
1.02289069461 0.145228738556 2.80749881699
84 66 45
2 1 3240 350.11328125 -496.954589844 2 3600 237.079589844 -266.599243164
0.41590967792 0.177541577836 2.86908661828
253 230 184
2 1 3373 -497.674804688 -527.753295898 2 4229 -477.010742188 -236.995483398
1.07494873823 0.127077420104 2.8713859847
67 60 52
2 1 3399 411.971923828 -457.736694336 2 3577 310.302978516 -245.213378906
0.890358762329 -0.39495478756 2.58138707542
241 222 189
2 1 3459 181.121337891 302.157226563 2 3679 83.1320800781 471.948364258
0.935843659649 0.319173647101 2.7974153973
192 150 110
2 1 3503 228.5625 -748.106689453 2 4252 108.890869141 -478.637329102
