# Bundle file v0.3
2 364
3139.9309082 0 0
0.999998807907 0.00163611653261 -0.000255274091614
0.00163607718423 -0.999998807907 -0.00016657570086
-0.000255536811892 0.000166167126736 -1
0.000621105835307 0.00130972522311 -0.00871322024614
3126.92236328 0 0
0.972947597504 -0.0982909798622 0.209073081613
-0.100458264351 -0.994940876961 -0.0002541107242
0.208040416241 -0.0207558572292 -0.977900028229
-0.658917665482 0.389614284039 -0.642620623112
-1.83073580265 0.94310939312 3.83166909218
191 207 224
2 0 10 -1502.85131836 -777.439941406 1 11 -1136.26513672 -238.781494141
1.56136143208 1.35113584995 3.93600344658
137 119 99
2 0 28 1247.74853516 -1078.95947266 1 21 1168.68823242 -835.475341797
-1.44395112991 0.306185752153 4.49823570251
250 226 193
2 0 25 -1007.87536621 -215.600463867 1 22 -675.395996094 134.92980957
0.187942355871 0.482807457447 4.03690385818
30 42 137
2 0 29 145.024658203 -376.76574707 1 24 221.427246094 -72.9830322266
-0.0323214381933 0.313721716404 4.00992822647
248 233 194
2 0 53 -25.8721923828 -246.341064453 1 50 81.0493164063 56.2547607422
-1.44874668121 0.51749175787 4.37992811203
66 50 37
2 0 54 -1038.4864502 -372.92565918 1 51 -719.711914063 12.322265625
0.045583024621 -0.671397924423 3.72179317474
252 247 221
2 0 60 36.935546875 565.060913086 1 63 169.401855469 775.878479004
-0.148795560002 -0.779193043709 3.8117275238
179 147 113
2 0 69 -123.349609375 642.424316406 1 83 49.4895019531 842.094909668
-0.168684378266 1.44568479061 3.87967181206
198 184 164
2 0 127 -134.259155273 -1168.34130859 1 110 -108.140991211 -720.329589844
-2.72195029259 0.477190554142 5.04630994797
56 60 62
2 0 102 -1695.47668457 -296.563842773 1 113 -1179.64746094 91.6187744141
-0.216847479343 0.178300589323 4.01408100128
45 85 235
2 0 122 -170.426025391 -141.524536133 1 124 -31.1090087891 160.632324219
-0.228621095419 -0.618370473385 3.78541755676
253 255 246
2 0 121 -190.411743164 512.148071289 1 131 -20.8459472656 735.228027344
-0.354264140129 -0.634965360165 3.88382840157
51 33 17
2 0 107 -287.012207031 512.574462891 1 154 -90.0161132813 735.456665039
-2.81049728394 0.368588507175 4.95282697678
154 167 179
2 0 135 -1786.44311523 -236.324707031 1 174 -1241.43823242 156.864013672
-0.306664407253 0.379739105701 4.04038953781
47 39 34
2 0 155 -237.375610352 -293.724121094 1 184 -100.922485352 27.0871582031
-1.66529512405 0.570225775242 4.35651540756
130 128 115
2 0 157 -1200.39624023 -412.877075195 1 195 -849.326538086 -6.61267089844
-1.30339646339 0.237000659108 4.6153254509
249 233 194
2 0 213 -886.317138672 -162.438842773 1 198 -568.046142578 163.781982422
-0.18676930666 0.289151012897 4.03293704987
48 52 125
2 0 205 -144.418457031 -222.901000977 1 203 -18.4039306641 79.1479492188
-0.191370710731 0.0808857530355 3.98870944977
28 28 45
2 0 182 -150.385864258 -62.9033203125 1 209 -13.2646484375 222.907958984
-0.550265491009 0.662617564201 3.9607167244
209 181 146
2 0 209 -435.455932617 -525.540527344 1 248 -289.94128418 -144.16796875
-0.503371357918 0.732131898403 3.44345879555
112 86 62
2 0 171 -456.963012695 -665.7890625 1 258 -380.147949219 -220.045776367
0.111418813467 -0.649615585804 3.72089648247
253 253 237
2 0 284 92.7609863281 548.198120117 1 291 215.094726563 756.101257324
-0.0167181808501 -0.362828403711 3.66753649712
253 254 242
2 0 220 -15.6186523438 308.743164063 1 299 95.1264648438 558.901306152
-0.757708191872 1.18261361122 3.49420833588
97 102 105
2 0 285 -678.027709961 -1061.09106445 1 321 -579.897949219 -528.303222656
-0.595963001251 0.765555500984 3.43409943581
76 60 41
2 0 242 -543.937744141 -700.449462891 1 323 -449.590209961 -235.313842773
0.00598206697032 -0.536690890789 3.71799826622
253 253 244
2 0 317 3.78002929688 452.04675293 1 335 130.371826172 678.346557617
0.116905301809 -0.709050536156 3.68118143082
149 102 67
2 0 251 98.671875 605.965637207 1 338 219.013671875 806.207519531
-0.0836388543248 0.807098686695 4.08127307892
251 200 152
2 0 502 -63.5299072266 -619.529052734 1 359 22.5191650391 -272.155517578
0.0930293053389 0.201392486691 3.9923210144
44 32 35
2 0 468 71.7033691406 -160.559692383 1 404 171.895019531 126.856811523
-0.569765150547 -0.132477000356 3.7174539566
254 248 221
2 0 329 -481.128662109 110.510620117 1 405 -300.89440918 412.758544922
-0.225186511874 -0.213221073151 3.75105404854
254 255 247
2 0 396 -188.709716797 178.188964844 1 409 -52.2697753906 448.434570313
-0.606216490269 0.912254869938 3.34909439087
118 113 96
2 0 293 -566.14855957 -853.891357422 1 421 -492.686279297 -353.870239258
0.0465129427612 0.563452243805 3.94623875618
253 255 253
2 0 278 38.0288085938 -445.431274414 1 423 107.376708984 -124.253417969
-0.284971892834 -0.470813065767 3.81442642212
231 218 186
2 0 372 -235.022583008 386.982299805 1 430 -65.482421875 627.452575684
-0.118433602154 -0.729393064976 3.77559137344
255 253 243
2 0 445 -99.5416259766 606.064880371 1 436 62.7004394531 813.093566895
-0.118433602154 -0.729393064976 3.77559137344
255 253 243
2 0 446 -99.5416259766 606.064880371 1 437 62.7004394531 813.093566895
-0.473473340273 -0.309750914574 3.71119570732
252 254 238
2 0 424 -400.432861328 261.618041992 1 439 -224.885131836 534.119995117
-0.126173883677 -0.631098747253 3.75041770935
252 245 225
2 0 365 -106.795288086 526.94921875 1 448 47.0642089844 747.340820313
-0.365373969078 0.515638768673 3.98985862732
241 218 184
2 0 338 -286.970825195 -405.651489258 1 450 -155.502075195 -58.5529785156
-1.51920187473 0.707855165005 4.40376472473
54 44 33
2 0 378 -1082.84814453 -506.19909668 1 456 -763.654418945 -96.7858886719
-0.646770477295 0.888069629669 3.38080716133
140 137 125
2 0 353 -598.510864258 -823.517089844 1 463 -511.265136719 -329.03112793
-0.140117123723 -0.678993403912 3.77654790878
149 108 75
2 0 352 -117.648803711 563.250427246 1 465 44.2502441406 777.937683105
-0.912225067616 0.472331345081 4.35652589798
88 62 40
2 0 427 -656.785522461 -341.270629883 1 466 -417.898803711 6.92004394531
-1.33378088474 0.824352800846 4.60248994827
34 27 20
2 0 587 -908.50012207 -562.244873047 1 470 -620.588989258 -172.790039063
-0.365434885025 -0.551974773407 3.8565196991
115 90 66
2 0 412 -298.181518555 448.056762695 1 473 -107.467529297 682.652038574
-0.365434885025 -0.551974773407 3.8565196991
115 90 66
2 0 411 -298.181518555 448.056762695 1 474 -107.467529297 682.652038574
-0.437351405621 -0.601514935493 3.92058205605
163 146 124
2 0 447 -350.779907227 480.746826172 1 480 -141.470458984 709.702453613
-1.49116301537 0.582191586494 4.31343412399
50 36 24
2 0 394 -1084.90356445 -424.887695313 1 484 -765.630615234 -25.0059814453
-0.178570836782 -0.709823250771 3.79236626625
249 241 220
2 0 463 -148.778320313 587.126525879 1 493 21.4434814453 797.8984375
-0.965926170349 0.472188651562 4.33221197128
239 222 195
2 0 444 -699.134643555 -342.656005859 1 501 -454.625854492 9.78295898438
-0.797485888004 0.331531107426 4.43754911423
98 63 41
2 0 491 -562.945800781 -233.663085938 1 509 -328.29284668 82.9859619141
-0.105566330254 0.402964293957 3.97655367851
254 255 242
2 0 492 -82.4128417969 -315.889282227 1 521 19.8559570313 -2.57238769531
0.155068710446 0.0369312167168 4.05524539948
19 20 38
2 0 370 119.078857422 -29.0799560547 1 551 230.439453125 231.192382813
-1.44861650467 0.288924217224 4.38118076324
251 246 223
2 0 488 -1037.77050781 -208.205322266 1 554 -707.211425781 147.599731445
0.258607983589 0.158685445786 3.99631953239
101 152 235
2 0 746 202.813964844 -123.157958984 1 568 286.625976563 141.877563477
0.258607983589 0.158685445786 3.99631953239
101 152 235
2 0 747 202.813964844 -123.157958984 1 569 286.625976563 141.877563477
-0.590581536293 -0.220400109887 3.68438076973
254 249 219
2 0 496 -503.094238281 186.739868164 1 588 -316.630981445 479.480224609
-0.610358774662 -0.153073757887 3.7353374958
148 116 85
2 0 453 -513.009765625 127.038208008 1 600 -322.999511719 428.033447266
-0.0657292306423 -0.561280846596 3.73245787621
254 253 245
2 0 504 -56.1801757813 471.870117188 1 602 82.1513671875 695.870483398
-1.31919038296 0.45296767354 4.44065523148
118 81 52
2 0 544 -932.665527344 -322.325561523 1 608 -628.53125 43.0520019531
-1.26721906662 0.258552849293 4.67083501816
98 78 56
2 0 599 -850.756347656 -173.583618164 1 611 -538.489501953 146.487182617
-0.188685297966 -0.432168900967 3.72748351097
253 250 234
2 0 325 -159.063110352 364.895263672 1 614 -15.6075439453 606.188598633
-1.32215046883 0.415448367596 4.42804288864
248 227 193
2 0 668 -937.197753906 -296.189819336 1 621 -631.506225586 65.0697021484
-1.47929048538 0.38649597764 4.33500337601
254 249 226
2 0 689 -1071.31201172 -281.62890625 1 626 -741.547973633 92.5321044922
-0.507441401482 0.856776118279 3.33658123016
254 253 246
2 0 473 -475.969116211 -805.571777344 1 627 -418.819213867 -320.384643555
-1.51953208447 0.375180631876 4.30770397186
252 244 219
2 0 696 -1107.40209961 -274.988525391 1 656 -771.065063477 101.874511719
-0.51692211628 0.779390454292 3.38665556908
127 99 73
2 0 556 -478.298583984 -722.877197266 1 663 -406.064941406 -255.551757813
-0.347710698843 -0.415939897299 3.80359315872
212 169 128
2 0 637 -287.177246094 343.16784668 1 674 -114.220092773 592.237365723
-0.660797774792 0.937473237514 3.36475896835
254 254 246
2 0 540 -614.799316406 -874.2265625 1 678 -529.041015625 -365.945800781
-0.751951217651 1.0093100071 3.42114162445
109 110 104
2 0 476 -687.571166992 -924.865234375 1 681 -584.083007813 -407.785888672
-0.977591335773 0.610032916069 4.3316116333
47 35 23
2 0 560 -707.649169922 -442.662475586 1 694 -469.557006836 -73.6860351563
-0.186673372984 -0.536326348782 3.75154733658
195 153 117
2 0 543 -157.028930664 447.988037109 1 698 -2.3818359375 680.035766602
-0.452914267778 -0.648179113865 3.95743322372
97 81 59
2 0 606 -360.020751953 512.948547363 1 704 -142.140136719 737.003051758
-1.47139716148 0.234174728394 4.44209241867
255 253 237
2 0 691 -1040.05395508 -167.355834961 1 706 -700.677978516 180.16003418
-1.47139716148 0.234174728394 4.44209241867
255 253 237
2 0 692 -1040.05395508 -167.355834961 1 707 -700.677978516 180.16003418
-1.57704997063 0.251519471407 4.38551235199
124 98 66
2 0 632 -1129.14404297 -181.698120117 1 710 -775.036254883 176.998046875
-0.658133804798 0.984619021416 3.35492730141
130 129 118
2 0 443 -613.571777344 -920.111083984 1 715 -534.287231445 -404.020263672
-0.427265912294 -0.319246888161 3.71225500107
253 254 245
2 0 721 -361.379760742 269.426879883 1 728 -192.072143555 538.840209961
-0.806538760662 0.141204014421 4.51525259018
254 253 230
2 0 758 -559.980102539 -97.9332275391 1 730 -307.698364258 196.161987305
-0.699324369431 1.05879092216 3.40115022659
133 132 122
2 0 497 -643.197387695 -976.217285156 1 731 -556.004272461 -451.657714844
-0.649067997932 0.588948011398 4.04337692261
90 69 46
2 0 554 -502.699829102 -456.677490234 1 744 -331.962646484 -87.54296875
-0.141584143043 0.301524877548 4.03416156769
247 227 195
2 0 857 -109.769165039 -233.566040039 1 745 11.3822021484 69.1813964844
-0.304844349623 0.324256122112 4.02362632751
122 164 248
2 0 1046 -236.915649414 -251.505737305 1 748 -98.9385986328 63.98046875
-1.62381136417 0.246062979102 4.40310430527
221 203 175
2 0 693 -1157.89648438 -176.774047852 1 753 -796.014404297 181.699462891
-1.62381136417 0.246062979102 4.40310430527
221 203 175
2 0 694 -1157.89648438 -176.774047852 1 754 -796.014404297 181.699462891
-1.38566815853 0.176234051585 4.66148090363
215 194 165
2 0 819 -932.768554688 -119.3515625 1 759 -599.114624023 200.427124023
-0.149814009666 -0.499988794327 3.74310922623
217 167 128
2 0 659 -126.471191406 418.601196289 1 768 19.7370605469 653.428344727
-1.42787265778 0.627493619919 4.39221191406
44 31 21
2 0 700 -1020.59771729 -450.50402832 1 771 -711.082885742 -54.3264160156
-0.625476419926 0.621282219887 3.9927239418
253 230 202
2 0 657 -490.804931641 -488.419799805 1 773 -329.192138672 -110.920776367
-0.625476419926 0.621282219887 3.9927239418
253 230 202
2 0 658 -490.804931641 -488.419799805 1 774 -329.192138672 -110.920776367
-0.328658878803 -0.573767542839 3.83648943901
255 254 237
2 0 735 -269.679199219 468.360351563 1 779 -84.4428710938 699.504150391
-1.33964180946 0.287069618702 4.52625894547
212 173 135
2 0 654 -928.616210938 -199.831542969 1 782 -611.326660156 138.585571289
-1.33964180946 0.287069618702 4.52625894547
212 173 135
2 0 653 -928.616210938 -199.831542969 1 783 -611.326660156 138.585571289
-0.698108494282 0.947971403599 3.38360214233
107 106 97
2 0 505 -646.311401367 -879.715820313 1 786 -550.661621094 -368.184570313
0.0342216864228 0.39163172245 3.99325561523
113 71 47
2 0 878 27.6207275391 -305.430297852 1 789 116.577392578 -4.53540039063
-0.246329829097 0.51236987114 3.95523452759
254 254 236
2 0 683 -194.818725586 -405.769165039 1 808 -83.4584960938 -65.9656982422
0.196474939585 0.116695016623 3.99660253525
37 65 200
2 0 1320 153.969726563 -90.458984375 1 819 246.903076172 174.935668945
-0.255795657635 -0.499583214521 3.78930044174
159 117 81
2 0 672 -212.659545898 412.82409668 1 824 -47.1849365234 650.966369629
-0.114276379347 -0.338335305452 3.74749469757
251 255 249
2 0 619 -96.8458251953 281.556396484 1 839 34.5852050781 535.447875977
-0.115870460868 -0.295271635056 3.76283669472
254 254 242
2 0 773 -97.0993652344 246.432495117 1 841 31.708984375 500.458618164
-0.372436493635 -0.506911933422 3.84008693695
255 247 216
2 0 783 -304.927978516 413.71496582 1 855 -118.31628418 653.039916992
-0.894259989262 0.186296343803 4.47922325134
250 242 216
2 0 836 -626.20324707 -131.090576172 1 856 -366.670776367 175.922485352
-0.0616738721728 0.368143707514 3.96579909325
253 252 239
2 0 896 -48.1901855469 -289.587280273 1 857 50.4418945313 18.7027587891
-0.155951678753 0.273896485567 4.0404214859
40 41 98
2 0 690 -120.040039063 -210.062133789 1 861 3.58422851563 86.6926269531
-0.25812715292 0.573885858059 3.9115357399
253 254 247
2 0 911 -206.380493164 -459.648193359 1 867 -102.553955078 -107.903442383
-0.444390386343 -0.723431527615 3.92654776573
246 239 220
2 0 1019 -355.824951172 578.281311035 1 883 -137.372802734 792.335754395
-0.733056783676 0.942484974861 3.40368843079
242 243 237
2 0 815 -674.294555664 -868.821777344 1 905 -569.981933594 -359.887329102
-0.137656018138 -0.476746767759 3.75462675095
254 255 243
2 0 1405 -116.355712891 396.469604492 1 908 28.9710693359 635.98828125
-0.346423089504 0.656183004379 3.88491010666
254 254 243
2 0 764 -279.408813477 -530.286621094 1 910 -170.814331055 -157.493530273
0.0632816776633 0.30589941144 3.97674798965
100 63 43
2 0 805 50.3937988281 -239.355224609 1 918 140.368408203 52.6691894531
-1.30485117435 0.194783061743 4.68787193298
37 38 31
2 0 965 -873.801025391 -132.057739258 1 927 -550.291992188 186.083862305
-0.451480805874 0.768655121326 3.38467288017
151 117 85
2 0 714 -417.915161133 -713.171630859 1 930 -358.056396484 -253.358520508
-0.719477891922 1.35784649849 3.81798052788
141 149 156
2 0 594 -589.668823242 -1116.34179688 1 934 -478.744384766 -613.7265625
-0.406695634127 0.759858131409 3.42555689812
254 253 240
2 0 831 -371.538085938 -695.784667969 1 940 -315.448120117 -249.015991211
-0.429327219725 -0.710205197334 3.96017432213
56 42 26
2 0 964 -341.073120117 562.169677734 1 941 -122.227783203 777.847290039
-0.834754049778 0.361841976643 4.4156036377
254 253 236
2 0 908 -592.571899414 -257.197265625 1 948 -355.283691406 68.0059814453
-0.722306251526 1.12468361855 3.44850158691
244 245 240
2 0 719 -655.649291992 -1023.53881836 1 949 -562.817260742 -492.849609375
-1.00717103481 0.414660155773 4.38630914688
200 171 138
2 0 855 -720.526000977 -298.211425781 1 956 -462.772705078 47.9161376953
-0.584973156452 0.937532186508 3.32362008095
248 246 238
2 0 615 -551.701049805 -886.413085938 1 975 -484.248168945 -375.176147461
-0.46302101016 -0.560311019421 3.90539264679
94 75 51
2 0 789 -372.687988281 449.48425293 1 976 -163.910400391 684.495666504
-1.1150970459 0.52340477705 4.40328884125
76 56 38
2 0 844 -794.787353516 -374.882324219 1 990 -526.708129883 -11.0024414063
-0.221100345254 0.345439642668 4.02044248581
72 58 54
2 0 1108 -172.034667969 -268.63671875 1 1015 -45.8121337891 44.9215087891
0.197507351637 -0.521994054317 3.7124171257
252 255 251
2 0 1049 165.975585938 442.383056641 1 1020 267.504394531 658.533935547
0.026796316728 0.245675131679 4.0196595192
255 253 245
2 0 1328 21.4771728516 -189.528564453 1 1029 124.586181641 95.1794433594
0.0465181656182 -0.517205238342 3.71226477623
243 189 141
2 0 1070 38.064453125 436.473266602 1 1032 157.501464844 663.045715332
0.0465181656182 -0.517205238342 3.71226477623
243 189 141
2 0 1071 38.064453125 436.473266602 1 1033 157.501464844 663.045715332
-0.982121407986 0.548357903957 4.30778741837
71 53 35
2 0 1054 -714.439697266 -399.312988281 1 1045 -474.479980469 -36.8317871094
0.263671070337 0.12472550571 4.02154779434
127 165 250
2 0 1540 205.153564453 -96.6700439453 1 1057 294.955322266 164.98815918
-0.908427357674 0.154165431857 4.52275943756
119 92 63
2 0 885 -630.170166016 -107.836425781 1 1064 -364.287353516 194.584716797
-1.49653041363 0.257165849209 4.41795730591
166 130 100
2 0 877 -1063.58215332 -184.538208008 1 1070 -722.075195313 168.597167969
-1.49444055557 0.353510588408 4.34628677368
181 139 106
2 0 887 -1079.71679688 -257.458374023 1 1077 -744.869018555 113.367553711
-0.411773443222 0.544301211834 3.9788274765
131 95 64
2 0 925 -323.956054688 -428.728515625 1 1079 -189.977905273 -75.4515380859
-0.10772536695 -0.596375465393 3.74980521202
196 151 112
2 0 1149 -91.2521972656 498.350158691 1 1081 57.4252929688 721.058837891
-0.10772536695 -0.596375465393 3.74980521202
196 151 112
2 0 1148 -91.2521972656 498.350158691 1 1082 57.4252929688 721.058837891
-0.480980187654 0.767126917839 3.40586972237
237 216 193
2 0 736 -441.777954102 -706.113769531 1 1084 -375.268554688 -249.727539063
-0.0602725408971 -0.653920292854 3.72023010254
200 152 115
2 0 999 -52.1170654297 550.727111816 1 1086 91.4760742188 766.688110352
-0.267632871866 -0.663473367691 3.81216835976
217 197 170
2 0 978 -221.318115234 545.313476563 1 1089 -40.419921875 764.852294922
-0.0354907177389 -0.64135992527 3.70675873756
255 253 237
2 0 862 -31.2945556641 542.277770996 1 1093 106.565917969 758.716186523
-0.238099843264 0.261816263199 4.08036088943
16 13 51
2 0 1313 -182.543334961 -200.170532227 1 1098 -42.6108398438 100.61730957
-0.581653296947 -0.419992685318 3.76819968224
78 61 40
2 0 962 -484.717285156 348.913452148 1 1100 -279.221435547 610.741149902
-0.581653296947 -0.419992685318 3.76819968224
78 61 40
2 0 963 -484.717285156 348.913452148 1 1101 -279.221435547 610.741149902
-1.65824151039 0.400429308414 4.32142591476
94 88 69
2 0 706 -1205.22705078 -293.071899414 1 1107 -845.743896484 94.7747802734
-0.448954612017 -0.284895509481 3.71453380585
224 164 119
2 0 818 -379.455200195 240.122070313 1 1111 -208.887695313 515.049926758
-0.783512532711 1.15177118778 3.50148892403
253 254 251
2 0 1117 -700.380493164 -1032.15185547 1 1131 -592.458740234 -501.234863281
-0.0362126864493 -0.444022655487 3.72044372559
255 254 238
2 0 1360 -31.5548095703 373.90612793 1 1139 93.4624023438 611.244140625
0.338567525148 -0.601726770401 3.56037688255
159 111 73
2 0 1040 297.221679688 532.069885254 1 1149 367.493652344 738.622558594
-0.115239262581 0.0568688102067 3.96651697159
73 70 98
2 0 1074 -90.8365478516 -43.46875 1 1155 35.62109375 235.182373047
-0.883098304272 0.238846287131 4.44965696335
254 248 226
2 0 919 -622.448730469 -169.014282227 1 1159 -369.057006836 144.737304688
-0.497129619122 0.835927307606 3.34343886375
254 254 231
2 0 1316 -464.906738281 -783.574462891 1 1179 -408.509643555 -305.560058594
-0.363916128874 -0.3658670187 3.77659058571
252 253 224
2 0 1218 -302.753417969 303.559570313 1 1184 -133.272460938 561.38079834
-0.0881362259388 -0.296052604914 3.75273418427
241 188 141
2 0 939 -74.1658935547 247.901855469 1 1185 49.8303222656 500.692504883
-0.0881362259388 -0.296052604914 3.75273418427
241 188 141
2 0 940 -74.1658935547 247.901855469 1 1186 49.8303222656 500.692504883
-0.56101578474 0.864722311497 3.3430147171
253 236 201
2 0 976 -526.609130859 -813.787841797 1 1193 -455.012695313 -318.550537109
-1.52151167393 0.235181599855 4.42903995514
255 253 230
2 0 1116 -1078.65148926 -168.446044922 1 1194 -731.826660156 182.455566406
-1.05654275417 0.322784423828 4.47520828247
113 85 57
2 0 884 -740.848999023 -227.774169922 1 1200 -466.740478516 104.329101563
-0.708619713783 0.189287602901 4.52831602097
61 39 25
2 0 1373 -490.093139648 -129.965454102 1 1202 -252.691162109 160.880249023
-0.607442438602 -0.363871157169 3.71572327614
80 65 48
2 0 786 -513.031982422 306.986450195 1 1204 -311.94934082 578.362548828
-0.0832652747631 -0.750576853752 3.77569508553
134 101 71
2 0 1091 -70.3790283203 623.683166504 1 1208 89.1020507813 827.341247559
-0.774436235428 1.13419866562 3.50107264519
138 138 135
2 0 1208 -692.654785156 -1016.96728516 1 1217 -584.509155273 -488.683105469
-0.204523101449 -0.799315035343 3.82564473152
255 249 222
2 0 1470 -168.792236328 655.794799805 1 1222 14.3758544922 856.501525879
-0.224424809217 0.10695322603 3.97969508171
14 13 39
2 0 1634 -176.391845703 -82.8150634766 1 1225 -38.7169189453 206.661376953
-0.224323257804 -0.475791484118 3.74182295799
254 252 233
2 0 799 -188.564086914 399.393798828 1 1227 -35.0390625 638.038085938
-0.222600758076 -0.327776581049 3.75276112556
253 254 244
2 0 1100 -186.835449219 273.146606445 1 1230 -41.8463134766 531.243652344
-0.0840280875564 -0.330939382315 3.72639250755
228 169 126
2 0 929 -71.1048583984 279.530517578 1 1241 51.3059082031 528.348083496
-0.0840280875564 -0.330939382315 3.72639250755
228 169 126
2 0 930 -71.1048583984 279.530517578 1 1242 51.3059082031 528.348083496
-0.42818787694 0.755315124989 3.4206802845
180 147 117
2 0 1394 -391.975097656 -693.01953125 1 1248 -331.613647461 -243.528320313
-0.241235539317 0.480757147074 3.94739174843
186 135 96
2 0 1057 -190.957275391 -380.946411133 1 1288 -79.5708007813 -45.4538574219
-1.33790957928 0.237689554691 4.58329582214
179 146 110
2 0 935 -916.211669922 -164.135742188 1 1300 -594.001464844 166.205200195
-0.267139673233 -0.523502826691 3.79104757309
244 224 194
2 0 1474 -221.877563477 432.720458984 1 1302 -53.2268066406 667.936950684
-0.632173418999 -0.338594764471 3.69253563881
55 46 37
2 0 1002 -537.446655273 286.760620117 1 1312 -335.281982422 565.15435791
-0.327323913574 0.859219312668 3.37288355827
243 211 169
2 0 1276 -303.442016602 -798.941650391 1 1314 -276.785400391 -336.164428711
-1.06134605408 0.508547604084 4.37860965729
82 61 39
2 0 1379 -760.130126953 -365.172607422 1 1335 -501.615966797 -6.57543945313
-1.38274300098 0.761813879013 4.53821897507
33 25 16
2 0 1109 -956.321411133 -528.717041016 1 1349 -657.406860352 -133.585205078
-1.54136931896 0.579708456993 4.29197597504
97 85 70
2 0 1223 -1127 -424.982177734 1 1355 -799.879394531 -20.8680419922
-0.076893158257 0.264940261841 4.02061223984
254 246 226
2 0 990 -59.33203125 -204.714355469 1 1358 54.1813964844 88.8188476563
-0.504042685032 0.801843762398 3.36877417564
255 253 241
2 0 1318 -468.214111328 -746.521972656 1 1369 -403.903320313 -276.253417969
-0.130094900727 0.481560826302 3.93339776993
253 254 239
2 0 1427 -102.747558594 -382.045776367 1 1372 -8.05908203125 -54.8798828125
-0.292865425348 -0.534359574318 3.79859471321
165 127 96
2 0 1126 -242.736328125 440.618530273 1 1373 -68.9207763672 675.796630859
-0.292865425348 -0.534359574318 3.79859471321
165 127 96
2 0 1125 -242.736328125 440.618530273 1 1374 -68.9207763672 675.796630859
0.173013851047 -0.734116733074 3.54774069786
92 60 39
2 0 1084 151.499267578 649.280822754 1 1380 249.951660156 851.754577637
-0.428458333015 -0.454817414284 3.79811429977
254 253 231
2 0 1887 -353.782226563 377.231079102 1 1389 -168.307739258 622.245544434
-1.40897667408 0.760101377964 4.48844432831
32 23 14
2 0 1433 -985.039794922 -532.940429688 1 1398 -684.268188477 -132.690185547
-0.73477011919 0.556907534599 4.13117027283
47 33 18
2 0 936 -557.858154297 -424.171020508 1 1408 -363.854370117 -58.0584716797
-1.28903949261 0.442681252956 4.46785163879
254 253 228
2 0 1393 -905.3671875 -312.333984375 1 1409 -605.319335938 46.3001708984
0.108686812222 0.254834324121 3.9790251255
74 106 230
2 0 1128 86.2692871094 -198.383300781 1 1412 174.729248047 84.1898193359
-0.210578307509 -0.761165678501 3.82260346413
231 206 175
2 0 1259 -174.036621094 624.21295166 1 1428 7.34741210938 830.79510498
-0.614714205265 -0.182083413005 3.72395849228
255 245 210
2 0 1460 -517.640380859 153.494750977 1 1433 -327.447509766 448.064453125
-0.477690130472 -0.325134396553 3.70175409317
252 252 229
2 0 1340 -405.308227539 274.561279297 1 1451 -228.252807617 547.381530762
-1.62153625488 0.372224003077 4.28800868988
232 211 180
2 0 1235 -1187.5078125 -274.358276367 1 1452 -833.506103516 109.976928711
-0.666284620762 0.865080118179 3.38628721237
93 77 61
2 0 1166 -615.817260742 -801.197998047 1 1479 -521.752929688 -309.061035156
-0.666284620762 0.865080118179 3.38628721237
93 77 61
2 0 1167 -615.817260742 -801.197998047 1 1480 -521.752929688 -309.061035156
-1.31051981449 0.264279186726 4.54409360886
254 251 222
2 0 1156 -905.055297852 -183.708740234 1 1484 -589.655151367 150.313354492
-0.50556075573 -0.282963424921 3.67738246918
254 251 239
2 0 1304 -431.365722656 241.288696289 1 1504 -255.840820313 520.243469238
-0.627824485302 -0.316040337086 3.67967629433
255 252 240
2 0 1555 -535.646972656 268.354736328 1 1508 -336.632324219 550.604248047
-1.43297302723 0.647700786591 4.3496966362
73 60 48
2 0 1382 -1033.99023438 -469.02331543 1 1517 -726.592895508 -67.0855712891
-0.97687458992 0.440119892359 4.37077188492
175 145 113
2 0 1341 -701.068847656 -317.04296875 1 1519 -450.491088867 30.2933349609
-0.97687458992 0.440119892359 4.37077188492
175 145 113
2 0 1342 -701.068847656 -317.04296875 1 1520 -450.491088867 30.2933349609
-0.422521978617 -0.343047738075 3.70607161522
219 171 127
2 0 1741 -358.017822266 289.973754883 1 1533 -188.324707031 556.578918457
-0.977052748203 0.169080197811 4.52118015289
193 173 143
2 0 1206 -678.047119141 -118.338745117 1 1551 -404.128417969 189.44921875
-0.551079690456 -0.321188926697 3.659304142
253 247 225
2 0 1303 -472.623779297 274.982543945 1 1561 -288.405517578 552.506164551
-0.977135539055 0.305933654308 4.41876935959
253 233 202
2 0 1104 -693.24609375 -217.309448242 1 1563 -433.489257813 109.66394043
-0.639730930328 -0.298788547516 3.69191741943
43 34 26
2 0 1119 -544.177978516 252.222045898 1 1570 -342.831054688 537.95526123
-0.256652235985 0.0243443995714 3.98200583458
88 93 147
2 0 1144 -201.916625977 -18.1832275391 1 1571 -53.9342041016 264.986328125
-0.805414915085 0.188136696815 4.51142072678
255 251 223
2 0 1444 -559.686401367 -130.777832031 1 1592 -310.362670898 168.401123047
-0.497529298067 -0.422506392002 3.76580023766
162 129 95
2 0 1106 -415.102172852 350.935302734 1 1597 -222.414306641 609.608093262
-0.786476612091 1.05516922474 3.44106888771
102 101 94
2 0 1247 -715.026733398 -961.408691406 1 1603 -605.906494141 -436.873901367
-0.656724512577 0.911770761013 3.37357854843
137 137 125
2 0 1257 -609.189208984 -847.623046875 1 1610 -522.014404297 -346.428955078
-1.55869150162 0.304929733276 4.35409545898
195 165 133
2 0 1388 -1123.97924805 -221.49230957 1 1619 -776.332397461 145.158813477
-0.694745182991 0.166978359222 4.56241035461
63 45 34
2 0 1724 -477.316162109 -114.533569336 1 1630 -237.081665039 173.315917969
-0.194387018681 0.501701831818 3.91274952888
254 253 238
2 0 1594 -155.003417969 -400.841064453 1 1634 -55.3522949219 -63.7525634766
-0.670312523842 -0.182090476155 3.77399897575
219 201 172
2 0 1497 -557.260009766 150.73828125 1 1636 -353.243896484 446.690307617
-0.592690587044 -0.255810320377 3.68685936928
253 238 202
2 0 1309 -504.826538086 216.115234375 1 1648 -314.796630859 505.411560059
-0.0970423221588 -0.563219308853 3.74005246162
183 136 96
2 0 1435 -82.3764648438 472.256103516 1 1656 61.1145019531 697.582580566
-0.62057363987 0.971099793911 3.34232258797
254 254 247
2 0 1391 -581.189086914 -911.705322266 1 1660 -508.782104492 -397.438110352
-0.455427259207 0.53846257925 3.99033093452
120 88 63
2 0 1350 -358.235717773 -424.822143555 1 1661 -214.397216797 -66.2392578125
-0.71197271347 0.856356978416 3.41181445122
63 51 36
2 0 1101 -653.377685547 -787.489746094 1 1671 -546.226318359 -296.294433594
1.68660306931 1.30499958992 3.96386599541
2 0 0
2 0 1263 1338.17773438 -1035.65942383 1 1672 1269.89086914 -810.341796875
-0.239418759942 -0.343614280224 3.7604265213
94 87 75
2 0 1568 -200.300048828 286.344604492 1 1674 -51.5015869141 541.854614258
-0.239418759942 -0.343614280224 3.7604265213
94 87 75
2 0 1569 -200.300048828 286.344604492 1 1675 -51.5015869141 541.854614258
-1.48013615608 0.467854529619 4.32479906082
100 73 51
2 0 1436 -1074.57958984 -341.647705078 1 1691 -749.093505859 44.1422119141
-0.0946470499039 -0.689973533154 3.754093647
166 130 98
2 0 1258 -80.1046142578 576.932495117 1 1692 73.6638183594 787.111755371
-0.194778904319 0.388375163078 3.97899246216
170 128 95
2 0 1289 -152.862182617 -304.830566406 1 1693 -37.8280029297 14.0004882813
-0.0570435449481 -0.715639352798 3.73785471916
151 119 87
2 0 1562 -49.0969238281 600.506286621 1 1708 100.374755859 808.175170898
-0.181100398302 0.408543735743 3.95605969429
253 242 209
2 0 1442 -142.638671875 -322.014160156 1 1715 -33.9053955078 -1.21936035156
-0.695580601692 1.13439202309 3.4350039959
155 156 148
2 0 1597 -633.724243164 -1036.28857422 1 1727 -548.685180664 -504.409545898
-0.695580601692 1.13439202309 3.4350039959
155 156 148
2 0 1598 -633.724243164 -1036.28857422 1 1728 -548.685180664 -504.409545898
-0.304684191942 -0.36246278882 3.7712161541
242 231 193
2 0 1507 -253.860595703 301.503173828 1 1739 -93.8208007813 556.61138916
-1.31484234333 0.646347165108 4.45264530182
58 45 35
2 0 1596 -926.563842773 -456.974365234 1 1748 -634.724853516 -72.3471679688
0.0189434289932 -0.628048241138 3.74737691879
253 254 243
2 0 1895 14.4708251953 524.963134766 1 1752 149.946289063 740.309997559
-0.491324335337 1.22814166546 3.44474363327
197 191 177
2 0 1286 -445.963623047 -1118.86035156 1 1757 -407.174194336 -593.79296875
-0.491324335337 1.22814166546 3.44474363327
197 191 177
2 0 1287 -445.963623047 -1118.86035156 1 1758 -407.174194336 -593.79296875
-0.524722158909 -0.415373623371 3.76325297356
249 236 205
2 0 1673 -437.848022461 345.739013672 1 1763 -242.128173828 605.467346191
-1.55623626709 0.461067587137 4.30067586899
86 61 39
2 0 1426 -1136.40380859 -338.827392578 1 1769 -797.907958984 53.03125
-0.57144767046 0.562649548054 4.01061439514
254 253 244
2 0 1490 -446.085205078 -439.654052734 1 1776 -287.909057617 -76.2398681641
-0.022700920701 -0.723615169525 3.73741173744
151 103 67
2 0 1797 -20.3604736328 607.143432617 1 1797 125.582763672 813.16418457
-0.277149528265 -0.338191151619 3.7648100853
111 88 60
2 0 1244 -231.536621094 281.242919922 1 1801 -77.2574462891 539.423522949
0.120572626591 -0.680158019066 3.71689414978
175 125 88
2 0 1863 100.309082031 573.699157715 1 1802 223.979003906 780.184509277
-0.374085217714 -0.38491165638 3.77983379364
220 172 129
2 0 1840 -310.754882813 319.681030273 1 1812 -138.643066406 574.313537598
-0.374085217714 -0.38491165638 3.77983379364
220 172 129
2 0 1841 -310.754882813 319.681030273 1 1813 -138.643066406 574.313537598
-0.522167146206 -0.369154125452 3.71658658981
254 248 224
2 0 1711 -441.014770508 311.327758789 1 1814 -253.165527344 578.296936035
-0.0833033099771 -0.205241620541 3.77751731873
243 210 160
2 0 1662 -69.4537353516 171.227539063 1 1853 50.0771484375 431.984863281
-1.37849795818 0.420444905758 4.37004375458
162 124 90
2 0 1462 -990.133178711 -303.6640625 1 1854 -677.788330078 65.9208984375
-0.631492078304 -0.383549332619 3.74212956429
51 41 32
2 0 1111 -529.452880859 321.743164063 1 1870 -321.360107422 589.485107422
-0.312674731016 -0.386722385883 3.76445245743
255 251 224
2 0 2753 -261.193237305 321.664672852 1 1882 -98.5413818359 575.835266113
0.0433675162494 0.264757424593 4.02139759064
138 100 75
2 0 1726 34.2197265625 -204.748413086 1 1892 134.880126953 81.5747070313
-0.899186551571 0.437043428421 4.37105703354
252 231 202
2 0 1695 -645.095947266 -314.457275391 1 1903 -405.505615234 27.2180175781
-0.645223557949 0.869054555893 3.38035607338
254 253 241
2 0 1416 -597.424926758 -806.390136719 1 1911 -508.463745117 -314.270019531
-0.347263276577 0.58852571249 3.92301511765
252 241 199
2 0 2514 -277.136474609 -470.446655273 1 1913 -160.450683594 -110.722412109
-1.42823886871 0.417563855648 4.37166166306
156 118 86
2 0 1445 -1025.65283203 -301.70300293 1 1917 -704.930175781 70.6520996094
-0.527142107487 0.644639015198 3.94953274727
249 228 195
2 0 1615 -417.877685547 -511.817626953 1 1930 -276.793457031 -135.118652344
-1.3251029253 0.336146742105 4.47460699081
254 252 228
2 0 2100 -929.389160156 -237.14855957 1 1932 -617.79309082 110.934448242
-1.49133598804 0.296723783016 4.35819196701
255 250 228
2 0 1710 -1074.37280273 -215.502807617 1 1939 -737.080322266 146.510986328
-1.49133598804 0.296723783016 4.35819196701
255 250 228
2 0 1709 -1074.37280273 -215.502807617 1 1940 -737.080322266 146.510986328
-1.33647966385 0.291343659163 4.50811195374
194 152 114
2 0 1621 -930.485595703 -204.283447266 1 1943 -613.591064453 137.141235352
-1.3286203146 0.479882031679 4.43319511414
112 81 60
2 0 2202 -940.477905273 -341.122192383 1 1952 -637.745849609 26.8040771484
0.0511642023921 0.183751910925 4.02132415771
11 25 143
2 0 3290 40.1633300781 -141.658081055 1 1957 145.664550781 136.324584961
-1.40201056004 0.325788199902 4.39381313324
211 169 130
2 0 2059 -1001.61291504 -234.330566406 1 1966 -679.689208984 123.240966797
-0.432157427073 0.582966089249 3.96000790596
120 84 54
2 0 1058 -341.623046875 -461.479125977 1 1971 -209.168701172 -100.274047852
-0.690503954887 0.856495440006 3.40307784081
252 245 220
2 0 1550 -635.451904297 -789.927246094 1 1976 -533.148925781 -298.550292969
-0.280371457338 0.554634094238 3.9191467762
217 167 124
2 0 1499 -223.593017578 -442.969116211 1 1989 -115.078613281 -93.3703613281
-1.45750284195 0.347110658884 4.33900547028
253 250 231
2 0 1458 -1054.69189453 -253.135131836 1 1990 -725.821166992 115.212280273
-0.771505713463 1.04022407532 3.43762731552
253 254 250
2 0 1789 -702.452270508 -949.259521484 1 1993 -594.734863281 -426.831054688
-0.771505713463 1.04022407532 3.43762731552
253 254 250
2 0 1790 -702.452270508 -949.259521484 1 1994 -594.734863281 -426.831054688
-1.6353174448 0.18864607811 4.4519701004
87 76 54
2 0 1408 -1153.56298828 -134.744018555 1 1996 -785.655517578 214.697998047
-0.343481957912 0.531446695328 3.94695305824
251 235 200
2 0 2475 -272.267578125 -421.727783203 1 2000 -150.309692383 -72.2926025391
0.0816925764084 -0.632703185081 3.71167325974
230 187 146
2 0 1517 67.9792480469 535.450805664 1 2005 191.072998047 745.972229004
-0.861162424088 0.500870168209 4.35108184814
47 30 18
2 0 1883 -620.156738281 -361.032714844 1 2007 -391.842407227 -14.9621582031
-1.53178489208 0.316142827272 4.34575796127
255 244 211
2 0 1648 -1106.73657227 -230.182250977 1 2012 -764.071533203 137.427368164
-0.2728253901 0.458822339773 3.98397779465
143 108 75
2 0 1629 -213.939941406 -359.914916992 1 2018 -93.2801513672 -28.4323730469
-2.81928300858 0.440176784992 5.06624984741
76 82 87
2 0 2918 -1749.71582031 -272.501220703 1 2020 -1217.01513672 114.68737793
-0.698205888271 0.295204669237 4.50557613373
62 43 33
2 0 3272 -485.698486328 -205.43762207 1 2038 -256.069702148 98.7729492188
-0.158384740353 -0.524118363857 3.73040270805
252 241 219
2 0 1315 -133.639770508 441.932373047 1 2048 12.8264160156 671.433227539
-0.72123426199 1.03295695782 3.40293955803
254 254 248
2 0 2028 -663.411743164 -952.401367188 1 2050 -568.638793945 -429.322387695
0.100270710886 -0.548290133476 3.71753025055
235 178 129
2 0 2271 83.5715332031 463.169677734 1 2078 199.046386719 681.927001953
-0.851385176182 1.00808942318 3.49257135391
104 102 94
2 0 1194 -763.882446289 -906.575195313 1 2084 -630.559082031 -389.34362793
-0.568473994732 0.896702349186 3.34755635262
170 159 134
2 0 2006 -531.401245117 -840.208740234 1 2098 -463.888061523 -344.915649414
-1.6466075182 0.157260715961 4.50269460678
55 54 53
2 0 1792 -1148.64135742 -111.677124023 1 2099 -776.339477539 231.827880859
-0.430583298206 -0.387142181396 3.75799942017
254 254 244
2 0 1585 -359.732543945 323.183837891 1 2104 -181.129516602 581.427612305
-0.465192466974 -0.339168101549 3.72036767006
227 179 135
2 0 2313 -392.674194336 285.319824219 1 2132 -215.115966797 554.236083984
-0.124606341124 -0.563881039619 3.75830864906
255 252 229
2 0 1678 -105.059448242 470.158813477 1 2134 44.3190917969 696.612548828
-0.509302020073 0.600376009941 3.96229219437
229 213 182
2 0 1782 -402.534790039 -475.261230469 1 2139 -259.732421875 -106.193115234
-1.23550796509 0.374157786369 4.58071231842
106 77 54
2 0 2230 -846.250488281 -257.395751953 1 2151 -546.414550781 81.6878662109
-0.37711212039 0.81016433239 3.37494874001
252 254 244
2 0 2664 -348.811767578 -751.569580078 1 2184 -310.606689453 -295.020751953
-0.251599192619 -0.63710474968 3.77793622017
193 159 125
2 0 1763 -209.737426758 529.183044434 1 2190 -36.8828125 750.258361816
-0.341170817614 -0.6784927845 3.88706111908
108 92 72
2 0 2238 -276.307983398 547.20715332 1 2214 -77.6831054688 765.030822754
-0.627234637737 0.953477263451 3.34488773346
122 119 106
2 0 1613 -586.792480469 -894.123779297 1 2216 -511.888671875 -383.427490234
-0.0147833209485 -0.468549609184 3.72963476181
253 245 214
2 0 1771 -13.5113525391 393.615966797 1 2223 111.805175781 627.023193359
-0.361977577209 0.613797187805 3.92429494858
249 232 190
2 0 1983 -288.630493164 -490.217407227 1 2227 -171.819580078 -127.139404297
0.0479457974434 -0.748668670654 3.72267508507
136 94 57
2 0 2801 39.2458496094 631.689575195 1 2229 176.357910156 831.105163574
-0.292770564556 0.590699076653 3.91784644127
254 254 239
2 0 2067 -233.40612793 -471.715698242 1 2230 -126.162109375 -117.469970703
-0.292770564556 0.590699076653 3.91784644127
254 254 239
2 0 2068 -233.40612793 -471.715698242 1 2231 -126.162109375 -117.469970703
-1.2403396368 0.402770578861 4.5491733551
116 81 55
2 0 1918 -855.591796875 -279.230712891 1 2235 -557.43359375 66.1284179688
-0.804748296738 1.14737796783 3.49722790718
86 91 93
2 0 2550 -719.653442383 -1028.51757813 1 2241 -609.092285156 -497.598510742
-0.397208184004 -0.520783662796 3.83699846268
154 130 99
2 0 2707 -325.244262695 425.958129883 1 2244 -134.954833984 663.583007813
-0.345095217228 0.617049276829 3.92317271233
168 116 74
2 0 1513 -275.04309082 -492.576293945 1 2245 -161.367919922 -131.032592773
-0.511737942696 0.704664409161 3.56006717682
112 84 61
2 0 2113 -449.688598633 -620.291992188 1 2246 -355.411132813 -192.759033203
-0.151067629457 -0.892108261585 3.81888175011
84 74 61
2 0 1975 -125.335205078 733.384033203 1 2252 57.1423339844 922.928588867
-0.499443620443 -0.305392891169 3.68127942085
254 253 235
2 0 2051 -425.97668457 259.466064453 1 2262 -248.911621094 536.449890137
-0.0970592871308 -0.533523380756 3.73358464241
209 163 120
2 0 1911 -82.4909667969 448.130615234 1 2296 58.0673828125 676.899719238
-0.477404266596 0.531599581242 3.98978567123
249 244 221
2 0 2323 -374.509521484 -417.366577148 1 2305 -229.762695313 -62.4881591797
-1.37504684925 0.674385428429 4.44062805176
37 26 17
2 0 2154 -971.634521484 -477.99987793 1 2313 -672.713623047 -85.4812011719
-0.748160541058 0.214132770896 4.48615980148
255 252 229
2 0 2539 -522.890991211 -149.903076172 1 2314 -283.435913086 150.827148438
-0.27619022131 0.597712934017 3.9168586731
202 141 99
2 0 2048 -220.329223633 -477.715087891 1 2326 -115.583618164 -123.210083008
-0.16823631525 -0.825854837894 3.8351919651
253 248 221
2 0 2251 -138.837402344 675.606018066 1 2329 42.8879394531 872.932434082
-1.00850307941 0.388197809458 4.40644407272
137 108 79
2 0 1766 -718.060791016 -277.727294922 1 2336 -457.907104492 63.4364013672
-0.0503505207598 -0.635445713997 3.72177934647
254 254 245
2 0 2282 -43.787109375 534.688537598 1 2352 97.5517578125 752.72668457
-0.401955962181 0.794764339924 3.38172125816
254 254 242
2 0 1609 -371.871337891 -737.095214844 1 2358 -325.076782227 -278.990356445
-0.339170366526 0.754784762859 3.47990298271
254 254 242
2 0 1438 -304.41027832 -679.292480469 1 2380 -254.443603516 -248.990478516
-1.26242482662 0.506245434284 4.52072238922
59 38 25
2 0 2719 -876.111816406 -352.543701172 1 2381 -582.008789063 6.92785644531
-1.46544325352 0.261104404926 4.44539785385
201 164 129
2 0 2308 -1035.10620117 -186.357299805 1 2382 -697.944091797 163.997192383
-1.46544325352 0.261104404926 4.44539785385
201 164 129
2 0 2309 -1035.10620117 -186.357299805 1 2383 -697.944091797 163.997192383
-0.876873612404 0.105364024639 4.56258773804
250 233 200
2 0 2073 -602.924804688 -73.1098632813 1 2408 -336.321777344 220.034545898
-0.173455238342 -0.481166213751 3.75393080711
254 254 243
2 0 2497 -145.779052734 401.772949219 1 2423 3.30200195313 639.028503418
-1.58829343319 0.358606338501 4.30486631393
134 106 76
2 0 1666 -1158.45043945 -263.166992188 1 2427 -809.478637695 115.78894043
-0.888830423355 0.202636167407 4.46538686752
253 250 231
2 0 1702 -623.984375 -142.257324219 1 2435 -367.675170898 165.51159668
-0.601156771183 0.7251932621 3.46939682961
255 252 233
2 0 2139 -542.633789063 -655.942138672 1 2442 -441.851806641 -203.834716797
-0.0479790717363 -0.393122315407 3.71108317375
253 254 242
2 0 2836 -41.3345947266 332.367431641 1 2464 79.8498535156 575.091674805
-0.469121009111 0.568989098072 3.98242378235
109 74 45
2 0 1799 -368.519165039 -447.323364258 1 2476 -228.434936523 -88.4686279297
-0.455597758293 0.540741920471 3.9704349041
123 92 63
2 0 1351 -358.235717773 -424.822143555 1 2480 -221.190917969 -72.3605957031
-1.31151175499 0.29911801219 4.51999902725
252 251 221
2 0 3334 -910.37512207 -208.54284668 1 2531 -597.940795898 130.316894531
-0.192173868418 -0.716599225998 3.7819519043
254 253 243
2 0 2311 -160.45703125 594.395568848 1 2538 10.8688964844 805.085144043
-0.292864888906 -0.332288235426 3.77309823036
255 254 220
2 0 2705 -243.867797852 276.314086914 1 2552 -87.4422607422 534.249206543
-0.115118771791 -0.44811347127 3.7531747818
254 254 246
2 0 2198 -96.9935302734 374.522338867 1 2559 41.8439941406 612.457214355
-0.557101726532 0.983033359051 3.33767342567
191 184 164
2 0 1855 -522.727661133 -924.749755859 1 2563 -464.043212891 -412.430419922
-0.437348932028 -0.212048351765 3.71005439758
253 253 232
2 0 2912 -369.96105957 178.98815918 1 2569 -206.838989258 462.522583008
-1.28504693508 0.510165631771 4.46516895294
68 45 29
2 0 3470 -903.087890625 -359.996826172 1 2586 -607.477416992 6.34497070313
-0.425133615732 -0.660812020302 3.93350195885
255 253 233
2 0 2676 -340.000366211 526.426574707 1 2588 -127.190673828 748.235229492
0.061405941844 -0.650397956371 3.7330737114
253 254 243
2 0 3348 50.3132324219 546.411804199 1 2593 180.337890625 757.015136719
-0.709616959095 0.888766229153 3.40583992004
65 57 44
2 0 1937 -652.499023438 -819.021484375 1 2598 -548.403808594 -321.018798828
-0.625523805618 0.904832959175 3.36231327057
122 117 103
2 0 1812 -582.081420898 -843.863525391 1 2600 -502.213378906 -345.023925781
-1.39777612686 0.300397545099 4.43421936035
200 157 121
2 0 2215 -989.545410156 -214.317260742 1 2628 -665.711547852 137.19921875
-1.39777612686 0.300397545099 4.43421936035
200 157 121
2 0 2214 -989.545410156 -214.317260742 1 2629 -665.711547852 137.19921875
-0.214502796531 -0.55241972208 3.76885533333
254 253 239
2 0 2155 -179.318725586 459.818115234 1 2630 -18.3155517578 689.508728027
-0.149324476719 -0.79277575016 3.80474686623
254 251 228
2 0 2141 -124.389526367 653.430480957 1 2636 49.6135253906 854.791259766
0.157941475511 -0.748216450214 3.53689885139
133 100 76
2 0 2947 138.805419922 664.621337891 1 2647 238.117431641 864.524536133
-0.465319871902 -0.372369408607 3.7349126339
254 252 239
2 0 2437 -391.280151367 312.157348633 1 2648 -210.103393555 576.09552002
-0.230899482965 -0.725533127785 3.82015919685
219 203 178
2 0 2148 -190.721923828 595.493225098 1 2649 -9.63305664063 806.202270508
-0.627166748047 0.876713693142 3.37111616135
101 93 75
2 0 1687 -582.625366211 -816.331054688 1 2658 -498.027099609 -321.731079102
-0.627166748047 0.876713693142 3.37111616135
101 93 75
2 0 1688 -582.625366211 -816.331054688 1 2659 -498.027099609 -321.731079102
-1.4162003994 0.305792152882 4.41435718536
255 249 217
2 0 2370 -1007.10888672 -219.102172852 1 2675 -681.236694336 135.477539063
-0.666847765446 1.01722586155 3.36955761909
254 254 249
2 0 1889 -619.29284668 -947.002441406 1 2680 -538.34387207 -426.068847656
-0.873946249485 0.231902524829 4.45120286942
254 254 243
2 0 2892 -615.403564453 -163.223876953 1 2694 -363.663085938 147.451293945
-0.486984610558 -0.675363063812 3.94720411301
255 254 242
2 0 2118 -388.179443359 535.465026855 1 2695 -164.398193359 758.963134766
-0.828628957272 0.103805691004 4.52468490601
254 242 215
2 0 2159 -574.227416992 -71.9547119141 1 2696 -316.338256836 219.348022461
-0.375495046377 0.631035685539 3.92160415649
202 157 115
2 0 1653 -299.697265625 -504.522094727 1 2702 -182.236816406 -137.765258789
-0.375495046377 0.631035685539 3.92160415649
202 157 115
2 0 1654 -299.697265625 -504.522094727 1 2703 -182.236816406 -137.765258789
-0.834661364555 0.122049145401 4.53285646439
149 118 88
2 0 2014 -577.615356445 -85.0529785156 1 2710 -318.920776367 209.149414063
-1.33161127567 0.513647079468 4.46806049347
60 37 21
2 0 2484 -935.428466797 -362.559570313 1 2718 -632.534667969 7.34643554688
-0.214907467365 -0.5095936656 3.76921963692
255 254 237
2 0 2164 -179.406494141 424.6875 1 2725 -21.79296875 657.980834961
-0.253165662289 -0.539348840714 3.77124404907
209 173 139
2 0 3000 -211.390869141 448.366699219 1 2729 -45.6929931641 681.538574219
0.0769533365965 -0.753656506538 3.68527412415
79 45 19
2 0 2119 64.2827148438 642.26776123 1 2734 193.766845703 841.286376953
-0.22726047039 -0.523618400097 3.78079724312
171 132 95
2 0 1984 -189.470825195 433.861572266 1 2750 -27.1180419922 668.135314941
-0.141149058938 -0.633664608002 3.74722671509
255 252 241
2 0 2488 -119.114746094 530.584655762 1 2754 35.7790527344 749.119140625
-0.0288202073425 -0.510323226452 3.72148871422
241 209 160
2 0 2347 -25.2355957031 430.238525391 1 2756 103.483642578 658.835021973
-0.946326911449 0.222529038787 4.47683286667
123 97 69
2 0 1949 -662.942871094 -156.453857422 1 2759 -398.955566406 156.983154297
0.30877032876 -0.661638975143 3.51556634903
72 58 46
2 0 3557 274.130859375 591.290893555 1 2765 346.077880859 796.200622559
-0.551810443401 0.575779080391 4.02089214325
92 63 40
2 0 2511 -429.590698242 -448.686401367 1 2802 -274.275024414 -86.2025146484
-0.230817615986 -0.54663336277 3.77394390106
195 161 124
2 0 2495 -192.670776367 454.195922852 1 2823 -29.2344970703 685.394897461
-0.0205562412739 -0.494010686874 3.74121284485
254 251 224
2 0 1999 -17.7266845703 415.772583008 1 2843 110.135009766 641.953918457
-1.54955208302 0.340930372477 4.34343671799
161 126 93
2 0 2057 -1119.88427734 -247.664428711 1 2878 -776.463745117 122.971923828
-0.505836367607 -0.379104942083 3.7297437191
159 119 85
2 0 1626 -425.587402344 319.089111328 1 2897 -238.857543945 582.423278809
-0.970899403095 0.298419475555 4.43848800659
252 236 201
2 0 2654 -686.096557617 -211.716674805 1 2906 -424.910522461 114.17565918
-0.0283574089408 -0.109267309308 3.8660941124
240 208 161
2 0 3321 -23.1818847656 89.7084960938 1 2909 93.3327636719 352.812133789
-0.0984320566058 0.325014621019 3.99454379082
173 128 95
2 0 3686 -76.6441650391 -253.492919922 1 2919 32.4873046875 50.1506347656
