
pmvs2
D:\document\project\3dSurface3\code\sfm_images\d.nvm.cmvs\04\
option-0000
--------------------------------------------------
--- Summary of specified options ---
# of timages: 2 (enumeration)
# of oimages: 0 (enumeration)
level: 1  csize: 2
threshold: 0.7  wsize: 7
minImageNum: 2  CPU: 12
useVisData: 1  sequence: -1
--------------------------------------------------
Reading images: **
01  Harris running ...Harris running ...9151 harris done
9062 harris done
DoG running...DoG running...11849 dog done
11891 dog done
done
adding seeds 
(0,173)(1,306)done
---- Initial: 0 secs ----
Total pass fail0 fail1 refinepatch: 42997 649 41094 1254 1903
Total pass fail0 fail1 refinepatch: 100 1.50941 95.5741 2.91648 4.42589
Expanding patches...
---- EXPANSION: 3 secs ----
Total pass fail0 fail1 refinepatch: 88546 56431 23239 8876 65307
Total pass fail0 fail1 refinepatch: 100 63.7307 26.2451 10.0242 73.7549
FilterOutside
mainbody: 
Gain (ave/var): 0.379599 0.165842
56910 -> 56524 (99.3217%)	0 secs
Filter Exact: **
56524 -> 46425 (82.1333%)	0 secs
FilterNeighbor:	46425 -> 27679 (59.6209%)	0 secs
FilterGroups:	20
27679 -> 15214 (54.9659%)	0 secs
STATUS: 0 0 0 0 0 0 0 0 0 0 
0 0 0 0 0 0 0 0 0 0 
0 0 0 0 0 0 0 0 0 0 
0 0 0 0 0 
Expanding patches...
---- EXPANSION: 3 secs ----
Total pass fail0 fail1 refinepatch: 124361 52651 30267 41443 94094
Total pass fail0 fail1 refinepatch: 100 42.3372 24.338 33.3248 75.662
FilterOutside
mainbody: 
Gain (ave/var): 0.386785 0.214903
67865 -> 65929 (97.1473%)	0 secs
Filter Exact: **
65929 -> 44818 (67.9792%)	0 secs
FilterNeighbor:	44818 -> 34738 (77.509%)	0 secs
FilterGroups:	20
34738 -> 25302 (72.8367%)	0 secs
STATUS: 0 0 0 0 0 0 0 0 0 0 
0 0 0 0 0 0 0 0 0 0 
0 0 0 0 0 0 0 0 0 0 
0 0 0 0 0 
Expanding patches...
---- EXPANSION: 4 secs ----
Total pass fail0 fail1 refinepatch: 127563 53354 32416 41793 95147
Total pass fail0 fail1 refinepatch: 100 41.8256 25.4118 32.7626 74.5882
FilterOutside
mainbody: 
Gain (ave/var): 0.43206 0.24957
78656 -> 75990 (96.6106%)	0 secs
Filter Exact: **
75990 -> 50038 (65.8481%)	0 secs
FilterNeighbor:	50038 -> 39930 (79.7994%)	0 secs
FilterGroups:	20
39930 -> 29867 (74.7984%)	0 secs
STATUS: 0 0 0 0 0 0 0 0 0 0 
0 0 0 0 0 0 0 0 0 0 
0 0 0 0 0 0 0 0 0 0 
0 0 0 0 0 
---- Total: 0 secs ----
