# Bundle file v0.3
3 456
3019.65649414 0 0
0.962329254826 0.123857617508 -0.242037624075
0.124836718931 -0.992112198864 -0.011348183136
-0.241534054316 -0.0192944770895 -0.970200567202
0.0242217380643 -0.00929058864677 0.115215071954
3017.63305664 0 0
1.00000014324 -6.84637327109e-008 3.73174360024e-008
6.84637327109e-008 -1.00000013098 -3.2937844674e-009
-3.73174360024e-008 -3.2937844674e-009 -1.00000015868
-0.879753317951 0.276833088795 -0.299052940498
2839.19238281 0 0
0.988901646506 -0.0243689916584 0.146559011677
-0.0216223005974 -0.999559905439 -0.0203052858986
0.146989218474 0.016911023171 -0.988993766944
-1.60085826208 0.545656839994 -0.670589285623
1.29348635399 0.655324682923 3.73096614752
208 179 151
3 0 21 352.912109375 -423.540161133 1 20 310.698242188 -284.028686523 2 27 141.487060547 -148.284790039
1.24076867392 0.200073699623 3.60979397488
183 163 135
3 0 59 301.608886719 -74.4754638672 1 55 280.549316406 56.7933349609 2 58 103.784179688 172.015380859
-0.529457112835 0.982327409646 3.89730543688
65 72 75
2 0 36 -1112.47302246 -931.614013672 1 61 -1023.42126465 -512.097412109
2.81457992465 1.42033863163 4.41651363765
119 143 170
2 0 67 1140.89672852 -696.862548828 1 62 1260.01757813 -740.547607422
1.25340122018 0.967240509223 3.51687495332
30 25 19
2 0 45 416.756835938 -712.025878906 1 81 296.401367188 -547.50390625
1.25340122018 0.967240509223 3.51687495332
30 25 19
2 0 46 416.756835938 -712.025878906 1 82 296.401367188 -547.50390625
2.63405719533 1.12946126349 4.7282562244
77 91 99
2 0 91 915.781738281 -506.008178711 1 84 1065.22631836 -515.200683594
1.12734122413 -0.133967607692 3.39070469457
28 29 30
3 0 140 237.799072266 198.073120117 1 123 203.899902344 335.72277832 2 166 9.76501464844 432.976928711
0.15207684221 0.914567389322 3.84952051512
143 108 85
3 0 131 -533.23449707 -772.491943359 1 135 -530.208984375 -466.181640625 2 180 -586.238525391 -291.467163086
1.51773196504 0.565286668439 3.78201319789
21 37 128
3 0 161 490.600830078 -321.709594727 1 145 475.053710938 -216.330200195 2 218 297.296630859 -89.2058105469
1.28768531546 0.897614973732 3.69219411291
192 178 155
2 0 147 383.165771484 -620.407226563 1 150 308.648681641 -471.894775391
0.434921727052 0.643327046224 3.8382032268
237 208 178
2 0 216 -329.883422852 -517.439086914 1 192 -324.403686523 -266.480102539
0.705649969574 0.577344992219 4.11067732415
255 252 224
2 0 190 -163.929321289 -402.354370117 1 211 -119.326782227 -206.147827148
1.06447371609 0.633616613989 3.76363792257
238 230 208
2 0 194 171.734619141 -433.728393555 1 216 136.932861328 -266.236206055
0.720178984664 -0.00446416650627 3.27921722191
111 82 70
2 0 263 -71.6146240234 45.2399902344 1 262 -134.862915039 236.636230469
0.628492430197 0.533526660295 4.11201686198
108 70 46
2 0 439 -224.817749023 -380.257446289 1 295 -171.561767578 -174.627563477
1.57698856954 0.483626320607 3.742797193
6 17 83
3 0 337 537.944091797 -259.948364258 1 298 521.382568359 -155.799682617 2 392 341.729980469 -30.6215820313
1.00893129266 0.608068571284 3.89683762302
35 46 110
2 0 357 98.1459960938 -408.337158203 1 302 92.7492675781 -238.940307617
0.637408591292 0.416016164306 4.14095171706
159 118 93
3 0 557 -232.504882813 -289.306152344 1 331 -164.955810547 -93.9918212891 2 342 -227.654663086 18.6657714844
0.544120090133 0.556829230567 3.95658377751
123 82 56
3 0 549 -265.981933594 -421.783569336 1 341 -239.180419922 -198.013061523 2 377 -313.179199219 -64.8922119141
-0.0312020849965 0.698646362837 3.67661404994
125 96 72
3 0 420 -706.57800293 -653.154052734 1 359 -696.356201172 -321.376464844 2 461 -738.095092773 -152.148193359
1.04095118937 -0.0673454968072 3.33571287072
100 75 54
2 0 634 188.545654297 135.189086914 1 365 133.584228516 284.722045898
0.919768981022 0.871819133851 3.55922434928
254 245 218
2 0 484 131.568359375 -675.927246094 1 379 31.498046875 -465.78918457
1.06187998951 -0.180772602144 3.39325201464
246 230 200
3 0 470 178.069091797 233.196166992 1 395 149.514404297 373.783081055 2 457 -36.5025634766 466.442260742
0.417632869474 0.571135564376 3.89589521716
194 157 128
2 0 414 -357.160644531 -455.798461914 1 402 -332.214111328 -210.419189453
1.49818778828 0.47640683931 3.78398575561
13 31 140
2 0 571 468.009765625 -262.682373047 1 409 458.808837891 -144.946777344
0.524329978217 0.833756908465 3.8193820202
150 111 84
3 0 537 -236.564819336 -659.557128906 1 416 -261.20300293 -408.556030273 2 515 -354.348022461 -245.834472656
-0.75223914934 0.372806840348 5.65500136372
96 111 117
3 0 322 -1176.07226563 -309.446289063 1 422 -833.356323242 -50.1253662109 2 574 -684.688232422 30.7239990234
0.735087038671 0.0853227209574 3.27888020211
133 96 77
2 0 417 -47.6658935547 -35.6356201172 1 441 -122.384643555 160.476806641
0.838663877326 0.957091624736 3.56017230781
254 249 221
2 0 642 74.8598632813 -759.074951172 1 455 -32.2985839844 -533.351074219
1.56113875869 0.238172887186 3.86670828684
5 8 22
2 0 1290 466.480712891 -69.5543212891 1 467 494.050292969 26.4877929688
1.11301095096 0.765696050234 3.62298755629
238 220 195
3 0 522 256.762939453 -548.568115234 1 473 180.254638672 -378.54309082 2 537 7.63342285156 -221.215820313
2.79232836627 1.20905938215 4.74411783288
135 159 177
3 0 440 998.775634766 -532.600708008 1 481 1160.14868164 -563.559570313 2 336 1071.33178711 -483.327514648
0.0160693913362 0.783976590708 3.63935721001
136 102 78
3 0 569 -654.374511719 -728.309570313 1 495 -666.475585938 -389.613647461 2 647 -718.700927734 -209.597290039
1.03988248107 -0.20866950926 3.38031963749
254 254 238
2 0 777 160.108154297 255.563232422 1 523 131.618652344 399.174316406
0.931860532945 0.107156654925 3.23750311596
254 255 244
3 0 671 141.696533203 -31.2707519531 1 546 41.3737792969 146.271240234 2 794 -156.965332031 264.486816406
1.39696469903 0.74035615778 3.72068476282
214 203 181
2 0 756 439.283691406 -482.239013672 1 557 389.748291016 -346.888061523
1.1362970425 0.870495482583 3.57267559194
170 129 98
2 0 714 299.184082031 -640.697021484 1 565 200.58203125 -463.012939453
1.1362970425 0.870495482583 3.57267559194
170 129 98
2 0 715 299.184082031 -640.697021484 1 566 200.58203125 -463.012939453
0.88391299158 -0.267491689321 3.43464214674
248 235 205
2 0 740 9.01733398438 287.680541992 1 567 3.64184570313 441.671508789
0.796128485537 0.0512914295337 3.19698193939
244 231 222
3 0 643 22.5471191406 2.93786621094 1 581 -74.0174560547 194.777709961 2 860 -264.172119141 315.701049805
1.27338534915 -0.458343596468 3.3703957126
251 250 235
2 0 730 329.861816406 494.900268555 1 604 324.949707031 607.14855957
0.913673875378 -0.51835247884 3.48632000505
248 233 205
2 0 563 -3.96484375 503.025634766 1 619 27.1745605469 636.153442383
0.612615958543 0.353237201024 4.13497421127
182 139 109
2 0 845 -255.802734375 -245.443847656 1 623 -182.099243164 -52.7600097656
0.55475196676 0.650573179568 3.91281281301
192 155 129
2 0 762 -243.266967773 -496.437133789 1 633 -233.33972168 -268.762084961
0.44942559821 0.354635931751 4.02684459561
210 176 146
3 0 833 -366.583496094 -271.639892578 1 650 -300.482788086 -54.9487304688 2 862 -356.569702148 63.2003173828
1.13196373989 -0.0602712393002 3.37412468499
235 230 206
2 0 813 254.733398438 134.821533203 1 656 207.477539063 277.525146484
1.15173966542 0.745501371889 3.64285779086
215 181 151
2 0 749 279.225830078 -526.678710938 1 661 208.687988281 -358.746337891
1.36076021673 -0.1902541078 3.39315617094
255 254 243
2 0 1011 421.796142578 268.585571289 1 665 393.896728516 382.130371094
1.18241496497 0.560303124516 3.73829283067
254 252 235
3 0 861 258.645751953 -365.465942383 1 670 227.200439453 -212.137573242 2 677 69.4196777344 -77.8731689453
0.174384760928 0.820553544758 3.91876556657
71 43 26
2 0 814 -528.662719727 -683.418457031 1 686 -505.968139648 -389.643066406
1.51839403861 0.503712947226 3.74618235679
36 87 229
3 0 820 496.362792969 -278.845581055 1 714 479.667724609 -170.063720703 2 919 298.040527344 -47.4028320313
1.12331315994 -0.19337512354 3.40141626126
255 252 227
3 0 958 225.063476563 248.424072266 1 734 200.197753906 383.422973633 2 768 8.99523925781 475.561279297
-0.230289653791 0.651412938674 3.62286983995
227 221 196
2 0 588 -895.380004883 -654.264892578 1 735 -859.142578125 -289.275878906
0.779838300965 0.542625076934 4.06060966275
253 254 242
2 0 592 -105.530151367 -371.221679688 1 746 -69.6945800781 -185.500610352
-0.015517280471 0.755776317767 3.63363931035
209 176 148
3 0 847 -685.678833008 -710.265625 1 773 -692.197021484 -368.464355469 2 869 -739.766357422 -189.793701172
-1.45320426173 0.645152327715 4.69389538913
8 7 5
2 0 645 -1798.57348633 -656.345947266 1 784 -1431.68322754 -223.438842773
0.824613873986 0.79006051346 4.01614273041
254 245 216
2 0 629 -42.9562988281 -557.540283203 1 791 -38.0589599609 -357.92590332
1.13227847011 0.805592988154 3.60044329374
164 125 94
3 0 952 281.616455078 -582.727050781 1 803 196.736328125 -409.758178711 2 1282 17.9301757813 -251.373046875
1.0356914804 -0.583134209315 3.47717430973
254 253 243
2 0 1232 92.4458007813 568.863037109 1 813 125.169433594 690.282653809
0.0294906165656 1.02012811213 3.639046556
136 101 76
3 0 1131 -615.997070313 -932.596435547 1 815 -657.288085938 -570.63671875 2 900 -715.012084961 -369.674682617
-0.17576726504 0.624915406017 3.64116179416
167 146 121
2 0 908 -847.439208984 -619.810058594 1 823 -812.154296875 -266.343383789
-0.0277970657555 0.86081720676 3.56062282299
135 98 71
2 0 941 -684.283325195 -819.630371094 1 850 -713.178833008 -458.501342773
-0.0277970657555 0.86081720676 3.56062282299
135 98 71
2 0 942 -684.283325195 -819.630371094 1 851 -713.178833008 -458.501342773
1.19496454072 0.839515879269 3.59742803447
196 169 141
3 0 1197 334.038818359 -603.092285156 1 859 245.458007813 -436.812988281 2 1235 61.3935546875 -275.36340332
1.16061574007 0.853538777887 3.59516410191
234 211 181
3 0 851 309.816162109 -617.075439453 1 868 219.430908203 -448.565429688 2 1220 35.6008300781 -286.846923828
0.892832020622 -0.0944639395176 3.27799304951
130 98 74
2 0 904 72.099609375 145.856689453 1 874 11.12109375 313.76184082
-0.122127810467 0.78329480264 3.51559744708
248 239 217
2 0 747 -780.944458008 -775.974365234 1 883 -797.210693359 -402.710327148
0.436638843505 0.39068923328 4.00730880125
224 195 167
2 0 885 -370.797485352 -300.993652344 1 913 -310.936279297 -80.3983154297
1.10604276428 -0.0733464798258 3.37150267356
51 53 49
2 0 1573 232.538818359 143.914306641 1 934 186.259033203 288.356567383
1.14417850591 0.71331525632 3.65433066161
239 221 190
2 0 1215 267.2109375 -500.139038086 1 936 202.182373047 -333.291015625
1.03696482528 0.0615041084063 3.28470266849
238 220 196
2 0 1099 213.359375 20.2037353516 1 954 132.321777344 181.018920898
-0.0106388417489 0.813428761364 3.57555409439
162 126 100
2 0 1039 -674.24609375 -771.038818359 1 964 -696.789428711 -419.656982422
0.976625287876 0.919939234373 3.56708541875
253 236 206
2 0 1403 180.154541016 -705.743896484 1 1009 75.8090820313 -502.87121582
0.92142657183 0.833648099694 3.6563861133
199 167 140
2 0 760 106.147460938 -628.660888672 1 1016 32.1918945313 -424.526489258
0.751353147822 0.155175689177 3.32829295464
254 254 242
2 0 1311 -35.7760009766 -98.1656494141 1 1031 -106.831176758 101.22253418
0.870385341135 -0.0425288012098 3.2375712851
252 246 222
3 0 1155 68.6296386719 97.1685791016 1 1038 -9.4873046875 273.009643555 2 1123 -199.954101563 383.219848633
1.21061010166 0.799805251127 3.60126187026
255 253 234
2 0 1314 341.331787109 -568.133789063 1 1078 256.661132813 -404.749023438
-0.079915538733 0.665658238142 3.67507224721
141 119 96
2 0 1415 -754.49206543 -632.054443359 1 1125 -732.752441406 -298.021240234
1.38424572181 0.582584574612 3.72350588208
151 125 99
2 0 2026 414.532714844 -358.580078125 1 1146 378.881835938 -230.171508789
0.380211902818 0.42907546873 3.98881155017
252 237 209
3 0 876 -409.150146484 -336.544921875 1 1162 -351.712890625 -109.863769531 2 1589 -407.619140625 16.9656982422
0.877603932242 1.00946656409 3.55644541873
255 241 209
2 0 1370 112.798339844 -797.28125 1 1175 -1.90966796875 -575.440185547
1.12713044394 -0.453469586973 3.42870679952
250 240 214
2 0 2060 193.998291016 473.225097656 1 1188 200.420410156 591.135437012
1.27650557032 0.671547681974 3.66280263679
239 217 187
3 0 1347 360.389160156 -447.889038086 1 1189 304.014404297 -301.465454102 2 1359 125.315429688 -157.844360352
0.40779690753 0.694711941983 3.80813089943
158 121 89
3 0 1682 -342.93347168 -566.299804688 1 1192 -347.482910156 -306.583740234 2 1672 -427.834228516 -153.229492188
0.974141789669 0.0709611205225 3.2203909269
245 230 203
2 0 2098 177.624755859 4.50634765625 1 1203 81.1042480469 177.071899414
0.68360929435 -0.0237288012733 3.29343018439
254 254 242
2 0 1001 -110.051147461 56.4821777344 1 1214 -164.421264648 254.164550781
0.727827347699 -0.0355090390469 3.26149492434
241 224 200
3 0 1176 -64.5163574219 76.3254394531 1 1231 -129.017211914 264.196044922 2 1244 -302.701660156 374.020751953
1.52460009513 0.528997359548 3.72090325904
20 36 134
2 0 979 512.115966797 -299.875854492 1 1232 484.672119141 -190.903808594
-0.00376467621375 0.713332948472 3.67327205418
137 111 87
3 0 1307 -680.595703125 -662.710205078 1 1243 -675.819580078 -332.919921875 2 1592 -721.375610352 -161.654174805
0.914281434182 -0.0642707285101 3.24892624011
132 106 84
3 0 2000 101.053955078 121.416870117 1 1245 30.5949707031 289.536987305 2 1127 -166.656738281 399.516113281
0.915721532794 -0.0639012072778 3.25681357316
132 106 84
2 0 1999 101.053955078 121.416870117 1 1246 30.5949707031 289.536987305
0.497155753729 0.24953012804 4.11845192244
158 121 90
3 0 1611 -348.802124023 -180.797119141 1 1279 -262.39050293 18.0559082031 2 1971 -311.698486328 122.130615234
0.365813064544 0.808757208535 3.77609923578
251 241 218
2 0 1236 -362.095947266 -669.546386719 1 1280 -381.285400391 -394.453613281
0.47796755102 0.671401575401 3.86077789703
237 203 173
3 0 2019 -295.177001953 -530.613647461 1 1317 -291.553466797 -285.888671875 2 1590 -373.709594727 -138.441772461
1.02498448486 -0.1895958847 3.40358471551
160 129 102
2 0 1459 143.842285156 236.458618164 1 1325 118.378417969 380.134399414
0.529084680099 0.509903729721 3.9448736722
251 247 224
2 0 1706 -281.021606445 -387.019897461 1 1355 -249.691894531 -166.364868164
0.19611751851 0.717985972242 3.95064644662
247 237 217
2 0 1013 -523.173339844 -592.846679688 1 1364 -486.890380859 -314.603393555
0.863829546847 0.935090524461 3.56237841028
198 159 125
3 0 1284 91.8366699219 -736.884765625 1 1404 -11.298828125 -515.538208008 2 1635 -174.24609375 -336.679077148
-0.221429073932 0.680160960517 3.58564085706
179 150 122
2 0 943 -884.850708008 -683.870361328 1 1422 -861.344360352 -316.322753906
0.902244787853 -0.461404608779 3.47115241784
250 236 207
3 0 1803 -3.84680175781 454.69140625 1 1450 17.1693115234 593.091003418 2 1741 -134.834350586 658.4296875
1.15410430388 -0.475805340219 3.40591352642
254 253 232
3 0 1668 219.056396484 494.760986328 1 1454 225.042480469 614.50958252 2 1512 37.6372070313 685.635559082
0.869557273814 -0.476752470363 3.49058631991
248 240 213
2 0 1566 -37.4603271484 462.157836914 1 1466 -7.85229492188 603.018981934
0.552855987539 0.51401412379 3.98081433742
132 86 60
3 0 2892 -266.045654297 -383.377563477 1 1489 -231.720214844 -166.899780273 2 1388 -304.03515625 -40.2595214844
-0.193939956381 0.708827254372 3.59919757158
243 227 200
3 0 1610 -854.862426758 -703.174804688 1 1518 -837.955444336 -336.798217773 2 1774 -865.680419922 -156.411865234
1.06275359917 0.764006819674 3.61851244066
254 242 213
3 0 1501 218.087890625 -557.224609375 1 1524 143.182373047 -374.870361328 2 1231 -27.8162841797 -219.356567383
-1.84393848324 1.89107773001 5.96620127344
109 111 107
2 0 4178 -1707.03552246 -1258.32299805 1 1540 -1337.20288086 -793.245849609
0.574789420776 0.395666449814 4.08305395041
167 125 99
3 0 1758 -273.65246582 -284.860717773 1 1546 -210.403564453 -81.9008789063 2 2095 -272.837036133 33.9312744141
0.943490735759 -0.292001444652 3.43617275288
255 251 233
2 0 1897 56.4250488281 314.967041016 1 1549 51.6508789063 460.626831055
-0.113508983406 0.770377146629 3.57732222942
167 131 105
3 0 1330 -772.857666016 -749.743652344 1 1558 -780.254394531 -385.690673828 2 1663 -820.367675781 -200.739257813
-0.378048676267 1.35525854474 4.38692651375
95 102 100
2 0 628 -916.154907227 -1077.50488281 1 1574 -817.223144531 -700.703125
-0.235945932232 0.691514058046 3.57298814834
252 243 220
2 0 1953 -897.80078125 -699.167480469 1 1618 -875.651123047 -326.098022461
-0.114642776766 0.844371865534 3.50386138099
255 252 229
2 0 1431 -766.588134766 -832.386962891 1 1670 -794.262329102 -453.582519531
-0.0450530084255 0.635435467187 3.74128578883
147 127 104
3 0 1691 -727.172729492 -593.333251953 1 1745 -694.589477539 -267.522705078 2 2362 -727.526489258 -106.847412109
0.928941264559 -0.259272027917 3.41869887254
254 254 235
2 0 2956 51.7487792969 286.991577148 1 1748 39.9775390625 435.786987305
1.21549607905 0.730520328329 3.6446738716
163 132 103
3 0 2083 325.286376953 -505.201171875 1 1751 258.707275391 -348.043579102 2 2643 80.8415527344 -197.927246094
1.39793722832 0.534795063229 3.75341740272
146 121 97
2 0 2916 411.099365234 -317.999267578 1 1781 386.396484375 -192.440307617
0.940256231823 -0.472002219999 3.4729846197
248 241 218
3 0 2056 26.5389404297 467.363769531 1 1827 47.6235351563 600.719360352 2 2153 -107.708129883 665.77722168
0.768030123019 0.622460429098 4.04585861409
254 251 221
2 0 2139 -104.709472656 -435.054321289 1 1857 -77.5084228516 -239.880859375
0.475144259211 0.256675671742 4.06829317453
240 209 180
3 0 2167 -360.064208984 -192.41784668 1 1868 -280.728149414 13.8188476563 2 1976 -332.088500977 121.834106445
0.984682008535 -0.578225451026 3.48989542489
254 254 241
2 0 2805 47.9877929688 559.592834473 1 1888 83.8229980469 683.318847656
0.505252396392 0.524116176136 3.93049796417
128 90 62
2 0 2064 -296.516845703 -402.859375 1 1915 -267.373657227 -176.532592773
0.366563101056 0.67511344368 3.80308681785
187 148 117
2 0 1743 -377.954467773 -555.765625 1 1938 -378.256958008 -293.744262695
-0.0775300413104 0.826477366789 3.53610075533
154 115 88
2 0 1709 -733.916381836 -802.624023438 1 1984 -757.533447266 -434.834838867
0.444196658783 0.85566551516 3.76328755979
179 137 104
2 0 1465 -291.909301758 -699.257080078 1 1989 -323.723999023 -429.688842773
1.16212163141 0.789958519752 3.62234871441
255 249 221
2 0 2326 297.436767578 -562.833251953 1 2007 217.429199219 -396.046630859
0.785817894952 0.995566027418 3.57464354241
212 178 142
2 0 2214 32.6193847656 -797.379882813 1 2036 -73.2083740234 -560.958251953
1.17762627605 -0.23559779214 3.37933070984
253 254 251
2 0 2820 272.208251953 291.794311523 1 2056 244.90234375 421.544555664
0.379833136068 0.626460833532 3.83500551955
179 145 114
2 0 3080 -375.455566406 -510.90625 1 2100 -365.326293945 -255.279418945
0.601946769138 0.620075280622 4.01866432554
131 88 62
3 0 3070 -223.685180664 -457.310791016 1 2101 -195.490478516 -238.814819336 2 1987 -268.80871582 -105.29675293
0.397755837323 0.617908410314 3.85421797711
251 240 217
2 0 2324 -363.716796875 -498.821166992 1 2117 -350.745117188 -248.329467773
0.397630455457 0.618221110868 3.85393777354
251 240 217
3 0 2325 -363.716796875 -498.821166992 1 2118 -350.745117188 -248.329467773 2 2144 -424.645629883 -103.304321289
0.535070191231 0.850211101575 3.80200953413
154 115 88
2 0 2705 -224.15222168 -673.949462891 1 2121 -253.935546875 -422.34753418
1.23265564707 -0.588707191888 3.4081915385
249 238 214
3 0 2383 271.640869141 600.62310791 1 2146 288.782714844 707.078674316 2 2250 97.2045898438 767.34954834
0.355007676821 0.829346250229 3.76891413729
213 176 144
2 0 1799 -368.08972168 -689.249267578 1 2156 -390.052612305 -410.526000977
0.515206881491 0.708690827366 3.85856575734
165 129 102
3 0 2709 -261.426391602 -554.928466797 1 2158 -265.218505859 -313.513671875 2 3028 -351.167724609 -163.5078125
1.25787312189 0.604037769755 3.68912712069
163 130 103
2 0 2316 333.009521484 -394.123779297 1 2180 286.345947266 -248.083129883
1.05471299477 -0.13395926695 3.35710148918
216 210 189
3 0 2883 185.996826172 192.146362305 1 2244 145.980712891 338.169677734 2 2394 -46.8254394531 439.171508789
1.05171255005 -0.105141836745 3.35016678593
248 246 230
3 0 3173 189.353271484 167.760375977 1 2276 142.298095703 315.730957031 2 2388 -49.8598632813 416.624755859
0.369029261209 0.87459343828 3.76373055252
199 163 127
2 0 1826 -351.368408203 -725.474609375 1 2292 -380.033325195 -444.489379883
0.4906084433 0.355120295925 4.04093344561
243 220 193
3 0 1745 -336.212158203 -264.997314453 1 2293 -270.835327148 -55.1119384766 2 2815 -330.012084961 60.2099609375
0.873505921287 -0.434521594779 3.46422983189
253 237 205
2 0 3552 -23.9866943359 430.90612793 1 2300 -5.1298828125 571.430480957
0.659045754047 0.386019887298 4.15374118721
243 209 176
3 0 2493 -221.045043945 -263.938720703 1 2307 -150.270385742 -74.3374023438 2 3026 -212.199584961 37.1896972656
1.28623487501 -0.59842296047 3.42467134618
171 145 118
2 0 4033 309.525634766 609.684814453 1 2318 330.665527344 711.328186035
0.345608105355 0.581415287073 3.86130521224
247 233 210
2 0 2994 -410.241821289 -476.349853516 1 2358 -387.787231445 -220.698120117
1.13836598391 0.852909338075 3.59992423433
157 115 85
2 0 3473 291.552978516 -621.068359375 1 2422 200.509521484 -446.739624023
0.726733140933 -0.380386013813 3.59654510658
215 184 151
2 0 3536 -165.276489258 357.361450195 1 2424 -119.05078125 509.128601074
0.514803085214 0.269823712053 4.09384381322
186 148 119
2 0 3488 -331.72644043 -196.349121094 1 2430 -250.814697266 4.7900390625
0.343263498288 0.995566305084 3.79250965653
194 151 115
3 0 2484 -362.921875 -823.116455078 1 2438 -396.908447266 -530.974975586 2 3772 -477.968505859 -349.649902344
-0.0410378039579 0.658142429997 3.70170654276
141 115 94
2 0 2619 -720.956787109 -616.245849609 1 2510 -697.61340332 -289.042358398
1.01932062571 -0.532949408275 3.46840820486
187 153 120
2 0 4553 86.5190429688 527.30279541 1 2550 111.9140625 649.734436035
1.0081400852 0.791316241753 3.62801507014
182 142 114
2 0 3679 176.576660156 -585.792236328 1 2617 99.0107421875 -395.279296875
0.311136260311 0.399041282359 4.01613396265
192 167 139
2 0 2369 -468.329711914 -322.192504883 1 2692 -398.064208984 -85.3966064453
0.751454117635 0.876261942056 3.63997133799
255 246 222
2 0 2100 -20.9968261719 -690.511962891 1 2721 -98.4576416016 -460.041748047
0.987358036621 -0.0454039003934 3.27187887034
114 93 72
3 0 3182 161.986572266 111.379516602 1 2723 90.84765625 272.241943359 2 3593 -108.575683594 381.201660156
-0.173391086574 0.783610040695 3.51398031218
248 239 216
2 0 2497 -829.621826172 -785.501953125 1 2731 -838.841918945 -403.420898438
1.43033330049 -0.281911547205 3.40784345023
251 249 228
2 0 4143 462.773681641 350.823242188 1 2751 449.643554688 456.456298828
-0.112712831364 0.704010701664 3.60220812638
251 240 214
3 0 3575 -779.371948242 -685.423583984 1 2783 -774.86730957 -331.406616211 2 2999 -810.711181641 -155.138671875
1.08485630149 -0.0588526019728 3.35716126711
253 251 238
2 0 3149 220.628662109 131.148193359 1 2854 169.062988281 276.014038086
0.85217633219 -0.325949107653 3.45074357679
254 252 232
2 0 3867 -27.53125 335.407592773 1 2886 -22.2094726563 486.086669922
0.743237683594 -0.358642592622 3.57276270563
210 179 142
2 0 2944 -145.39465332 342.100097656 1 2893 -106.699951172 495.917480469
0.743237683594 -0.358642592622 3.57276270563
210 179 142
2 0 2943 -145.39465332 342.100097656 1 2894 -106.699951172 495.917480469
1.00724971187 0.811057703653 3.61753618595
177 131 98
2 0 3059 180.536621094 -603.30859375 1 2901 98.4829101563 -411.910644531
-0.258564921152 0.661237599529 3.61222224647
210 192 163
2 0 2817 -921.133544922 -669.217529297 1 2926 -883.925292969 -298.182617188
0.436016845498 0.967224590544 3.75730716288
215 178 149
2 0 2789 -285.877441406 -790.936523438 1 2951 -331.349853516 -515.804321289
0.963546311486 -0.0356901764755 3.25716961017
111 87 65
2 0 4276 146.244140625 100.787719727 1 2960 71.1577148438 265.400390625
0.673407309767 0.0123082379654 3.27670418005
254 254 242
2 0 2677 -111.553833008 24.2393798828 1 2971 -174.404418945 222.838500977
1.16291472844 -0.458162701106 3.40823004347
218 181 149
2 0 2823 228.139892578 480.532592773 1 2975 231.365966797 600.887512207
0.549820207367 0.465509161593 3.99720631882
160 120 93
3 0 3980 -275.39855957 -346.12097168 1 2994 -232.637451172 -132.643920898 2 2677 -302.182617188 -8.25158691406
0.742177948337 -0.838784205053 3.71772599655
254 253 235
3 0 3909 -217.856933594 722.787231445 1 3017 -106.928710938 843.779907227 2 3357 -202.032836914 870.853942871
1.32123460459 -0.448699397032 3.36668185355
191 162 132
2 0 3416 371.196533203 491.252563477 1 3098 364.720703125 599.248779297
0.0282124316677 0.861378770188 3.62539979772
255 240 211
3 0 4061 -633.938964844 -794.333251953 1 3151 -659.954589844 -451.217285156 2 2485 -717.3984375 -265.311523438
2.77625483114 1.08817447208 4.76071736962
0 4 4
2 0 3733 976.695800781 -464.813720703 1 3179 1145.11279297 -488.494384766
0.672290817101 -0.845477728223 3.74999797725
194 175 148
2 0 3441 -280.803222656 718.550048828 1 3216 -155.780395508 839.73815918
0.515136925873 0.661677629618 3.87596835676
147 109 82
2 0 2981 -268.556274414 -515.514404297 1 3225 -263.806396484 -278.446166992
0.0305735892307 0.935684367538 3.59485961037
228 201 174
2 0 2557 -623.407836914 -867.034423828 1 3227 -661.736694336 -513.625
0.956751936686 -0.511532380064 3.46592558504
253 253 236
2 0 4062 37.2387695313 503.896484375 1 3257 61.8244628906 633.541320801
0.802555195432 0.955533005161 3.57014173073
197 161 129
2 0 4600 43.1010742188 -761.661621094 1 3389 -60.3630371094 -530.576904297
0.761678648427 0.837726349093 3.67908660985
171 132 103
2 0 3394 -24.5068359375 -651.138916016 1 3465 -89.5024414063 -425.646728516
0.579650149442 0.703412871886 3.91582356885
247 228 202
2 0 3770 -219.330078125 -534.608276367 1 3492 -215.108276367 -305.837158203
0.990393926773 -0.0582442448327 3.26335078046
232 216 193
2 0 3329 165.442382813 123.661132813 1 3495 93.8918457031 284.420654297
0.340817021277 0.793740544554 3.77522445415
237 211 181
2 0 3076 -383.927856445 -660.241455078 1 3500 -400.325805664 -384.327880859
0.526874003918 0.243904415625 4.11777486335
184 146 117
2 0 4056 -327.568115234 -174.455688477 1 3542 -241.322509766 22.1103515625
1.00003254588 -0.52920616948 3.46024684159
249 244 223
2 0 3918 72.5974121094 522.481567383 1 3616 96.9702148438 649.676391602
1.03214693455 -0.230538645911 3.37143596171
254 249 229
2 0 4184 153.433349609 274.350341797 1 3637 125.727050781 418.756958008
0.460691078001 0.680704701504 3.84185155481
173 135 107
2 0 3774 -305.695922852 -542.526855469 1 3648 -305.691650391 -294.476318359
1.14521190938 0.681838986135 3.68629624582
247 223 192
2 0 3341 256.498291016 -470.818481445 1 3683 201.222167969 -306.975708008
0.477099856805 0.418414076121 3.98327848645
151 109 81
2 0 4360 -334.516113281 -319.615600586 1 3692 -283.998168945 -100.053955078
0.965199875896 -0.529922741002 3.46076805196
254 251 228
2 0 4457 43.3630371094 520.553833008 1 3752 68.8930664063 650.084838867
0.965199875896 -0.529922741002 3.46076805196
254 251 228
2 0 4456 43.3630371094 520.553833008 1 3753 68.8930664063 650.084838867
0.404389767594 0.365439619478 4.00515291779
253 240 212
2 0 3987 -398.170166016 -286.175537109 1 3835 -333.451293945 -61.8946533203
1.05354212778 -0.121570836048 3.37759538578
90 80 65
2 0 3995 181.83984375 181.065551758 1 3859 142.727050781 327.139770508
0.954728818534 -0.310535810567 3.44346281317
190 155 118
2 0 4315 62.25390625 331.807250977 1 3889 60.5124511719 474.276245117
0.753606669525 -0.174228765005 3.39248468505
166 142 117
2 0 4191 -83.8642578125 197.643920898 1 3939 -103.351318359 368.716308594
0.313086780625 0.882377685309 3.83047869111
245 234 203
2 1 32 -414.313720703 -440.73840332 2 42 -488.436035156 -276.287353516
-1.26569302295 1.06867426458 4.04974695872
53 53 51
2 1 37 -1518.36767578 -556.625488281 2 52 -1379.77124023 -353.139282227
0.884024183979 -0.884005486923 3.72090905717
8 8 6
2 1 49 3.42163085938 877.279418945 2 60 -108.565551758 904.286193848
-1.06312652024 1.6316314431 3.86169321918
49 48 52
2 1 41 -1442.68139648 -1003.59863281 2 63 -1352.52453613 -728.416259766
0.654892867132 -0.858819433048 3.8233387525
245 229 203
2 1 60 -165.83972168 834.97277832 2 91 -244.077148438 863.377197266
1.05974758639 0.532564515321 3.77414142816
26 38 104
2 1 66 133.253173828 -190.094238281 2 93 -8.32409667969 -57.1579589844
1.05974758639 0.532564515321 3.77414142816
26 38 104
2 1 67 133.253173828 -190.094238281 2 94 -8.32409667969 -57.1579589844
1.00426412915 0.401230182645 3.74066373914
250 242 210
2 1 116 93.744140625 -90.6160888672 2 144 -47.5203857422 29.0498046875
1.23074979598 0.151541601171 3.48818431349
255 248 219
2 1 154 279.435058594 98.4458007813 2 170 89.8137207031 215.753540039
1.15914645976 0.308711715493 3.5880435593
16 18 28
2 1 165 217.346679688 -23.5911865234 2 175 44.357421875 96.4401855469
-1.69803801973 1.09682800151 4.07372653915
49 49 49
2 1 119 -1831.64038086 -582.354980469 2 188 -1621.80029297 -357.391357422
1.18485042778 0.809479614228 3.59469297154
227 188 151
2 1 146 236.62109375 -414.346801758 2 189 55.171875 -253.935058594
-0.0527218811403 0.754185562326 3.63652160379
209 172 143
2 1 181 -718.622070313 -367.958496094 2 227 -764.928588867 -188.640869141
1.31284876183 1.10290915778 3.00937384864
213 210 195
2 1 218 397.364257813 -757.312744141 2 246 92.4533691406 -536.789550781
0.0565861631808 0.950460252652 3.68454297858
157 118 92
2 1 260 -626.762695313 -513.011108398 2 272 -685.784179688 -320.338012695
1.4988301543 0.151760713248 3.78919453366
10 13 22
2 1 316 456.947265625 89.8465576172 2 310 294.412597656 195.80090332
0.939864015711 -0.676553855529 3.59367046308
246 242 220
2 1 281 46.8422851563 742.373352051 2 326 -89.6999511719 788.684082031
0.920921792433 -0.0346950118088 3.24122232439
144 117 90
2 1 268 35.2294921875 266.044311523 2 368 -163.127441406 375.812866211
0.674858898701 0.50799778532 4.13926954406
255 248 213
2 1 323 -139.525634766 -157.811157227 2 398 -206.746704102 -36.4283447266
1.13625930559 0.0247503879507 3.35730456312
145 110 85
2 1 330 211.876220703 208.2734375 2 404 10.5458984375 318.295410156
0.76584026456 0.0930813119184 3.23913184574
157 116 97
2 1 234 -97.1038818359 156.956176758 2 411 -280.89855957 279.995727539
1.26683196997 0.749818781986 3.62094477423
246 225 201
2 1 345 298.208984375 -365.670166016 2 420 115.561279297 -212.649047852
0.947137277103 -0.547440356181 3.49333422712
244 209 177
2 1 343 53.7604980469 657.945678711 2 421 -99.4024658203 717.006225586
0.947137277103 -0.547440356181 3.49333422712
244 209 177
2 1 342 53.7604980469 657.945678711 2 422 -99.4024658203 717.006225586
0.154155033648 0.737789100529 3.977649708
51 32 18
2 1 223 -513.287353516 -325.653686523 2 459 -551.705688477 -172.838867188
0.742356268645 0.0479848724556 3.23898221813
196 169 157
2 1 358 -117.179199219 195.396972656 2 465 -297.438232422 314.360839844
0.971312156663 0.015879354995 3.25076878475
111 80 59
2 1 357 78.150390625 222.838745117 2 473 -125.177124023 335.475585938
0.920743950996 0.0244460866528 3.21212537773
252 224 193
2 1 373 35.7827148438 218.752563477 2 477 -169.361450195 332.255493164
1.573283376 -0.162771258794 3.52502376875
114 103 83
2 1 465 548.587158203 346.445068359 2 484 345.704833984 439.271240234
0.640885936853 -0.951003848319 3.88578433472
207 194 170
2 1 456 -173.629882813 890.135375977 2 511 -242.380737305 910.62487793
1.18960459848 -0.103289223526 3.36943665108
253 244 222
2 1 335 255.232666016 313.164916992 2 520 53.3811035156 412.147827148
1.15419441693 0.0943573958001 3.37873645654
126 93 68
2 1 852 224.695556641 147.739990234 2 522 25.419921875 267.010009766
1.41379055576 1.23635228407 3.06196036126
86 92 88
2 1 548 482.767089844 -869.165527344 2 524 178.173339844 -643.366455078
1.28614882279 1.02472818099 3.04968227135
111 92 70
2 1 312 367.468017578 -678.351074219 2 529 76.6337890625 -463.648193359
1.29120979306 0.571023378243 3.68492837374
255 251 230
2 1 479 312.653076172 -221.010986328 2 540 138.765380859 -90.5017089844
1.25433565142 -0.165442050765 3.39623293603
254 251 232
2 1 605 306.051757813 360.538696289 2 541 105.005371094 456.512817383
0.0168272564287 0.920518024199 3.63327207907
234 202 174
2 1 520 -665.23046875 -495.022094727 2 559 -725.213989258 -304.362182617
1.37449005066 0.121224332388 3.52271344025
237 235 221
2 1 530 391.010498047 122.544799805 2 565 195.688232422 233.127685547
0.0609517926556 1.16829716795 4.01942038179
203 172 146
2 1 500 -574.870239258 -624.87109375 2 568 -608.036499023 -438.720214844
1.58350834552 0.724142862951 3.71541718832
0 3 13
2 1 593 531.260009766 -335.154052734 2 572 340.655517578 -202.031982422
1.2957068219 0.247369640193 3.63197748933
133 125 103
2 1 426 319.341064453 21.8726806641 2 573 144.630126953 138.139160156
1.45797622258 -0.313539700203 3.38046975288
253 249 225
2 1 848 475.411376953 484.254272461 2 577 258.621826172 571.209533691
1.56620654599 0.40695471353 3.7844525898
92 139 242
2 1 575 508.881347656 -94.537109375 2 580 334.855957031 17.2105712891
1.56620654599 0.40695471353 3.7844525898
92 139 242
2 1 576 508.881347656 -94.537109375 2 581 334.855957031 17.2105712891
1.00728681178 0.608424966543 3.86982931411
44 52 116
2 1 303 92.7492675781 -238.940307617 2 598 -34.7633056641 -107.899536133
1.06002366808 0.82577952174 3.58388366001
255 235 203
2 1 502 140.392089844 -427.076660156 2 619 -33.4385986328 -263.999389648
0.838667554028 0.956213162933 3.55497172822
254 253 224
2 1 454 -32.2985839844 -533.351074219 2 628 -192.427612305 -351.623657227
1.30260161806 -0.238441504871 3.38424009834
252 223 196
2 1 560 346.855712891 421.857177734 2 634 141.116943359 512.745361328
1.33351002648 0.127547129437 3.5369947938
146 109 80
2 1 640 356.760009766 115.606201172 2 636 167.542236328 229.435424805
1.62924228477 0.582806849048 3.73897788507
2 8 31
2 1 801 561.376464844 -230.333740234 2 639 376.19140625 -101.158081055
0.418332149352 0.569057838338 3.89725734653
209 169 136
2 1 403 -332.214111328 -210.419189453 2 641 -402.450073242 -71.1159667969
1.2688938393 1.3009778847 3.00504046622
159 160 152
2 1 675 358.393310547 -941.984375 2 661 51.8696289063 -702.782714844
1.2688938393 1.3009778847 3.00504046622
159 160 152
2 1 676 358.393310547 -941.984375 2 662 51.8696289063 -702.782714844
1.18696622763 0.887896749236 3.5668722039
136 106 78
2 1 632 240.414306641 -477.790771484 2 672 52.4260253906 -312.289794922
0.166345255736 0.966627143683 3.86575209631
129 89 64
2 1 480 -519.18371582 -502.447021484 2 675 -572.783447266 -321.701904297
1.27324100594 0.832229036896 3.61056328005
129 100 75
2 1 804 304.514160156 -429.130126953 2 685 117.415283203 -272.839477539
1.04687305003 -0.542739511212 3.444741838
254 254 241
2 1 451 135.133300781 662.76373291 2 689 -34.5166015625 724.238586426
1.22625086436 0.697410322685 3.65871449286
251 222 194
2 1 553 264.740478516 -320.497436523 2 696 90.6059570313 -175.565673828
1.0337839547 0.0294746069693 3.27585482123
114 86 62
2 1 680 130.071044922 208.83190918 2 698 -75.0197753906 323.412475586
1.0337839547 0.0294746069693 3.27585482123
114 86 62
2 1 681 130.071044922 208.83190918 2 699 -75.0197753906 323.412475586
0.999680043983 -0.0834729431604 3.33112931144
94 68 45
2 1 732 99.9475097656 300.308837891 2 702 -91.1273193359 401.588745117
0.0329220363406 1.08974239548 3.70819874831
161 124 97
2 1 727 -641.354003906 -615.138183594 2 715 -698.585571289 -412.353881836
0.851975119523 0.0367915577261 3.20195683695
255 254 239
2 1 730 -23.8504638672 207.257202148 2 741 -222.411254883 325.832641602
1.0282106479 0.87457959134 3.54769164907
251 249 221
2 1 618 116.263671875 -471.118652344 2 744 -59.9899902344 -298.010986328
1.384078134 1.21831177275 3.03850370224
188 195 188
2 1 794 459.540527344 -856.639160156 2 766 151.499023438 -632.844238281
1.39268020149 0.496225606671 3.77018374279
155 120 96
2 1 579 380.89453125 -162.896728516 2 796 215.018554688 -38.7194824219
1.23589917634 0.270462496106 3.61851926344
253 253 241
2 1 1130 275.042480469 6.68298339844 2 826 100.777099609 120.459716797
0.0954096626699 0.97751653639 3.74216070601
251 227 203
2 1 615 -588.172485352 -524.711547852 2 832 -647.431030273 -336.856811523
1.17434042586 -0.634236022546 3.4302713073
222 197 171
2 1 519 239.713378906 741.427185059 2 835 57.5024414063 795.510253906
1.51109367963 -0.220921478307 3.44658150815
254 252 229
2 1 935 509.915039063 401.05847168 2 866 298.841308594 491.793762207
1.26087742667 0.181894692029 3.51790492607
253 239 214
2 1 797 301.755859375 75.8041992188 2 881 112.484130859 189.397460938
0.884228877581 0.896368657047 3.57369633122
188 150 113
2 1 771 3.57067871094 -483.411621094 2 892 -157.378662109 -309.850952148
1.08021480471 -0.00939816884774 3.31332439114
135 111 87
2 1 828 167.532958984 239.116821289 2 893 -35.0933837891 348.765380859
1.62323477817 0.384666150635 3.77231936315
50 75 159
2 1 926 551.990966797 -81.4302978516 2 897 375.442382813 35.2645263672
1.45847018002 0.0173012899078 3.52594322215
224 216 195
2 1 939 457.624023438 205.713745117 2 937 257.998046875 306.244140625
1.09539349585 0.0164941314585 3.32546422572
243 234 214
2 1 879 179.438232422 216.164794922 2 945 -22.7098388672 328.664550781
-0.0629542060478 0.882623362239 3.56605316059
229 188 158
2 1 831 -740.505249023 -476.080078125 2 948 -794.798583984 -278.531982422
1.54174067263 -0.221871106853 3.48175971527
123 99 73
2 1 1639 530.328369141 399.969360352 2 966 321.998535156 485.706054688
1.10495136398 -0.0718276759614 3.35288999767
41 41 40
2 1 933 186.259033203 288.356567383 2 976 -11.1801757813 390.842285156
1.08224511957 0.0791606900724 3.31314203588
228 205 181
2 1 912 169.697753906 166.713256836 2 987 -35.7886962891 280.433227539
1.31800008076 0.844726134772 3.65012285043
105 80 55
2 1 1386 335.449462891 -435.633178711 2 990 151.677490234 -279.432373047
1.31800008076 0.844726134772 3.65012285043
105 80 55
2 1 1385 335.449462891 -435.633178711 2 991 151.677490234 -279.432373047
1.23106565514 0.631995327521 3.6451115374
242 220 189
2 1 724 269.225341797 -271.634033203 2 1018 93.9890136719 -130.282714844
1.23106565514 0.631995327521 3.6451115374
242 220 189
2 1 723 269.225341797 -271.634033203 2 1019 93.9890136719 -130.282714844
0.803159736203 0.982362639119 3.5759961912
255 249 215
2 1 952 -59.861328125 -551.010498047 2 1049 -214.08581543 -367.485717773
1.55998083571 0.273340204598 3.81992073693
7 9 42
2 1 1918 499.139892578 1.97705078125 2 1077 334.235107422 109.369262695
1.39114607204 -0.458142742833 3.38117899887
175 134 99
2 1 1568 421.080322266 605.185424805 2 1147 210.85546875 677.656860352
0.517256108952 0.686081682352 3.84023335315
210 170 140
2 1 929 -264.534545898 -298.56652832 2 1161 -352.857666016 -149.075073242
1.25861468715 1.10253859494 2.98400182348
140 138 121
2 1 1200 349.935791016 -763.626464844 2 1172 45.4721679688 -536.666259766
1.59657304287 0.400186462846 3.79213173671
16 30 134
2 1 937 530.410644531 -89.5238037109 2 1179 356.035400391 21.4194335938
0.551261061514 -0.904212251769 3.88395064358
6 5 3
2 1 776 -238.620849609 856.69342041 2 1183 -300.009033203 878.784118652
0.580999079997 0.918244725307 3.81166888321
172 133 106
2 1 955 -219.732788086 -471.768188477 2 1187 -321.552001953 -303.280273438
1.35806418429 0.830834936912 3.69555287521
239 232 212
2 1 1592 362.375244141 -418.902832031 2 1192 181.994384766 -269.798461914
1.16645333324 -0.324511103463 3.38597589659
254 255 240
2 1 858 235.650634766 494.678100586 2 1200 41.6879882813 573.210388184
0.0385165425959 1.03826979253 3.66791174797
144 104 73
2 1 1021 -643.622558594 -582.523681641 2 1208 -704.022094727 -380.35559082
1.34442490295 0.505408066081 3.7197910895
218 188 159
2 1 1361 349.595458984 -170.958496094 2 1224 178.962890625 -44.9208984375
1.46455796268 -0.257899898553 3.40650503491
172 135 108
2 1 1165 477.833007813 437.060424805 2 1257 262.953369141 523.304321289
1.19388985841 0.935246348696 3.57373900586
112 81 58
2 1 1092 245.406982422 -514.264526367 2 1258 57.19921875 -345.53112793
1.18467621419 0.730718569246 3.61886977761
255 253 236
2 1 866 234.657470703 -351.810913086 2 1280 58.8510742188 -196.557861328
0.0377183147797 0.861834525248 3.66662489875
134 97 71
2 1 1470 -643.767333984 -447.234619141 2 1288 -700.675537109 -261.690429688
0.546891812767 0.618459685929 3.90967437389
251 231 200
2 1 1525 -239.089355469 -245.893188477 2 1293 -320.854980469 -103.921386719
1.21041003145 0.913382112117 3.58780637448
210 190 165
2 1 1304 257.484130859 -494.902832031 2 1301 70.2302246094 -329.957763672
1.34611158985 0.538745698182 3.69706283953
155 120 92
2 1 1383 352.527099609 -198.350585938 2 1318 178.703125 -66.5574951172
1.53652415325 -0.0775360494786 3.52314240411
238 229 206
2 1 1303 519.740234375 279.925170898 2 1331 316.824951172 376.386352539
0.0525472424529 1.01766915356 3.67623943934
255 244 217
2 1 1149 -631.451782227 -565.615966797 2 1333 -692.163696289 -365.953735352
1.64282031522 -0.458288435196 3.25353345254
187 167 142
2 1 1433 652.384033203 628.815002441 2 1334 401.124511719 706.908813477
1.1742264619 0.207793055225 3.49036555505
255 253 237
2 1 1001 234.284667969 53.9049072266 2 1335 48.4665527344 175.162719727
1.39939110463 -0.0197498230453 3.4473495222
155 130 106
2 1 1446 419.78515625 240.900756836 2 1360 211.522949219 339.85534668
1.43836046369 0.57909520734 3.75976332389
106 85 61
2 1 1517 416.129638672 -224.816040039 2 1362 244.318847656 -96.2181396484
0.400167484769 0.718200240195 3.78468906032
255 252 222
2 1 1140 -355.299926758 -327.66015625 2 1369 -437.686157227 -167.983642578
-0.057985614003 0.807996749946 3.57799502008
221 183 154
2 1 1209 -733.947998047 -415.884765625 2 1373 -786.279785156 -227.055419922
-0.057985614003 0.807996749946 3.57799502008
221 183 154
2 1 1210 -733.947998047 -415.884765625 2 1374 -786.279785156 -227.055419922
-0.0989104838983 1.08564012516 3.67096128396
255 254 232
2 1 853 -749.294067383 -619.150878906 2 1380 -793.177856445 -408.958129883
-0.188126660826 0.698334369117 3.64330503087
149 117 88
2 1 761 -822.513793945 -325.064331055 2 1393 -849.125488281 -148.114990234
1.32426475371 0.544750001136 3.68469836581
162 125 99
2 1 1010 337.160888672 -203.073974609 2 1396 162.650146484 -70.8171386719
1.02865069177 0.206302626078 3.32531453564
242 219 190
2 1 1580 124.018798828 58.7886962891 2 1427 -75.6645507813 186.35949707
1.13059098709 0.669069427105 3.67783395222
250 222 187
2 1 750 190.720214844 -297.302124023 2 1431 27.1994628906 -153.491088867
1.08445255314 -0.79237475342 3.61547425416
211 201 189
2 1 1438 158.464355469 828.064086914 2 1444 14.7163085938 869.115112305
0.579005565128 -0.918843327019 3.86204716586
206 201 182
2 1 897 -219.920166016 871.096252441 2 1475 -285.564331055 894.519165039
0.579005565128 -0.918843327019 3.86204716586
206 201 182
2 1 896 -219.920166016 871.096252441 2 1476 -285.564331055 894.519165039
0.0431304862627 1.21366626935 3.881036671
205 190 167
2 1 1510 -607.817993164 -680.548095703 2 1480 -651.468017578 -477.803955078
1.6251121636 -0.495197703148 3.24215853007
252 245 221
2 1 1962 639.836669922 664.014953613 2 1499 387.416259766 736.747436523
0.927121170585 -0.785178659615 3.67118400552
251 248 228
2 1 1066 36.0263671875 810.768432617 2 1513 -86.9205322266 849.000915527
0.0945082053753 1.0368835577 3.75188355398
150 114 88
2 1 1624 -587.900634766 -568.893798828 2 1532 -646.629760742 -374.554077148
0.889607661245 -0.402751716807 3.48053061271
254 254 239
2 1 1530 7.79833984375 543.505126953 2 1533 -143.922607422 614.69543457
0.889607661245 -0.402751716807 3.48053061271
254 254 239
2 1 1531 7.79833984375 543.505126953 2 1534 -143.922607422 614.69543457
0.943759627421 -0.716604000787 3.58736775068
156 130 103
2 1 1075 49.9655761719 775.075561523 2 1541 -87.1499023438 818.499023438
-0.0197422896805 0.817284605748 3.61675197382
174 133 105
2 1 1015 -696.877197266 -419.119506836 2 1545 -750.273681641 -232.149291992
0.482800550433 0.697247471404 3.84905686175
173 132 102
2 1 1409 -289.125610352 -306.159179688 2 1549 -373.229858398 -155.451416016
1.21997723036 0.755866221628 3.61076233831
175 139 110
2 1 1349 262.834716797 -370.908325195 2 1570 81.8571777344 -216.563598633
0.947883515917 0.0621500399832 3.22149039791
255 246 219
2 1 1695 58.7524414063 185.153076172 2 1594 -147.973999023 303.04675293
1.41260725781 -0.463512756632 3.39703328974
255 253 226
2 1 1914 436.789550781 606.615905762 2 1608 228.002685547 679.436767578
1.24842562345 1.0182129615 3.02628727791
240 225 198
2 1 1460 336.187988281 -675.155761719 2 1623 42.8896484375 -461.597412109
-0.124129835387 0.77282286559 3.60661930659
178 137 110
2 1 1557 -780.254394531 -385.690673828 2 1662 -820.367675781 -200.739257813
0.601663322484 -0.943919373568 3.89396684148
15 17 14
2 1 1034 -201.400024414 884.29864502 2 1664 -266.333251953 902.473205566
0.601663322484 -0.943919373568 3.89396684148
15 17 14
2 1 1033 -201.400024414 884.29864502 2 1665 -266.333251953 902.473205566
1.33479343088 -0.254325354064 3.37886953808
254 254 244
2 1 1832 374.193359375 436.544189453 2 1667 164.690429688 524.609008789
1.43488625766 -0.183977594286 3.41590945126
255 253 244
2 1 2219 452.132568359 375.312133789 2 1678 239.827636719 466.833374023
0.957046290474 -0.225458316299 3.39345059789
252 227 198
2 1 1379 63.3017578125 411.178344727 2 1685 -111.114135742 499.019104004
0.896783777231 -0.210348106095 3.37829033784
255 253 235
2 1 1681 14.0915527344 400.577026367 2 1687 -156.986938477 489.783691406
1.25225147145 0.96824663078 3.61225501535
42 28 19
2 1 1287 288.514160156 -533.972900391 2 1727 100.470214844 -368.833129883
1.01166984772 -0.12341505978 3.34818588582
135 108 81
2 1 1358 109.0703125 330.842773438 2 1737 -79.0030517578 430.571899414
1.01166984772 -0.12341505978 3.34818588582
135 108 81
2 1 1359 109.0703125 330.842773438 2 1738 -79.0030517578 430.571899414
0.814044318277 -0.54523357484 3.57573266099
255 253 234
2 1 1959 -51.5943603516 641.388305664 2 1745 -180.203613281 699.434204102
1.70222756261 -0.344890632565 3.37575757416
164 143 116
2 1 1477 679.381835938 514.15411377 2 1746 444.851806641 595.796081543
0.638993735944 0.397122345823 4.17168351622
110 63 35
2 1 1619 -162.64831543 -81.5609130859 2 1756 -222.075683594 30.7416992188
0.0655768918736 0.830595094562 3.66690165931
248 214 187
2 1 1634 -622.313598633 -423.548950195 2 1821 -681.720092773 -240.830322266
0.535408042837 0.885338475119 3.80654980542
177 134 102
2 1 1139 -253.631469727 -448.277709961 2 1838 -350.879882813 -280.672607422
-0.0920829596108 0.62890832768 3.74919167316
103 77 53
2 1 1098 -727.978271484 -264.225219727 2 1851 -756.130126953 -102.003173828
0.62926984373 0.309322935476 4.14726473804
236 193 161
2 1 1551 -170.185546875 -22.5552978516 2 1890 -229.779418945 84.83203125
0.950710103058 0.919835131864 3.55092165972
183 141 104
2 1 1846 56.1774902344 -503.577514648 2 1894 -115.469360352 -330.958862305
1.3874600685 -0.371150921458 3.3762775265
255 252 234
2 1 2769 418.370605469 534.046813965 2 1900 206.02734375 612.723754883
0.527181130342 0.928760292269 3.78964057922
170 126 95
2 1 1411 -260.718994141 -482.002685547 2 1937 -360.154296875 -310.472412109
1.0178915165 0.822185811779 3.59280966538
253 248 225
2 1 1548 107.445068359 -422.936523438 2 1938 -61.6312255859 -260.361816406
-0.105666926364 0.719006198803 3.61794364695
254 230 203
2 1 1733 -763.41796875 -342.923339844 2 1946 -803.69519043 -164.117431641
1.22457354183 -0.651725505409 3.45622850493
140 115 90
2 1 2722 278.463134766 749.864990234 2 1951 96.8781738281 804.405151367
1.28902623901 1.31078035586 3.0217867988
253 255 250
2 1 2286 374.893066406 -946.976318359 2 1969 70.2805175781 -708.247070313
0.499353208683 0.592597690466 3.89072409943
254 223 193
2 1 1701 -274.684204102 -229.094482422 2 1972 -353.004394531 -85.9271240234
0.659479208773 0.542625769507 4.11992684651
146 104 76
2 1 1926 -150.505493164 -181.682495117 2 2004 -219.297973633 -57.8656005859
0.476625828319 0.475067622812 3.9625490386
181 144 115
2 1 1669 -285.711791992 -140.603637695 2 2016 -353.220581055 -12.4586181641
0.0627856563929 0.804615817148 3.7011410001
242 207 179
2 1 1979 -618.885620117 -399.827636719 2 2042 -674.270385742 -222.400268555
1.56938573459 0.229237018068 3.83577814852
2 5 17
2 1 2466 503.809814453 33.1644287109 2 2046 341.997070313 139.437011719
-0.0907457512299 0.780438617549 3.58916101773
143 104 74
2 1 1567 -757.705322266 -393.857788086 2 2069 -803.615966797 -206.489624023
0.812774711571 0.00289163632944 3.17641048826
136 111 91
2 1 1579 -58.4124755859 237.148925781 2 2091 -255.417724609 356.090454102
1.01306589313 0.866683655865 3.56741752871
255 245 218
2 1 1484 103.930908203 -462.147949219 2 2092 -68.1802978516 -291.263305664
1.68210790711 -0.408256876977 3.29712170755
121 101 76
2 1 2803 677.336181641 578.227539063 2 2104 431.273925781 660.041625977
1.25349445519 0.208111088159 3.57212100545
148 119 90
2 1 1876 291.666259766 54.0012207031 2 2107 111.052734375 167.928588867
1.61523729474 -0.432801520072 3.24232671975
251 243 217
2 1 2167 630.418212891 608.291015625 2 2137 378.627441406 689.020690918
0.783545541355 -0.0857261087316 3.27890232384
181 144 110
2 1 1573 -80.6444091797 307.844970703 2 2142 -258.051513672 408.616821289
1.41131395149 -0.109593632465 3.42637105295
235 222 194
2 1 2232 431.480224609 313.570556641 2 2193 221.4609375 410.351074219
1.77302899158 0.248615890385 4.2092495335
6 7 12
2 1 2005 599.452880859 18.5018310547 2 2195 476.110595703 108.548339844
1.3379132169 1.17359204861 2.99977287742
238 246 241
2 1 3401 422.040771484 -825.190185547 2 2200 110.9375 -599.017578125
1.3379132169 1.17359204861 2.99977287742
238 246 241
2 1 3402 422.040771484 -825.190185547 2 2201 110.9375 -599.017578125
1.63412624208 -0.516400290876 3.26365772174
137 127 107
2 1 1758 643.698730469 677.93371582 2 2211 395.329101563 749.314331055
1.52131968102 -0.25149264642 3.45185698498
253 249 233
2 1 1871 517.502197266 425.057739258 2 2224 307.275390625 513.983642578
1.11580785951 0.676085402775 3.70613993917
255 253 234
2 1 1506 177.41796875 -303.110717773 2 2231 20.7209472656 -154.476928711
1.53966158406 -0.251394827221 3.45295232541
141 109 82
2 1 2780 532.431396484 425.628540039 2 2268 320.727294922 513.07635498
1.38591494772 1.08748913776 3.03380592599
255 254 240
2 1 1939 461.061279297 -737.892089844 2 2271 155.102539063 -523.616333008
1.38591494772 1.08748913776 3.03380592599
255 254 240
2 1 1940 461.061279297 -737.892089844 2 2272 155.102539063 -523.616333008
1.37851990408 0.0270322245097 3.45116018798
150 114 87
2 1 2675 402.332275391 202.536132813 2 2278 195.667236328 305.584228516
1.36533802071 -0.340158054498 3.35385130595
254 254 239
2 1 2171 402.301025391 510.862121582 2 2282 187.680175781 593.680236816
1.22279213651 -0.483062315468 3.39046355747
218 177 142
2 1 1765 281.674560547 624.061218262 2 2320 86.7492675781 692.173339844
1.22279213651 -0.483062315468 3.39046355747
218 177 142
2 1 1766 281.674560547 624.061218262 2 2321 86.7492675781 692.173339844
1.02756917107 -0.290209082501 3.40155175849
224 190 152
2 1 1788 120.762695313 463.230224609 2 2337 -58.0096435547 545.809692383
1.28564158121 -0.625327232681 3.42720780507
160 134 107
2 1 2236 330.5234375 734.856933594 2 2348 138.600585938 791.517089844
1.26286660359 1.36102646799 3.03063150948
240 243 236
2 1 3256 349.907958984 -991.760742188 2 2368 49.1215820313 -746.647949219
0.014574952667 0.896050431169 3.61264341009
246 214 185
2 1 1699 -670.983642578 -480.340454102 2 2411 -730.996948242 -286.936401367
1.46882895766 -0.410995155582 3.40046106634
207 165 133
2 1 2102 482.310058594 562.664306641 2 2434 269.317382813 640.328063965
0.082002702386 1.10299698657 3.76011026526
155 121 95
2 1 1808 -596.074584961 -616.555419922 2 2439 -654.505249023 -418.396606445
-0.0659842847801 0.649666098818 3.71769606251
238 222 195
2 1 1830 -713.954345703 -282.03527832 2 2444 -748.532592773 -116.326660156
1.35612944421 0.467031963462 3.75526061048
249 223 196
2 1 2792 355.098876953 -141.340942383 2 2446 189.7265625 -18.6108398438
1.45937681182 -0.360918756402 3.40523913816
253 241 220
2 1 2367 473.550048828 520.047119141 2 2450 261.613769531 602.518188477
1.3657634394 0.498833738262 3.72292138298
150 118 90
2 1 1834 365.077392578 -166.891845703 2 2457 194.220947266 -39.6988525391
1.05995661224 0.012719053941 3.29206828458
208 198 174
2 1 2253 151.570068359 222.228393555 2 2499 -53.2336425781 334.058959961
0.520096702299 0.600302927447 3.90117220773
167 123 94
2 1 2079 -258.667480469 -232.748168945 2 2512 -338.906982422 -92.5904541016
1.11657535738 0.139011146828 3.36479501465
255 253 228
2 1 2343 195.215332031 113.80847168 2 2515 -5.22619628906 232.724365234
1.62303884579 -0.410040218996 3.27561765194
252 254 249
2 1 2362 631.231445313 583.844238281 2 2516 384.408935547 663.748901367
1.22516025978 -0.118245602168 3.385982252
255 255 239
2 1 2168 282.909179688 322.810913086 2 2530 81.7685546875 422.657592773
1.23491191281 0.931039505063 3.61091063081
92 70 51
2 1 2638 274.793212891 -506.261352539 2 2560 89.2395019531 -340.981811523
-0.155489364323 2.07014259519 3.41585824954
19 23 35
2 1 1300 -861.534301758 -1493.70800781 2 2561 -945.293945313 -1150.24560547
1.57805794888 -0.47744441081 3.24732397745
196 160 128
2 1 2223 598.093994141 646.884399414 2 2563 349.883300781 721.328735352
1.21156655134 0.588823311204 3.68668281525
178 138 108
2 1 2132 251.443359375 -236.498901367 2 2564 84.7827148438 -98.9526367188
1.21156655134 0.588823311204 3.68668281525
178 138 108
2 1 2131 251.443359375 -236.498901367 2 2565 84.7827148438 -98.9526367188
0.59824011112 0.388699696272 4.10254772391
251 228 201
2 1 2220 -193.015136719 -76.5771484375 2 2597 -256.100708008 37.1791992188
0.10353993029 1.00671392328 3.76827252383
136 99 76
2 1 2512 -578.624755859 -543.940185547 2 2607 -636.180908203 -353.669921875
0.727540930891 -0.893964601887 3.77135246827
55 44 31
2 1 2974 -113.714599609 872.580322266 2 2615 -204.455810547 898.87097168
1.15726144495 0.694120876577 3.65172037552
182 142 113
2 1 2348 212.171630859 -319.240112305 2 2617 42.8869628906 -171.17578125
1.54488779426 0.3102638915 3.7987379245
4 13 74
2 1 3166 490.587158203 -25.1440429688 2 2634 322.853271484 85.2322998047
0.534425497021 0.851204922944 3.81167192002
162 119 92
2 1 2122 -253.935546875 -422.34753418 2 2644 -350.026367188 -258.174438477
1.04851617419 0.143925799029 3.29666998659
155 131 105
2 1 3205 141.769287109 111.873046875 2 2651 -63.6016845703 234.676757813
1.32687239761 0.775185375134 3.65452177305
169 141 114
2 1 2943 342.245117188 -380.246459961 2 2711 158.626953125 -232.507446289
1.20595606652 0.714668645044 3.63856253336
254 233 203
2 1 2069 250.465576172 -335.585327148 2 2714 74.7392578125 -187.518920898
1.25680532908 0.603109572561 3.67803799008
172 135 105
2 1 2179 286.345947266 -248.083129883 2 2735 114.951660156 -109.560668945
1.2552559617 0.550214390581 3.7069820793
253 230 200
2 1 1698 283.307861328 -205.569580078 2 2758 116.565673828 -73.7728271484
0.0660226895637 1.06595030082 3.73428874678
153 118 90
2 1 2341 -612.135742188 -593.421630859 2 2780 -669.900268555 -394.611572266
0.57972642042 0.703167762704 3.91578672011
249 232 204
2 1 3493 -215.108276367 -305.837158203 2 2792 -301.036376953 -159.125732422
0.539951907948 0.713216698176 3.87214946514
154 116 84
2 1 2205 -246.049560547 -315.864501953 2 2816 -333.553222656 -166.439331055
0.539951907948 0.713216698176 3.87214946514
154 116 84
2 1 2206 -246.049560547 -315.864501953 2 2817 -333.553222656 -166.439331055
0.511739929777 0.859686768932 3.80178579961
252 212 180
2 1 1866 -271.581054688 -430.557495117 2 2860 -366.070678711 -262.737670898
1.24625383623 0.898257867653 3.60414247284
240 220 196
2 1 2816 284.168457031 -481.172119141 2 2871 96.9741210938 -319.10144043
1.13492721909 -0.540885833995 3.41377651881
190 152 118
2 1 3707 208.218017578 667.242553711 2 2882 25.6730957031 729.792907715
0.499902447662 0.45278789211 3.96656376811
174 133 105
2 1 3233 -269.067138672 -125.115844727 2 2897 -337.712280273 1.69287109375
0.116181101532 1.06864751384 3.77658339996
141 105 80
2 1 1971 -568.181762695 -589.000244141 2 2949 -627.62902832 -394.251220703
1.25150933973 -0.130356719463 3.38463804577
196 155 115
2 1 2128 304.989257813 333.973999023 2 2972 100.951660156 430.677368164
1.25150933973 -0.130356719463 3.38463804577
196 155 115
2 1 2127 304.989257813 333.973999023 2 2973 100.951660156 430.677368164
0.53204563973 0.697136652726 3.87938965099
236 198 167
2 1 2736 -251.360961914 -303.774536133 2 3066 -336.959838867 -155.640136719
1.11852961016 -0.563669798266 3.42101370666
223 183 154
2 1 2099 194.392089844 684.262756348 2 3070 15.0012207031 745.390625
0.435325138762 0.806654563867 3.76323263423
255 225 189
2 1 2431 -330.830566406 -394.471923828 2 3100 -421.462280273 -228.615112305
0.681250051862 0.62554239148 4.09776743766
246 212 183
2 1 2316 -136.456054688 -239.961669922 2 3126 -210.407226563 -108.835693359
0.0662091458484 0.712637263819 3.75991855108
168 133 107
2 1 3446 -607.091552734 -325.323608398 2 3142 -655.299682617 -159.774414063
0.712240747462 0.703982127876 4.089895555
255 250 217
2 1 2405 -115.240844727 -293.892456055 2 3146 -194.208007813 -158.502685547
1.14054519382 0.0754362960928 3.32908120923
251 241 214
2 1 3907 216.909179688 167.157104492 2 3158 9.95739746094 283.66418457
1.05315557065 1.12950200027 2.96544643721
250 254 243
2 1 2106 160.877197266 -792.834716797 2 3182 -126.381103516 -553.384521484
0.43028690292 0.753098700116 3.80395215943
207 164 130
2 1 2441 -331.427734375 -351.797973633 2 3209 -415.469604492 -190.942260742
0.166595765405 1.01441100106 3.90914910194
138 101 75
2 1 3191 -513.47253418 -530.897705078 2 3210 -564.404174805 -350.631103516
1.16661376898 1.04683782926 3.00577050097
184 161 135
2 1 2605 262.907958984 -706.680419922 2 3232 -26.3295898438 -483.500366211
1.10906706468 0.933054710528 3.5622274462
167 127 99
2 1 3031 179.744140625 -513.649414063 2 3238 -3.52233886719 -342.74206543
-0.756205343528 0.253915884579 5.97769313416
98 103 103
2 1 1937 -791.124755859 9.42053222656 2 3277 -630.248168945 81.5627441406
-1.61492283005 0.881957874217 4.09811840302
46 46 44
2 1 1632 -1755.92431641 -423.345947266 2 3302 -1557.35009766 -231.569213867
1.15348140606 1.05013752221 2.98932829306
255 254 235
2 1 2386 252.046142578 -713.533935547 2 3320 -39.1539306641 -487.491699219
1.29703448219 0.547355092027 3.68954518426
254 234 203
2 1 1759 315.693603516 -206.09753418 2 3329 144.6484375 -70.6853027344
1.37493625866 -0.297222611551 3.38079843829
254 238 210
2 1 3394 407.340087891 472.332885742 2 3337 195.430419922 556.164306641
1.41261547004 -0.402131305441 3.3975709012
176 139 109
2 1 1911 436.535644531 555.956054688 2 3395 226.786132813 633.155700684
1.27261539617 1.09860693314 2.99474848332
237 238 225
2 1 3533 361.855712891 -756.964355469 2 3404 58.0434570313 -533.049682617
1.55187499853 -0.549884456778 3.26466437505
200 180 155
2 1 2260 572.888671875 704.989379883 2 3416 331.497070313 775.039428711
1.14263971838 0.653256214754 3.66759581514
255 243 214
2 1 2741 200.103515625 -286.935668945 2 3433 35.0639648438 -142.057373047
1.43939640314 0.0139444885792 3.52785470833
132 105 78
2 1 3144 442.006835938 207.318969727 2 3443 244.636962891 309.552734375
0.536654937003 0.473562371059 3.97362129917
225 195 169
2 1 2771 -242.435668945 -138.953979492 2 3459 -314.563354492 -12.6789550781
1.20463927617 -0.740422966067 3.54227180317
255 253 236
2 1 3264 256.623291016 803.507995605 2 3463 91.2854003906 849.782165527
1.11423176229 0.0065677988877 3.33774633327
118 89 63
2 1 2172 194.447998047 223.564453125 2 3498 -7.17456054688 334.916381836
1.35776241408 1.30997499222 3.04358997769
143 149 145
2 1 2812 435.037109375 -940.593017578 2 3507 129.022216797 -706.638671875
0.840107073685 1.00859194826 3.5587816919
255 251 219
2 1 3814 -31.1135253906 -573.968017578 2 3522 -191.924072266 -388.531616211
-0.108798089869 0.641252684991 3.71015056809
138 112 89
2 1 3462 -747.671630859 -275.444213867 2 3537 -778.017944336 -111.150878906
1.59585007313 -0.481697593418 3.25396889286
255 253 226
2 1 3108 612.187988281 649.122924805 2 3538 364.26171875 723.915405273
0.092047449072 0.812727585717 3.74858698164
109 67 42
2 1 2664 -589.467651367 -400.788574219 2 3570 -644.016601563 -226.846679688
1.37793300519 -0.282675726239 3.38326715227
201 172 141
2 1 3476 409.347412109 459.51184082 2 3607 197.689453125 545.442138672
1.27795154635 0.610636733507 3.68299055605
149 112 80
2 1 3293 302.307128906 -252.696166992 2 3643 129.425537109 -115.986206055
1.27795154635 0.610636733507 3.68299055605
149 112 80
2 1 3294 302.307128906 -252.696166992 2 3644 129.425537109 -115.986206055
1.64129324023 -0.385602765239 3.29030713708
178 142 110
2 1 3070 644.110595703 561.013122559 2 3645 398.252929688 641.755554199
0.989722996335 0.112361241613 3.24545681687
167 129 97
2 1 3064 93.5258789063 139.62512207 2 3676 -113.474731445 263.967285156
-0.0421972934526 0.743208928795 3.64567068305
172 132 106
2 1 2263 -709.052246094 -359.56652832 2 3743 -754.898071289 -180.081542969
-0.0937296805853 0.865426944667 3.55212681945
199 156 124
2 1 3014 -767.916137695 -465.278564453 2 3818 -818.441040039 -265.756103516
