
pmvs2
D:\document\project\3dSurface3\code\sfm_images\d.nvm.cmvs\01\
option-0000
--------------------------------------------------
--- Summary of specified options ---
# of timages: 3 (enumeration)
# of oimages: 0 (enumeration)
level: 1  csize: 2
threshold: 0.7  wsize: 7
minImageNum: 3  CPU: 12
useVisData: 1  sequence: -1
--------------------------------------------------
Reading images: ***
01  2 Harris running ...Harris running ...Harris running ...8868 harris done
DoG running...9204 harris done
9260 harris done
DoG running...DoG running...11816 dog done
11868 dog done
11870 dog done
done
adding seeds 
(0,68)(1,37)(2,3)done
---- Initial: 0 secs ----
Total pass fail0 fail1 refinepatch: 91930 132 91447 351 483
Total pass fail0 fail1 refinepatch: 100 0.143588 99.4746 0.381812 0.5254
Expanding patches...
---- EXPANSION: 2 secs ----
Total pass fail0 fail1 refinepatch: 33670 21996 6402 5272 27268
Total pass fail0 fail1 refinepatch: 100 65.3282 19.014 15.6579 80.986
FilterOutside
mainbody: 
Gain (ave/var): 0.601107 0.190803
22104 -> 22095 (99.9593%)	0 secs
Filter Exact: ***
22095 -> 18511 (83.7791%)	0 secs
FilterNeighbor:	18511 -> 13180 (71.2009%)	0 secs
FilterGroups:	20
13180 -> 10521 (79.8255%)	0 secs
STATUS: 0 0 0 0 0 0 0 0 0 0 
0 0 0 0 0 0 0 0 0 0 
0 0 0 0 0 0 0 0 0 0 
0 0 0 0 0 
Expanding patches...refinePatchBFGS failed!

---- EXPANSION: 2 secs ----
Total pass fail0 fail1 refinepatch: 50767 23891 10155 16721 40612
Total pass fail0 fail1 refinepatch: 100 47.0601 20.0032 32.9367 79.9968
FilterOutside
mainbody: 
Gain (ave/var): 0.667159 0.230933
34412 -> 34304 (99.6862%)	0 secs
Filter Exact: ***
34304 -> 26818 (78.1775%)	0 secs
FilterNeighbor:	26818 -> 22945 (85.5582%)	0 secs
FilterGroups:	20
22945 -> 20143 (87.7882%)	0 secs
STATUS: 0 0 0 0 0 0 0 0 0 0 
0 0 0 0 0 0 0 0 0 0 
0 0 0 0 0 0 0 0 0 0 
0 0 0 0 0 
Expanding patches...
---- EXPANSION: 3 secs ----
Total pass fail0 fail1 refinepatch: 57896 27829 11256 18811 46640
Total pass fail0 fail1 refinepatch: 100 48.0672 19.4418 32.491 80.5582
FilterOutside
mainbody: 
Gain (ave/var): 0.76057 0.260326
47972 -> 47851 (99.7478%)	0 secs
Filter Exact: ***
47851 -> 38052 (79.5219%)	0 secs
FilterNeighbor:	38052 -> 33468 (87.9533%)	0 secs
FilterGroups:	20
33468 -> 30040 (89.7574%)	0 secs
STATUS: 0 0 0 0 0 0 0 0 0 0 
0 0 0 0 0 0 0 0 0 0 
0 0 0 0 0 0 0 0 0 0 
0 0 0 0 0 
---- Total: 0 secs ----
