# Bundle file v0.3
3 475
3106.04882813 0 0
0.978151336836 0.0908499406445 -0.186994714656
0.09507936222 -0.995374213478 0.013756240182
-0.184879829955 -0.031235019357 -0.982263051654
-0.006730467077 -0.00105214882357 0.0372222531214
3110.79174805 0 0
1.00000020742 1.0683325169e-008 -4.38891542553e-008
-1.0683325169e-008 -1.00000021081 4.69513852241e-008
4.38891542553e-008 4.69513852241e-008 -0.999999298998
-0.989087732144 0.104939689533 0.0177784699118
3086.05419922 0 0
0.975675749195 -0.106439554949 0.191647811213
-0.11591098555 -0.992498437161 0.0388750467015
0.186072310253 -0.060143471063 -0.980692962368
-1.67454723284 0.359475778069 -0.213122205427
1.19936223103 0.288355671911 4.22719407785
43 48 90
3 0 35 285.791748047 -81.5516357422 1 38 159.145019531 -135.760253906 2 48 202.076171875 72.3735351563
1.19936223103 0.288355671911 4.22719407785
43 48 90
3 0 36 285.791748047 -81.5516357422 1 39 159.145019531 -135.760253906 2 49 202.076171875 72.3735351563
3.07680656271 1.09525495636 5.80756124156
254 255 255
3 0 45 1002.07104492 -358.139770508 1 36 1125.57666016 -534.980712891 2 38 1339.08447266 -492.655517578
0.65542796189 0.174775456272 4.26803032838
48 53 95
2 0 47 -107.243774414 -38.1784667969 1 68 -244.340087891 -52.0817871094
0.65542796189 0.174775456272 4.26803032838
48 53 95
2 0 48 -107.243774414 -38.1784667969 1 69 -244.340087891 -52.0817871094
3.15444883558 1.33936071462 5.27091612022
123 139 152
3 0 55 1196.17797852 -518.504150391 1 48 1294.65161133 -732.525878906 2 35 1448.81298828 -726.708251953
1.47828354179 -0.547196162141 3.81347840324
245 236 208
3 0 154 530.678955078 576.379516602 1 160 401.668701172 534.986694336 2 155 473.074951172 748.640686035
0.85320097006 0.328372250798 4.06221176366
244 230 187
2 0 156 73.9074707031 -144.661010742 1 159 -104.447753906 -171.111572266
0.477561070405 -0.402102483915 4.33752502234
22 21 16
2 0 159 -280.003540039 363.608886719 1 215 -368.43762207 366.286132813
1.37397462648 0.363995028068 4.17372762298
255 252 224
3 0 185 423.660888672 -125.4453125 1 133 287.945556641 -194.040893555 2 131 323.871582031 0.603881835938
1.09335548249 0.454023135059 4.02680284935
253 250 219
3 0 238 263.698242188 -220.964599609 1 228 81.0944824219 -271.25793457 2 232 89.5268554688 -46.8312988281
0.730787256631 1.03027407318 4.058682627
233 183 144
2 0 258 32.3430175781 -682.895507813 1 233 -198.84375 -711.204345703
0.852485064425 1.35250072264 4.17850870015
70 63 49
2 0 260 123.023681641 -880.643554688 1 185 -102.465942383 -935.663085938
1.37889227554 -0.541550573694 3.88979810685
246 230 196
2 0 271 437.400390625 558.203613281 1 238 313.445800781 520.502258301
0.8896582596 0.282434652821 4.04775388073
26 40 132
2 0 398 99.8977050781 -106.932739258 1 343 -76.7840576172 -137.262817383
1.15659027887 0.507566093034 4.03109954284
254 253 235
2 0 408 312.044677734 -255.9921875 1 349 129.946044922 -311.287353516
1.0198493602 0.691299069518 3.95236533085
254 253 236
2 0 429 241.1484375 -414.182128906 1 368 24.5261230469 -461.889160156
1.08213813438 0.166810564413 3.97335056798
246 239 211
2 0 441 247.16796875 -9.47644042969 1 255 73.404296875 -46.5297851563
2.08488168527 0.956711032408 4.79243376073
230 216 185
2 0 447 748.91796875 -419.907714844 1 366 714.804199219 -557.641113281
1.34966104501 0.666021584344 4.10863278734
83 65 43
2 0 464 441.143554688 -350.461791992 1 239 274.460693359 -425.439941406
1.71238712545 1.25859382455 4.71371691423
230 215 183
3 0 466 566.891357422 -646.394287109 1 418 480.049560547 -765.251464844 2 414 515.84375 -609.008056641
1.37311741695 -0.39009095406 3.7580753999
253 252 224
2 0 475 477.539794922 453.414428711 1 588 319.669433594 413.11340332
1.37991744096 0.630987594996 4.10479583335
238 221 193
3 0 491 460.837158203 -323.869628906 1 416 297.722900391 -399.807250977 2 413 300.892578125 -203.705200195
0.867289475121 1.29409129419 4.12975958606
254 250 224
2 0 500 137.925048828 -848.536132813 1 496 -92.2674560547 -900.773681641
1.13293907867 0.371800271751 4.02592425996
253 248 217
3 0 522 287.665771484 -158.021850586 1 571 110.608642578 -205.602416992 2 522 127.237792969 12.3753662109
0.367053686002 1.13036740463 4.50812143238
116 110 94
2 0 539 -268.643798828 -713.409423828 1 569 -431.396240234 -710.578613281
1.03873017353 0.409934217593 4.01339328757
254 251 228
2 0 555 223.817626953 -192.276000977 1 456 38.5881347656 -238.028198242
1.03873017353 0.409934217593 4.01339328757
254 251 228
2 0 556 223.817626953 -192.276000977 1 457 38.5881347656 -238.028198242
2.94101905806 1.09553891517 5.98401065241
163 182 192
3 0 562 898.147949219 -353.981079102 1 474 1020.171875 -518.408203125 2 435 1235.33911133 -463.625732422
1.2913544803 -0.0488649202752 3.85971481426
254 248 220
3 0 582 412.956054688 173.200195313 1 617 244.636962891 125.106567383 2 666 271.825195313 336.074584961
1.26974987978 -0.253070961804 3.78453006392
251 229 187
3 0 586 401.568603516 336.895385742 1 551 231.678466797 295.88659668 2 534 266.4453125 513.76763916
1.22031932135 0.777575119698 3.99590068586
248 234 204
2 0 590 383.577148438 -455.778564453 1 479 181.099365234 -524.515136719
2.00870561439 1.0294383725 4.74016311726
229 204 168
3 0 621 722.006347656 -477.474609375 1 565 673.407226563 -610.370849609 2 568 737.51171875 -482.826660156
1.2217498856 1.00088558644 4.01989071294
254 249 221
3 0 628 393.535888672 -617.05078125 1 527 181.634521484 -696.644042969 2 535 140.178222656 -479.428222656
2.99065788124 1.0579589551 5.92827632081
166 184 196
3 0 630 932.283935547 -339.275268555 1 863 1055.80566406 -503.209228516 2 894 1274.68115234 -450.670776367
0.714213576361 0.180680442285 4.2409940537
57 96 236
2 0 652 -61.7186279297 -41.3347167969 1 876 -202.323486328 -54.2640380859
1.47487092689 -0.465018324777 3.71329996696
254 242 207
2 0 658 562.573730469 525.717346191 1 744 409.168212891 479.834594727
1.05885580834 1.21930539579 4.08216240907
254 253 228
2 0 676 278.535400391 -781.501953125 1 564 53.310546875 -855.359863281
1.15792181715 0.75559219862 3.98747342659
249 240 205
2 0 695 338.967773438 -441.800292969 1 586 132.110595703 -512.389892578
1.07291292951 -0.511898996256 3.8114649252
254 248 223
3 0 724 227.252441406 529.940551758 1 870 67.4267578125 505.71673584 2 992 131.538574219 741.45892334
0.997165145671 0.533485563279 4.00073035176
255 252 225
2 0 740 204.195556641 -290.614746094 1 712 6.35424804688 -334.294067383
1.19904805766 0.415894320821 4.05403359516
177 140 106
3 0 755 331.638183594 -183.956787109 1 678 161.544433594 -239.168823242 2 691 176.76953125 -25.7998046875
0.818590632665 0.118179515111 4.06293516073
254 255 242
2 0 768 34.0085449219 12.7604980469 1 916 -131.264892578 -11.5325927734
0.933209029934 0.323721688726 4.04378915105
253 248 222
3 0 783 135.749267578 -135.972167969 1 1125 -44.0914306641 -168.162231445 2 1522 -17.4171142578 66.9392089844
1.28678295311 0.641663458597 4.03349725578
254 249 226
3 0 793 413.655273438 -343.734741211 1 633 229.850097656 -416.368164063 2 648 222.892822266 -209.061767578
1.26275069041 -0.314886233144 3.77907971364
253 239 199
3 0 813 393.860839844 386.822143555 1 868 225.169433594 347.100341797 2 948 266.517333984 566.93560791
1.19585135624 0.452196036321 4.05023494213
255 252 228
2 0 840 332.384521484 -208.896728516 1 681 159.451416016 -268.626586914
2.06258332992 0.68410849223 5.01025883465
79 57 31
3 0 852 668.761230469 -245.182373047 1 828 669.056152344 -361.445068359 2 689 792.942382813 -235.333862305
1.19239538634 0.534051320918 4.01671403256
254 251 223
2 0 882 342.645751953 -270.973876953 1 839 157.985595703 -335.723266602
1.12567581518 1.57084316295 4.26277988384
136 125 104
2 0 885 311.163818359 -990.032226563 1 1055 100.37890625 -1075.89404297
1.3262192224 0.739484043844 4.09367916246
92 65 41
2 0 923 433.071289063 -405.270019531 1 746 257.394775391 -484.901977539
1.19227149679 -0.300650946565 3.7824131464
254 253 230
2 0 936 339.602539063 370.564575195 1 1015 167.932861328 335.225341797
1.93421062968 0.974780540277 4.74398879849
251 237 203
3 0 974 674.968261719 -448.067871094 1 966 622.988037109 -573.518798828 2 933 690.142822266 -439.432739258
2.22357934451 0.952106212899 4.90821366158
110 95 71
3 0 987 797.055664063 -401.43762207 1 777 786.282470703 -539.049316406 2 685 885.780761719 -431.608276367
2.09868729888 0.6925475404 4.99940167683
252 240 208
3 0 1012 691.930664063 -247.943725586 1 926 692.716064453 -367.764282227 2 979 817.001464844 -244.832275391
1.30843225985 -0.112887880392 3.83472478074
255 253 223
3 0 1023 426.963378906 228.274047852 1 1276 261.528076172 176.098754883 2 1102 288.611816406 388.376708984
0.929643642585 0.373786893888 4.03175066375
253 254 235
2 0 1051 138.166748047 -174.336181641 1 1232 -45.98046875 -207.476928711
0.929643642585 0.373786893888 4.03175066375
253 254 235
2 0 1052 138.166748047 -174.336181641 1 1233 -45.98046875 -207.476928711
0.696068823551 1.16382989593 4.01828430378
233 196 156
3 0 1066 22.357421875 -793.0703125 1 1462 -229.421875 -824.129394531 2 1957 -262.860229492 -543.741455078
2.18127805649 0.889529182462 4.90787711527
207 186 156
3 0 1075 770.213134766 -364.634033203 1 1004 759.376708984 -499.587280273 2 1046 861.259521484 -388.669067383
2.18127805649 0.889529182462 4.90787711527
207 186 156
3 0 1076 770.213134766 -364.634033203 1 1003 759.376708984 -499.587280273 2 1045 861.259521484 -388.669067383
1.01538939626 0.557898525703 4.01707504335
254 250 223
2 0 1077 216.027587891 -304.640258789 1 1097 20.3557128906 -353.315185547
0.727865537865 1.2877301057 4.06241964893
72 63 47
2 0 1081 47.2270507813 -874.086181641 1 1342 -201.145751953 -910.358154297
2.26565975234 0.804295616867 5.0037461449
90 79 56
2 0 1091 787.858642578 -302.32800293 1 771 797.648193359 -437.290405273
1.35381844851 0.434394961936 4.0736988745
237 208 175
3 0 1100 437.399902344 -182.423339844 1 1372 280.183837891 -252.434936523 2 1989 294.880126953 -55.0704345703
2.29427362116 0.725880393761 5.09598145526
107 95 74
3 0 1141 776.379150391 -248.910522461 1 606 800.298095703 -381.248779297 2 455 939.208984375 -276.056762695
1.79463127127 1.04225060241 4.65981605112
253 235 205
2 0 1145 616.883300781 -510.428710938 1 1000 540.534667969 -628.581298828
1.2069673579 -0.397128341717 3.78088506624
254 253 231
3 0 1161 344.610351563 449.07421875 1 1322 179.962890625 414.24230957 2 1530 227.438964844 641.051330566
1.3808774092 1.01508161644 4.13983702145
148 132 107
3 0 1196 476.713867188 -591.736816406 1 934 297.09375 -688.267822266 2 895 270.480712891 -491.332519531
1.15372758608 0.56103636179 4.01114458481
253 244 211
3 0 1236 318.155029297 -295.607177734 1 1154 127.536865234 -354.778930664 2 1728 124.731689453 -137.938842773
0.896264332906 0.582326631994 4.00521600157
240 215 170
2 0 1243 132.419433594 -334.977416992 1 1350 -72.4774169922 -372.844116211
1.0978496568 0.908691910368 3.96905194569
253 252 231
3 0 1248 309.754638672 -567.170410156 1 1279 85.541015625 -632.715332031 2 1889 47.2126464844 -402.973266602
2.02650642726 0.821397358029 4.85290535075
255 252 219
3 0 1257 693.135986328 -340.806640625 1 1253 668.389892578 -461.900512695 2 1508 763.481445313 -332.70300293
1.69064747373 1.18328151014 4.61518949287
110 90 63
3 0 1264 572.863037109 -609.431152344 1 844 474.681396484 -730.469238281 2 812 504.252441406 -575.888671875
2.04648123682 0.958252105934 4.81279881978
253 245 211
2 0 3617 721.770996094 -423.374267578 1 3777 686.927978516 -554.759521484
1.33820599861 0.605954699187 4.08399414241
254 251 226
3 0 1295 435.111816406 -308.954223633 1 1147 267.336181641 -383.714599609 2 1100 269.280761719 -182.920166016
1.00689114169 0.4288084722 4.01997701826
241 206 161
2 0 1296 200.580810547 -208.972900391 1 1507 13.8093261719 -251.98815918
1.15540501508 1.11854046366 4.02072333801
195 149 112
3 0 1308 353.804199219 -709.536376953 1 1300 129.681884766 -789.187011719 2 2160 80.1794433594 -561.333007813
0.917969758203 0.590710172438 3.99783725592
253 252 233
2 0 1323 150.344238281 -342.02734375 1 1879 -55.4388427734 -378.222167969
1.18762552677 1.12723126729 4.05057678031
255 251 220
2 0 1324 370.751220703 -706.038085938 1 967 153.116210938 -791.254150391
1.30551188299 -0.258083544645 3.79725708484
211 166 123
3 0 1328 425.064697266 344.079345703 1 1106 260.514892578 298.379760742 2 1217 297.511230469 512.931213379
1.8464233186 0.940043547059 4.74709818173
243 222 190
3 0 1331 621.101318359 -433.936157227 1 1155 564.353515625 -549.792724609 2 1092 632.635498047 -406.757446289
1.32709269488 -0.264466410903 3.78766021114
252 218 179
3 0 1345 443.325927734 346.664794922 1 1249 278.973632813 305.15637207 2 1460 316.140380859 521.233886719
1.17234893331 0.391875770196 4.04091494142
254 247 218
3 0 1385 313.668212891 -167.348388672 1 1544 141.666992188 -221.293334961 2 1642 156.541259766 -6.94445800781
1.10090114798 0.551834028676 3.99749516417
253 247 218
2 0 1388 281.837158203 -295.677856445 1 1367 87.4443359375 -349.106445313
2.16804918005 0.917407908547 4.87025638054
122 101 74
3 0 1407 773.783203125 -385.576293945 1 1227 757.182128906 -521.847290039 2 1104 851.884765625 -408.978515625
1.7584647509 0.971472989982 4.64310936744
81 62 37
3 0 1428 596.213378906 -471.295410156 1 753 516.241699219 -581.873535156 2 717 570.044189453 -432.234008789
1.30977191737 -0.365185561999 3.79295741185
176 129 89
3 0 1471 421.893066406 426.625854492 1 1205 264.752441406 388.333374023 2 1297 311.134033203 605.346069336
1.31033541511 -0.36524516136 3.79524475248
176 129 89
2 0 1472 421.893066406 426.625854492 1 1204 264.752441406 388.333374023
0.676997560184 1.28323671077 4.08237499506
255 254 245
2 0 1498 6.55297851563 -871.931640625 1 1274 -239.16015625 -902.523681641
2.26199810128 0.618039434001 5.13306730839
177 172 151
3 0 1531 744.915283203 -189.71887207 1 1736 774.341064453 -312.939697266 2 1942 924.424072266 -200.529907227
2.21337160319 0.755148265803 5.01615665255
141 119 91
3 0 1539 753.848388672 -277.137939453 1 1124 762.613037109 -405.635864258 2 1061 888.065429688 -292.699829102
2.21337160319 0.755148265803 5.01615665255
141 119 91
3 0 1540 753.848388672 -277.137939453 1 1123 762.613037109 -405.635864258 2 1060 888.065429688 -292.699829102
1.17934337065 0.857998000659 3.96988588589
254 244 213
2 0 1546 365.340087891 -521.177124023 1 1795 149.837158203 -593.196289063
0.600730891696 1.0238791038 4.04509584206
226 180 136
3 0 1554 -62.5440673828 -690.807128906 1 1414 -301.288330078 -711.235839844 2 1897 -315.426757813 -426.29296875
1.80829408986 0.968950705852 4.69696857076
255 252 225
3 0 1555 612.087890625 -459.536987305 1 1668 545.159912109 -575.035400391 2 1874 604.148925781 -428.198242188
1.01781735193 -0.517234672985 3.80349914097
253 253 235
2 0 1560 185.180908203 530.984802246 1 1451 23.7631835938 512.928527832
2.22216630541 0.629644796476 5.11327734375
61 52 32
2 0 1570 728.494628906 -199.159667969 1 1238 753.748046875 -320.461914063
1.25814891944 1.12607773613 4.09068190984
254 251 225
3 0 1571 410.997314453 -693.595458984 1 1192 206.277587891 -780.784423828 2 1049 165.127685547 -566.795898438
1.98552965219 0.919591697889 4.78751209085
253 243 215
3 0 1577 691.158691406 -406.657958984 1 1431 650.478027344 -531.87902832 2 1371 729.216796875 -402.732666016
1.16234886471 -0.603629191443 3.88113745731
255 252 235
2 0 1633 273.908935547 599.510131836 1 2159 139.452880859 569.59197998
1.8680894754 1.10687331301 4.69992762939
156 125 92
2 0 1636 654.284423828 -540.879882813 1 1831 584.915283203 -665.997314453
1.0486622656 0.476841143553 4.03011753043
231 181 132
3 0 1643 232.484863281 -241.350463867 1 1716 45.7443847656 -287.962158203 2 2200 54.4311523438 -60.9173583984
1.18641754909 0.789889898192 3.99348540506
210 169 128
3 0 1662 360.680908203 -466.155639648 1 1589 154.164306641 -535.491455078 2 2207 128.188232422 -318.520996094
1.18585788518 0.788658625537 3.99065990595
210 169 128
2 0 1663 360.680908203 -466.155639648 1 1590 154.164306641 -535.491455078
1.74276497663 0.91951935439 4.70000316916
34 21 12
3 0 1698 569.205566406 -432.095092773 1 1550 501.918945313 -542.285888672 2 1656 562.291259766 -388.837768555
1.03246053881 0.521730796028 4.02509199422
230 188 144
2 0 1734 224.483154297 -276.880981445 1 2008 33.7180175781 -323.147949219
2.00978651773 0.98015078157 4.75111480332
255 252 227
3 0 1744 717.142089844 -445.747436523 1 1741 672.601074219 -576.200927734 2 2098 741.762939453 -449.041503906
1.13917878843 -0.40059739491 3.78273265031
230 187 145
3 0 1777 292.049316406 450 1 1689 123.549804688 417.216064453 2 2012 171.456787109 645.803161621
1.31254501843 -0.278749073984 3.79434379302
255 232 191
3 0 1797 429.815673828 358.745727539 1 1719 266.213623047 316.100341797 2 1934 305.658691406 531.921691895
1.03360608565 0.386788466033 4.01489267119
255 251 225
2 0 1811 218.23046875 -175.883789063 1 1745 34.6547851563 -219.276611328
1.00069470228 1.26934534401 4.09068448339
255 253 227
2 0 1823 238.760986328 -824.593261719 1 2178 8.92919921875 -890.092041016
1.30257235746 0.925732299774 4.0429937441
255 253 233
2 0 1839 440.712402344 -551.4375 1 1481 242.622558594 -633.37109375
0.702841579755 0.990994498049 4.08354592053
229 174 131
2 0 1849 5.38659667969 -649.352539063 1 2061 -219.320922852 -679.439453125
0.702841579755 0.990994498049 4.08354592053
229 174 131
2 0 1850 5.38659667969 -649.352539063 1 2062 -219.320922852 -679.439453125
1.27217745834 -0.269303263552 3.77514572757
255 251 218
2 0 1865 404.604248047 351.466308594 1 3186 234.374755859 309.357421875
1.15712691521 1.14767202615 4.02768454261
255 253 232
3 0 1867 355.617431641 -731.270996094 1 1814 130.590087891 -809.892089844 2 2377 80.3388671875 -581.528320313
2.16307943742 0.790451432986 4.96838187184
128 105 77
3 0 1905 739.834960938 -303.672485352 1 2627 738.319580078 -431.259155273 2 2552 853.812011719 -315.934692383
1.38270186548 -0.186956202817 3.83089559095
184 144 104
2 0 1908 478.964599609 289.264526367 1 2389 321.15234375 237.714355469
1.27385737615 0.415269572795 4.06624311658
163 126 92
2 0 1914 381.809814453 -176.408203125 1 1800 218.953613281 -237.520996094
1.42516070267 0.51610498674 4.10295920276
178 143 109
3 0 1937 485.325195313 -236.611938477 1 1504 332.232910156 -312.802612305 2 1803 345.341308594 -121.024780273
1.38029695431 0.352594473885 4.14065149991
126 105 76
2 0 1969 434.905761719 -118.686279297 1 2045 295.253417969 -186.722045898
1.33971420711 -0.486473891295 3.84923741796
255 252 224
2 0 1971 422.261474609 520.13885498 1 1852 284.716796875 479.393920898
1.4111217432 0.589175329666 4.10989595337
252 240 211
2 0 1979 478.514892578 -289.717407227 1 1826 321.1015625 -366.920288086
1.11800595951 -0.313614774819 3.78250606488
215 163 118
3 0 2003 281.868896484 376.536376953 1 2204 105.840820313 345.424194336 2 3093 146.450439453 576.014526367
0.719812191415 1.16100710443 4.00894492179
255 253 233
3 0 2012 40.9411621094 -790.683837891 1 1801 -210.614379883 -824.035888672 2 2571 -247.670898438 -545.135009766
1.75328421732 1.06044066628 4.64950404422
101 79 54
3 0 2039 595.437988281 -524.88659668 1 1457 514.080566406 -641.922363281 2 1362 557.98828125 -492.253540039
0.74395496411 0.992069591907 4.06312734686
253 253 246
2 0 2050 38.7014160156 -649.441894531 1 1906 -188.774780273 -683.625976563
1.23065347574 -0.294110211416 3.78344346856
254 254 244
3 0 2090 369.217529297 370.041992188 1 1898 199.511962891 328.387817383 2 2013 237.303710938 550.248046875
1.34000532978 0.964656173979 4.10439378899
101 78 52
2 0 2093 454.508789063 -564.521240234 1 1680 267.186035156 -656.529541016
1.12594170059 1.03581165567 3.98515079172
254 240 202
2 0 2121 335.133789063 -657.357666016 1 1984 107.380615234 -730.773681641
1.33242581346 0.706414131567 4.08115637166
254 249 223
2 0 2140 438.274658203 -383.110229492 1 1561 263.051269531 -459.967407227
1.43279354777 0.584898208052 4.11249027155
190 156 124
2 0 2141 492.559082031 -284.502319336 1 2523 337.355712891 -363.616333008
2.10634791372 0.767125432986 4.92414123579
252 234 202
2 0 2157 717.873779297 -296.947387695 1 2303 709.309570313 -419.916625977
1.19008095315 -0.409229181611 3.78178462106
229 187 146
3 0 2159 330.471191406 458.187133789 1 2360 166.353271484 424.791015625 2 3198 214.235351563 651.253356934
1.17579666419 0.474340077832 4.0176501148
200 156 115
2 0 2193 326.563964844 -229.913208008 1 2067 145.249267578 -287.143920898
1.19734696637 0.5720622529 4.00694771167
247 220 187
3 0 2220 350.480957031 -300.705322266 1 1974 163.328857422 -364.174926758 2 2068 155.942138672 -150.310424805
1.42104095393 -0.217521341232 3.78844558854
254 252 222
2 0 2250 516.982910156 316.28125 1 968 356.638427734 267.606689453
0.726394908064 1.12927169077 4.01295950351
255 254 243
2 0 2278 42.7744140625 -764.763671875 1 2894 -204.768554688 -798.261474609
0.710785206257 1.11704998454 4.00952669494
217 177 135
3 0 2371 31.6953125 -757.919433594 1 1938 -219.009887695 -788.745849609 2 2458 -250.061889648 -512.391967773
0.592366286589 1.00545123544 4.03980152801
254 233 194
2 0 2434 -69.8326416016 -679.083251953 1 2879 -307.2578125 -698.004394531
1.25499953501 0.438201699474 4.05624528821
159 116 76
2 0 2573 372.215820313 -194.047119141 1 2529 204.840087891 -256.962036133
2.21639961423 1.00911839994 4.90391417251
101 87 63
3 0 2582 797.062988281 -433.151855469 1 1664 782.221679688 -577.044433594 2 2268 876.239746094 -470.188598633
1.43815028894 0.502715061256 4.10608173951
254 246 216
3 0 2604 492.413330078 -226.186035156 1 2572 342.434326172 -302.618896484 2 2477 356.510009766 -111.16394043
1.50120346674 -0.518437850267 3.73992260312
255 247 214
2 0 2626 571.113769531 565.696350098 1 2867 428.396240234 521.993408203
1.80658271626 0.989657939309 4.67455439834
143 118 88
2 0 2633 617.547363281 -474.152587891 1 1691 546.706542969 -592.022705078
1.79511636204 1.12688017572 4.68312992406
255 254 229
2 0 2651 616.169921875 -560.285888672 1 1880 538.171630859 -682.527832031
0.991840704377 0.394809156777 3.99591061399
253 246 216
3 0 2656 191.94921875 -185.889770508 1 1994 1.82922363281 -226.362304688 2 2357 13.2489013672 5.59729003906
1.97470987894 1.02835272414 4.73335321693
202 175 139
2 0 2659 704.234619141 -479.433227539 1 2645 651.126708984 -610.243408203
1.23986882468 1.10159024323 4.06632615997
157 127 96
3 0 2685 402.376953125 -680.42578125 1 1859 192.951904297 -767.293701172 2 1631 150.893798828 -550.858886719
2.0195247294 1.01001225607 4.7794332635
175 147 109
2 0 2697 717.509277344 -460.768676758 1 3885 674.218994141 -591.801269531
2.0195247294 1.01001225607 4.7794332635
175 147 109
2 0 2698 717.509277344 -460.768676758 1 3886 674.218994141 -591.801269531
1.04683424126 0.540816687224 4.00824718619
253 254 246
2 0 2703 239.538085938 -290.478759766 1 2524 44.9829101563 -340.185668945
2.07362781756 0.904652940294 4.80655872845
158 134 101
2 0 2772 736.115966797 -389.946777344 1 2809 705.515380859 -520.169189453
1.2340957009 -0.308034074347 3.76890822091
215 164 117
2 0 2825 374.374755859 380.002441406 1 2595 203.243652344 342.633178711
1.99335699533 0.902186486485 4.82137765028
156 129 95
2 0 2878 686.223876953 -393.294555664 1 3026 651.226074219 -516.547851563
1.36454698237 -0.207269896885 3.81056340326
252 239 201
2 0 2896 469.418212891 304.709838867 1 2358 308.043945313 256.264160156
0.976779312129 0.69382483563 3.96635281373
238 205 155
2 0 3005 206.714599609 -417.916992188 1 3829 -9.56396484375 -462.778442383
0.976779312129 0.69382483563 3.96635281373
238 205 155
2 0 3006 206.714599609 -417.916992188 1 3830 -9.56396484375 -462.778442383
1.50510157133 -0.455372084886 3.65777889139
167 139 106
2 0 3007 603.074707031 525.932800293 1 4051 441.328369141 479.361572266
1.87043056929 0.997988048149 4.68752155888
255 251 223
2 0 3009 652.793701172 -472.658935547 1 2285 587.780761719 -596.426025391
1.25089810662 -0.294070130892 3.78172104714
209 159 116
3 0 3030 385.401367188 368.195556641 1 2270 215.538330078 329.371337891 2 3466 254.9140625 551.082580566
0.824454712639 0.738944427799 4.01987605049
238 210 160
3 0 3072 87.7639160156 -458.39831543 1 3817 -128.452636719 -493.354248047 2 4828 -135.826293945 -238.735229492
0.824076849542 0.738582631222 4.01686980683
238 210 160
2 0 3073 87.7639160156 -458.39831543 1 3816 -128.452636719 -493.354248047
2.30001050892 0.697617726839 5.10243031189
102 92 70
3 0 3089 776.718505859 -233.851318359 1 2557 802.397460938 -362.951416016 2 2289 945.308837891 -257.058105469
1.14866830264 -0.59734320944 3.88768875939
108 78 46
3 0 3207 263.647460938 592.083068848 1 3747 126.031738281 565.122131348 2 3943 210.086425781 794.58770752
1.31220129444 0.227816828556 4.05421141847
47 42 34
2 0 3344 399.614501953 -32.3146972656 1 3227 248.767822266 -97.287109375
1.89315043733 1.07198268379 4.70075460228
255 252 227
3 0 3377 667.15234375 -517.539550781 1 3289 601.124755859 -643.202392578 2 4378 655.026123047 -504.846801758
0.74043796869 1.13475335174 4.00924417351
210 168 128
2 0 3410 54.2141113281 -768.937255859 1 3256 -193.9140625 -802.509765625
1.18014911229 0.679759379436 3.97969144523
254 254 228
2 0 3460 351.780029297 -386.768798828 1 2969 150.130371094 -450.934814453
1.53601845285 0.54837388832 4.18041647104
235 218 186
3 0 3472 543.237548828 -244.345458984 1 3270 409.511474609 -331.299316406 2 4557 430.935058594 -152.55480957
1.53407584461 0.506039169451 4.1760789138
117 92 62
2 0 3487 540.699951172 -215.982055664 1 1939 408.006835938 -299.040161133
1.79524683208 1.00652878392 4.65542001285
255 250 219
2 0 3552 616.333007813 -487.251831055 1 3730 541.317626953 -606.190185547
1.79524683208 1.00652878392 4.65542001285
255 250 219
2 0 3553 616.333007813 -487.251831055 1 3729 541.317626953 -606.190185547
1.27493932523 -0.652930760298 3.86152206499
11 11 9
2 1 19 231.916748047 617.852355957 2 26 314.464111328 835.951416016
2.12388489967 0.799423509755 4.95717119367
172 143 113
2 1 25 715.84765625 -434.73815918 2 20 826.327148438 -322.288818359
-1.24942954558 0.7356287134 6.00543593468
7 8 3
2 1 89 -1166.12695313 -331.454345703 2 99 -883.423095703 6.82067871094
0.515219180152 -0.0219831515149 4.31299066557
22 21 19
2 1 93 -343.098999023 93.5532226563 2 85 -244.062988281 346.094360352
-1.26280595997 1.03666220783 5.06876501119
62 58 55
2 1 128 -1392.46057129 -575.436523438 2 169 -1158.81384277 -185.456176758
0.738544477413 1.33206641126 4.14452346485
79 71 55
2 1 139 -189.110473633 -927.093017578 2 145 -220.838867188 -649.365722656
-0.610653282702 0.86506308979 6.27847176103
146 159 175
2 1 153 -795.810424805 -377.460693359 2 141 -548.334472656 -87.8814697266
1.63713788915 1.16740762758 4.56277856006
101 85 59
2 1 164 444.169433594 -728.08203125 2 126 467.354980469 -563.725341797
0.723106462856 -0.79676069766 4.32963037081
233 204 171
2 1 171 -192.149536133 650.26739502 2 163 -39.2855224609 894.808654785
1.41616141913 -0.597852497799 3.86491874815
15 16 13
2 1 173 345.774169922 570.616821289 2 192 427.316162109 783.165039063
1.5049367459 0.668322966875 4.23988002769
231 213 182
2 1 220 380.272949219 -415.696777344 2 208 400.224609375 -233.981201172
1.23501463672 0.385470942717 4.0692905299
203 169 136
2 1 248 188.926513672 -214.424438477 2 206 207.736328125 -7.19116210938
1.31402780418 0.202881805961 4.12109249092
253 253 231
2 1 258 246.322509766 -74.7408447266 2 219 288.482666016 127.904663086
3.44061784299 1.28614710101 5.14766115091
162 173 177
2 1 270 1494.53320313 -720.211669922 2 173 1686.86157227 -743.079101563
1.9566372007 0.858132330666 4.84682556421
251 238 200
2 1 274 624.069335938 -484.72277832 2 252 712.568115234 -353.757446289
1.87900736595 0.927475157527 4.75684205739
249 220 186
2 1 275 584.893310547 -539.771484375 2 245 655.579589844 -401.552734375
1.36287852733 -0.0696852658772 3.87985460665
254 249 209
2 1 285 301.026855469 139.696044922 2 265 333.856445313 347.219726563
2.4676552603 1.52922501427 3.65735669218
164 174 173
2 1 292 1271.54614258 -1222.02978516 2 300 1155.33325195 -1186.40551758
2.94693219968 1.1550124433 5.90755463347
125 136 142
2 1 365 1036.70556641 -556.244873047 2 288 1243.21801758 -505.409179688
2.08335908785 0.959410560559 4.78749651209
255 246 213
2 1 367 714.804199219 -557.641113281 2 295 793.67578125 -438.837402344
2.18833493605 0.986780805459 4.89096007271
217 192 161
2 1 433 766.804443359 -564.233886719 2 406 859.328125 -453.848266602
1.57787259683 1.04418186889 4.50310065846
45 33 19
2 1 466 408.770507813 -652.817871094 2 471 433.655273438 -480.547485352
2.26789080524 1.20673426051 5.0774541886
74 79 75
2 1 469 787.952148438 -676.532226563 2 315 884.842529297 -580.681640625
1.59690691916 1.16356105222 4.50890396921
85 69 47
2 1 473 421.589599609 -734.105957031 2 578 437.631835938 -565.039306641
1.20200822466 1.23460301642 4.12079570864
254 255 239
2 1 483 161.710693359 -857.620605469 2 361 117.84765625 -636.413330078
3.30079160917 1.32527264472 5.38363502076
148 162 173
2 1 486 1346.05957031 -711.864746094 2 477 1535.07910156 -710.010498047
1.64281737917 1.00281611727 4.59577373958
31 18 9
2 1 512 444.655517578 -611.337158203 2 392 485.364501953 -446.837036133
1.16870463553 0.621572948874 3.99793031393
255 255 230
2 1 521 140.677490234 -400.448974609 2 436 128.71875 -188.822265625
2.08425971104 1.12791087133 4.82942327183
240 209 177
2 1 529 709.437744141 -660.078125 2 590 778.761474609 -546.921386719
1.26320779057 1.01339624129 4.0440177033
136 100 66
2 1 557 212.015625 -703.032958984 2 504 173.706298828 -489.805297852
1.10143992223 -0.569065864981 3.84783256442
245 216 178
2 1 580 91.2941894531 547.955383301 2 554 163.561523438 781.073852539
1.28803023023 0.831408131184 4.00912263234
255 251 219
2 1 595 233.260986328 -565.133056641 2 500 204.264648438 -359.922119141
1.25678630801 0.791034188757 3.99598702826
158 122 85
2 1 596 209.418701172 -537.8203125 2 514 182.754638672 -324.512084961
1.78667101927 1.21724887891 4.7134378328
248 227 189
2 1 597 529.348388672 -735.366455078 2 695 569.157470703 -592.611816406
1.40911394125 -0.0797477783129 3.89481676877
175 143 105
2 1 598 336.978515625 147.169921875 2 447 373.666992188 351.096801758
0.971739559931 -0.534058308407 3.85525698589
254 234 191
2 1 603 -14.0178222656 519.04473877 2 641 56.5461425781 757.495849609
1.4447812189 -0.0734000630149 3.92139123749
244 232 206
2 1 632 363.149169922 141.381469727 2 515 403.697509766 341.350708008
1.09608220846 0.175649904558 4.0094688298
255 254 238
2 1 636 83.4592285156 -54.1079101563 2 637 112.74609375 166.150878906
1.38891474637 1.06293494956 4.1654589841
95 79 56
2 1 648 300.285400391 -718.4453125 2 518 275.255859375 -523.916625977
1.17805631752 1.6383935828 4.26772796036
135 122 103
2 1 653 138.736816406 -1124.73339844 2 859 85.5354003906 -895.968261719
1.91523469629 1.1392096542 4.72406047414
253 253 233
2 1 655 613.124023438 -684.926269531 2 657 664.391357422 -549.580566406
2.12620655707 1.11092177449 4.82632739779
129 104 74
2 1 684 737.049316406 -650.606201172 2 393 809.389892578 -539.399902344
0.992646987596 -0.566266676896 3.88320994154
252 244 204
2 1 695 3.0029296875 542.085998535 2 1207 79.8364257813 777.417663574
1.88973678885 1.2426873674 4.79026297371
250 237 201
2 1 696 588.069335938 -742.360351563 2 530 637.954101563 -606.247558594
1.32209675401 1.20566164197 4.17849078815
251 241 206
2 1 732 249.423339844 -822.747802734 2 548 214.788574219 -619.985839844
2.16645366704 1.17009319101 4.89007142349
231 212 184
2 1 752 753.338867188 -678.375488281 2 521 829.108886719 -574.757324219
0.766848344758 1.04147302266 4.05365834673
254 255 236
2 1 767 -171.412719727 -722.736328125 2 1007 -195.775268555 -455.107543945
2.2651064501 0.803971827938 5.00170001904
98 81 55
2 1 770 797.648193359 -437.290405273 2 664 919.741210938 -330.472900391
1.45260236283 -0.149013253331 3.8961231066
236 212 176
2 1 778 371.824462891 203.19140625 2 528 415.985839844 404.237304688
1.37229981676 0.027381409005 3.94198196791
176 137 97
2 1 788 303.672851563 59.8483886719 2 491 336.930419922 265.190063477
1.10520396512 -0.534554671677 3.84415726158
188 152 113
2 1 816 94.4799804688 520.787597656 2 925 162.976074219 752.229248047
2.25673548713 0.756757670469 5.05582826635
253 245 215
2 1 822 783.9453125 -401.727416992 2 690 914.044921875 -296.156738281
1.33625160772 0.923311917215 4.09705220094
104 75 45
2 1 841 264.869628906 -626.806152344 2 643 242.251464844 -420.485351563
1.69077845675 1.18792101863 4.62390523413
114 89 62
2 1 843 474.681396484 -730.469238281 2 811 504.252441406 -575.888671875
1.61712914989 0.672793282749 4.34492782154
134 114 88
2 1 845 451.761962891 -409.213256836 2 684 487.278320313 -238.938476563
1.28901315882 -0.0786926056357 3.84377844602
254 255 241
2 1 849 243.834472656 148.915771484 2 716 271.225830078 361.982543945
1.02890789273 -0.59968002019 3.88578657684
234 198 155
2 1 855 32.2272949219 569.095458984 2 605 112.049560547 802.102050781
1.32195972023 1.03353665553 4.08637128962
254 230 191
2 1 867 254.796630859 -710.994140625 2 921 220.777587891 -505.446044922
2.15899732931 0.730289400928 4.95701769421
255 249 222
2 1 873 737.708251953 -395.33984375 2 1220 856.420654297 -276.686157227
2.14843208733 0.703567895205 5.03078823718
190 161 127
2 1 874 720.251708984 -372.572509766 2 754 847.575927734 -252.963867188
1.22135195797 0.738111207197 4.00155075942
255 253 228
2 1 887 181.552734375 -493.476806641 2 646 160.125976563 -281.527587891
1.93706720604 0.815664328686 4.88940370834
80 55 35
2 1 890 605.876220703 -455.738647461 2 755 702.205566406 -317.772949219
1.83553063681 1.12243847768 4.67617178339
254 249 222
2 1 892 566.061279297 -680.555175781 2 736 610.763916016 -537.098632813
1.33901858099 0.867677026207 4.07322334876
244 221 188
2 1 925 268.696044922 -584.677246094 2 751 246.385742188 -384.753540039
1.26995177971 0.00195196529802 3.87607916121
254 255 245
2 1 935 226.451660156 83.0416259766 2 1005 251.056396484 295.084350586
0.606641372495 -0.821560712724 4.38145657053
255 255 241
2 1 944 -272.792480469 662.106445313 2 1431 -110.951049805 907.143066406
1.3422876319 1.11295642526 4.13964323651
255 246 209
2 1 945 266.827880859 -763.520751953 2 669 234.594726563 -557.183837891
1.19231429006 0.743701573564 3.97729895338
200 145 104
2 1 971 159.731933594 -502.67565918 2 869 134.875244141 -283.495239258
1.19231429006 0.743701573564 3.97729895338
200 145 104
2 1 972 159.731933594 -502.67565918 2 868 134.875244141 -283.495239258
1.39037915953 0.422853104754 4.12502532189
153 109 74
2 1 974 304.023681641 -240.720703125 2 1392 327.927001953 -46.9020996094
1.3993743926 0.383385748673 4.14308956723
255 253 238
2 1 982 309.485351563 -209.681640625 2 1090 339.353759766 -17.2659912109
1.82862626447 0.854816776073 4.84280945033
44 30 19
2 1 998 541.688476563 -485.464233398 2 968 626.770751953 -337.717773438
1.23174920699 0.816466551395 3.99237549937
255 254 235
2 1 1018 189.969970703 -558.945068359 2 1083 161.010009766 -341.177124023
1.33202764276 0.35283530687 4.17814072671
125 98 68
2 1 1022 256.518798828 -184.674560547 2 1105 293.361572266 12.4074707031
1.88782247891 1.0853746261 4.7074552891
254 248 214
2 1 1036 597.034912109 -651.094726563 2 1115 649.775146484 -513.472290039
0.69995356184 1.00536274845 4.03968935746
255 254 228
2 1 1046 -223.83972168 -698.260986328 2 1143 -243.970825195 -422.059326172
2.02448554494 0.795933483714 4.92051503426
178 147 112
2 1 1047 657.688720703 -439.377319336 2 1200 761.653076172 -310.946533203
1.09389116361 1.22894087794 4.09253551692
215 180 138
2 1 1071 80.0888671875 -861.333740234 2 1042 35.2712402344 -622.555419922
2.113423938 0.637128925141 5.05010989887
62 44 24
2 1 1084 695.821533203 -328.806518555 2 898 828.336914063 -207.372924805
-1.09553526155 0.699976589819 5.98248792129
77 71 59
2 1 1085 -1089.56005859 -310.74621582 2 1817 -817.947509766 11.5728759766
1.06215041009 0.631431784134 3.96791636486
254 254 221
2 1 1092 57.5502929688 -415.178222656 2 1379 43.1032714844 -184.272949219
1.3054498092 -0.256980857257 3.79653945318
228 179 131
2 1 1105 260.514892578 298.379760742 2 1218 297.511230469 512.931213379
1.93598405999 1.01056404752 4.73910862646
135 98 60
2 1 1111 624.799072266 -596.877441406 2 941 688.59765625 -464.510375977
1.01069371843 0.388822460086 4.01442966741
243 201 151
2 1 1133 16.8338623047 -220.925170898 2 1602 30.5954589844 9.62768554688
1.25018859117 1.05326694184 4.04810707003
255 253 226
2 1 1168 201.801757813 -732.352783203 2 1182 160.73046875 -518.779418945
2.25940136188 1.03200326637 4.96678054566
91 79 55
2 1 1172 800.027832031 -582.411376953 2 531 899.576660156 -482.464233398
2.03147462292 0.712540953446 4.96758301955
232 209 176
2 1 1195 655.762451172 -382.815307617 2 1179 771.333984375 -253.609008789
1.3001375222 1.06385614498 4.0703862297
252 227 191
2 1 1201 239.052001953 -737.102783203 2 1095 200.153320313 -528.367675781
1.15567126336 0.660370691361 3.99687563111
254 247 207
2 1 1202 130.190673828 -436.114624023 2 1129 116.322509766 -212.387084961
1.28592155222 1.1634583162 4.1272452546
245 228 194
2 1 1203 224.958984375 -803.777587891 2 913 187.049804688 -590.708251953
2.07413948164 0.784748192662 4.94496181743
253 244 212
2 1 1209 685.867675781 -429.896240234 2 1397 795.088623047 -306.204345703
2.16756590207 0.916895112921 4.86695779974
130 103 74
2 1 1226 757.182128906 -521.847290039 2 1103 851.884765625 -408.978515625
0.762600886129 1.10509177843 4.03479901503
158 106 66
2 1 1254 -175.578979492 -776.598388672 2 1418 -207.237548828 -503.516479492
1.20794518758 0.475279900508 4.01447184469
255 253 243
2 1 1255 170.388916016 -288.257568359 2 1029 173.904541016 -75.1215820313
1.09971987025 0.646834026184 3.96479694927
251 230 183
2 1 1271 87.2236328125 -427.546020508 2 1276 70.1767578125 -200.322143555
1.22886927838 0.404674990109 4.07597273828
246 212 177
2 1 1292 183.891357422 -228.995727539 2 1758 202.104492188 -20.9168701172
2.00705473704 0.953822089983 4.77247571917
151 118 85
2 1 1299 666.942382813 -556.193359375 2 1178 741.742919922 -428.920166016
2.07852818331 0.73748272871 4.97548420548
255 237 204
2 1 1318 684.365966797 -397.523681641 2 1567 800.534667969 -273.497558594
1.33987604774 0.534061274145 4.0534926202
253 245 220
2 1 1337 270.548583984 -329.998046875 2 1646 274.049560547 -131.693237305
0.575966230851 1.24246706377 4.06411566964
113 101 80
2 1 1405 -318.074584961 -877.269042969 2 1735 -345.606323242 -579.249511719
1.04156012664 0.498164948438 4.01209481856
254 255 238
2 1 1406 40.9182128906 -305.854125977 2 1684 44.4958496094 -77.6635742188
1.86963960129 0.961729597924 4.75164077799
161 128 94
2 1 1410 579.354492188 -563.520507813 2 1648 646.596191406 -423.452636719
1.86963960129 0.961729597924 4.75164077799
161 128 94
2 1 1411 579.354492188 -563.520507813 2 1649 646.596191406 -423.452636719
1.16358308182 0.769566084371 3.96418015994
254 249 211
2 1 1420 137.638427734 -524.3046875 2 1886 108.833984375 -302.330688477
1.43554720523 0.956964155745 4.19703562658
181 169 147
2 1 1424 332.657470703 -634.737304688 2 1148 321.431884766 -445.236938477
1.15167283226 0.601990207784 3.99117368489
255 249 219
2 1 1442 127.331787109 -389.419189453 2 1343 117.209472656 -168.907226563
1.99258926156 0.726706162739 4.98165352657
79 56 33
2 1 1446 629.469726563 -390.673095703 2 1507 743.854492188 -258.168334961
1.22118790723 0.849155283828 3.96409864153
254 236 199
2 1 1465 183.14453125 -586.507568359 2 1668 146.436035156 -370.946166992
2.03092245072 0.964091652001 4.72624113186
174 141 103
2 1 1467 689.381103516 -567.900390625 2 1677 758.917236328 -444.309814453
1.34688680051 -0.105351149948 3.85115355919
254 254 229
2 1 1473 290.389892578 170.712890625 2 1316 321.816894531 378.704467773
1.2639274527 -0.0260639357147 3.86349008975
233 182 134
2 1 1479 222.240478516 105.051269531 2 1139 247.745605469 319.987304688
1.17123980946 1.03303712428 4.01642739166
255 253 224
2 1 1487 141.8125 -724.291015625 2 2094 99.2241210938 -497.396484375
2.02846669653 0.763429500252 4.94836584846
254 240 210
2 1 1492 656.482421875 -416.058349609 2 1540 765.903320313 -288.104248047
1.2752153183 -0.431825073612 3.82211302231
181 137 98
2 1 1498 234.010009766 438.808349609 2 1587 291.202880859 660.002868652
1.2752153183 -0.431825073612 3.82211302231
181 137 98
2 1 1499 234.010009766 438.808349609 2 1586 291.202880859 660.002868652
0.688074435838 -0.837837304018 4.38328641089
252 245 222
2 1 1523 -214.575927734 673.614074707 2 1746 -53.0734863281 914.832336426
1.18134935792 0.971627857262 3.99102694073
166 119 75
2 1 1524 150.686767578 -679.390136719 2 1459 108.688720703 -456.687255859
1.73745802597 1.13281085932 4.64537279531
126 99 66
2 1 1528 503.747802734 -692.202392578 2 1714 541.75 -538.157226563
1.17227278649 0.391921273965 4.04200503762
255 251 225
2 1 1545 141.666992188 -221.293334961 2 1641 156.541259766 -6.94445800781
1.23628954607 0.961325305994 4.03639991945
255 248 214
2 1 1569 191.532470703 -663.978027344 2 2859 156.794189453 -448.265625
0.692717289627 1.13810640184 4.02183374546
253 254 243
2 1 1581 -230.491943359 -804.173583984 2 2004 -263.276611328 -523.051025391
1.51566687453 0.538774883194 4.17837934168
147 114 81
2 1 1588 393.864746094 -325.008911133 2 1284 416.607666016 -142.868896484
1.32729970619 0.322980600145 4.20284033432
241 233 208
2 1 1615 251.457763672 -161.735839844 2 1935 294.245361328 36.0834960938
1.23011113741 0.288032379325 4.08486418019
33 38 62
2 1 1627 184.36328125 -140.070068359 2 1606 214.006103516 69.2109375
1.74002546558 1.01573362443 4.61976956455
103 77 51
2 1 1632 508.237304688 -615.994873047 2 1383 552.354492188 -463.309692383
0.595985562464 1.24739037565 4.09850256747
255 255 229
2 1 1633 -300.046264648 -872.295654297 2 2312 -324.507202148 -580.72265625
0.704844673263 -0.751815168644 4.33683770851
255 244 212
2 1 1635 -204.817260742 618.267211914 2 2099 -54.7313232422 859.890075684
1.41122515062 -0.117727055716 3.87828489398
249 242 214
2 1 1643 340.189697266 179.109741211 2 1768 377.888916016 382.590332031
1.41122515062 -0.117727055716 3.87828489398
249 242 214
2 1 1644 340.189697266 179.109741211 2 1769 377.888916016 382.590332031
1.45024678093 0.683139011185 4.24004825903
95 74 49
2 1 1652 339.919921875 -426.740600586 2 1495 358.186035156 -239.397460938
1.45024678093 0.683139011185 4.24004825903
95 74 49
2 1 1653 339.919921875 -426.740600586 2 1494 358.186035156 -239.397460938
1.55097139201 0.524322374231 4.17989920132
243 220 184
2 1 1676 420.27734375 -312.06628418 2 1069 444.5 -137.204589844
1.17434580108 0.342615073563 4.07088205916
29 32 85
2 1 1692 142.239746094 -181.912353516 2 2048 165.441894531 31.5155029297
1.32696888613 1.06577224418 4.08865989533
159 126 91
2 1 1700 258.546630859 -734.500488281 2 1517 221.909667969 -530.744018555
1.04811903818 0.477166395842 4.03563418551
244 190 134
2 1 1717 45.7443847656 -287.962158203 2 2201 54.4311523438 -60.9173583984
1.31246700897 -0.279330412506 3.79689464178
255 234 189
2 1 1718 266.213623047 316.100341797 2 1933 305.658691406 531.921691895
1.69105771798 1.1414303843 4.58580641738
220 195 164
2 1 1720 478.746826172 -705.819335938 2 2307 507.499511719 -549.099609375
1.51796920092 0.422533039865 4.18626182584
90 73 52
2 1 1721 394.682861328 -239.118286133 2 1264 429.121826172 -53.6109619141
1.01631651988 -0.529855832788 3.83755951637
255 254 224
2 1 1722 22.0948486328 516.609008789 2 2155 89.8364257813 755.738586426
2.21164841697 0.812878196104 4.95335671308
255 245 213
2 1 1725 771.696777344 -446.787231445 2 2204 885.620117188 -336.321166992
2.14289554008 0.848970446214 4.90524107324
255 248 214
2 1 1726 735.387207031 -474.754638672 2 1732 838.510742188 -357.667724609
2.33647963009 0.754187112256 5.13697054447
88 80 65
2 1 1787 820.025634766 -395.226806641 2 1303 962.194824219 -293.26171875
2.06056804001 0.804634987473 4.86924285018
178 144 107
2 1 1820 687.972167969 -448.173706055 2 2299 787.033935547 -326.049438477
1.41043164347 0.586164515138 4.10137771061
255 246 218
2 1 1827 321.1015625 -366.920288086 2 1672 327.606933594 -174.176513672
1.94934106954 0.921572133877 4.77736041915
161 127 92
2 1 1857 628.379882813 -534.692138672 2 1902 704.346679688 -401.057983398
1.37119964431 -0.000319438175211 3.92945119241
152 112 73
2 1 1858 303.832519531 82.8148193359 2 1519 337.603759766 287.431396484
1.46862893332 0.633835370986 4.1958190142
193 158 121
2 1 1863 357.10546875 -395.927978516 2 1564 373.907958984 -206.909790039
1.60676330195 0.58895322577 4.22671910926
111 91 66
2 1 1878 456.7734375 -358.355834961 2 1734 483.336914063 -185.946044922
1.34152417075 -0.243189466484 3.80868835439
234 184 139
2 1 1901 289.143066406 284.442871094 2 2217 327.568603516 499.103271484
0.708227330966 -0.786428218024 4.34177184572
255 252 240
2 1 1912 -202.197265625 642.161743164 2 2438 -48.9305419922 884.603637695
1.30553369171 0.368370965993 4.13802072708
246 217 188
2 1 1914 239.012451172 -198.162597656 2 2530 268.938964844 1.86804199219
1.53316944938 0.503298025738 4.16775890855
129 100 66
2 1 1940 408.006835938 -299.040161133 2 1571 432.579101563 -118.600463867
1.05713271625 0.452216707471 4.02667711184
251 255 247
2 1 1941 52.7746582031 -270.164916992 2 2105 62.2978515625 -42.1162109375
1.19790221709 0.571573792307 3.99743499367
252 221 188
2 1 1973 163.328857422 -364.174926758 2 2069 155.942138672 -150.310424805
1.56814692382 0.562202290662 4.19932293144
119 94 63
2 1 1976 430.964599609 -341.142456055 2 1799 455.471923828 -163.806152344
2.06172637952 0.603085729933 5.13968307779
18 15 11
2 1 1982 652.209716797 -301.211303711 2 3627 793.083496094 -177.047729492
1.12886962169 0.921739986069 3.97723790569
255 251 216
2 1 1995 109.901611328 -642.990478516 2 2232 71.1003417969 -413.894287109
2.07880241223 0.680168138512 5.01827518986
115 85 57
2 1 1999 678.630615234 -358.42980957 2 2062 803.474121094 -233.431884766
0.5887781872 1.04985882641 4.05422165632
241 218 168
2 1 2013 -308.780639648 -729.014648438 2 3397 -324.435180664 -442.447265625
1.1586417499 0.482645315129 4.01208195829
251 254 248
2 1 2026 132.104492188 -293.895263672 2 2479 135.074951172 -76.5598144531
1.4249045817 -0.102001616404 3.89276369866
176 140 102
2 1 2029 349.946044922 166.278564453 2 1683 388.408447266 367.189208984
1.32809318111 1.00486968626 4.08680647242
237 205 164
2 1 2037 259.440185547 -689.075683594 2 2419 227.907226563 -484.323608398
1.08436332381 0.707150294619 3.95139405436
253 255 228
2 1 2043 75.421875 -476.12487793 2 1801 51.3393554688 -247.348999023
1.12451080802 0.966548782415 3.98104467019
252 255 241
2 1 2048 106.419189453 -676.975830078 2 2337 64.3874511719 -447.964233398
1.2838080539 0.528102711028 4.03447399247
255 250 226
2 1 2075 228.297119141 -328.17565918 2 2355 229.892578125 -121.651733398
1.99381386144 1.01674210342 4.76644140907
245 223 185
2 1 2096 659.189941406 -597.621337891 2 2517 727.575439453 -470.848144531
2.21370278893 0.982482231837 4.89434895564
221 202 170
2 1 2124 782.540527344 -560.687988281 2 2167 876.851318359 -453.50793457
1.94756285713 1.03001659374 4.66846545822
255 235 195
2 1 2179 642.022216797 -620.398193359 2 2028 696.762695313 -486.643432617
0.92074706238 -0.60381642562 3.91595035037
255 254 239
2 1 2201 -54.5639648438 566.237304688 2 2686 30.9931640625 807.795349121
1.35185399824 -0.315513495675 3.80053086316
253 255 240
2 1 2208 298.364746094 345.443603516 2 2222 342.453125 559.56451416
1.61254665753 0.631868827402 4.26709562662
207 189 159
2 1 2225 456.674316406 -386.614868164 2 1694 485.184570313 -215.049804688
1.29735847771 0.410358917045 4.07950508959
255 227 189
2 1 2229 236.178710938 -233.484863281 2 3048 254.302734375 -31.0249023438
1.07486409441 0.384409686982 4.01416319684
255 253 223
2 1 2230 66.81640625 -217.08190918 2 2528 79.57421875 6.85546875
2.26574950747 0.720808267043 5.0586519315
105 86 59
2 1 2236 788.915283203 -381.315795898 2 1448 923.152099609 -271.847412109
1.1193338456 0.666355476541 3.98409249076
190 138 96
2 1 2258 102.154541016 -441.377441406 2 2159 86.2136230469 -215.237792969
1.36322972006 -0.137283830251 3.844988543
255 253 224
2 1 2260 304.046875 195.755981445 2 1974 338.101074219 405.563964844
1.35152586465 0.908594707007 4.09742126012
102 79 48
2 1 2282 276.619384766 -613.294677734 2 1790 254.677246094 -413.194213867
2.09645412112 0.797420709215 4.91347998907
144 110 75
2 1 2317 704.540771484 -440.484375 2 2833 810.456054688 -319.55859375
2.09645412112 0.797420709215 4.91347998907
144 110 75
2 1 2318 704.540771484 -440.484375 2 2834 810.456054688 -319.55859375
1.29266628593 0.602385577304 4.05500406457
136 97 63
2 1 2334 234.079589844 -382.405029297 2 2680 231.931884766 -179.606445313
1.22923645572 -0.335868837424 3.76441403275
252 236 193
2 1 2377 199.291748047 364.702392578 2 1542 238.69921875 590.456970215
1.16372926223 0.539622439975 3.985101972
221 165 119
2 1 2391 136.992431641 -340.748657227 2 2830 131.012695313 -122.494506836
2.2560514095 0.666030077074 5.06469060859
110 93 66
2 1 2396 781.903076172 -347.422119141 2 2373 920.687255859 -235.230712891
0.947114743383 1.29491589243 4.14521045422
239 218 177
2 1 2398 -31.6104736328 -898.120605469 2 4624 -69.5104980469 -646.749511719
1.17311517473 0.186396017183 4.02762913424
255 254 232
2 1 2402 142.827148438 -62.4104003906 2 2994 173.145507813 151.459838867
2.24852416324 0.891407014393 4.9511894941
96 80 57
2 1 2409 795.393554688 -497.435546875 2 1792 904.770263672 -390.197509766
1.45840169137 0.498905491091 4.13083704388
135 98 62
2 1 2430 355.100341797 -297.939941406 2 2487 373.761474609 -110.768798828
2.17983748222 1.00598772925 4.85890480926
224 202 170
2 1 2445 766.424804688 -580.575927734 2 2905 853.691650391 -469.376220703
1.98434419134 0.963174775843 4.75833927546
254 242 207
2 1 2461 654.008544922 -563.818847656 2 2882 725.600830078 -434.780517578
1.26603863731 0.122008516398 3.99166755225
244 201 153
2 1 2490 216.680664063 -14.8813476563 2 2474 247.868652344 196.89855957
1.08792282116 0.6234240061 3.95664990934
222 171 124
2 1 2501 78.1135253906 -409.407104492 2 2664 61.8901367188 -182.115844727
2.35215637883 0.839839120558 5.10844362595
106 101 82
2 1 2512 834.261474609 -450.792358398 2 2368 968.138916016 -350.426513672
1.28613607219 -0.468675887479 3.83621157127
254 244 214
2 1 2526 242.051757813 467.169189453 2 2665 304.936767578 688.417236328
1.25547709067 0.439217319496 4.06420307762
161 113 70
2 1 2528 204.840087891 -256.962036133 2 4213 218.46875 -49.5241699219
2.25928786903 1.18637467328 5.05202889385
65 69 65
2 1 2567 786.478271484 -669.035400391 2 2432 882.486816406 -568.951171875
0.757284613562 1.12933225771 4.03714813122
251 205 159
2 1 2613 -179.594604492 -794.78515625 2 3193 -212.569946289 -520.766723633
1.39333543644 -0.108689302862 3.87218804517
180 137 100
2 1 2628 326.249511719 171.756103516 2 2361 361.977539063 377.21887207
1.39333543644 -0.108689302862 3.87218804517
180 137 100
2 1 2629 326.249511719 171.756103516 2 2362 361.977539063 377.21887207
1.72750126879 1.10236517136 4.60909355178
255 247 217
2 1 2666 500.979980469 -676.482421875 2 2492 536.624023438 -522.174926758
0.807136089578 1.14150551861 4.05803409483
171 114 75
2 1 2675 -140.21105957 -799.447753906 2 2110 -173.479736328 -532.68762207
2.13735375988 0.930228347427 4.83223075899
255 249 215
2 1 2681 743.083251953 -534.202880859 2 2725 831.663330078 -418.856811523
1.17580766145 0.575297382339 3.98738633023
166 116 79
2 1 2729 146.374267578 -368.744506836 2 2927 137.588378906 -150.991699219
1.12750998412 0.415733049211 4.03850880011
189 141 100
2 1 2730 107.161865234 -239.83215332 2 4117 119.997314453 -21.3895263672
1.40022206675 -0.072596545551 3.89066627643
169 130 93
2 1 2732 330.205566406 141.731323242 2 2101 365.423828125 346.011962891
1.22514501243 1.17831335394 4.08720894174
235 217 187
2 1 2734 180.646728516 -823.474121094 2 2527 136.235839844 -601.260253906
1.25929410841 -0.529272475882 3.84991855202
255 251 220
2 1 2740 219.427734375 515.032775879 2 3234 289.533203125 738.60925293
1.83253291007 1.07654515423 4.67574782128
255 252 225
2 1 2756 564.083007813 -649.500488281 2 3208 612.252197266 -506.310180664
1.08281719685 0.923482330227 3.97038377327
221 178 134
2 1 2766 73.8840332031 -644.306152344 2 4188 34.6252441406 -412.243774414
1.32579698856 -0.0942098121444 3.85130896247
189 141 100
2 1 2783 273.243164063 161.522460938 2 2810 303.447998047 371.21484375
1.32579698856 -0.0942098121444 3.85130896247
189 141 100
2 1 2784 273.243164063 161.522460938 2 2811 303.447998047 371.21484375
1.26724891173 0.365348111025 4.11669928961
221 198 172
2 1 2787 211.220703125 -196.501831055 2 4325 238.333007813 6.54162597656
1.76153841198 1.14706842229 4.65069818998
254 254 238
2 1 2796 519.412109375 -700.589111328 2 2416 557.296386719 -549.932373047
1.66128745464 1.02463388462 4.56307081794
86 68 50
2 1 2797 460.6015625 -629.758300781 2 4376 495.536132813 -468.737792969
2.07112687402 0.903586342562 4.79581844987
172 144 108
2 1 2810 705.515380859 -520.169189453 2 3001 789.33984375 -399.544311523
1.0721040577 -0.629668991412 3.89863389577
255 253 230
2 1 2811 66.6303710938 589.954467773 2 3242 151.163330078 823.549316406
0.676915165298 -0.794463057213 4.35862325194
254 254 241
2 1 2865 -223.850830078 645.665893555 2 3457 -67.7204589844 888.740112305
1.28861994208 0.991617412684 4.04970982607
254 240 203
2 1 2866 231.383300781 -684.243164063 2 3171 195.289794922 -476.23034668
1.26409493348 -0.0698940951671 3.84596559471
235 196 148
2 1 2897 223.448730469 141.779541016 2 3392 250.186279297 356.406005859
2.0444256181 1.05110242503 4.74413766267
255 249 214
2 1 2909 695.699462891 -624.289550781 2 3375 760.930175781 -500.766357422
2.32227970853 0.79179469737 5.06601574012
97 86 60
2 1 2920 822.776367188 -424.781738281 2 3281 955.007080078 -321.327758789
2.13847092696 0.757228834576 4.96429710108
154 122 88
2 1 2935 723.729248047 -411.129882813 2 3137 839.886474609 -292.247558594
2.13847092696 0.757228834576 4.96429710108
154 122 88
2 1 2936 723.729248047 -411.129882813 2 3138 839.886474609 -292.247558594
1.80197077843 1.19049068258 4.70307697
197 166 128
2 1 2953 540.624511719 -720.206054688 2 2100 581.893554688 -576.958007813
1.20784454308 0.963074414686 4.00929808087
171 130 94
2 1 2954 170.669433594 -669.426513672 2 2845 131.812255859 -450.671142578
1.57433683226 0.989861803181 4.5296661812
36 26 16
2 1 2956 403.898925781 -611.036621094 2 3159 436.407470703 -439.609863281
1.1713342702 0.826875082283 3.96778131762
255 252 227
2 1 2964 143.618408203 -569.373779297 2 3443 110.447265625 -346.821655273
1.29455051517 -0.346905973279 3.79291008651
254 253 213
2 1 2965 251.750732422 372.276611328 2 2790 296.794921875 590.716369629
1.23546571436 -0.392690691219 3.79132126421
189 145 103
2 1 3002 203.166503906 410.539306641 2 2537 251.60546875 633.293029785
1.34024928325 0.511244714019 4.06519045088
254 242 201
2 1 3027 269.922607422 -313.261108398 2 2918 277.6015625 -111.749755859
1.34024928325 0.511244714019 4.06519045088
254 242 201
2 1 3028 269.922607422 -313.261108398 2 2919 277.6015625 -111.749755859
1.8240469992 0.954974267383 4.72695075658
109 78 50
2 1 3044 552.213378906 -561.837158203 2 3003 615.886962891 -417.532470703
2.29040568429 0.874777259093 5.02647253997
94 79 58
2 1 3066 809.534423828 -479.108520508 2 2892 929.543701172 -375.946777344
1.19575279479 0.773444409311 3.98085512049
251 246 212
2 1 3067 162.346191406 -524.807128906 2 3252 135.246826172 -307.302368164
1.19575279479 0.773444409311 3.98085512049
251 246 212
2 1 3068 162.346191406 -524.807128906 2 3251 135.246826172 -307.302368164
1.2300488856 1.12765129233 4.06419937714
144 110 73
2 1 3092 185.530761719 -786.799804688 2 2802 141.063720703 -570.043457031
1.40846165836 -0.410487851455 3.73928413089
255 252 213
2 1 3099 350.611816406 429.974487305 2 3031 396.187988281 645.856689453
1.73134551829 1.07027360286 4.60303560477
224 202 171
2 1 3105 504.229003906 -655.554443359 2 3502 541.778564453 -501.563842773
0.68903894375 -0.774120505475 4.34541180365
197 166 128
2 1 3108 -215.830810547 632.726623535 2 4344 -62.7556152344 875.870483398
1.49250552482 0.560886171988 4.15326718318
144 108 72
2 1 3109 378.847167969 -343.355834961 2 3131 395.750488281 -159.253540039
2.11114241365 1.08272896271 4.82200383473
141 115 84
2 1 3134 727.788330078 -634.500244141 2 3058 801.739501953 -518.267944336
2.33078223294 0.811336826976 5.06157440495
208 202 175
2 1 3143 828.820068359 -436.758056641 2 3290 959.403808594 -335.426269531
1.95903332167 0.941255029848 4.78012166404
252 239 205
2 1 3193 634.398681641 -546.991210938 2 3748 709.341308594 -415.029907227
1.98571096576 0.862514046792 4.84621611969
254 249 219
2 1 3210 642.855712891 -488.771484375 2 4439 732.263427734 -358.301879883
1.76605460059 1.08281162048 4.64477169063
244 221 190
2 1 3238 523.087646484 -657.752929688 2 2867 565.378417969 -508.252319336
1.57929518056 0.765324802722 4.42436362658
95 81 59
2 1 3264 416.900878906 -467.377441406 2 4287 454.419189453 -294.316894531
0.970909820477 1.0035614148 3.97949164784
229 200 155
2 1 3266 -14.2437744141 -706.397216797 2 5260 -55.2188720703 -459.347412109
1.27289715114 0.449219480247 4.03842521126
255 254 228
2 1 3271 219.654785156 -266.124267578 2 3685 228.528076172 -60.1842041016
1.27289715114 0.449219480247 4.03842521126
255 254 228
2 1 3272 219.654785156 -266.124267578 2 3684 228.528076172 -60.1842041016
1.41026555063 -0.138026641052 3.87302235383
255 253 226
2 1 3273 339.822265625 195.057373047 2 3638 378.837646484 400.468017578
1.58960638408 0.558641068485 4.21549400783
236 217 184
2 1 3286 445.264404297 -336.622192383 2 4614 472.556396484 -162.637939453
1.20110430125 0.424744895871 4.05271987441
177 133 94
2 1 3294 163.520019531 -246.119140625 2 3921 176.932861328 -34.3020019531
2.29336595686 1.15834341305 5.05400699075
237 238 221
2 1 3317 807.247070313 -651.909179688 2 2021 907.389160156 -553.852050781
2.06312650274 1.04163484102 4.77489668682
164 134 100
2 1 3349 703.535888672 -612.634765625 2 2846 773.369628906 -493.591430664
2.03804133611 0.808732947919 4.86359075001
255 244 212
2 1 3351 674.176025391 -452.725463867 2 4126 771.781494141 -325.862670898
2.27865101179 0.678114026714 5.13946731429
106 87 60
2 1 3372 784.321289063 -348.598022461 2 5015 929.670166016 -240.369506836
0.463260413468 1.15592915865 4.13869214103
144 132 106
2 1 4373 -397.399658203 -794.194824219 2 4814 -401.478515625 -494.743530273
1.17971511626 0.861259159894 3.95654372913
255 254 219
2 1 3510 150.673583984 -598.041259766 2 4122 112.576904297 -375.903564453
0.686327513822 0.986907006271 4.12235576702
252 254 252
2 1 3540 -229.600952148 -669.097900391 2 4760 -236.028198242 -397.736450195
1.29652550484 -0.270342917384 3.79107991648
223 171 123
2 1 3543 253.443603516 308.855224609 2 3876 291.048339844 526.368286133
1.35243900526 0.813165261963 4.10129231301
92 69 47
2 1 3551 276.987548828 -540.146972656 2 4066 263.846679688 -340.477783203
1.8822933514 0.898952687024 4.80474665852
84 57 31
2 1 3577 581.095703125 -516.526000977 2 3922 659.672851563 -377.030883789
2.0304093467 1.06422977083 4.7671070411
193 162 125
2 1 3594 683.145263672 -629.546630859 2 3732 749.290039063 -505.328491211
2.0304093467 1.06422977083 4.7671070411
193 162 125
2 1 3595 683.145263672 -629.546630859 2 3731 749.290039063 -505.328491211
1.20893508909 0.693343735126 3.97531330646
254 254 238
2 1 3596 172.879882813 -463.098510742 2 3913 151.764404297 -246.556152344
1.13527350146 -0.573899086298 3.86266316602
166 130 94
2 1 3635 118.187988281 548.321044922 2 3374 193.431640625 782.038024902
1.54297270279 0.600824138579 4.19691371754
162 129 97
2 1 3645 412.501953125 -369.658813477 2 3769 432.777832031 -190.940795898
1.28082202923 1.07888841021 4.07497893017
255 253 228
2 1 3657 223.963867188 -747.75390625 2 3874 184.714355469 -536.833007813
0.937674679406 0.357875239058 4.03882097374
255 255 233
2 1 3692 -39.6378173828 -193.993896484 2 5346 -18.5570068359 38.7041015625
2.14335573422 0.638007141533 5.05970296844
255 250 223
2 1 3717 712.941894531 -329.76184082 2 4209 847.877929688 -208.811035156
1.63312936906 1.12950173494 4.53718674814
114 96 74
2 1 3724 443.913330078 -705.703857422 2 3787 466.710449219 -541.469970703
1.25959490483 0.181166330601 4.06716699539
254 253 229
2 1 3734 207.821533203 -58.4615478516 2 3782 244.108642578 148.733642578
1.22478527275 0.208450113229 4.07476070996
48 48 51
2 1 3766 180.763916016 -78.9605712891 2 3954 215.708740234 130.254150391
1.69874014882 0.950456527205 4.63149701175
83 67 52
2 1 3771 478.983642578 -570.543701172 2 3543 528.999267578 -413.1875
2.12772701978 0.809773086363 4.90801820438
162 133 97
2 1 3778 725.275390625 -449.187133789 2 3750 831.092041016 -330.680541992
0.929255270056 0.498051563754 4.0303434621
237 197 147
2 1 3782 -46.3607177734 -304.669677734 2 4609 -37.2531738281 -66.0067138672
0.929255270056 0.498051563754 4.0303434621
237 197 147
2 1 3783 -46.3607177734 -304.669677734 2 4610 -37.2531738281 -66.0067138672
1.37424813206 0.904340850403 4.09961131615
214 192 165
2 1 3785 293.796386719 -609.867431641 2 3326 272.515380859 -412.027709961
2.27611797883 0.641639828811 5.15453761581
102 86 63
2 1 3791 780.408447266 -326.036132813 2 3972 929.981445313 -215.630371094
1.43132293287 0.137729278627 4.11253928847
252 246 219
2 1 3792 336.032226563 -24.7498779297 2 3057 383.646972656 167.696655273
1.92877847008 0.948421027279 4.74586443128
191 152 111
2 1 3804 619.016357422 -556.232177734 2 4038 688.682617188 -420.288818359
1.33608764949 0.840918146344 4.0662470971
120 93 64
2 1 3812 266.844238281 -565.897216797 2 5127 245.979492188 -364.138061523
1.23790582138 0.448260109438 4.03544249049
255 245 201
2 1 3861 192.741943359 -265.21484375 2 4350 201.316650391 -56.6746826172
1.81605618298 1.0886749293 4.66422720685
198 171 135
2 1 3866 554.444091797 -659.138671875 2 3578 599.815185547 -514.489746094
1.80478428423 1.038778612 4.65614419048
255 253 235
2 1 3878 547.799804688 -626.550048828 2 3814 595.893798828 -480.899536133
1.34412802967 0.385875088721 4.12793612266
179 146 112
2 1 3909 268.794189453 -212.307739258 2 4588 296.010253906 -14.7481689453
0.686806804563 1.05502769462 4.02980625602
255 253 209
2 1 3920 -234.571655273 -737.661132813 2 4033 -259.538208008 -459.822875977
1.29653551507 -0.218550535268 3.78187449204
255 249 215
2 1 3968 254.092529297 267.116821289 2 2805 285.279296875 483.181518555
1.21260168602 -0.2919930839 3.78235374556
234 190 140
2 1 4005 184.739013672 328.348510742 2 4804 222.176025391 550.604553223
1.87898851939 1.09222836729 4.72597659979
255 255 233
2 1 4079 588.845947266 -652.828125 2 3779 642.898193359 -514.836791992
1.45957554324 -0.0194423542542 3.96776155696
134 108 79
2 1 4082 370.606201172 97.9910888672 2 2768 412.850097656 293.370605469
1.15167823014 -0.410980673929 3.7827550645
254 255 242
2 1 4091 134.368408203 426.550170898 2 3786 182.832519531 655.381530762
2.33243538157 0.580318969646 5.26902109761
14 13 9
2 1 4110 796.779785156 -282.813720703 2 4724 963.783447266 -174.61706543
0.725380526139 -0.757614182651 4.33464676707
226 190 155
2 1 4157 -190.105224609 622.835021973 2 4845 -40.2006835938 863.484558105
2.12127606255 0.938024461781 4.81022872455
171 141 107
2 1 4167 735.990966797 -542.452392578 2 4757 821.058837891 -424.324829102
1.26550152517 -0.204441741116 3.77384194223
254 254 236
2 1 4188 228.865234375 255.381713867 2 4683 257.375244141 474.85534668
2.09836633365 0.880289329005 4.83911420653
162 136 103
2 1 4298 716.779541016 -500.366821289 2 4105 808.262207031 -382.025268555
1.41279139006 -0.194064659021 3.85429486538
159 120 85
2 1 4322 343.611328125 242.248779297 2 3398 385.057617188 447.565429688
0.726111529961 -0.700986698579 4.28469517544
254 252 236
2 1 4327 -192.031982422 586.313476563 2 4002 -51.0792236328 832.472839355
2.03541188335 0.870126439686 4.8698501124
191 158 124
2 1 4329 671.689453125 -491.155395508 2 3995 764.800292969 -365.660644531
1.1885142023 0.399498336087 4.04827344334
179 138 102
2 1 4338 154.045166016 -225.979858398 2 3548 168.821777344 -14.8364257813
1.2571002 -0.437582912398 3.81570076834
255 246 205
2 1 4343 219.524658203 443.901611328 2 4657 276.213378906 667.270202637
