
pmvs2
D:\document\project\3dSurface3\code\expr5\sfm_images\d.nvm.cmvs\00\
option-0000
--------------------------------------------------
--- Summary of specified options ---
# of timages: 10 (enumeration)
# of oimages: 0 (enumeration)
level: 1  csize: 2
threshold: 0.4  wsize: 7
minImageNum: 2  CPU: 12
useVisData: 1  sequence: -1
--------------------------------------------------
Reading images: **********
01 69 3 4  Harris running ...7 8Harris running ...10  Harris running ...2Harris running ...  Harris running ...Harris running ...Harris running ...Harris running ...Harris running ...Harris running ...1511 harris done
DoG running...1478 harris done
DoG running...1473 harris done
DoG running...1461 harris done
DoG running...1514 harris done
1395 harris done
DoG running...DoG running...1490 harris done
DoG running...1487 harris done
1512 harris done
DoG running...DoG running...1448 harris done
DoG running...2040 dog done
2040 dog done
2040 dog done
1824 dog done
2040 dog done
2040 dog done
2040 dog done
2040 dog done
2040 dog done
2040 dog done
done
adding seeds 
(4,446)(5,448)(6,513)(1,392)refinePatchBFGS failed!
(7,582)(9,527)(3,804)(0,683)(8,639)(2,524)done
---- Initial: 0 secs ----
Total pass fail0 fail1 refinepatch: 41954 9736 25691 6527 16263
Total pass fail0 fail1 refinepatch: 100 23.2064 61.2361 15.5575 38.7639
Expanding patches...
---- EXPANSION: 14 secs ----
Total pass fail0 fail1 refinepatch: 298729 195213 64918 38598 233811
Total pass fail0 fail1 refinepatch: 100 65.3479 21.7314 12.9207 78.2686
FilterOutside
mainbody: 
Gain (ave/var): 0.340443 0.537201
200550 -> 156900 (78.2349%)	0 secs
Filter Exact: **********
156900 -> 77898 (49.6482%)	0 secs
FilterNeighbor:	77898 -> 48180 (61.8501%)	0 secs
FilterGroups:	20
48180 -> 22070 (45.8074%)	0 secs
STATUS: 0 0 0 0 0 0 0 0 0 0 
0 0 0 0 0 0 0 0 0 0 
0 0 0 0 0 0 0 0 0 0 
0 0 0 0 0 
Expanding patches...
---- EXPANSION: 17 secs ----
Total pass fail0 fail1 refinepatch: 339432 148943 60152 130337 279280
Total pass fail0 fail1 refinepatch: 100 43.8801 17.7214 38.3986 82.2786
FilterOutside
mainbody: 
Gain (ave/var): 0.483833 0.525703
171013 -> 151459 (88.5658%)	0 secs
Filter Exact: **********
151459 -> 76483 (50.4975%)	0 secs
FilterNeighbor:	76483 -> 60473 (79.0672%)	0 secs
FilterGroups:	20
60473 -> 38929 (64.3742%)	0 secs
STATUS: 0 0 0 0 0 0 0 0 0 0 
0 0 0 0 0 0 0 0 0 0 
0 0 0 0 0 0 0 0 0 0 
0 0 0 0 0 
Expanding patches...refinePatchBFGS failed!

---- EXPANSION: 23 secs ----
Total pass fail0 fail1 refinepatch: 422889 181209 73923 167757 348966
Total pass fail0 fail1 refinepatch: 100 42.8503 17.4805 39.6693 82.5195
FilterOutside
mainbody: 
Gain (ave/var): 0.474486 0.52573
220138 -> 194768 (88.4754%)	0 secs
Filter Exact: **********
194768 -> 93403 (47.956%)	0 secs
FilterNeighbor:	93403 -> 73637 (78.8379%)	0 secs
FilterGroups:	20
73637 -> 48113 (65.3381%)	0 secs
STATUS: 0 0 0 0 0 0 0 0 0 0 
0 0 0 0 0 0 0 0 0 0 
0 0 0 0 0 0 0 0 0 0 
0 0 0 0 0 
---- Total: 0 secs ----
