# Bundle file v0.3
2 293
3116.28637695 0 0
0.999999761581 0.000276808219496 -0.00035996051156
0.000276429549558 -0.999999403954 -0.00115261692554
-0.000360263540642 0.00115249783266 -0.999999523163
0.00267560617067 0.00998894218355 0.00247386051342
3129.39770508 0 0
0.97446590662 -0.126383632421 0.185588896275
-0.121198795736 -0.991858780384 -0.0390684083104
0.189015775919 0.0155776795 -0.981850624084
-0.859786272049 0.280428767204 -0.446055799723
1.4946256876 1.16799664497 9.78247261047
250 248 231
2 0 7 477.941894531 -375.314697266 1 4 732.054443359 -464.509155273
2.8805038929 2.31786751747 8.87657546997
62 63 57
2 0 25 1032.54248047 -832.052734375 1 19 1231.93359375 -1011.36791992
-1.11167740822 1.1779654026 8.01587677002
221 199 164
2 0 2681 -434.202758789 -459.331542969 1 3839 -222.998535156 -393.77722168
-0.302131086588 1.52308952808 8.84128856659
246 232 193
2 0 26 -106.942749023 -539.100585938 1 33 100.737060547 -527.126586914
-1.40951681137 -0.144363567233 8.31525707245
221 202 176
2 0 38 -530.447021484 53.541015625 1 44 -236.688232422 95.8603515625
-0.238290116191 0.130897819996 8.00501060486
255 249 220
2 0 4315 -92.9180908203 -50.9720458984 1 3819 141.460205078 -49.7012939453
0.738293230534 0.843519687653 9.55585002899
118 82 55
2 0 3018 240.924560547 -276.604614258 1 3779 495.489990234 -329.901977539
-0.973788380623 -1.05605065823 7.25477790833
253 251 227
2 0 2696 -420.201538086 457.730224609 1 3679 -133.052856445 467.770263672
-0.0957062467933 1.31627690792 8.84275722504
254 254 229
2 0 3048 -33.7261962891 -464.667236328 1 3624 179.039306641 -467.721557617
-0.657759666443 1.64230632782 9.08815193176
246 237 211
2 0 114 -227.220947266 -568.468017578 1 103 -6.24487304688 -535.754882813
-1.16026031971 0.223624393344 7.94596767426
254 254 244
2 0 136 -456.783813477 -89.6314697266 1 146 -200.578979492 -39.2121582031
-0.97467559576 -1.72066795826 7.04290866852
185 181 163
2 0 3718 -435.417724609 769.182373047 1 3621 -118.415771484 760.228210449
-1.03274023533 -0.861506521702 7.48070192337
254 254 242
2 0 3064 -431.92199707 361.576660156 1 3596 -144.745483398 378.314819336
-0.637973248959 -0.0842375233769 7.86149835587
147 115 88
2 0 3218 -253.302978516 33.4058837891 1 3562 -4.36157226563 50.9953613281
-0.864262580872 -1.37849366665 6.98979663849
209 195 172
2 0 200 -387.929443359 619.104492188 1 256 -96.5493164063 620.127502441
-1.02262949944 -1.30851829052 7.15489149094
121 105 81
2 0 2892 -448.40246582 574.041687012 1 3559 -148.265258789 581.379455566
0.635407447815 1.34797811508 8.87848567963
254 251 226
2 0 357 223.989990234 -473.959472656 1 313 430.348632813 -516.440551758
0.574438810349 1.36249232292 8.83216762543
255 253 224
2 0 4445 203.578125 -481.577758789 1 3519 407.517822266 -520.143432617
-1.11902034283 0.44840875268 7.85530424118
253 251 225
2 0 303 -445.25390625 -177.768798828 1 331 -205.697753906 -126.080932617
0.87855887413 0.765188634396 9.49784946442
134 106 80
2 0 3754 288.375976563 -253.440917969 1 3511 544.656005859 -311.365112305
-1.3594417572 -1.1395226717 7.7775888443
69 60 43
2 0 209 -548.315673828 459.180297852 1 347 -224.001831055 477.83996582
1.16197085381 0.944242596626 9.14799499512
250 248 230
2 0 423 397.064453125 -322.854858398 1 348 633.127929688 -394.835083008
0.529287040234 1.09682643414 9.1316204071
252 236 205
2 0 3751 181.0078125 -375.158447266 1 3477 409.239746094 -414.995605469
0.430767685175 1.22354424 8.91216945648
182 149 116
2 0 3844 151.091796875 -428.640380859 1 3473 365.396484375 -460.649658203
-0.218549817801 1.44759273529 8.8446264267
226 193 154
2 0 4086 -77.3815917969 -512.293212891 1 3456 132.380615234 -505.239501953
-0.769068360329 1.32505345345 8.53515529633
254 255 248
2 0 436 -281.945678711 -485.685791016 1 376 -67.5413818359 -446.398681641
0.239042788744 1.58120656013 8.93855857849
251 247 220
2 0 439 83.7453613281 -553.223144531 1 379 285.41015625 -572.111816406
0.239042788744 1.58120656013 8.93855857849
251 247 220
2 0 438 83.7453613281 -553.223144531 1 380 285.41015625 -572.111816406
-1.6968780756 -0.136408999562 8.49897575378
52 47 33
2 0 335 -625.575683594 49.2559814453 1 384 -315.512207031 100.390014648
-0.558524131775 -1.3295892477 6.48055124283
253 248 226
2 0 401 -270.631469727 640.395629883 1 403 -14.2171630859 644.277160645
-1.22633218765 -1.73638010025 7.44781351089
62 54 40
2 0 313 -518.211791992 734.177185059 1 417 -177.798217773 729.504821777
-0.911063373089 -0.52994787693 7.84658479691
249 250 240
2 0 404 -362.872314453 210.818481445 1 434 -84.2042236328 229.678710938
-0.218549817801 1.44759273529 8.8446264267
226 193 154
2 0 4087 -77.3815917969 -512.293212891 1 3455 132.380615234 -505.239501953
-1.19944822788 0.636445641518 7.9972782135
254 253 230
2 0 511 -469.458862305 -250.196411133 1 484 -229.293823242 -189.034179688
0.33642667532 1.50205588341 8.7885723114
254 254 228
2 0 2594 120.127929688 -532.991333008 1 3447 317.072265625 -558.538330078
0.214413955808 1.37709164619 9.01810073853
253 239 202
2 0 693 74.4909667969 -476.467651367 1 513 287.961181641 -498.280151367
0.0187172945589 1.78007674217 9.10416221619
255 255 239
2 0 567 6.48742675781 -612.112792969 1 533 209.114746094 -619.289550781
-0.501246929169 -1.37370419502 6.31574201584
238 230 207
2 0 473 -249.111816406 681.570617676 1 566 -0.746459960938 678.792602539
-1.27312302589 -1.62387895584 7.45745515823
62 53 37
2 0 376 -536.893310547 686.098937988 1 582 -200.207275391 685.309570313
-0.21771761775 1.19075107574 8.94597816467
255 253 230
2 0 606 -76.0347900391 -415.668212891 1 594 148.223876953 -414.924682617
0.398032158613 1.02542221546 9.254529953
251 237 211
2 0 697 133.888427734 -347.643432617 1 596 371.334716797 -379.502563477
-0.656896829605 -0.744927227497 7.2014875412
254 254 242
2 0 627 -284.983520508 324.048339844 1 602 -28.4018554688 334.40234375
-0.991840064526 -0.181343093514 7.93846797943
255 254 235
2 0 506 -390.373779297 71.1405029297 1 605 -122.419311523 100.815307617
-0.0875316187739 1.14694309235 9.09083938599
191 145 113
2 0 412 -30.6892089844 -396.76550293 1 621 200.679199219 -399.544921875
-0.941783487797 -0.755791127682 7.4815454483
246 227 199
2 0 476 -393.488525391 317.489135742 1 625 -115.520507813 333.155639648
1.37055563927 0.812227249146 9.38328361511
254 254 239
2 0 720 456.570800781 -271.413574219 1 636 708.988769531 -354.091430664
0.656903922558 1.53398406506 8.84174156189
254 253 232
2 0 846 232.770996094 -542.120849609 1 646 429.375976563 -584.317871094
-1.59551906586 -1.18385565281 8.15959262848
35 33 26
2 0 359 -613.823486328 455.65246582 1 648 -268.400146484 474.865600586
0.0728120878339 1.42236566544 9.0027885437
241 201 166
2 0 879 24.8659667969 -495.829467773 1 652 238.87109375 -504.125244141
0.956266999245 0.949453175068 9.12140369415
235 207 176
2 0 686 327.688476563 -324.57043457 1 679 561.140136719 -387.688232422
0.956266999245 0.949453175068 9.12140369415
235 207 176
2 0 685 327.688476563 -324.57043457 1 680 561.140136719 -387.688232422
-1.57898676395 -0.281249642372 8.38561630249
93 82 62
2 0 530 -589.568725586 105.082641602 1 684 -281.329345703 147.420898438
-1.52574849129 0.274369895458 8.17560482025
99 79 55
2 0 427 -584.289550781 -105.054931641 1 701 -308.979248047 -45.078125
0.00151061650831 1.41812372208 8.87889289856
255 251 223
2 0 857 0.406127929688 -499.91003418 1 717 209.618652344 -505.259643555
-0.558729529381 -1.17125284672 6.60631990433
251 248 225
2 0 830 -264.841186523 555.937011719 1 726 -13.3498535156 556.859069824
-1.41932988167 -0.350746870041 8.28921031952
59 55 65
2 0 403 -535.795532227 132.477661133 1 727 -233.413696289 168.364013672
0.0679956078529 1.55559921265 8.98838996887
254 255 245
2 0 775 23.8416748047 -540.597167969 1 731 230.126708984 -552.324951172
0.0679956078529 1.55559921265 8.98838996887
254 255 245
2 0 776 23.8416748047 -540.597167969 1 732 230.126708984 -552.324951172
1.0529961586 0.70867317915 9.3579044342
255 253 236
2 0 885 351.152099609 -237.80859375 1 734 604.967041016 -304.256713867
0.499739050865 1.44316744804 8.79124355316
255 253 226
2 0 2684 178.253662109 -511.511474609 1 3444 376.594970703 -547.171386719
-1.30402743816 -0.0260131862015 8.06602859497
157 133 106
2 0 535 -505.528686523 10.5845947266 1 748 -229.241821289 53.8391113281
0.0785243287683 1.14716470242 8.97700119019
160 120 86
2 0 2577 27.1334228516 -399.812988281 1 3429 250.921142578 -413.260498047
1.08570766449 0.88997143507 9.28347110748
191 155 122
2 0 1031 365.250976563 -300.533447266 1 755 608.811035156 -368.23046875
-1.19327652454 0.762401640415 7.84867143631
246 234 207
2 0 621 -475.522460938 -302.592163086 1 756 -248.439819336 -239.992797852
-0.859495460987 -0.187791630626 8.00294685364
22 31 103
2 0 3235 -335.358886719 73.4572753906 1 3384 -69.6024169922 95.4187011719
0.9900624156 1.18411815166 8.88725852966
242 208 172
2 0 790 348.5390625 -416.305664063 1 776 562.580322266 -477.852539063
-0.338545531034 1.49306690693 8.81393814087
253 254 242
2 0 1044 -119.943237305 -528.954223633 1 785 87.8928222656 -517.184204102
-0.768997192383 -0.46792447567 7.90241384506
254 254 233
2 0 782 -304.042724609 184.291137695 1 788 -31.0024414063 199.000244141
0.929076969624 0.721366524696 9.43162918091
246 231 205
2 0 786 307.400146484 -239.35546875 1 793 562.526367188 -301.951049805
-0.203058063984 -1.43358397484 7.32237768173
255 251 223
2 0 1304 -87.2421875 611.200805664 1 836 197.358398438 590.308166504
-1.1597597599 -1.20141303539 7.45320034027
254 247 223
2 0 488 -487.736206055 507.583190918 1 838 -178.78918457 516.29095459
-1.51198065281 -1.27824997902 7.95561027527
217 210 189
2 0 2957 -596.664306641 505.678649902 1 3336 -255.087036133 519.562866211
-1.15198767185 -0.838132560253 7.6400513649
255 254 238
2 0 807 -471.901733398 344.429443359 1 865 -175.906860352 364.361816406
-1.15198767185 -0.838132560253 7.6400513649
255 254 238
2 0 808 -471.901733398 344.429443359 1 866 -175.906860352 364.361816406
-0.37651604414 0.294842004776 7.82263374329
254 254 237
2 0 1094 -150.282714844 -117.981201172 1 870 72.0109863281 -103.125
-1.11972212791 -1.76473224163 7.2760386467
168 160 144
2 0 648 -484.345947266 764.371887207 1 879 -151.828369141 755.630310059
-0.320765137672 0.172168523073 7.84963798523
255 251 222
2 0 1170 -127.502319336 -68.2836914063 1 888 100.197998047 -60.0455322266
-1.32816314697 1.34587705135 8.21530056
255 253 236
2 0 816 -507.314086914 -514.687011719 1 889 -286.533325195 -434.952026367
0.641054928303 0.995518863201 9.20007038116
137 100 71
2 0 804 217.524658203 -338.102416992 1 895 452.424072266 -384.444458008
0.641054928303 0.995518863201 9.20007038116
137 100 71
2 0 803 217.524658203 -338.102416992 1 896 452.424072266 -384.444458008
-1.00528085232 -1.5497623682 7.11236095428
99 86 66
2 0 677 -444.118774414 685.085510254 1 914 -133.026733398 683.206542969
-1.3059463501 -1.83611381054 7.5272321701
193 189 174
2 0 598 -546.491455078 769.458557129 1 922 -195.43347168 761.565429688
0.354135274887 1.28680336475 8.88738822937
254 254 229
2 0 1115 124.662841797 -451.840454102 1 951 335.555175781 -479.626831055
0.354135274887 1.28680336475 8.88738822937
254 254 229
2 0 1114 124.662841797 -451.840454102 1 952 335.555175781 -479.626831055
-1.2414277792 0.565891683102 7.95455789566
161 121 87
2 0 3072 -488.325561523 -222.859985352 1 3333 -245.260620117 -162.378540039
-1.58885610104 -0.833064377308 8.48896312714
40 39 31
2 0 570 -586.578979492 307.612426758 1 957 -250.745361328 333.239868164
-1.02605617046 -1.80862176418 7.20085859299
34 29 21
2 0 537 -448.727661133 789.43347168 1 963 -119.51550293 781.295959473
-1.21066057682 0.442254066467 7.90393018723
188 151 118
2 0 3036 -479.118164063 -175.264648438 1 3320 -233.332397461 -118.479125977
-1.21066057682 0.442254066467 7.90393018723
188 151 118
2 0 3035 -479.118164063 -175.264648438 1 3319 -233.332397461 -118.479125977
-1.12829089165 0.985747396946 7.91070222855
253 255 244
2 0 617 -446.682739258 -390.754272461 1 1024 -229.063232422 -323.126098633
1.05291640759 1.13499593735 9.07422733307
254 253 237
2 0 1534 362.750732422 -391.798217773 1 1031 587.499023438 -456.281982422
-0.741150140762 0.250960469246 7.774102211
254 250 229
2 0 1008 -297.686889648 -100.963745117 1 1047 -64.9390869141 -68.9360351563
-1.11741387844 -1.36604750156 7.22497606277
208 198 176
2 0 968 -485.339233398 595.454284668 1 1050 -176.142211914 599.841125488
-1.02813982964 -1.59953844547 7.09927654266
217 210 189
2 0 1052 -455.278808594 708.73260498 1 1062 -140.784301758 705.773071289
-1.16570436954 0.955244839191 7.92433834076
255 254 238
2 0 3549 -460.476806641 -376.9765625 1 3308 -240.080078125 -310.671142578
0.816913247108 0.910934329033 9.2142868042
235 205 175
2 0 954 276.937255859 -308.318359375 1 1071 515.479736328 -365.04699707
-0.502578854561 -0.0662401169538 7.88858509064
204 170 139
2 0 784 -198.973144531 25.3321533203 1 1079 46.7570800781 38.5010986328
-0.452617406845 -0.0313413664699 7.85808086395
255 247 221
2 0 1177 -179.650512695 12.9866943359 1 1101 61.2045898438 22.2958984375
-0.804537475109 -1.24010837078 6.88958597183
255 253 235
2 0 3999 -365.967407227 565.073364258 1 3301 -88.6486816406 568.970336914
-1.68320667744 -0.298569053411 8.58380222321
70 62 47
2 0 3059 -614.441894531 107.509765625 1 3298 -295.672607422 152.963867188
-1.32508575916 -0.728394627571 8.08260440826
228 217 193
2 0 2920 -513.289916992 281.873901367 1 3267 -202.524414063 307.57409668
-0.15946739912 1.2532043457 8.90271568298
176 135 102
2 0 1000 -56.1505126953 -440.555297852 1 1119 163.3828125 -439.557739258
-0.15946739912 1.2532043457 8.90271568298
176 135 102
2 0 1001 -56.1505126953 -440.555297852 1 1120 163.3828125 -439.557739258
-0.628714025021 0.0462412051857 7.71006250381
255 253 233
2 0 1319 -254.305786133 -17.5510253906 1 1121 -18.4798583984 2.87170410156
0.993556916714 0.842290043831 9.33687400818
192 157 126
2 0 1533 332.199951172 -282.633666992 1 1143 579.276123047 -346.618530273
-0.850741803646 -0.151960432529 8.00904273987
254 251 232
2 0 1421 -331.689331055 59.3395996094 1 1169 -67.6455078125 81.8597412109
0.448595076799 1.09438180923 9.1118555069
255 251 227
2 0 3782 153.712402344 -375.147216797 1 3229 381.654052734 -410.653930664
-1.04897856712 0.149177700281 7.83929347992
255 250 221
2 0 3678 -418.020385742 -58.8732910156 1 3210 -167.494140625 -17.8375244141
0.179879322648 1.85271787643 9.29433441162
254 253 238
2 0 971 60.8298339844 -623.461425781 1 1208 266.035400391 -642.976074219
-1.1749471426 -1.03297317028 7.53071022034
245 239 214
2 0 3458 -488.840209961 430.315795898 1 3197 -185.049804688 447.415283203
-0.702491164207 -1.16818940639 6.87190580368
253 252 235
2 0 4233 -320.095703125 533.546875 1 3166 -51.9234619141 536.020385742
-1.34220349789 0.380037307739 7.99817085266
160 126 96
2 0 941 -525.420288086 -150.37512207 1 1224 -267.316894531 -88.3289794922
-1.33894777298 0.313057780266 7.96310758591
255 253 233
2 0 1153 -525.897338867 -122.066650391 1 1237 -267.412231445 -66.5750732422
-1.52863717079 -0.00429011508822 8.27510452271
255 252 228
2 0 1420 -578.442993164 0.528076171875 1 1249 -287.043701172 52.9799804688
-0.831386983395 -1.01973056793 7.09300804138
254 254 240
2 0 1255 -366.887451172 450.554199219 1 1250 -92.8767089844 461.275390625
-0.897207319736 -1.57009112835 7.05137825012
83 71 54
2 0 1300 -399.741333008 699.859558105 1 1256 -94.2900390625 694.511535645
-0.73623085022 -0.751470148563 7.32943296432
254 254 246
2 0 1548 -314.177978516 319.238769531 1 1268 -48.5711669922 334.82043457
0.273979574442 1.85286259651 9.13125324249
255 253 239
2 0 2186 93.6921386719 -637.132568359 1 1292 292.809814453 -654.823730469
-0.96118080616 -0.707759201527 7.59379959106
255 254 242
2 0 1127 -395.7890625 291.689208984 1 1295 -115.159301758 310.508911133
1.03820085526 0.786561787128 9.42007827759
184 147 116
2 0 1416 344.016601563 -261.799072266 1 1299 596.687988281 -328.369995117
-0.598384320736 -0.109968952835 7.89281654358
249 234 208
2 0 3042 -236.582519531 43.7250976563 1 3156 13.4992675781 57.8933105469
-0.518885791302 -0.0236826371402 7.82010030746
180 142 111
2 0 4310 -207.067016602 9.46447753906 1 3148 33.9304199219 23.6434326172
-1.47366297245 -1.6285649538 7.76415538788
94 92 81
2 0 967 -597.189208984 660.880187988 1 1318 -243.842163086 663.990966797
-0.931737303734 -1.17611074448 7.09315252304
146 128 104
2 0 815 -411.796508789 518.977416992 1 1323 -124.579345703 530.484985352
1.15929865837 1.12023746967 9.05052852631
253 254 247
2 0 1284 400.736328125 -387.059692383 1 1324 625.253173828 -458.448242188
-0.34617343545 0.129425689578 7.80941915512
218 174 138
2 0 3251 -138.172607422 -50.8197021484 1 3141 90.1118164063 -43.0278320313
0.00761463632807 1.56990122795 8.95422363281
219 173 136
2 0 1461 2.73327636719 -548.196044922 1 1334 208.032470703 -555.03515625
-0.34617343545 0.129425689578 7.80941915512
218 174 138
2 0 3252 -138.172607422 -50.8197021484 1 3140 90.1118164063 -43.0278320313
-0.828416645527 -0.805199086666 7.32682847977
254 251 230
2 0 1426 -353.27734375 345.893066406 1 1352 -82.9195556641 356.527709961
0.137833669782 1.20746564865 8.97071647644
205 165 130
2 0 1489 47.9094238281 -420.746826172 1 1380 268.022705078 -437.348022461
-0.725227594376 0.982162833214 8.27561664581
252 254 246
2 0 1592 -273.959472656 -371.057983398 1 1382 -55.6911621094 -334.611816406
-1.28728592396 -1.16608226299 7.63209152222
229 222 201
2 0 2047 -528.845336914 480.809692383 1 3133 -210.904418945 493.906005859
-0.973963797092 -0.0781894698739 7.92236757278
254 251 231
2 0 2739 -383.796142578 32.2015380859 1 3124 -122.692504883 60.7940673828
-1.0231231451 0.512835979462 7.88473320007
254 253 237
2 0 1853 -405.640380859 -203.524658203 1 1411 -171.179077148 -153.651000977
-1.0231231451 0.512835979462 7.88473320007
254 253 237
2 0 1854 -405.640380859 -203.524658203 1 1412 -171.179077148 -153.651000977
-1.33075666428 0.201487243176 7.97456216812
145 114 86
2 0 2548 -521.927001953 -78.4787597656 1 3108 -258.010986328 -25.9870605469
-1.04330635071 -0.984736740589 7.36168241501
251 245 221
2 0 1112 -443.70703125 419.92175293 1 1426 -153.505249023 435.046020508
-1.04330635071 -0.984736740589 7.36168241501
251 245 221
2 0 1113 -443.70703125 419.92175293 1 1427 -153.505249023 435.046020508
-0.466451644897 1.22652971745 8.85084915161
179 130 95
2 0 1729 -164.924316406 -433.944091797 1 1432 59.2524414063 -416.541625977
-0.983845055103 -1.00095784664 7.26264715195
184 166 141
2 0 985 -424.209228516 431.737548828 1 1439 -138.636230469 447.227172852
-0.983845055103 -1.00095784664 7.26264715195
184 166 141
2 0 984 -424.209228516 431.737548828 1 1440 -138.636230469 447.227172852
-1.46163570881 0.176853910089 8.10774326324
144 125 99
2 0 1034 -564.460327148 -69.4339599609 1 1475 -288.831787109 -11.1782226563
0.494639933109 1.09923815727 9.17495632172
143 102 74
2 0 3083 168.315917969 -374.330810547 1 3106 398.354980469 -412.6171875
-1.735714674 0.0352465473115 8.46290588379
57 49 36
2 0 3123 -642.673706055 -13.5819091797 1 3094 -339.590820313 43.6440429688
0.462514102459 1.0712300539 9.25495624542
146 103 76
2 0 1644 156.092773438 -361.060546875 1 1499 390.209960938 -399.877685547
-1.21001017094 -1.01643335819 7.54023551941
244 235 212
2 0 1444 -502.815673828 423.068847656 1 1501 -198.088867188 441.548461914
1.46987593174 0.833794653416 9.49740219116
198 160 123
2 0 1977 483.905029297 -275.533935547 1 1509 740.680175781 -363.214599609
-1.33015727997 0.0287228450179 8.07067394257
254 250 230
2 0 1603 -515.490600586 -11.0194091797 1 1512 -240.340454102 35.5500488281
-1.33015727997 0.0287228450179 8.07067394257
254 250 230
2 0 1604 -515.490600586 -11.0194091797 1 1513 -240.340454102 35.5500488281
-1.48395943642 -1.48299062252 7.79487943649
104 101 90
2 0 1978 -598.53112793 598.345947266 1 3056 -251.184814453 607.951171875
-1.1829431057 -0.801527440548 7.79263114929
164 146 118
2 0 1116 -475.173706055 321.991455078 1 1526 -174.809936523 343.96105957
-0.625942647457 0.243501141667 7.74871444702
254 254 243
2 0 3000 -252.116210938 -97.9168701172 1 3043 -23.8487548828 -71.7883300781
-1.68472456932 -0.810375809669 8.67743682861
15 17 16
2 0 2685 -608.582275391 292.773925781 1 3035 -265.965087891 319.750366211
-1.23241961002 -0.0301391426474 8.04326248169
253 249 222
2 0 1560 -479.044555664 11.8436279297 1 1541 -205.932373047 53.1101074219
0.434335619211 1.14366841316 8.90671062469
254 234 203
2 0 3900 152.321777344 -401.080932617 1 3026 369.970458984 -433.224487305
-1.50245642662 -0.0529767610133 8.26285266876
157 136 109
2 0 2737 -569.220703125 19.4957275391 1 3022 -277.326538086 68.6850585938
-0.432117670774 0.218153700233 7.76783466339
255 254 237
2 0 1828 -173.55456543 -87.3796386719 1 1563 51.1860351563 -71.6639404297
-0.0182601846755 1.02241826057 9.0104227066
181 136 103
2 0 1268 -6.52844238281 -354.958374023 1 1569 224.939941406 -365.408813477
-0.770431339741 0.12631931901 7.75919008255
254 247 223
2 0 1469 -309.956054688 -50.5472412109 1 1573 -71.0786132813 -20.7574462891
1.46644032001 0.785311639309 9.52873516083
255 252 228
2 0 1791 480.948730469 -259.551879883 1 1580 741.217285156 -345.467285156
1.46644032001 0.785311639309 9.52873516083
255 252 228
2 0 1792 480.948730469 -259.551879883 1 1581 741.217285156 -345.467285156
-0.602029085159 0.116922497749 7.75488996506
255 251 228
2 0 1662 -242.139038086 -46.1950683594 1 1585 -8.57971191406 -25.5963134766
-0.788115382195 -0.0707527548075 7.91247653961
255 247 220
2 0 1038 -311.036010742 27.6160888672 1 1591 -56.0830078125 51.8142089844
-1.53284454346 -0.366845279932 8.41900348663
248 248 230
2 0 1764 -569.959472656 136.568847656 1 1592 -259.010375977 174.0078125
-1.22897493839 0.295464664698 7.85548210144
245 228 195
2 0 1619 -489.282958984 -117.671264648 1 1596 -237.648193359 -63.3800048828
-1.30700135231 -1.30544447899 7.57083034515
237 231 211
2 0 2073 -541.836181641 542.484313965 1 3015 -217.309570313 553.03704834
-1.12099945545 0.855635046959 7.99365949631
214 173 140
2 0 1554 -438.881591797 -335.212402344 1 1608 -212.560424805 -274.196777344
-1.12099945545 0.855635046959 7.99365949631
214 173 140
2 0 1555 -438.881591797 -335.212402344 1 1609 -212.560424805 -274.196777344
0.485854655504 1.22634959221 8.89354038239
178 135 102
2 0 3891 170.756347656 -430.684204102 1 3003 383.927490234 -465.074951172
-1.07227003574 -1.5799639225 7.19545173645
120 107 89
2 0 2161 -468.541625977 689.298400879 1 3000 -149.854858398 690.375732422
-0.716473579407 -0.20945866406 8.14759254456
22 21 33
2 0 1254 -274.293457031 81.6335449219 1 1627 -7.45495605469 92.3015136719
0.706963717937 1.10673177242 9.01105117798
254 250 222
2 0 1656 245.150146484 -383.631469727 1 1637 467.622314453 -431.358398438
-0.791589796543 -1.07537126541 7.03721570969
253 249 232
2 0 1370 -352.271850586 478.111328125 1 1644 -78.6560058594 487.951660156
-0.470803380013 1.00983154774 9.31591510773
252 241 216
2 0 1590 -158.096435547 -339.56237793 1 1651 91.9028320313 -332.42199707
-1.08707511425 0.107782334089 7.91107988358
171 139 109
2 0 1582 -429.317871094 -42.0152587891 1 1664 -172.849243164 -1.74633789063
-1.08707511425 0.107782334089 7.91107988358
171 139 109
2 0 1581 -429.317871094 -42.0152587891 1 1665 -172.849243164 -1.74633789063
-0.650966107845 0.00476539274678 7.78768444061
154 117 89
2 0 2353 -260.894775391 -1.84899902344 1 2972 -18.7386474609 19.4561767578
0.735137462616 1.15102303028 8.95999717712
195 153 119
2 0 1805 256.530273438 -400.911254883 1 1677 474.739257813 -450.202392578
-0.98150742054 -0.807601213455 7.48073530197
255 249 223
2 0 1476 -410.286987305 339.170166016 1 1686 -128.07043457 355.061035156
-0.67664372921 -1.06956398487 6.92606210709
254 251 234
2 0 2913 -305.788574219 483.721923828 1 2968 -41.7399902344 489.411132813
-0.608985304832 -1.06182038784 6.87307262421
252 254 240
2 0 1740 -277.284423828 483.847412109 1 1697 -18.5101318359 487.847045898
1.24108624458 0.991775691509 9.33005809784
252 252 235
2 0 1350 416.012451172 -332.135375977 1 1701 657.430664063 -410.047485352
-0.987465381622 -0.0169987641275 7.8615694046
255 253 240
2 0 1826 -392.368286133 6.90026855469 1 1718 -135.200927734 41.2756347656
-1.25050318241 -1.12806677818 7.57006311417
99 88 68
2 0 1800 -517.931274414 467.887451172 1 2967 -204.865722656 483.749389648
0.37964707613 1.23223972321 8.97298526764
172 131 98
2 0 1991 132.264404297 -428.690673828 1 1731 348.995361328 -458.836181641
0.37964707613 1.23223972321 8.97298526764
172 131 98
2 0 1990 132.264404297 -428.690673828 1 1732 348.995361328 -458.836181641
-1.06167221069 -1.24625992775 7.27882862091
139 124 100
2 0 2744 -457.331054688 537.974243164 1 2957 -155.180541992 545.976135254
-0.79187810421 0.229869782925 7.79517841339
210 172 140
2 0 1434 -317.32824707 -92.7619628906 1 1750 -80.8006591797 -58.2200927734
0.860485196114 1.06175947189 8.93421268463
254 254 230
2 0 2095 301.067382813 -371.079956055 1 1754 522.163330078 -426.576660156
-1.68511641026 0.219866663218 8.345038414
208 198 175
2 0 2654 -632.743408203 -83.2210693359 1 2910 -342.940673828 -20.1170654297
-1.1914716959 -0.958605885506 7.5588517189
245 239 214
2 0 2012 -493.655151367 398.406616211 1 1765 -192.342407227 416.866577148
-1.47026979923 -0.0789542198181 8.33467674255
255 254 236
2 0 2120 -552.277709961 28.1544189453 1 1767 -258.134399414 75.7958984375
-1.10622262955 0.529867649078 7.86102390289
220 183 147
2 0 1643 -439.98034668 -210.573242188 1 1769 -204.269775391 -156.440307617
-0.417656004429 -1.48938047886 6.24775314331
244 235 215
2 0 1909 -210.069702148 747.419494629 1 1775 38.5578613281 738.33001709
-1.28583467007 -0.604345738888 7.94818067551
65 87 172
2 0 1731 -506.212402344 238.489013672 1 1778 -206.925292969 266.747802734
-0.930674672127 -1.23083388805 7.03359174728
133 115 89
2 0 1327 -414.739746094 549.8203125 1 1779 -127.290649414 556.266906738
-0.930674672127 -1.23083388805 7.03359174728
133 115 89
2 0 1328 -414.739746094 549.8203125 1 1780 -127.290649414 556.266906738
-0.790977954865 0.307291537523 7.82997941971
255 253 235
2 0 1653 -315.436645508 -122.482421875 1 1788 -81.6618652344 -88.3510742188
-1.68511641026 0.219866663218 8.345038414
208 198 175
2 0 2653 -632.743408203 -83.2210693359 1 2909 -342.940673828 -20.1170654297
-0.544936418533 -0.0710456967354 7.87788629532
254 247 218
2 0 3167 -215.927490234 27.8674316406 1 2891 30.4752197266 41.8063964844
-0.57536894083 -0.0233618505299 7.76734685898
188 155 123
2 0 3564 -231.168701172 9.47192382813 1 2852 9.27221679688 26.9946289063
-0.752718687057 0.316188812256 7.84118270874
219 175 138
2 0 2229 -299.70715332 -125.755126953 1 1820 -67.2043457031 -93.6481933594
-0.872821629047 0.217166006565 7.8072180748
243 226 197
2 0 1940 -348.944335938 -85.7365722656 1 1851 -109.537475586 -51.6004638672
-0.449190855026 0.102706618607 7.76667928696
255 253 230
2 0 3948 -180.404052734 -40.8403320313 1 2842 50.2299804688 -27.0653076172
-1.16044640541 0.0400015860796 7.96940279007
254 238 208
2 0 1952 -455.15637207 -15.6831054688 1 1873 -190.437011719 26.0201416016
-0.917637646198 -0.948359489441 7.23684120178
255 254 237
2 0 2304 -396.817871094 410.87878418 1 1881 -117.933349609 424.84777832
-1.46149766445 -0.0216586440802 8.18733215332
255 254 237
2 0 1946 -558.637084961 8.25256347656 1 1889 -272.246704102 56.9792480469
0.915426015854 1.2784318924 8.80973529816
253 254 243
2 0 2079 325.498291016 -452.036132813 1 1892 531.075195313 -511.474487305
-1.36311399937 -0.029514208436 8.21301460266
135 110 82
2 0 1760 -519.221191406 10.8499755859 1 1899 -235.58203125 55.4645996094
-1.20830774307 0.012338061817 8.01916694641
166 130 99
2 0 2385 -471.138549805 -5.21362304688 1 2834 -201.440795898 37.6958007813
-0.324738264084 1.36366152763 8.76871776581
253 254 242
2 0 3429 -115.552368164 -485.080810547 1 1914 95.6318359375 -475.424682617
-0.489424437284 1.24908661842 8.71503353119
255 234 198
2 0 2058 -175.572387695 -448.008789063 1 1921 42.3706054688 -428.259155273
0.71156167984 2.35210728645 9.5715303421
136 123 104
2 0 2382 233.956054688 -770.446044922 1 1926 427.163330078 -820.843017578
-1.03843224049 0.0180357005447 7.84694385529
254 247 226
2 0 1671 -413.395141602 -6.64892578125 1 1945 -156.719848633 30.4113769531
1.29831326008 0.793922543526 9.30853176117
224 190 157
2 0 2634 435.708007813 -268.21472168 1 1947 685.905029297 -345.338378906
-0.473947316408 -1.75908577442 3.84390473366
46 56 68
2 0 3310 -394.588256836 1462.05297852 1 1952 -282.874755859 1429.59912109
-0.835486531258 -1.74817872047 7.07926273346
28 23 17
2 0 2102 -371.273193359 776.079162598 1 2830 -57.5462646484 763.985046387
-0.957748293877 -1.78771650791 7.12868976593
39 33 24
2 0 2246 -422.916748047 788.72064209 1 1959 -100.183959961 778.316650391
0.157099381089 1.27211940289 8.85886478424
255 252 226
2 0 2230 55.4301757813 -448.548461914 1 1963 267.804931641 -464.762084961
-1.25490820408 1.17984843254 8.13371753693
215 198 170
2 0 2221 -483.812988281 -455.878173828 1 1970 -261.212524414 -381.153686523
-0.217917308211 1.70339906216 9.04842948914
232 216 186
2 0 2625 -75.0988769531 -588.093505859 1 2826 131.068115234 -584.667480469
0.39481908083 1.16847360134 8.78271198273
254 244 219
2 0 2649 140.397705078 -415.811645508 1 1980 352.168212891 -443.73840332
-1.06334936619 -1.35530877113 7.19766235352
130 115 92
2 0 1864 -463.609619141 591.741882324 1 2815 -157.933227539 597.323425293
-0.432210475206 1.29799985886 8.75259590149
254 247 212
2 0 2707 -154.384887695 -463.554931641 1 1991 61.7163085938 -446.792724609
-1.27344036102 -0.996125459671 7.69842576981
130 120 99
2 0 1183 -518.440795898 405.184448242 1 1995 -207.141845703 426.401123047
-1.10676062107 -0.773820757866 7.66812229156
241 228 200
2 0 1526 -451.652099609 315.879272461 1 2009 -159.506469727 337.517700195
1.44716691971 0.654176294804 9.5761051178
255 254 243
2 0 2049 472.133789063 -215.149902344 1 2010 739.051269531 -300.743408203
-1.08833789825 -1.12588822842 7.38223791122
251 243 220
2 0 1992 -461.946289063 479.027954102 1 2024 -161.795288086 490.807678223
-1.48664164543 -0.27419295907 8.29846286774
227 215 191
2 0 2167 -560.746582031 103.252807617 1 2035 -258.753417969 144.187988281
-0.322808653116 1.5603941679 8.94619369507
229 182 142
2 0 2743 -112.895141602 -545.722412109 1 2791 97.6811523438 -534.376464844
0.389903455973 1.07978653908 9.18238544464
165 126 96
2 0 1915 132.477539063 -367.582641602 1 2052 364.259033203 -400.448364258
-0.253029108047 0.141431391239 7.98183965683
255 251 223
2 0 2259 -98.8500976563 -54.7073974609 1 2055 134.121337891 -53.2589111328
-1.05241584778 1.38910973072 8.25196647644
253 255 242
2 0 2904 -399.694946289 -527.670043945 1 2073 -190.227050781 -464.300415039
-0.393332511187 1.15280425549 8.90677261353
252 218 181
2 0 1959 -138.247436523 -405.488037109 1 2075 89.8957519531 -393.271240234
-0.224406391382 0.167026773095 7.96261548996
207 167 131
2 0 2282 -87.9724121094 -65.3918457031 1 2081 142.646240234 -63.466796875
-0.895574867725 -0.084536768496 7.88038063049
255 253 234
2 0 2856 -354.724487305 34.6776123047 1 2084 -97.4337158203 60.8500976563
-0.0625673234463 1.16294884682 8.95206069946
177 133 99
2 0 1873 -21.9603271484 -406.19140625 1 2094 201.766113281 -412.536010742
0.324524194002 1.22752726078 8.97764110565
254 253 230
2 0 3168 112.848144531 -427.533203125 1 2101 330.769042969 -453.484375
-1.27836191654 1.30284678936 8.19480705261
254 255 239
2 0 2094 -489.435180664 -499.759033203 1 2105 -269.186767578 -422.366699219
0.0510099045932 1.02802562714 9.19104194641
255 254 240
2 0 2909 17.1044921875 -349.96081543 1 2107 254.361816406 -366.05456543
-1.25470495224 0.36240196228 7.94603872299
255 251 231
2 0 1820 -493.922119141 -142.833007813 1 2110 -241.202392578 -87.2606201172
0.148128658533 1.59402227402 8.88778018951
207 162 124
2 0 2328 52.3056640625 -560.554931641 1 2118 251.952148438 -574.349609375
-1.25751543045 0.984449326992 8.01642990112
163 126 94
2 0 2468 -491.385986328 -384.870239258 1 2770 -264.776855469 -314.055786133
-1.07260704041 -1.0864802599 7.37298631668
142 123 99
2 0 1611 -455.695922852 463.008300781 1 2150 -158.665283203 475.165527344
-0.819370687008 -0.956734657288 7.15470743179
184 160 131
2 0 2039 -358.263061523 419.428344727 1 2717 -86.0498046875 429.954223633
-0.919147670269 -1.63661396503 7.04565286636
91 82 65
2 0 2321 -410.216552734 729.357910156 1 2716 -99.9317626953 724.653930664
0.662500321865 1.56834173203 8.80243682861
254 254 238
2 0 2541 235.916748047 -556.59765625 1 2169 429.095947266 -598.97265625
-0.960602164268 -1.62035000324 7.08092308044
85 74 57
2 0 1243 -426.446411133 719.610229492 1 2175 -114.442871094 714.210754395
0.0272569674999 1.06324648857 9.0627117157
255 253 238
2 0 3658 9.26452636719 -366.659301758 1 2693 240.271728516 -380.342895508
-0.951273918152 -1.48485815525 7.04469823837
238 227 207
2 0 2060 -424.008422852 662.825439453 1 2212 -121.207885742 661.227844238
-0.193303316832 0.186296001077 7.92424821854
254 251 223
2 0 2413 -75.9051513672 -71.9011230469 1 2228 150.835693359 -73.2856445313
-0.401447415352 0.252646207809 7.78832626343
216 174 135
2 0 1878 -160.647338867 -100.079345703 1 2269 62.052734375 -87.2879638672
0.180380955338 1.03248894215 9.36776351929
170 125 93
2 0 2146 59.79296875 -345.315551758 1 2271 302.359619141 -368.881713867
-0.685019135475 -0.881516516209 7.22325754166
202 175 144
2 0 2242 -296.726074219 380.467407227 1 2285 -30.310546875 391.508422852
0.423595041037 1.292350173 8.91369819641
212 182 151
2 0 2508 148.520019531 -453.165039063 1 2301 360.196289063 -483.549926758
-0.644558310509 -0.386085659266 8.15289115906
61 72 124
2 0 1860 -246.995849609 146.834472656 1 2302 27.3128662109 155.435302734
0.973371386528 1.23316073418 8.89134883881
254 254 230
2 0 2425 342.701660156 -432.702514648 1 2315 554.352783203 -494.636352539
-1.02956771851 -0.126878589392 8.02193069458
179 144 113
2 0 2234 -401.023193359 49.2270507813 1 2322 -131.516845703 80.3322753906
-1.0435128212 -1.4097943306 7.14711618423
125 110 88
2 0 1837 -458.332275391 620.092590332 1 2335 -152.173583984 623.472351074
-0.817902445793 -0.110280759633 7.94339084625
150 120 96
2 0 2509 -321.402709961 43.9505615234 1 2341 -62.9444580078 66.1452636719
-1.52226603031 -1.72041547298 7.83912706375
37 37 30
2 0 2194 -611.405151367 691.922180176 1 2676 -249.639526367 692.510192871
-0.285403251648 1.5453299284 8.97595119476
253 254 240
2 0 2486 -99.4417724609 -538.459960938 1 2666 112.210693359 -530.096557617
1.18563699722 0.592244207859 9.60436820984
255 252 228
2 0 3368 385.182617188 -194.377319336 1 2375 653.422119141 -267.763793945
-1.19502103329 -0.209158048034 8.06893634796
197 174 146
2 0 1654 -463.095825195 80.5494384766 1 2379 -182.006469727 116.228027344
-1.73490738869 -0.493290990591 8.76785182953
17 19 18
2 0 1514 -619.799804688 177.228515625 1 2387 -287.586669922 211.41809082
-1.6445953846 0.0975443050265 8.37323665619
111 98 74
2 0 1687 -615.291503906 -37.3463134766 1 2411 -321.008178711 20.3469238281
-1.24591636658 0.0240696575493 8.02065086365
242 228 200
2 0 1975 -485.869018555 -10.2375488281 1 2652 -214.95703125 35.5093994141
-1.41133379936 0.0945496857166 8.13702774048
139 113 88
2 0 1405 -542.749511719 -36.6589355469 1 2413 -265.075073242 14.7297363281
0.94122081995 1.18186891079 8.94019508362
254 247 221
2 0 3573 329.360595703 -412.788818359 1 2436 545.517822266 -472.60168457
-0.641599416733 -1.02875363827 7.00807094574
254 254 241
2 0 2555 -286.532226563 459.048950195 1 2437 -22.6108398438 464.960083008
-1.06237721443 -0.812216043472 7.63209581375
188 172 147
2 0 1703 -435.587402344 333.018310547 1 2443 -144.415527344 352.532104492
-0.652071595192 -1.10662508011 6.86657953262
254 254 238
2 0 1845 -297.244995117 505.267272949 1 2457 -34.6567382813 508.763061523
-1.15329241753 0.197131872177 7.83056020737
214 185 149
2 0 1971 -460.126708984 -77.1237792969 1 2465 -208.64074707 -31.8010253906
-0.855175971985 -0.926556706429 7.19892406464
255 254 238
2 0 3006 -371.577758789 403.943481445 1 2469 -97.9814453125 415.749755859
-1.479190588 1.52588760853 8.4560880661
255 254 236
2 0 2963 -549.539550781 -567.500244141 1 2473 -322.046508789 -481.771118164
0.286350607872 1.21725928783 8.94559383392
213 176 142
2 0 2882 100.092529297 -424.597167969 1 2481 316.956542969 -449.954833984
-1.53109192848 -0.258757442236 8.29777908325
98 83 60
2 0 1874 -577.755737305 97.0023193359 1 2650 -274.408447266 141.057983398
-0.0666761025786 1.40220844746 8.90561199188
194 151 115
2 0 2643 -23.4559326172 -492.417724609 1 2500 188.21875 -495.526245117
-0.0155240688473 1.64866042137 9.02539730072
255 253 233
2 0 2280 -5.05847167969 -570.250488281 1 2504 199.474853516 -578.289794922
-0.705138385296 -0.00381472380832 7.77054691315
141 108 82
2 0 2663 -283.339111328 1.15417480469 1 2506 -39.5368652344 25.9237060547
-0.705138385296 -0.00381472380832 7.77054691315
141 108 82
2 0 2664 -283.339111328 1.15417480469 1 2507 -39.5368652344 25.9237060547
-1.4406349659 0.00937921460718 8.22387504578
137 108 79
2 0 2281 -548.151245117 -3.63610839844 1 2649 -262.989990234 44.4306640625
-1.27720952034 0.831729590893 8.00584030151
255 254 238
2 0 2496 -499.564575195 -325.576660156 1 2641 -265.487915039 -257.404907227
0.0900525972247 1.21530866623 8.99331092834
255 254 231
2 0 2115 31.4610595703 -421.126953125 1 2518 251.911865234 -438.09765625
-0.0885439515114 1.50174510479 8.84777545929
255 254 239
2 0 2768 -31.2116699219 -530.483764648 1 2541 173.832519531 -531.413452148
-0.832932054996 0.568201839924 8.16550445557
240 211 171
2 0 2179 -318.827148438 -218.252319336 1 2555 -82.4448242188 -181.120849609
0.946118474007 0.852691829205 9.29065322876
236 207 177
2 0 2630 317.800292969 -287.939331055 1 2563 562.787597656 -348.418457031
0.690482974052 1.00816428661 9.10701179504
255 245 215
2 0 2808 236.713378906 -346.103881836 1 2574 467.467773438 -393.586914063
1.49943399429 0.860082447529 9.43809700012
254 252 226
2 0 3276 497.011474609 -285.222290039 1 2575 750.473876953 -375.676147461
0.0791210606694 1.63268697262 8.90678215027
254 255 241
2 0 2702 27.9940185547 -572.869384766 1 2576 227.479736328 -583.105224609
0.967444837093 1.02395534515 9.00411891937
254 254 236
2 0 3188 335.844970703 -355.33996582 1 2581 561.761962891 -416.662231445
-0.239720270038 -1.40978336334 7.29056119919
254 255 238
2 0 3131 -103.357177734 603.598510742 1 2582 179.711669922 584.83203125
1.442892313 0.73643296957 9.61368274689
183 148 114
2 0 2987 468.907714844 -241.333618164 1 2595 733.893066406 -326.461425781
