
pmvs2
D:\document\project\3dSurface3\code\expr7\sfm_images\d2.nvm.cmvs\00\
option-0000
--------------------------------------------------
--- Summary of specified options ---
# of timages: 10 (enumeration)
# of oimages: 0 (enumeration)
level: 1  csize: 2
threshold: 0.4  wsize: 7
minImageNum: 2  CPU: 12
useVisData: 1  sequence: -1
--------------------------------------------------
Reading images: **********
014579   2  8Harris running ... Harris running ... 3 Harris running ...Harris running ... Harris running ...Harris running ...6 Harris running ...Harris running ...Harris running ...Harris running ...1588 harris done
1595 harris done
DoG running...DoG running...1558 harris done
DoG running...1588 harris done
DoG running...1565 harris done
1591 harris done
DoG running...1569 harris done
DoG running...DoG running...1564 harris done
1554 harris done
1568 harris done
DoG running...DoG running...DoG running...2040 dog done
2040 dog done
2040 dog done
2040 dog done
2040 dog done
2040 dog done
2040 dog done
2040 dog done
2040 dog done
2040 dog done
done
adding seeds 
(2,955)(3,937)(7,949)(8,976)(9,964)(5,1006)(4,876)(6,878)(0,1001)(1,1030)done
---- Initial: 0 secs ----
Total pass fail0 fail1 refinepatch: 47210 17864 23280 6066 23930
Total pass fail0 fail1 refinepatch: 100 37.8394 49.3116 12.849 50.6884
Expanding patches...
---- EXPANSION: 21 secs ----
Total pass fail0 fail1 refinepatch: 441296 310290 88023 42983 353273
Total pass fail0 fail1 refinepatch: 100 70.3133 19.9465 9.74017 80.0535
FilterOutside
mainbody: 
Gain (ave/var): 0.305337 0.625771
319632 -> 236401 (73.9604%)	0 secs
Filter Exact: **********
236401 -> 110938 (46.9279%)	0 secs
FilterNeighbor:	110938 -> 64737 (58.3542%)	0 secs
FilterGroups:	20
64737 -> 25558 (39.4797%)	0 secs
STATUS: 0 0 0 0 0 0 0 0 0 0 
0 0 0 0 0 0 0 0 0 0 
0 0 0 0 0 0 0 0 0 0 
0 0 0 0 0 
Expanding patches...refinePatchBFGS failed!

---- EXPANSION: 32 secs ----
Total pass fail0 fail1 refinepatch: 652911 267500 116408 269003 536503
Total pass fail0 fail1 refinepatch: 100 40.9704 17.8291 41.2006 82.1709
FilterOutside
mainbody: 
Gain (ave/var): 0.421119 0.625264
293058 -> 249821 (85.2463%)	0 secs
Filter Exact: **********
249821 -> 119799 (47.9539%)	0 secs
FilterNeighbor:	119799 -> 88413 (73.8011%)	0 secs
FilterGroups:	20
88413 -> 48743 (55.131%)	0 secs
STATUS: 0 0 0 0 0 0 0 0 0 0 
0 0 0 0 0 0 0 0 0 0 
0 0 0 0 0 0 0 0 0 0 
0 0 0 0 0 
Expanding patches...refinePatchBFGS failed!

---- EXPANSION: 37 secs ----
Total pass fail0 fail1 refinepatch: 699669 288755 120116 290798 579553
Total pass fail0 fail1 refinepatch: 100 41.2702 17.1675 41.5622 82.8325
FilterOutside
mainbody: 
Gain (ave/var): 0.452532 0.638004
337498 -> 288387 (85.4485%)	0 secs
Filter Exact: **********
288387 -> 136999 (47.5053%)	0 secs
FilterNeighbor:	136999 -> 103988 (75.9042%)	0 secs
FilterGroups:	20
103988 -> 62332 (59.9415%)	0 secs
STATUS: 0 0 0 0 0 0 0 0 0 0 
0 0 0 0 0 0 0 0 0 0 
0 0 0 0 0 0 0 0 0 0 
0 0 0 0 0 
---- Total: 0 secs ----
