# Bundle file v0.3
2 437
3124.03442383 0 0
0.999998211861 0.000219208246563 -0.00191227556206
0.000217108565266 -0.999999403954 -0.00107960146852
-0.0019125189865 0.00107917992864 -0.99999755621
0.00867203436792 0.00469336286187 0.0222269445658
3137.13549805 0 0
0.981254041195 -0.0904724448919 0.170161962509
-0.0871333256364 -0.995830535889 -0.0270058363676
0.171895742416 0.0116727892309 -0.985045909882
-0.987019240856 0.178548261523 -0.118295274675
-0.127425789833 -0.767129063606 4.68159580231
248 229 199
2 0 0 -85.9313964844 511.698974609 1 1 -161.715576172 547.221313477
-0.127425789833 -0.767129063606 4.68159580231
248 229 199
2 0 1 -85.9313964844 511.698974609 1 2 -161.715576172 547.221313477
-2.56881403923 0.778421461582 4.76421356201
254 255 254
2 0 13 -1693.90246582 -513.036987305 1 23 -1651.44189453 -300.17590332
-0.441071927547 0.547541737556 4.3039522171
255 250 222
2 0 20 -321.672729492 -401.797241211 1 28 -521.617431641 -312.691040039
0.591626644135 0.827858507633 4.98684978485
168 125 94
2 0 57 371.66015625 -523.30480957 1 75 234.490478516 -528.474731445
0.229757100344 0.64132809639 4.74676084518
245 217 183
2 0 90 151.714599609 -424.828613281 1 84 -7.75146484375 -401.460327148
-0.0817088410258 -0.508014917374 4.22412157059
35 36 38
2 0 102 -60.3352050781 378.29309082 1 117 -220.737548828 420.748901367
0.0351095534861 -0.553266048431 4.2814540863
244 226 194
2 0 158 26.076171875 406.498535156 1 130 -125.951416016 441.125732422
-0.45633789897 0.0492602623999 4.6200056076
251 237 210
2 0 177 -310.220581055 -33.6538085938 1 154 -431.552001953 29.3031005859
0.186976656318 0.790754854679 4.72222852707
177 139 109
2 0 140 124.048095703 -527.414794922 1 157 -47.15625 -497.770385742
0.168866813183 -1.25932633877 4.72320604324
14 16 13
2 0 248 111.634521484 835.055908203 1 163 63.6538085938 851.674987793
-0.564824402332 0.459792107344 4.31342887878
188 164 135
2 0 217 -410.815185547 -333.172973633 1 180 -597.336791992 -245.527709961
-0.131433218718 -0.863572776318 4.1849770546
250 247 225
2 0 193 -98.1176757813 649.583984375 1 191 -239.232299805 685.94329834
0.165274336934 0.52741765976 4.87689638138
127 85 57
2 0 174 105.822753906 -342.137817383 1 218 -26.9555664063 -313.90222168
-0.121088095009 -0.997992873192 4.25515127182
238 217 187
2 0 310 -89.0440673828 737.131347656 1 245 -210.561157227 770.40826416
-0.654400646687 -0.782121956348 4.22458314896
239 230 207
2 0 259 -486.180786133 581.474365234 1 252 -597.962646484 641.238098145
0.549616456032 0.612636625767 5.09534358978
85 56 35
2 0 420 337.878173828 -377.193359375 1 262 226.5703125 -384.756347656
-0.55473613739 -0.681273519993 4.18228673935
253 244 225
2 0 276 -416.160888672 512.12713623 1 274 -547.53137207 571.768615723
-0.440477728844 -0.678127586842 4.14236211777
255 252 235
2 0 241 -333.516357422 514.358032227 1 280 -478.145874023 571.280761719
-0.363578766584 0.468763589859 4.28253698349
255 251 226
2 0 361 -266.099731445 -341.975952148 1 303 -469.655761719 -267.580444336
-0.363578766584 0.468763589859 4.28253698349
255 251 226
2 0 362 -266.099731445 -341.975952148 1 304 -469.655761719 -267.580444336
-0.590772151947 -0.74332088232 4.2118639946
110 83 60
2 0 235 -440.178955078 554.342285156 1 327 -560.625488281 613.369262695
-0.590772151947 -0.74332088232 4.2118639946
110 83 60
2 0 236 -440.178955078 554.342285156 1 328 -560.625488281 613.369262695
-0.147707477212 -0.551403939724 4.2142739296
255 254 246
2 0 415 -109.792358398 409.908691406 1 334 -265.940551758 458.033081055
-0.396959155798 -0.364642798901 4.19246768951
250 237 210
2 0 433 -297.137207031 271.226318359 1 341 -457.070678711 338.167236328
0.249200731516 -0.272995591164 4.16218233109
254 253 243
2 0 384 188.559326172 206.794677734 1 342 -7.27124023438 236.810180664
0.048614539206 -0.287428945303 4.14583158493
254 248 224
2 0 321 37.1430664063 215.602661133 1 358 -154.961547852 262.834838867
-0.492247641087 -0.888770520687 4.17529535294
155 115 88
2 0 313 -369.792602539 669.561340332 1 360 -492.289672852 719.082580566
-0.638718366623 0.369652450085 4.34335708618
163 147 122
2 0 312 -461.612792969 -267.505615234 1 362 -632.519775391 -174.897949219
0.554148674011 0.721935510635 5.02142381668
145 100 68
2 0 391 345.766357422 -451.617797852 1 371 218.696289063 -457.759643555
0.291155695915 -0.344374328852 4.21261644363
251 240 213
2 0 425 217.280273438 255.28137207 1 379 34.9206542969 285.633544922
-0.665824770927 0.220558702946 4.39623117447
243 227 201
2 0 394 -475.513305664 -158.162475586 1 389 -627.185546875 -69.5447998047
0.0526960268617 -0.169212803245 4.15253448486
143 103 72
2 0 380 40.4948730469 129.495117188 1 395 -159.552734375 170.607055664
-0.100612737238 -0.171000048518 4.23844528198
240 224 197
2 0 458 -74.1906738281 126.384765625 1 399 -253.820800781 177.242797852
-0.606490075588 0.246473431587 4.36923646927
108 78 51
2 0 343 -435.728637695 -177.313720703 1 401 -596.875366211 -91.5267333984
-0.0967182740569 -0.324656248093 4.19473266602
148 111 83
2 0 437 -71.9771728516 243.180419922 1 413 -248.815185547 291.573120117
0.342605382204 -0.256172567606 4.22217941284
250 240 234
2 0 534 255.222900391 191.130615234 1 415 67.3933105469 214.868896484
-0.246658101678 -0.0345675311983 4.46738290787
241 234 216
2 0 423 -173.177612305 25.3969726563 1 449 -320.485717773 77.0245361328
-0.125596627593 0.650152146816 4.32310295105
253 244 212
2 0 700 -90.6218261719 -469.445068359 1 453 -310.19140625 -413.414794922
-0.125596627593 0.650152146816 4.32310295105
253 244 212
2 0 701 -90.6218261719 -469.445068359 1 454 -310.19140625 -413.414794922
0.894398391247 0.832482099533 4.80106687546
254 254 239
2 0 531 584.362060547 -543.908447266 1 463 423.173339844 -574.747070313
-0.317250281572 0.86930334568 3.6831407547
43 32 18
2 0 544 -269.259765625 -741.424316406 1 481 -620.446289063 -627.735107422
-0.523069083691 0.517445266247 4.29477405548
92 64 39
2 0 450 -382.00390625 -376.423706055 1 484 -577.891601563 -290.164794922
-0.465492367744 0.470447748899 4.27558660507
170 140 113
2 0 443 -341.47265625 -344.553588867 1 489 -540.500244141 -260.900146484
0.763456702232 0.5448371768 4.88898515701
235 222 196
2 0 469 489.618164063 -349.789794922 1 497 356.173583984 -367.986816406
-0.310126185417 0.951092064381 3.68392753601
77 62 43
2 0 436 -263.144042969 -811.533203125 1 500 -620.752441406 -695.35546875
0.349934190512 0.533830165863 4.88085412979
251 236 206
2 0 561 224.600585938 -344.102783203 1 512 89.55859375 -332.104492188
-0.0297462232411 -1.2757024765 4.53886461258
10 12 7
2 0 868 -20.8355712891 881.140258789 1 513 -87.2546386719 904.54510498
-0.259808450937 1.03070926666 3.65875267982
239 242 235
2 0 548 -221.563232422 -884.157958984 1 539 -595.060913086 -772.326660156
-0.288528114557 -0.592677950859 4.14175128937
254 249 229
2 0 549 -218.319580078 449.588745117 1 540 -377.201049805 502.68157959
-0.0974217653275 -0.1094532758 4.26626443863
154 114 85
2 0 500 -71.1733398438 82.7347412109 1 544 -251.066650391 128.600463867
-0.703230261803 0.127209037542 4.42464923859
126 104 80
2 0 483 -498.983886719 -90.1708984375 1 559 -638.452758789 -4.63256835938
-0.703230261803 0.127209037542 4.42464923859
126 104 80
2 0 482 -498.983886719 -90.1708984375 1 560 -638.452758789 -4.63256835938
-0.187361091375 0.575414776802 4.34043264389
244 233 198
2 0 959 -135.12109375 -415.2109375 1 563 -343.978881836 -352.751464844
0.366166442633 0.490743786097 4.89978075027
215 175 138
2 0 1003 234.059082031 -315.595458984 1 570 104.161865234 -304.223022461
-0.557135224342 0.616231143475 4.33195447922
251 246 222
2 0 540 -403.555541992 -446.081787109 1 580 -597.538208008 -353.790039063
-0.342761605978 -0.738812625408 4.12080049515
254 249 232
2 0 541 -260.837402344 562.379455566 1 581 -410.040161133 616.047180176
-0.420832961798 1.04793584347 3.72080802917
64 56 44
2 0 422 -354.035522461 -884.149169922 1 586 -702.750610352 -758.242919922
0.242973938584 0.488432884216 4.89990568161
136 97 69
2 0 560 155.238037109 -313.208007813 1 588 26.2585449219 -295.466796875
0.0243718661368 0.447282224894 5.06371545792
87 50 27
2 0 480 14.591796875 -276.997314453 1 592 -87.4699707031 -250.380126953
-0.228801831603 0.528102397919 4.33774328232
255 243 210
2 0 765 -165.412353516 -383.697509766 1 597 -369.225585938 -313.853881836
-0.548582971096 0.261573284864 4.3305311203
254 251 226
2 0 558 -397.515136719 -189.038330078 1 617 -569.229003906 -106.651611328
-0.321392655373 -0.182216376066 4.31330680847
254 253 244
2 0 581 -233.66796875 133.314086914 1 618 -391.393676758 191.809936523
-0.495936959982 0.0789326280355 4.56314086914
249 234 208
2 0 715 -341.381713867 -55.6525878906 1 627 -470.07019043 14.4266357422
0.251211732626 -0.366513878107 4.19437742233
196 164 134
2 0 703 188.437988281 273.965576172 1 631 4.83520507813 304.776489258
-0.152178108692 -0.193199381232 4.25457715988
204 172 142
2 0 637 -111.915283203 143.240722656 1 632 -285.669921875 194.159301758
-0.156765177846 -0.711847126484 4.1403222084
254 253 239
2 0 630 -118.284790039 541.944213867 1 634 -275.878173828 582.963439941
0.859708607197 0.509639084339 4.89555597305
255 253 232
2 0 929 550.734619141 -325.137084961 1 645 421.288330078 -352.901611328
0.155018463731 0.388741374016 5.01461553574
159 119 89
2 0 595 96.4196777344 -244.501342773 1 651 -10.3236083984 -222.303955078
0.155018463731 0.388741374016 5.01461553574
159 119 89
2 0 596 96.4196777344 -244.501342773 1 652 -10.3236083984 -222.303955078
0.810368895531 0.520125210285 4.87264633179
122 93 67
2 0 707 521.444580078 -335.447509766 1 659 387.918701172 -355.641601563
-0.364332616329 -0.81802380085 4.14093065262
254 251 231
2 0 663 -275.885009766 620.506347656 1 672 -415.555297852 670.532470703
-0.401313602924 0.536878287792 4.28681516647
210 187 155
2 0 585 -293.712280273 -394.40637207 1 674 -498.261962891 -310.135620117
-0.315348595381 0.70858669281 4.27944278717
254 244 219
2 0 767 -231.044555664 -520.659179688 1 685 -452.680297852 -439.937866211
-0.160377115011 -1.04911029339 4.28337335587
170 146 118
2 0 583 -117.390258789 768.698059082 1 686 -229.576049805 803.544433594
-0.00347951194271 -0.610428273678 4.24483013153
219 181 148
2 0 722 -2.17663574219 452.584716797 1 687 -155.168945313 488.407470703
-0.414909929037 1.20728802681 3.74405932426
113 120 113
2 0 679 -346.977172852 -1014.04711914 1 693 -702.392822266 -882.192138672
-0.684288918972 0.356660813093 4.35365772247
113 101 78
2 0 521 -493.323242188 -256.356079102 1 716 -659.177124023 -163.842285156
0.119175836444 0.355493575335 5.06094360352
232 210 176
2 0 606 73.3662109375 -220.264770508 1 719 -25.4727783203 -199.8125
-0.0281980019063 -0.635309278965 4.24037647247
254 255 243
2 0 635 -20.486328125 471.419067383 1 720 -171.721557617 508.141235352
-0.770944535732 0.0675701275468 4.46938848495
50 39 29
2 0 539 -541.559936523 -46.6850585938 1 722 -666.836791992 37.8773193359
-0.452155739069 -0.30464476347 4.24556779861
242 232 203
2 0 768 -334.150146484 225.254638672 1 726 -487.193481445 291.201660156
0.9728962183 0.401543438435 5.06961774826
254 254 242
2 0 838 601.444580078 -248.098388672 1 736 503.905029297 -281.904907227
-0.515132665634 0.588991522789 4.2995018959
164 145 118
2 0 530 -376.053466797 -431.722900391 1 741 -575.378051758 -337.45300293
-0.202809631824 0.843398988247 3.69842243195
242 236 212
2 0 708 -170.864868164 -716.154296875 1 746 -524.175537109 -615.879882813
-0.0679534301162 -0.755107700825 4.22320652008
254 253 237
2 0 841 -50.3104248047 560.321350098 1 762 -194.413818359 601.11505127
-0.554923176765 -0.794036865234 4.19334793091
143 112 87
2 0 643 -415.178955078 595.59161377 1 767 -537.4375 650.364562988
-0.289218425751 1.02266132832 3.659709692
157 159 147
2 0 862 -246.825561523 -877.665283203 1 782 -617.259155273 -761.634521484
-0.518237352371 0.112383216619 4.48845481873
154 112 79
2 0 741 -362.467773438 -78.4071044922 1 792 -502.954345703 -6.80236816406
-0.518237352371 0.112383216619 4.48845481873
154 112 79
2 0 740 -362.467773438 -78.4071044922 1 793 -502.954345703 -6.80236816406
-0.120614856482 -1.26994681358 4.49147748947
15 15 15
2 0 844 -84.3452148438 888.044372559 1 800 -154.981567383 911.49786377
0.900806546211 0.522553622723 4.90624237061
148 119 89
2 0 1122 575.6875 -333.946533203 1 805 448.04296875 -362.376586914
-0.0521579161286 0.506709992886 5.00912332535
253 248 221
2 0 1061 -33.2360839844 -318.664428711 1 809 -143.611206055 -282.678710938
0.418278843164 0.438320338726 5.00133228302
230 198 162
2 0 1294 261.898681641 -275.634765625 1 811 148.306884766 -270.922241211
0.027897592634 0.358761191368 5.1142783165
121 83 57
2 0 711 16.5412597656 -219.935424805 1 819 -74.3883056641 -195.263549805
0.379648149014 0.559201657772 4.85863113403
215 175 138
2 0 936 244.916015625 -361.280151367 1 824 104.900634766 -352.421020508
0.387126117945 0.319128066301 5.04600906372
253 253 235
2 0 1302 240.076660156 -199.723022461 1 832 139.308105469 -192.446533203
0.387126117945 0.319128066301 5.04600906372
253 253 235
2 0 1301 240.076660156 -199.723022461 1 833 139.308105469 -192.446533203
0.397238820791 -0.281127691269 4.26843118668
234 214 202
2 0 1041 292.490234375 206.674072266 1 835 113.88671875 227.597412109
-0.0509395487607 -0.704488277435 4.24640846252
254 251 226
2 0 1082 -37.3748779297 520.956787109 1 849 -182.060668945 559.146118164
-0.0509395487607 -0.704488277435 4.24640846252
254 251 226
2 0 1081 -37.3748779297 520.956787109 1 850 -182.060668945 559.146118164
-0.517781615257 -0.441578388214 4.22180652618
244 233 206
2 0 1069 -384.908569336 327.705810547 1 854 -528.409179688 394.982055664
-0.413087785244 0.887333571911 3.79946827888
61 52 42
2 0 601 -340.528564453 -734.663818359 1 857 -660.161132813 -615.933837891
0.353097617626 0.584712743759 4.844622612
253 240 210
2 0 905 228.417724609 -379.296264648 1 861 85.1943359375 -367.454956055
-0.147923380136 -1.18679440022 4.37996435165
68 60 43
2 0 963 -106.13684082 848.883239746 1 863 -195.690917969 881.337585449
0.818760871887 0.873415052891 4.85253477097
245 234 208
2 0 992 529.208984375 -564.464111328 1 870 371.824951172 -590.777099609
0.248955890536 0.558532178402 4.81306362152
147 106 75
2 0 801 162.030029297 -365.070556641 1 885 16.890625 -344.634521484
-0.38077583909 -0.418547749519 4.18805742264
255 249 222
2 0 965 -285.212158203 313.079467773 1 887 -443.401245117 375.591064453
0.180507645011 -0.46199080348 4.21611833572
198 172 142
2 0 857 134.791259766 343.989746094 1 888 -37.4051513672 376.271606445
-0.476020485163 -0.456144273281 4.20493793488
254 249 225
2 0 966 -355.218505859 340.14465332 1 906 -502.889282227 405.0703125
-0.476020485163 -0.456144273281 4.20493793488
254 249 225
2 0 967 -355.218505859 340.14465332 1 907 -502.889282227 405.0703125
0.844184160233 0.789580285549 4.79620027542
254 254 244
2 0 816 552.057128906 -517.156738281 1 909 392.034667969 -541.940429688
0.0532613806427 -0.317752450705 4.13595342636
244 231 206
2 0 1214 40.8315429688 239.873901367 1 912 -151.245483398 285.266723633
-0.154127150774 -0.260225921869 4.23316001892
150 113 81
2 0 705 -114.016113281 192.459960938 1 927 -286.405517578 245.349487305
0.24785271287 0.605826854706 4.76827812195
254 252 234
2 0 887 162.957275391 -398.869262695 1 945 8.36169433594 -378.721801758
-0.358654439449 0.319924235344 4.38008832932
161 120 88
2 0 775 -256.883666992 -229.220581055 1 948 -434.868896484 -158.858764648
-0.793621718884 0.233393892646 4.44828462601
65 56 42
2 0 748 -560.298339844 -166.0859375 1 954 -696.764770508 -69.8298339844
-0.614341437817 -0.374620765448 4.32616901398
81 68 50
2 0 545 -445.733886719 272.16003418 1 975 -572.630126953 340.764282227
-0.515836000443 0.282993644476 4.33843278885
163 126 95
2 0 823 -373.077392578 -204.128295898 1 982 -546.918823242 -123.76940918
-0.54975271225 -0.421847403049 4.24957942963
125 107 83
2 0 1038 -405.987060547 311.694702148 1 988 -544.860717773 378.747070313
-0.54975271225 -0.421847403049 4.24957942963
125 107 83
2 0 1037 -405.987060547 311.694702148 1 989 -544.860717773 378.747070313
-0.746535241604 -0.0588646233082 4.56932449341
140 135 119
2 0 1093 -513.089599609 40.1968994141 1 1006 -618.642211914 118.077392578
0.277767896652 0.860639750957 4.67900466919
254 252 232
2 0 1271 186.399658203 -576.215820313 1 1013 2.32470703125 -558.180908203
-0.785290896893 0.278903901577 4.44188022614
205 195 171
2 0 1228 -555.298706055 -199.624755859 1 1019 -695.780761719 -99.8992919922
-0.0109724318609 -1.14086568356 4.4143037796
253 248 224
2 0 1316 -7.64538574219 812.979309082 1 1030 -100.579833984 835.04095459
0.695656239986 0.688213467598 4.83731508255
255 254 237
2 0 1068 450.976806641 -446.84777832 1 1038 301.053710938 -460.186279297
-0.423463970423 -0.479744523764 4.16208648682
254 246 219
2 0 906 -319.083984375 362.434814453 1 1050 -475.135864258 423.586425781
0.880179047585 0.92995172739 4.85635709763
255 252 232
2 0 1307 568.409423828 -601.246337891 1 1062 409.432861328 -631.820800781
0.922069489956 0.466878354549 4.95167303085
145 122 95
2 0 1408 583.842041016 -294.861694336 1 1081 465.869628906 -325.989868164
0.102671504021 0.290544331074 5.04570960999
230 208 180
2 0 1065 63.2924804688 -181.035766602 1 1084 -33.4306640625 -158.58190918
-0.0373850725591 0.181747809052 5.02813482285
251 247 226
2 0 1253 -23.7501220703 -112.13269043 1 1094 -114.382202148 -85.1796875
0.998604595661 0.655765593052 4.7844953537
254 254 234
2 0 1572 654.760253906 -428.855102539 1 1114 503.737548828 -466.88269043
-0.0733871683478 0.908125400543 3.69246578217
251 239 211
2 0 1272 -60.9781494141 -773.088623047 1 1116 -427.819824219 -682.932861328
-0.757183253765 0.344830214977 4.41801261902
206 196 173
2 0 987 -538.074951172 -244.893432617 1 1117 -688.720458984 -149.291992188
-0.632606446743 0.287348866463 4.36343097687
205 185 154
2 0 912 -455.231323242 -208.532958984 1 1155 -617.809204102 -116.509887695
-0.277858197689 0.262460678816 4.79732179642
253 249 227
2 0 1585 -182.120361328 -172.2890625 1 1173 -299.681396484 -120.544067383
-0.124309070408 0.804258823395 3.78065633774
255 252 227
2 0 2362 -102.015258789 -668.303710938 1 1179 -437.995849609 -580.416015625
-0.752189815044 0.174342736602 4.43860721588
195 180 158
2 0 1333 -532.167358398 -124.370361328 1 1186 -669.138427734 -32.7016601563
-0.379300028086 -0.460334897041 4.16942024231
248 239 216
2 0 1618 -285.375976563 345.779174805 1 1200 -443.728393555 408.020019531
0.415633231401 0.338212639093 5.09368371964
187 150 115
2 0 2076 255.407958984 -208.593261719 1 1207 159.267578125 -205.988525391
-0.305468857288 1.18324160576 3.67979001999
252 255 249
2 0 945 -259.341796875 -1009.77758789 1 1213 -636.238891602 -889.402099609
0.156206458807 -0.551698505878 4.31796312332
252 245 222
2 0 1414 113.747070313 400.720092773 1 1218 -35.3039550781 431.319458008
0.156206458807 -0.551698505878 4.31796312332
252 245 222
2 0 1415 113.747070313 400.720092773 1 1219 -35.3039550781 431.319458008
-0.53537684679 -0.337430566549 4.27045869827
255 249 223
2 0 1155 -393.42590332 248.258911133 1 1222 -535.702148438 316.183837891
-0.71803188324 0.245809331536 4.40338134766
226 213 187
2 0 1367 -511.945556641 -175.341308594 1 1229 -660.949584961 -84.1540527344
0.271287560463 0.330457568169 5.01502275467
198 158 124
2 0 1701 169.160400391 -207.795043945 1 1242 64.4150390625 -193.332885742
0.407029360533 0.409439206123 5.01921272278
254 254 238
2 0 1707 253.798828125 -257.899902344 1 1254 144.566894531 -250.176513672
0.934250891209 0.382080197334 5.06631565094
94 82 66
2 0 1636 577.794677734 -237.758544922 1 1257 480.528564453 -265.735839844
-0.540735721588 -0.504827320576 4.20479393005
110 88 64
2 0 919 -403.50769043 377.373168945 1 1262 -544.191894531 442.022460938
0.140389829874 -0.821279466152 4.42302513123
252 255 239
2 0 1741 99.6828613281 583.120605469 1 1269 -15.7449951172 607.618347168
-0.557976424694 0.584515213966 4.32789230347
252 242 215
2 0 1218 -404.652832031 -424.857666016 1 1280 -596.788574219 -330.383911133
-0.474128514528 1.1047950983 3.74340772629
45 38 30
2 0 839 -396.712158203 -926.963378906 1 1283 -740.366943359 -794.303466797
0.201658666134 0.485608845949 4.91213703156
223 188 158
2 0 1510 128.387939453 -311.301635742 1 1298 1.90490722656 -289.780883789
0.144014596939 0.766151249409 4.77273035049
237 216 191
2 0 1603 94.5922851563 -503.329956055 1 1312 -67.5866699219 -476.504394531
-0.699437320232 0.186195522547 4.41756391525
119 95 69
2 0 1447 -497.094238281 -132.435791016 1 1319 -641.500488281 -44.6959228516
-0.289523005486 -0.833036184311 4.13897418976
246 239 218
2 0 1564 -219.184326172 632.830627441 1 1329 -362.242919922 678.444763184
-0.131510749459 -0.699449956417 4.18121671677
237 206 169
2 0 1837 -98.3131103516 526.136169434 1 1360 -250.899414063 567.74786377
-0.356283575296 -0.402026414871 4.19572210312
160 127 95
2 0 1841 -266.202514648 301.951416016 1 1366 -426.069335938 359.817138672
0.994852364063 0.896627962589 4.81629228592
254 253 235
2 0 2105 647.839111328 -584.925292969 1 1377 487.455078125 -623.035644531
-0.756739139557 0.131799653172 4.44188737869
71 56 34
2 0 1627 -534.853393555 -92.4653320313 1 1378 -668.849121094 -5.501953125
-0.702576518059 0.298143714666 4.38177394867
107 89 67
2 0 1127 -503.39453125 -214.012084961 1 1379 -659.800048828 -120.724853516
-0.791473388672 0.332052201033 4.41846895218
47 44 38
2 0 1420 -562.511230469 -237.132202148 1 1382 -709.554443359 -137.005493164
0.265090495348 0.298689693213 5.05315876007
255 251 230
2 0 1412 163.971679688 -186.619262695 1 1394 65.9755859375 -172.382324219
0.265090495348 0.298689693213 5.05315876007
255 251 230
2 0 1413 163.971679688 -186.619262695 1 1395 65.9755859375 -172.382324219
0.0844791531563 -0.967510104179 4.39825773239
214 175 139
2 0 1812 60.4326171875 691.628234863 1 1404 -48.2338867188 715.033569336
-0.491693109274 -0.984179317951 4.00476360321
253 245 225
2 0 1902 -385.042236328 772.012329102 1 1413 -526.734619141 824.041015625
-0.751971364021 -0.950246393681 4.09961175919
231 226 207
2 0 1191 -575.703491211 727.821960449 1 1414 -686.488647461 787.75579834
-0.424424737692 -0.527667105198 4.16901731491
255 253 231
2 0 1378 -319.319091797 397.563476563 1 1425 -470.900634766 457.894042969
-0.587401807308 -0.915344595909 4.21955156326
161 121 91
2 0 1365 -436.807739258 682.059692383 1 1427 -545.08996582 733.322570801
0.386356860399 0.599025547504 4.83409500122
213 172 134
2 0 1448 250.439941406 -390.427124023 1 1432 104.957275391 -378.694458008
-0.757382631302 0.106343433261 4.45776081085
247 238 213
2 0 1221 -533.458496094 -74.7468261719 1 1434 -663.483276367 11.9547119141
-0.757382631302 0.106343433261 4.45776081085
247 238 213
2 0 1222 -533.458496094 -74.7468261719 1 1435 -663.483276367 11.9547119141
-0.308622211218 -0.482481539249 4.16069412231
254 251 235
2 0 1545 -232.513427734 364.282226563 1 1437 -394.786987305 420.743530273
0.0760756060481 0.315341919661 5.07625102997
148 106 77
2 0 1261 46.43359375 -195.350585938 1 1438 -47.4263916016 -171.726074219
0.811305403709 0.562403976917 4.83706474304
151 124 95
2 0 1520 525.940429688 -365.550048828 1 1444 384.943359375 -385.394042969
-0.0169384032488 -0.367197990417 4.16865253448
133 104 77
2 0 1376 -12.3759765625 275.829956055 1 1461 -193.35925293 321.983886719
-0.492244839668 0.140785858035 4.47601890564
253 238 207
2 0 1769 -345.250854492 -98.8918457031 1 1470 -490.591796875 -27.0222167969
-0.45525598526 -1.00718259811 4.02230787277
254 251 233
2 0 1644 -354.880249023 787.006958008 1 1476 -494.701293945 835.836181641
-0.278290838003 0.909279823303 3.68008637428
113 101 80
2 0 1105 -236.197998047 -776.368408203 1 1491 -593.796630859 -664.977783203
-0.643240690231 0.317986220121 4.35500621796
226 214 187
2 0 1430 -463.574707031 -228.561035156 1 1492 -629.371826172 -139.602539063
-0.309515088797 -0.892851412296 4.12823486328
200 168 143
2 0 2446 -235.065673828 678.797607422 1 1526 -374.421020508 726.095581055
0.974762201309 0.778203964233 4.77585935593
254 254 245
2 0 1957 640.228759766 -511.40637207 1 1539 480.329101563 -546.906982422
0.954904854298 0.657295644283 4.77925014496
254 253 239
2 0 2084 626.729248047 -431.400024414 1 1544 474.108886719 -464.01965332
-0.571189045906 0.440214633942 4.32138967514
252 240 213
2 0 1265 -414.879394531 -320.653076172 1 1556 -597.85144043 -228.736206055
-0.470755398273 -0.834947943687 4.14598321915
254 249 225
2 0 1278 -356.123657227 633.247009277 1 1559 -487.868652344 685.094970703
-0.56941151619 1.16641020775 3.82230901718
228 225 211
2 0 1441 -467.012939453 -959.052978516 1 1563 -790.378662109 -818.563964844
0.69719940424 0.622242510319 4.90556383133
255 252 229
2 0 1561 445.557373047 -398.539550781 1 1567 309.270019531 -412.220581055
0.69719940424 0.622242510319 4.90556383133
255 252 229
2 0 1562 445.557373047 -398.539550781 1 1568 309.270019531 -412.220581055
-0.086501903832 -0.573969960213 4.22214508057
255 253 233
2 0 1557 -63.9884033203 426.91394043 1 1569 -219.973999023 469.637817383
0.9247392416 0.497893929482 4.90492343903
253 254 244
2 0 1876 591.044189453 -319.436035156 1 1574 465.440673828 -346.873901367
-0.215294241905 -0.0110451476648 4.50800991058
51 70 166
2 0 2329 -149.921630859 7.47412109375 1 1587 -293.598266602 59.1473388672
-0.230372518301 -1.15129876137 4.32686185837
182 173 156
2 0 1731 -167.015869141 835.550964355 1 1590 -263.514160156 868.187805176
-0.0919583663344 0.869359314442 3.7240087986
250 230 202
2 0 1457 -76.1429443359 -733.142333984 1 1597 -431.792236328 -644.830322266
-0.362111598253 0.0736964568496 4.72966623306
252 244 223
2 0 1966 -240.542480469 -48.7321777344 1 1603 -352.885009766 5.30773925781
-0.362111598253 0.0736964568496 4.72966623306
252 244 223
2 0 1965 -240.542480469 -48.7321777344 1 1604 -352.885009766 5.30773925781
0.165407881141 -0.818027973175 4.42758083344
225 181 143
2 0 2047 117.341796875 580.569458008 1 1606 1.79870605469 603.343811035
0.974869132042 0.541144371033 4.88381767273
180 150 115
2 0 2029 625.874023438 -348.089599609 1 1609 495.747558594 -380.419921875
0.0136784967035 0.952701807022 3.75109195709
219 191 158
2 0 2080 12.8775634766 -797.996582031 1 1611 -347.734130859 -719.837402344
0.0136784967035 0.952701807022 3.75109195709
219 191 158
2 0 2081 12.8775634766 -797.996582031 1 1612 -347.734130859 -719.837402344
-0.100568674505 -0.271203041077 4.17764806747
226 211 189
2 0 1431 -75.080078125 204.657104492 1 1625 -258.404541016 253.415039063
-0.166173785925 0.76080262661 4.31162977219
254 253 242
2 0 2114 -120.559692383 -553.428710938 1 1633 -347.181274414 -487.856689453
-0.737866580486 0.0146175520495 4.51020097733
199 189 168
2 0 1335 -513.779785156 -10.9600830078 1 1639 -632.016845703 71.796875
-0.470622062683 -0.716516792774 4.14809799194
183 159 131
2 0 1726 -355.951538086 542.027404785 1 1649 -495.113037109 600.164794922
-0.598868429661 -1.06147789955 3.98518323898
216 210 195
2 0 2190 -471.349121094 837.426940918 1 1658 -603.205688477 888.622558594
-0.470713108778 -0.994884550571 4.03136253357
229 212 187
2 0 2038 -366.126220703 775.76953125 1 1666 -504.41809082 825.07800293
-0.483953624964 0.327726960182 4.34855127335
254 246 221
2 0 1484 -349.271484375 -237.067871094 1 1676 -525.96496582 -155.84777832
-0.320226490498 -0.425877094269 4.18699455261
242 230 201
2 0 1891 -239.849975586 318.744750977 1 1680 -400.943603516 377.999755859
-0.430334150791 -0.388548821211 4.1810669899
254 253 235
2 0 1534 -322.792358398 292.484375 1 1682 -481.670532227 355.599731445
0.23853418231 -1.24364352226 4.74897575378
104 85 61
2 0 1809 157.221191406 822.301330566 1 1694 110.061767578 832.433166504
-0.326915085316 0.96829020977 3.68763828278
71 60 45
2 0 1761 -277.194091797 -825.343505859 1 1696 -634.073486328 -707.236328125
-0.102582849562 -0.24823191762 4.19939899445
154 122 94
2 0 1760 -76.2763671875 185.780883789 1 1700 -257.263549805 235.677978516
-0.584227740765 -0.638855516911 4.21544218063
147 128 106
2 0 1146 -434.892211914 476.482421875 1 1710 -562.321533203 537.841430664
-0.0592777617276 0.739242017269 4.36320495605
255 247 215
2 0 2671 -42.3521728516 -532.606811523 1 1712 -262.297729492 -475.353759766
-0.0592777617276 0.739242017269 4.36320495605
255 247 215
2 0 2670 -42.3521728516 -532.606811523 1 1713 -262.297729492 -475.353759766
0.277356892824 0.726608514786 4.73194742203
208 171 137
2 0 2176 183.797363281 -482.705688477 1 1717 16.4278564453 -462.352661133
-0.593448162079 0.372471928596 4.32451820374
127 103 78
2 0 1173 -430.805053711 -271.78527832 1 1722 -607.355834961 -179.198242188
0.166850686073 0.658632874489 4.77871179581
155 119 89
2 0 1791 109.311035156 -433.793457031 1 1726 -45.4967041016 -405.786865234
2.27976441383 1.16851568222 5.59790611267
61 64 60
2 0 2898 1275.41308594 -653.768310547 1 1731 1255.68774414 -800.352050781
0.177425965667 0.761042177677 4.75205183029
163 122 91
2 0 1742 117.080810547 -502.367553711 1 1756 -48.3205566406 -477.073730469
-0.448623627424 1.10745298862 3.72571468353
189 198 195
2 0 1819 -377.147094727 -934.923828125 1 1757 -726.564941406 -801.045166016
-0.282077521086 -0.606826007366 4.14525032043
254 251 232
2 0 1912 -213.215454102 460.340454102 1 1758 -370.999511719 511.851745605
0.261841326952 0.399911701679 4.96529531479
254 244 210
2 0 2515 164.986572266 -253.486694336 1 1784 49.8034667969 -237.843383789
-0.182349354029 0.727750122547 4.29154348373
253 251 228
2 0 2208 -132.998779297 -532.541992188 1 1792 -360.064819336 -463.974609375
-0.100309625268 -0.439428716898 4.21271276474
72 59 43
2 0 1709 -74.4169921875 327.333740234 1 1806 -240.356445313 373.992797852
-0.38853675127 -0.151485100389 4.35693073273
163 132 103
2 0 1591 -279.828613281 109.169799805 1 1815 -429.436889648 171.946289063
-0.249049663544 0.501857817173 4.31539106369
179 137 104
2 0 1509 -180.872070313 -365.166625977 1 1820 -386.187133789 -296.284179688
1.00580859184 0.478839695454 4.92048549652
133 110 81
2 0 2304 640.898193359 -305.142089844 1 1824 520.041503906 -340.288818359
-0.36336556077 -0.439014226198 4.1591796875
195 167 138
2 0 2508 -273.977294922 331.153564453 1 1834 -436.429199219 392.28894043
0.673249006271 0.616770923138 4.92942619324
141 101 75
2 0 1359 428.242675781 -391.620239258 1 1836 294.976806641 -406.89440918
0.193417713046 0.871922373772 4.75830984116
159 128 98
2 0 1687 127.407226563 -575.849853516 1 1837 -43.6713867188 -549.596435547
-0.200734391809 0.693262159824 4.27369070053
255 248 217
2 0 1713 -147.003540039 -508.813598633 1 1848 -374.282958984 -439.84777832
-0.366369277239 1.03860032558 3.68332028389
239 247 242
2 0 1883 -311.167114258 -886.075927734 1 1851 -671.581176758 -761.975097656
-0.219682663679 0.795397698879 3.76404476166
245 239 218
2 0 1926 -182.079345703 -663.656738281 1 1869 -515.780151367 -566.308837891
0.975800812244 0.61904156208 4.81050443649
254 255 243
2 0 2442 636.190429688 -403.943481445 1 1886 490.981933594 -437.268432617
-0.514650583267 -1.04536175728 4.01886987686
135 119 99
2 0 1939 -401.574707031 817.909240723 1 1888 -535.421264648 866.38079834
-0.440598040819 -0.571452498436 4.17126369476
248 234 208
2 0 1732 -331.286865234 430.820800781 1 1890 -478.751831055 489.476867676
1.17216813564 0.20659135282 7.45956993103
58 63 60
2 0 2129 489.908447266 -87.8123779297 1 1895 610.458251953 -143.063720703
-0.580214083195 -1.03399133682 3.98666787148
255 252 238
2 0 1847 -456.479614258 815.399169922 1 1908 -591.411254883 867.282958984
0.167247623205 0.424091428518 4.97781896591
255 253 229
2 0 1611 104.939941406 -268.017700195 1 1916 -8.90832519531 -246.765991211
0.864938080311 0.809926450253 4.81042957306
253 254 242
2 0 2268 564.027099609 -527.737182617 1 1925 404.931640625 -556.849121094
-0.53924459219 0.0647684708238 4.53823757172
254 254 240
2 0 2160 -373.026733398 -44.013671875 1 1928 -502.599609375 24.7375488281
-0.207440167665 0.937899827957 3.66939711571
158 137 115
2 0 1688 -176.155029297 -803.143310547 1 1966 -543.11730957 -697.728027344
-0.173364236951 -0.946429133415 4.1815071106
238 222 196
2 0 2103 -129.814697266 711.009521484 1 1981 -263.83984375 749.668334961
-0.2172947824 -0.285902440548 4.24532699585
215 182 145
2 0 1990 -160.354614258 211.878540039 1 1982 -326.650024414 265.244873047
-0.529363632202 -0.315831422806 4.28832006454
150 128 103
2 0 2006 -387.476806641 230.469360352 1 1991 -528.648681641 300.055664063
-0.299064576626 -0.423821181059 4.19119262695
232 195 154
2 0 1729 -223.750244141 316.925292969 1 2008 -385.393310547 374.997680664
-0.299064576626 -0.423821181059 4.19119262695
232 195 154
2 0 1730 -223.750244141 316.925292969 1 2009 -385.393310547 374.997680664
-0.43362686038 -0.765684723854 4.12456274033
255 253 238
2 0 1806 -329.772094727 582.72467041 1 2022 -471.473144531 638.177368164
0.828103005886 0.539088368416 4.84566497803
245 240 213
2 0 2436 535.823486328 -350.243286133 1 2024 397.810791016 -370.259765625
-0.254485338926 -0.371678769588 4.18925619125
253 251 235
2 0 1515 -190.399169922 278.236083984 1 2027 -358.093505859 334.914306641
0.0981269702315 -0.529403746128 4.2604804039
241 226 206
2 0 2799 72.5986328125 390.03125 1 2078 -85.8547363281 424.403808594
-0.778518676758 0.364812701941 4.42610263824
32 29 22
2 0 1865 -552.299072266 -259.354614258 1 2099 -701.403564453 -160.607177734
-0.285099834204 -0.632647454739 4.14602994919
251 241 221
2 0 2224 -215.543334961 478.966918945 1 2115 -371.087280273 531.621826172
-0.0129096154124 -0.306473940611 4.15324115753
247 236 213
2 0 1886 -9.27136230469 231.786376953 1 2121 -197.357421875 277.473144531
-0.44209343195 -0.595918536186 4.1695895195
203 182 156
2 0 1875 -332.593261719 448.89074707 1 2134 -478.4453125 507.998413086
0.305759578943 0.318349272013 5.01847410202
213 174 139
2 0 2090 190.614257813 -199.757080078 1 2141 86.6416015625 -188.123413086
-0.271652966738 -0.466717630625 4.17396831512
245 238 215
2 0 2055 -204.01574707 350.686645508 1 2147 -366.926025391 406.564941406
-0.600471258163 0.505616307259 4.33025884628
214 197 168
2 0 1711 -435.322021484 -368.006103516 1 2163 -619.170898438 -271.457519531
-0.600471258163 0.505616307259 4.33025884628
214 197 168
2 0 1712 -435.322021484 -368.006103516 1 2164 -619.170898438 -271.457519531
0.836164832115 0.569219410419 4.82024765015
254 253 236
2 0 2104 544.017333984 -370.803100586 1 2166 400.471191406 -393.179077148
-0.194670602679 -0.00473947869614 4.52344465256
255 253 245
2 0 2206 -135.095336914 3.251953125 1 2167 -277.71887207 53.0266113281
-0.194670602679 -0.00473947869614 4.52344465256
255 253 245
2 0 2205 -135.095336914 3.251953125 1 2168 -277.71887207 53.0266113281
0.860841989517 0.600816547871 4.82316827774
254 248 223
2 0 2213 559.696533203 -391.638305664 1 2172 415.238037109 -415.236572266
-0.272043794394 -0.818710029125 4.14364528656
215 188 158
2 0 2110 -205.64050293 621.827148438 1 2177 -349.950927734 665.924865723
0.282929956913 0.414158582687 4.94940471649
181 142 111
2 0 1594 178.978271484 -262.476074219 1 2182 60.4484863281 -249.514648438
-0.723799407482 -0.990947008133 4.04432582855
69 65 54
2 0 1934 -561.512451172 770.899291992 1 2185 -679.987670898 826.416931152
-0.418198883533 -0.665093302727 4.14335870743
255 253 240
2 0 2078 -316.536376953 504.452758789 1 2187 -463.229858398 560.641357422
0.240235358477 0.713924527168 4.7469587326
247 221 187
2 0 2697 158.695800781 -472.215576172 1 2200 -5.39270019531 -450.642333984
-0.346192479134 0.374949425459 4.35265874863
176 137 104
2 0 2159 -249.440673828 -269.94128418 1 2213 -436.031616211 -199.106201172
-0.346192479134 0.374949425459 4.35265874863
176 137 104
2 0 2158 -249.440673828 -269.94128418 1 2214 -436.031616211 -199.106201172
-0.685019254684 -0.902434110641 4.18021631241
199 155 121
2 0 2412 -514.552856445 675.451538086 1 2217 -621.727172852 738.134765625
-0.152164876461 -0.93674993515 4.1820101738
187 150 117
2 0 2152 -113.868041992 703.786621094 1 2264 -249.387939453 741.686096191
-0.336574792862 0.634889364243 4.26468324661
254 253 235
2 0 2165 -247.392578125 -467.140380859 1 2266 -465.905639648 -387.721313477
-0.605685591698 0.0863478109241 4.46403837204
154 131 106
2 0 2345 -425.99621582 -60.9328613281 1 2274 -563.28503418 16.8321533203
-0.199950158596 0.803521573544 3.76706528664
131 108 84
2 0 2309 -165.388793945 -668.849609375 1 2285 -500.49597168 -575.486083984
0.299663633108 -0.327679902315 4.18279457092
245 235 207
2 0 3364 225.378662109 245.853881836 1 2286 36.2980957031 274.112304688
-0.377349287271 -0.328111231327 4.21929979324
179 155 122
2 0 1663 -280.569335938 243.476074219 1 2287 -440.09765625 307.164550781
-0.144599333405 0.867271363735 3.6930706501
253 245 218
2 0 2665 -121.549194336 -737.555175781 1 2298 -481.390991211 -642.219238281
-0.277758419514 0.47458538413 4.31392621994
254 233 200
2 0 3053 -201.794799805 -344.876708984 1 2300 -404.419311523 -275.473266602
-0.0899765640497 0.60760396719 4.37185096741
254 229 196
2 0 3021 -64.3089599609 -436.430908203 1 2306 -273.366210938 -379.829711914
-0.502517998219 0.361816495657 4.32041168213
151 113 84
2 0 2085 -365.066772461 -264.016723633 1 2313 -547.131225586 -178.29296875
-0.757533311844 0.0270757582039 4.4957408905
163 153 134
2 0 2411 -529.145263672 -19.4770507813 1 2316 -648.876586914 64.8381347656
0.980497598648 0.448638856411 4.99458599091
255 254 239
2 0 2690 615.322998047 -282.197753906 1 2320 505.720703125 -314.849609375
0.801225483418 0.965051233768 4.92697525024
187 154 123
2 0 3717 509.956298828 -614.173095703 1 2327 357.631347656 -641.315429688
-0.65033519268 0.268049955368 4.37400245667
120 97 72
2 0 1634 -466.754638672 -192.695556641 1 2334 -625.800415039 -103.516113281
-0.0597786977887 -0.629858970642 4.23418569565
225 195 160
2 0 2716 -43.9647216797 467.654418945 1 2337 -195.377197266 506.82220459
-0.0597786977887 -0.629858970642 4.23418569565
225 195 160
2 0 2715 -43.9647216797 467.654418945 1 2338 -195.377197266 506.82220459
-0.449008584023 -0.615299582481 4.16710948944
249 240 210
2 0 2120 -337.975219727 464.07421875 1 2345 -482.570678711 522.332336426
0.140935823321 -0.239988252521 4.13022422791
179 149 118
2 0 2286 107.679443359 182.301635742 1 2348 -93.4776611328 221.581787109
-0.616689622402 0.210200950503 4.3912730217
253 251 231
2 0 1608 -440.80480957 -149.825317383 1 2360 -595.921508789 -66.6168212891
-0.255539566278 0.554238975048 4.29780197144
187 138 103
2 0 2199 -186.401000977 -405.855712891 1 2364 -397.552490234 -333.020507813
-0.255539566278 0.554238975048 4.29780197144
187 138 103
2 0 2200 -186.401000977 -405.855712891 1 2365 -397.552490234 -333.020507813
0.316481620073 0.713798582554 4.78210687637
254 253 232
2 0 2721 207.482666016 -469.083251953 1 2369 47.8952636719 -453.088256836
0.316481620073 0.713798582554 4.78210687637
254 253 232
2 0 2722 207.482666016 -469.083251953 1 2370 47.8952636719 -453.088256836
-0.355276912451 0.976683616638 3.6792755127
74 67 58
2 0 3298 -302.035522461 -834.159423828 1 2374 -659.488525391 -712.790527344
-0.355276912451 0.976683616638 3.6792755127
74 67 58
2 0 3297 -302.035522461 -834.159423828 1 2375 -659.488525391 -712.790527344
0.560034036636 0.78215265274 5.06480121613
154 107 76
2 0 1992 346.396728516 -485.074584961 1 2381 221.73046875 -492.640136719
-0.0410334467888 -1.09134435654 4.35805416107
255 253 237
2 0 2928 -29.4635009766 786.290344238 1 2383 -132.323242188 814.31439209
0.157191485167 -0.491492271423 4.23444986343
253 244 219
2 0 2831 116.934814453 364.913085938 1 2392 -49.8569335938 396.447143555
-0.467241227627 1.15397787094 3.7533659935
229 240 237
2 0 1665 -389.993896484 -967.103271484 1 2399 -735.249145508 -831.418945313
-0.189308136702 -0.652642548084 4.13946962357
255 251 232
2 0 2300 -143.164550781 495.234985352 1 2400 -303.041259766 542.834411621
-0.681364834309 0.332803964615 4.37906074524
108 91 68
2 0 1941 -488.536743164 -239.65637207 1 2413 -648.776733398 -145.271606445
-0.104877322912 0.770329892635 4.32920312881
209 159 117
2 0 2930 -75.6175537109 -558.072021484 1 2418 -302.189819336 -498.049560547
-0.49588227272 0.395479172468 4.30458498001
253 249 221
2 0 2491 -361.45715332 -288.414428711 1 2442 -548.906738281 -203.919311523
-0.17632189393 -1.01082444191 4.22133779526
255 252 229
2 0 2263 -130.881713867 751.746337891 1 2443 -254.256225586 788.934326172
0.147816076875 0.410146087408 5.00319242477
143 97 68
2 0 1982 92.2043457031 -257.700073242 1 2446 -17.3342285156 -236.275146484
-0.298808962107 0.458107143641 4.31662559509
193 154 122
2 0 2868 -217.093139648 -333.937744141 1 2456 -416.86706543 -260.892578125
1.00742137432 0.425723344088 5.04278945923
170 153 128
2 0 2876 626.139160156 -264.709472656 1 2482 524.623291016 -300.356323242
-0.538535058498 0.305033177137 4.33465433121
254 250 222
2 0 2645 -389.906494141 -220.987060547 1 2491 -564.232543945 -136.967163086
-0.550415575504 0.511886239052 4.31143283844
228 207 180
2 0 2094 -400.688598633 -373.662475586 1 2503 -591.143676758 -280.744995117
-0.686092615128 0.154376074672 4.40544366837
223 207 179
2 0 2368 -488.934082031 -110.05859375 1 2504 -633.922485352 -23.7260742188
0.245014190674 -1.30388462543 4.74602651596
228 226 215
2 0 2531 161.499755859 861.610412598 1 2508 117.705078125 873.098083496
0.245014190674 -1.30388462543 4.74602651596
228 226 215
2 0 2532 161.499755859 861.610412598 1 2509 117.705078125 873.098083496
-0.549517631531 0.290340483189 4.34742069244
166 132 104
2 0 2325 -396.72265625 -209.876708984 1 2521 -567.445800781 -125.729248047
-0.112712107599 -0.387155085802 4.20006275177
213 176 142
2 0 3399 -83.8944091797 289.211425781 1 2525 -254.931640625 337.887084961
0.181257486343 0.673667907715 4.77649021149
255 246 213
2 0 2933 118.879882813 -443.290405273 1 2526 -37.525390625 -417.367675781
0.134526818991 -0.454373776913 4.21956634521
158 125 97
2 0 2677 100.447021484 337.847045898 1 2556 -70.5972900391 372.76550293
0.134526818991 -0.454373776913 4.21956634521
158 125 97
2 0 2678 100.447021484 337.847045898 1 2557 -70.5972900391 372.76550293
-0.487190663815 0.282591581345 4.3277721405
228 197 165
2 0 3032 -353.235351563 -204.856323242 1 2574 -530.209716797 -124.928955078
0.217349231243 0.734963417053 4.75347900391
177 140 106
2 0 3142 143.279296875 -486.518310547 1 2578 -20.5161132813 -461.269165039
-0.559167921543 -0.645848631859 4.19916152954
229 210 185
2 0 2897 -417.908203125 482.545776367 1 2629 -548.622680664 545.168518066
-0.550328910351 -0.529044091702 4.21011829376
232 211 187
2 0 2563 -410.18371582 394.697753906 1 2637 -547.781738281 459.365234375
-0.315322607756 0.602042376995 4.27709722519
174 133 97
2 0 1929 -231.099243164 -441.877807617 1 2638 -446.344848633 -364.85168457
0.0166543405503 -0.447808891535 4.21077680588
168 144 120
2 0 3057 12.8444824219 334.473022461 1 2641 -157.062988281 373.86328125
-0.232870995998 -1.09419679642 4.2828912735
248 241 217
2 0 2178 -170.469604492 802.732727051 1 2648 -276.974731445 836.862243652
-0.489866584539 0.649991095066 4.3113822937
237 218 190
2 0 2458 -356.442382813 -472.845825195 1 2670 -559.901123047 -383.776367188
-0.681770324707 0.0753820538521 4.44754266739
254 252 229
2 0 2547 -481.328369141 -53.7406005859 1 2681 -615.522094727 29.4005126953
-0.605982303619 0.290439337492 4.35011148453
138 114 87
2 0 2086 -437.343505859 -210.872924805 1 2689 -603.933105469 -121.009399414
-0.163634553552 -0.625967621803 4.15618610382
254 252 240
2 0 2248 -123.195556641 473.182128906 1 2691 -283.314208984 519.638122559
-0.197833016515 -1.05737042427 4.25060224533
255 252 230
2 0 2651 -145.895507813 781.08026123 1 2701 -260.924560547 816.885314941
-0.522158324718 0.636372745037 4.33530282974
191 173 148
2 0 2684 -377.967407227 -461.22644043 1 2720 -574.567138672 -369.374511719
0.195665895939 -1.2468290329 4.75005817413
41 33 22
2 0 3076 128.824951172 823.716918945 1 2732 82.646484375 835.973449707
-0.364481449127 -0.833050429821 4.1399679184
255 253 236
2 0 2852 -275.969726563 633.063415527 1 2751 -415.005249023 680.620239258
-0.353642106056 0.913920402527 3.72799730301
57 46 32
2 0 1703 -296.843261719 -771.247314453 1 2753 -638.322509766 -653.083740234
-0.285948127508 0.640722811222 4.26524066925
211 181 149
2 0 2311 -210.079956055 -471.485107422 1 2754 -431.359375 -395.69128418
0.348908305168 0.228647559881 5.10592556
181 148 114
2 0 3818 213.762207031 -140.826416016 1 2760 125.512939453 -134.260009766
-0.351885914803 -0.894580066204 4.11233377457
150 113 83
2 0 2291 -268.266479492 683.34954834 1 2785 -407.858642578 731.23626709
-0.409871250391 0.0606978610158 4.72770357132
253 243 213
2 0 2242 -272.392333984 -40.5208740234 1 2803 -382.134155273 16.8062744141
-0.345652937889 0.949469685555 3.68945026398
93 83 68
2 0 2382 -292.999633789 -808.448730469 1 2815 -646.809814453 -689.970703125
-0.215009585023 -0.948240399361 4.18963527679
248 231 205
2 0 4197 -160.811523438 710.725219727 1 2822 -291.577270508 751.069458008
0.13289155066 -0.255448281765 4.12714481354
255 254 235
2 0 2305 101.649414063 194.304077148 1 2829 -98.8146972656 233.748046875
0.13289155066 -0.255448281765 4.12714481354
255 254 235
2 0 2306 101.649414063 194.304077148 1 2830 -98.8146972656 233.748046875
0.140881448984 -0.437148571014 4.20464849472
255 254 234
2 0 3303 105.657714844 327.141235352 1 2841 -69.4320068359 360.435668945
-0.245182156563 0.776600778103 3.83365082741
251 249 231
2 0 2734 -199.795898438 -636.478515625 1 2867 -515.288818359 -540.271972656
-0.681060314178 0.0480343364179 4.4721903801
251 247 228
2 0 3064 -478.155517578 -33.7529296875 1 2886 -607.395019531 46.6430664063
-0.681060314178 0.0480343364179 4.4721903801
251 247 228
2 0 3063 -478.155517578 -33.7529296875 1 2887 -607.395019531 46.6430664063
-0.386812180281 -0.591228604317 4.15811014175
255 254 232
2 0 2598 -291.733154297 446.632324219 1 2894 -442.861450195 503.746337891
-0.315802246332 -0.567980885506 4.16428852081
198 168 136
2 0 2998 -237.756835938 428.251586914 1 2898 -393.251220703 483.097167969
0.208038672805 -0.382426381111 4.18770170212
255 254 239
2 0 2920 156.46875 287.384887695 1 2900 -26.6569824219 318.394897461
-0.539846122265 0.0328295342624 4.54101133347
254 244 220
2 0 3117 -373.251831055 -22.2955322266 1 2901 -500.327758789 46.4036865234
0.203008979559 -0.321171402931 4.15772485733
245 227 198
2 0 2751 153.868896484 243.330200195 1 2913 -38.5450439453 275.729614258
0.213241070509 0.255450338125 5.03337669373
195 158 124
2 0 4165 132.349609375 -159.985473633 1 2919 34.6857910156 -143.167114258
-0.275066435337 -0.923258364201 4.169901371
167 137 109
2 0 2392 -206.810546875 694.952453613 1 2947 -339.399902344 739.102661133
0.226685762405 -1.27929234505 4.75014638901
231 217 194
2 0 3345 149.257080078 844.647949219 1 2955 104.722412109 856.728515625
-0.53035980463 0.151778429747 4.44261884689
179 138 105
2 0 3285 -374.781982422 -107.622314453 1 2961 -523.526000977 -31.5430908203
-0.53035980463 0.151778429747 4.44261884689
179 138 105
2 0 3284 -374.781982422 -107.622314453 1 2962 -523.526000977 -31.5430908203
-0.276509314775 0.18495413661 4.80020952225
254 254 238
2 0 2960 -181.032714844 -120.195922852 1 2970 -294.047607422 -72.4060058594
-0.644069492817 0.497190982103 4.34671926498
244 241 222
2 0 2106 -465.192138672 -360.415527344 1 2975 -643.206176758 -261.966430664
-0.751942574978 0.277759283781 4.41839075089
108 92 70
2 0 2246 -534.346435547 -197.693237305 1 3012 -680.908203125 -103.523071289
-0.234755530953 -0.79218941927 4.15105962753
255 254 237
2 0 3331 -177.230712891 598.834228516 1 3014 -323.53125 645.714294434
0.00962144136429 -0.557703614235 4.21664047241
220 187 154
2 0 3536 7.48974609375 415.000610352 1 3021 -153.656738281 454.538574219
0.00962144136429 -0.557703614235 4.21664047241
220 187 154
2 0 3535 7.48974609375 415.000610352 1 3022 -153.656738281 454.538574219
-0.348282188177 0.113375402987 4.73260211945
255 252 229
2 0 2657 -231.193603516 -74.7283935547 1 3035 -346.142456055 -21.4367675781
-0.418743878603 0.515229642391 4.28270053864
253 245 217
2 0 3433 -306.731689453 -378.310058594 1 3043 -509.755859375 -294.28112793
-0.308831781149 0.532252311707 4.28474235535
255 243 210
2 0 3801 -225.99597168 -390.570556641 1 3055 -435.499755859 -314.462646484
-0.0327594988048 -0.437457740307 4.21881866455
138 121 102
2 0 2958 -23.9832763672 325.973144531 1 3064 -191.619873047 368.033691406
0.115865655243 -0.240937680006 4.1041302681
254 252 233
2 0 2707 89.2785644531 184.8671875 1 3070 -115.986450195 224.973022461
-0.204096183181 0.718891263008 4.28880929947
220 184 148
2 0 3083 -149.018798828 -526.517333984 1 3081 -375.01940918 -455.990112305
-0.27674806118 0.728831708431 4.28200769424
254 254 237
2 0 2629 -202.619628906 -535.6171875 1 3086 -426.89831543 -456.856079102
-0.464290857315 -0.35446625948 4.2223072052
240 225 198
2 0 3132 -345.044189453 263.062255859 1 3127 -497.51965332 329.958740234
0.909469366074 0.392593383789 5.06422328949
253 252 238
2 0 3200 562.759765625 -243.594482422 1 3131 463.946044922 -271.611450195
0.717260420322 0.472749710083 5.01706027985
102 70 45
2 0 2258 448.011962891 -295.940063477 1 3132 335.641601563 -311.821411133
-0.419599086046 0.417811244726 4.30200052261
255 250 226
2 0 2943 -305.963623047 -304.907226563 1 3143 -499.568115234 -225.057250977
-0.419599086046 0.417811244726 4.30200052261
255 250 226
2 0 2944 -305.963623047 -304.907226563 1 3144 -499.568115234 -225.057250977
-0.294417142868 -0.137069806457 4.35447788239
211 182 149
2 0 3941 -212.025146484 99.6733398438 1 3150 -367.665405273 156.025268555
1.01994073391 0.456131756306 4.99555873871
157 137 111
2 0 4097 639.982666016 -286.557617188 1 3164 530.922119141 -322.544067383
0.075714841485 0.352692991495 5.0788769722
158 115 85
2 0 3406 46.1867675781 -218.354614258 1 3165 -49.4205322266 -194.509643555
0.00192459928803 -1.26794481277 4.58829259872
220 220 207
2 0 4233 1.12365722656 867.717224121 1 3171 -60.5131835938 886.748779297
-0.393851369619 0.563749313354 4.27133178711
253 248 222
2 0 3086 -289.199951172 -414.719604492 1 3175 -498.727294922 -331.503173828
0.729004859924 0.855722606182 4.86603593826
250 223 192
2 0 3161 469.807128906 -552.161376953 1 3176 314.449951172 -570.16015625
-0.447459936142 0.567786693573 4.27966117859
156 128 99
2 0 2939 -328.047119141 -417.482299805 1 3230 -533.334106445 -329.286010742
-0.289599239826 0.720670461655 4.27079963684
180 144 112
2 0 3603 -212.490966797 -529.710449219 1 3234 -437.910522461 -452.231201172
-0.0580214448273 -0.573476195335 4.22182559967
255 252 233
2 0 2807 -42.8063964844 426.604370117 1 3262 -199.905639648 468.020996094
-0.254628866911 0.957121253014 3.65301322937
247 252 244
2 0 2601 -217.561279297 -823.608886719 1 3293 -586.714233398 -711.129394531
-0.40822789073 -0.590745151043 4.16649198532
184 150 122
2 0 3845 -307.228271484 446.181030273 1 3299 -456.077392578 502.345703125
-2.37557530403 0.635884523392 5.30775880814
162 190 217
2 0 4174 -1405.96447754 -377.407226563 1 3310 -1347.03857422 -212.669067383
-0.479333370924 -0.684652328491 4.14235925674
254 251 228
2 0 2723 -363.044799805 518.625671387 1 3320 -504.71105957 578.28729248
-0.420969814062 0.400588095188 4.29871416092
194 158 123
2 0 3028 -307.197998047 -292.557128906 1 3324 -500.131591797 -212.880371094
-0.353659808636 0.997736692429 3.66522836685
74 75 67
2 0 2990 -301.822143555 -855.904785156 1 3334 -664.116333008 -732.187255859
-0.567824959755 0.407450377941 4.3157453537
115 89 66
2 0 2396 -412.924194336 -296.638916016 1 3372 -595.015258789 -206.796264648
0.192130446434 -0.438300728798 4.20683574677
255 253 238
2 0 3991 143.860107422 327.962036133 1 3402 -31.9558105469 358.369750977
-0.65706717968 0.0450389422476 4.48575544357
255 254 239
2 0 3174 -459.900390625 -31.3371582031 1 3413 -588.616821289 46.6782226563
-0.345964312553 -0.785641551018 4.14279270172
169 135 105
2 0 4308 -261.834594727 595.677307129 1 3417 -404.414550781 645.926940918
-0.278063595295 -0.424234688282 4.19886159897
254 253 242
2 0 3160 -207.569091797 317.460571289 1 3420 -369.19543457 372.646484375
0.319174736738 0.397016733885 5.00075864792
189 151 119
2 0 2565 199.780517578 -249.370361328 1 3426 88.826171875 -239.073974609
-0.466414690018 0.519947946072 4.25096082687
249 239 212
2 0 3542 -344.093383789 -382.98425293 1 3431 -550.41418457 -297.266601563
-0.122179076076 -0.277568429708 4.1938996315
125 88 61
2 0 2841 -91.0706787109 207.739379883 1 3447 -270.170776367 258.830932617
-0.302142828703 -0.117399632931 4.38527965546
255 254 236
2 0 3363 -216.110717773 84.75 1 3452 -367.951416016 141.254150391
-0.42802515626 0.323646485806 4.33169794083
255 237 204
2 0 3676 -309.958129883 -233.838134766 1 3462 -492.416625977 -158.208251953
-0.430043667555 1.22985696793 3.74862790108
215 224 221
2 0 2441 -359.254272461 -1031.79467773 1 3533 -714.156616211 -897.776123047
-0.449641048908 0.444176197052 4.28893375397
148 109 80
2 0 3123 -328.907714844 -325.417358398 1 3552 -524.620361328 -241.727172852
0.806107521057 0.878868877888 4.84036588669
255 253 233
2 0 2945 522.395996094 -568.987060547 1 3572 362.601318359 -595.076416016
0.0181723497808 -1.15205729008 4.44561767578
254 252 236
2 0 3736 12.8303222656 813.906555176 1 3596 -75.5350341797 836.831542969
0.110280834138 -0.2286991328 4.13727807999
186 153 123
2 0 2963 84.2373046875 173.627685547 1 3611 -115.696777344 214.146484375
-0.676637411118 -0.766582489014 4.23556280136
232 226 207
2 0 3224 -501.408447266 568.583068848 1 3612 -611.190551758 629.161499023
-0.0236995778978 0.203657671809 5.0454082489
142 110 82
2 0 3680 -15.3226318359 -127.17980957 1 3615 -104.869018555 -97.6160888672
0.993029415607 0.786247611046 4.77159976959
241 223 192
2 0 4219 652.810302734 -517.222290039 1 3619 492.23828125 -554.110839844
-0.521991431713 -0.646249473095 4.19756031036
251 231 204
2 0 4101 -390.168579102 483.873046875 1 3630 -523.653808594 543.297790527
-0.521991431713 -0.646249473095 4.19756031036
251 231 204
2 0 4100 -390.168579102 483.873046875 1 3631 -523.653808594 543.297790527
-0.110140822828 0.725521683693 4.32384443283
225 183 148
2 0 4244 -79.5457763672 -526.362060547 1 3677 -303.878540039 -466.028442383
0.212019622326 0.646742105484 4.79081106186
255 244 212
2 0 3823 138.701171875 -423.707519531 1 3687 -14.6303710938 -401.640869141
-0.315077662468 0.905505299568 3.69763016701
254 252 234
2 0 3230 -266.357421875 -769.151123047 1 3710 -617.171630859 -655.826416016
0.116839557886 -0.462397813797 4.22497463226
255 253 231
2 0 2987 87.1694335938 343.428588867 1 3711 -82.0184326172 378.868408203
0.0828251764178 -0.940912246704 4.38895130157
251 254 235
2 0 3484 59.3215332031 673.282775879 1 3726 -52.1840820313 698.910583496
-0.437829434872 -0.268585294485 4.25498962402
255 254 231
2 0 3046 -322.815307617 198.423217773 1 3774 -477.682250977 263.746704102
-0.156419113278 -0.299173027277 4.20588874817
178 143 111
2 0 2022 -116.200073242 225.562744141 1 3801 -291.056518555 273.087158203
-0.414439827204 0.566547989845 4.27270174026
180 151 119
2 0 3219 -304.235961914 -416.505859375 1 3822 -512.638183594 -332.015014648
-0.640469133854 -0.0490385070443 4.55021381378
142 126 103
2 0 3930 -442.016113281 33.5991210938 1 3831 -557.036987305 106.710449219
-0.312217801809 -0.758632063866 4.1106967926
254 250 226
2 0 3504 -238.09375 579.302734375 1 3848 -389.280395508 630.686340332
-0.369866371155 -0.424307912588 4.18764543533
254 252 227
2 0 3699 -276.944824219 318.711791992 1 3854 -435.728149414 377.965454102
-0.459494560957 -0.627512514591 4.16617679596
163 139 113
2 0 3152 -345.974487305 473.192626953 1 3862 -489.217285156 531.931091309
-0.384858638048 0.373203963041 4.31427812576
185 148 115
2 0 2775 -279.812866211 -271.55871582 1 3887 -470.365356445 -195.65234375
-0.419490128756 0.621912360191 4.26729202271
187 161 131
2 0 4223 -308.266113281 -456.996459961 1 3889 -521.157958984 -372.194335938
-0.388067096472 -0.791250646114 4.1376452446
163 132 102
2 0 2735 -294.033935547 601.60760498 1 3920 -434.936523438 651.521179199
1.07072067261 0.630921959877 4.84066343307
221 185 150
2 0 4070 693.693115234 -408.755737305 1 3921 554.408935547 -450.305175781
-0.0840971395373 -0.706361711025 4.23320055008
220 181 142
2 0 2870 -62.1402587891 523.197509766 1 3923 -207.425048828 564.605834961
-0.410971432924 0.529359579086 4.2779841423
172 141 110
2 0 4017 -301.283447266 -388.191040039 1 3934 -506.689208984 -306.041625977
0.214954838157 0.318452298641 5.01948928833
184 147 115
2 0 2575 133.786132813 -200.167114258 1 3953 30.8665771484 -182.278564453
-0.347942352295 0.542832255363 4.27988672256
229 196 163
2 0 4076 -254.937255859 -398.576904297 1 3954 -464.054931641 -319.540039063
-0.648355841637 0.359355509281 4.33893918991
255 253 228
2 0 4015 -469.049560547 -260.209838867 1 3961 -639.365356445 -167.298583984
-0.592820286751 0.15626680851 4.39384174347
177 149 117
2 0 3901 -423.573242188 -112.237060547 1 3967 -576.0390625 -29.9841308594
-0.592820286751 0.15626680851 4.39384174347
177 149 117
2 0 3900 -423.573242188 -112.237060547 1 3968 -576.0390625 -29.9841308594
-0.227082163095 -0.9899969697 4.19146537781
155 128 103
2 0 3978 -169.75793457 742.061645508 1 4007 -296.981079102 780.951782227
-0.115580074489 0.946777939796 3.6641023159
254 254 242
2 0 2754 -97.5802001953 -811.961669922 1 4061 -471.992431641 -715.625
-0.658001363277 -0.946130394936 4.04369306564
253 246 218
2 0 4348 -510.557006836 735.328430176 1 4067 -637.134033203 792.525939941
-0.529482603073 -0.595003187656 4.1731762886
250 237 211
2 0 3817 -398.082641602 447.957641602 1 4084 -538.145385742 510.429443359
-0.405140370131 1.00967860222 3.70682668686
237 236 222
2 0 3628 -342.130004883 -856.12890625 1 4089 -691.993286133 -729.954833984
