
pmvs2
D:\document\project\3dSurface3\code\expr7\sfm_images\d.nvm.cmvs\00\
option-0000
--------------------------------------------------
--- Summary of specified options ---
# of timages: 10 (enumeration)
# of oimages: 0 (enumeration)
level: 1  csize: 2
threshold: 0.4  wsize: 7
minImageNum: 2  CPU: 12
useVisData: 1  sequence: -1
--------------------------------------------------
Reading images: **********
034 189  2 6 7    5Harris running ...Harris running ...Harris running ...Harris running ...Harris running ...Harris running ... Harris running ...Harris running ...Harris running ...Harris running ...1594 harris done
DoG running...1564 harris done
1551 harris done
1599 harris done
DoG running...DoG running...DoG running...1561 harris done
1544 harris done
DoG running...DoG running...1560 harris done
DoG running...1565 harris done
DoG running...1585 harris done
DoG running...1576 harris done
DoG running...2040 dog done
2027 dog done
2039 dog done
2040 dog done
2040 dog done
2040 dog done
2038 dog done
2040 dog done
2040 dog done
2040 dog done
done
adding seeds 
(8,829)(5,987)(4,833)(2,938)(6,863)(9,957)(0,933)(7,971)(3,991)(1,1008)done
---- Initial: 0 secs ----
Total pass fail0 fail1 refinepatch: 47219 17256 23846 6117 23373
Total pass fail0 fail1 refinepatch: 100 36.5446 50.5009 12.9545 49.4991
Expanding patches...refinePatchBFGS failed!

---- EXPANSION: 21 secs ----
Total pass fail0 fail1 refinepatch: 442299 310772 87666 43861 354633
Total pass fail0 fail1 refinepatch: 100 70.2629 19.8205 9.91659 80.1795
FilterOutside
mainbody: 
Gain (ave/var): 0.297481 0.589879
319877 -> 236891 (74.0569%)	0 secs
Filter Exact: **********
236891 -> 111532 (47.0816%)	0 secs
FilterNeighbor:	111532 -> 65989 (59.166%)	0 secs
FilterGroups:	20
65989 -> 25538 (38.7004%)	0 secs
STATUS: 0 0 0 0 0 0 0 0 0 0 
0 0 0 0 0 0 0 0 0 0 
0 0 0 0 0 0 0 0 0 0 
0 0 0 0 0 
Expanding patches...
---- EXPANSION: 35 secs ----
Total pass fail0 fail1 refinepatch: 630253 259477 110562 260214 519691
Total pass fail0 fail1 refinepatch: 100 41.1703 17.5425 41.2872 82.4575
FilterOutside
mainbody: 
Gain (ave/var): 0.417898 0.587551
285015 -> 243482 (85.4278%)	0 secs
Filter Exact: **********
243482 -> 117595 (48.2972%)	0 secs
FilterNeighbor:	117595 -> 87411 (74.3322%)	0 secs
FilterGroups:	20
87411 -> 48332 (55.2928%)	0 secs
STATUS: 0 0 0 0 0 0 0 0 0 0 
0 0 0 0 0 0 0 0 0 0 
0 0 0 0 0 0 0 0 0 0 
0 0 0 0 0 
Expanding patches...refinePatchBFGS failed!

---- EXPANSION: 35 secs ----
Total pass fail0 fail1 refinepatch: 664220 272525 111200 280495 553020
Total pass fail0 fail1 refinepatch: 100 41.0293 16.7414 42.2292 83.2586
FilterOutside
mainbody: 
Gain (ave/var): 0.46128 0.608868
320857 -> 276559 (86.1938%)	0 secs
Filter Exact: **********
276559 -> 133483 (48.2657%)	0 secs
FilterNeighbor:	133483 -> 101438 (75.9932%)	0 secs
FilterGroups:	20
101438 -> 60014 (59.1632%)	0 secs
STATUS: 0 0 0 0 0 0 0 0 0 0 
0 0 0 0 0 0 0 0 0 0 
0 0 0 0 0 0 0 0 0 0 
0 0 0 0 0 
---- Total: 0 secs ----
